---------------------------------------
Begin Slurm Prolog: Aug-22-2024 16:36:15
Job ID:    1119210
User ID:   shardin31
Account:   gts-jw254-coda20
Job name:  Slurmshardinpowderdayrun
Partition: cpu-small
QOS:       inferno
---------------------------------------

CommandNotFoundError: Your shell has not been properly configured to use 'conda deactivate'.
To initialize your shell, run

    $ conda init <SHELL_NAME>

Currently supported shells are:
  - bash
  - fish
  - tcsh
  - xonsh
  - zsh
  - powershell

See 'conda init --help' for more information and options.

IMPORTANT: You may need to close and restart your shell after running 'conda init'.



Lmod is automatically replacing "mvapich2/2.3.6-ouywal" with "openmpi/4.1.4".

yt : [INFO     ] 2024-08-22 16:36:38,869 Global parallel computation enabled: 17 / 32
yt : [INFO     ] 2024-08-22 16:36:38,873 Global parallel computation enabled: 8 / 32
yt : [INFO     ] 2024-08-22 16:36:38,869 Global parallel computation enabled: 19 / 32
yt : [INFO     ] 2024-08-22 16:36:38,869 Global parallel computation enabled: 21 / 32
yt : [INFO     ] 2024-08-22 16:36:38,869 Global parallel computation enabled: 23 / 32
yt : [INFO     ] 2024-08-22 16:36:38,870 Global parallel computation enabled: 16 / 32
yt : [INFO     ] 2024-08-22 16:36:38,870 Global parallel computation enabled: 29 / 32
yt : [INFO     ] 2024-08-22 16:36:38,871 Global parallel computation enabled: 20 / 32
yt : [INFO     ] 2024-08-22 16:36:38,873 Global parallel computation enabled: 25 / 32
yt : [INFO     ] 2024-08-22 16:36:38,874 Global parallel computation enabled: 22 / 32
yt : [INFO     ] 2024-08-22 16:36:38,874 Global parallel computation enabled: 24 / 32
yt : [INFO     ] 2024-08-22 16:36:38,874 Global parallel computation enabled: 28 / 32
yt : [INFO     ] 2024-08-22 16:36:38,875 Global parallel computation enabled: 18 / 32
yt : [INFO     ] 2024-08-22 16:36:38,875 Global parallel computation enabled: 27 / 32
yt : [INFO     ] 2024-08-22 16:36:38,875 Global parallel computation enabled: 31 / 32
yt : [INFO     ] 2024-08-22 16:36:38,876 Global parallel computation enabled: 26 / 32
yt : [INFO     ] 2024-08-22 16:36:38,895 Global parallel computation enabled: 30 / 32
yt : [INFO     ] 2024-08-22 16:36:38,874 Global parallel computation enabled: 5 / 32
yt : [INFO     ] 2024-08-22 16:36:38,874 Global parallel computation enabled: 4 / 32
yt : [INFO     ] 2024-08-22 16:36:38,874 Global parallel computation enabled: 12 / 32
yt : [INFO     ] 2024-08-22 16:36:38,874 Global parallel computation enabled: 13 / 32
yt : [INFO     ] 2024-08-22 16:36:38,875 Global parallel computation enabled: 15 / 32
yt : [INFO     ] 2024-08-22 16:36:38,875 Global parallel computation enabled: 11 / 32
yt : [INFO     ] 2024-08-22 16:36:38,876 Global parallel computation enabled: 14 / 32
yt : [INFO     ] 2024-08-22 16:36:38,876 Global parallel computation enabled: 9 / 32
yt : [INFO     ] 2024-08-22 16:36:38,876 Global parallel computation enabled: 10 / 32
yt : [INFO     ] 2024-08-22 16:36:38,877 Global parallel computation enabled: 2 / 32
yt : [INFO     ] 2024-08-22 16:36:38,877 Global parallel computation enabled: 6 / 32
yt : [INFO     ] 2024-08-22 16:36:38,877 Global parallel computation enabled: 0 / 32
yt : [INFO     ] 2024-08-22 16:36:38,884 Global parallel computation enabled: 7 / 32
yt : [INFO     ] 2024-08-22 16:36:38,884 Global parallel computation enabled: 3 / 32
yt : [INFO     ] 2024-08-22 16:36:38,886 Global parallel computation enabled: 1 / 32
Additional features and improved performance (usually) by saving this arbor with "save_arbor" and reloading:
	>>> a = ytree.load("/storage/home/hcoda1/0/jw254/data/RS-RP/rockstar_halos/trees/tree_0_0_0.dat")
	>>> fn = a.save_arbor()
	>>> a = ytree.load(fn)
Loading tree roots:   0%|          | 0/460025722 [00:00<?, ?it/s]Loading tree roots:   6%|▋         | 28814889/460025722 [00:00<00:01, 288142981.92it/s]Loading tree roots:  13%|█▎        | 58486313/460025722 [00:00<00:01, 293181319.79it/s]Loading tree roots:  19%|█▉        | 88731177/460025722 [00:00<00:01, 297402047.07it/s]Loading tree roots:  26%|██▌       | 118472263/460025722 [00:00<00:01, 294705860.39it/s]Loading tree roots:  32%|███▏      | 147947102/460025722 [00:00<00:01, 293183316.46it/s]Loading tree roots:  39%|███▊      | 177270393/460025722 [00:00<00:00, 290719653.74it/s]Loading tree roots:  45%|████▍     | 206347932/460025722 [00:00<00:00, 288788225.24it/s]Loading tree roots:  51%|█████     | 235232950/460025722 [00:00<00:00, 287045623.58it/s]Loading tree roots:  57%|█████▋    | 263941910/460025722 [00:00<00:00, 286079820.30it/s]Loading tree roots:  64%|██████▎   | 292552516/460025722 [00:01<00:00, 281724434.Additional features and improved performance (usually) by saving this arbor with "save_arbor" and reloading:
	>>> a = ytree.load("/storage/home/hcoda1/0/jw254/data/RS-RP/rockstar_halos/trees/tree_0_0_0.dat")
	>>> fn = a.save_arbor()
	>>> a = ytree.load(fn)
Additional features and improved performance (usually) by saving this arbor with "save_arbor" and reloading:
	>>> a = ytree.load("/storage/home/hcoda1/0/jw254/data/RS-RP/rockstar_halos/trees/tree_0_0_0.dat")
	>>> fn = a.save_arbor()
	>>> a = ytree.load(fn)
Additional features and improved performance (usually) by saving this arbor with "save_arbor" and reloading:
	>>> a = ytree.load("/storage/home/hcoda1/0/jw254/data/RS-RP/rockstar_halos/trees/tree_0_0_0.dat")
	>>> fn = a.save_arbor()
	>>> a = ytree.load(fn)
Additional features and improved performance (usually) by saving this arbor with "save_arbor" and reloading:
	>>> a = ytree.load("/storage/home/hcoda1/0/jw254/data/RS-RP/rockstar_halos/trees/tree_0_0_0.dat")
	>>> fn = a.save_arbor()
	>>> a = ytree.load(fn)
Additional features and improved performance (usually) by saving this arbor with "save_arbor" and reloading:
	>>> a = ytree.load("/storage/home/hcoda1/0/jw254/data/RS-RP/rockstar_halos/trees/tree_0_0_0.dat")
	>>> fn = a.save_arbor()
	>>> a = ytree.load(fn)
Additional features and improved performance (usually) by saving this arbor with "save_arbor" and reloading:
	>>> a = ytree.load("/storage/home/hcoda1/0/jw254/data/RS-RP/rockstar_halos/trees/tree_0_0_0.dat")
	>>> fn = a.save_arbor()
	>>> a = ytree.load(fn)
Additional features and improved performance (usually) by saving this arbor with "save_arbor" and reloading:
	>>> a = ytree.load("/storage/home/hcoda1/0/jw254/data/RS-RP/rockstar_halos/trees/tree_0_0_0.dat")
	>>> fn = a.save_arbor()
	>>> a = ytree.load(fn)
Additional features and improved performance (usually) by saving this arbor with "save_arbor" and reloading:
	>>> a = ytree.load("/storage/home/hcoda1/0/jw254/data/RS-RP/rockstar_halos/trees/tree_0_0_0.dat")
	>>> fn = a.save_arbor()
	>>> a = ytree.load(fn)
Additional features and improved performance (usually) by saving this arbor with "save_arbor" and reloading:
	>>> a = ytree.load("/storage/home/hcoda1/0/jw254/data/RS-RP/rockstar_halos/trees/tree_0_0_0.dat")
	>>> fn = a.save_arbor()
	>>> a = ytree.load(fn)
Additional features and improved performance (usually) by saving this arbor with "save_arbor" and reloading:
	>>> a = ytree.load("/storage/home/hcoda1/0/jw254/data/RS-RP/rockstar_halos/trees/tree_0_0_0.dat")
	>>> fn = a.save_arbor()
	>>> a = ytree.load(fn)
Additional features and improved performance (usually) by saving this arbor with "save_arbor" and reloading:
	>>> a = ytree.load("/storage/home/hcoda1/0/jw254/data/RS-RP/rockstar_halos/trees/tree_0_0_0.dat")
	>>> fn = a.save_arbor()
	>>> a = ytree.load(fn)
Additional features and improved performance (usually) by saving this arbor with "save_arbor" and reloading:
	>>> a = ytree.load("/storage/home/hcoda1/0/jw254/data/RS-RP/rockstar_halos/trees/tree_0_0_0.dat")
	>>> fn = a.save_arbor()
	>>> a = ytree.load(fn)
Additional features and improved performance (usually) by saving this arbor with "save_arbor" and reloading:
	>>> a = ytree.load("/storage/home/hcoda1/0/jw254/data/RS-RP/rockstar_halos/trees/tree_0_0_0.dat")
	>>> fn = a.save_arbor()
	>>> a = ytree.load(fn)
Additional features and improved performance (usually) by saving this arbor with "save_arbor" and reloading:
	>>> a = ytree.load("/storage/home/hcoda1/0/jw254/data/RS-RP/rockstar_halos/trees/tree_0_0_0.dat")
	>>> fn = a.save_arbor()
	>>> a = ytree.load(fn)
  File "analysis_pipeline.py", line 209, in <module>
    for tree in ytree.parallel_trees(trees, dynamic=dynamic):
  File "/storage/home/hcoda1/7/shardin31/.conda/envs/pd_environment_3/lib/python3.8/site-packages/ytree/utilities/parallel.py", line 114, in parallel_trees
    arbor = trees[0].arbor
  File "/storage/home/hcoda1/7/shardin31/.conda/envs/pd_environment_3/lib/python3.8/site-packages/ytree/data_structures/tree_node.py", line 252, in __getitem__
    return self.query(key)
  File "/storage/home/hcoda1/7/shardin31/.conda/envs/pd_environment_3/lib/python3.8/site-packages/ytree/data_structures/tree_node.py", line 314, in query
    raise SyntaxError("Single argument must be a string.")
P004 yt : [ERROR    ] 2024-08-22 16:36:40,626 SyntaxError: Single argument must be a string.
  File "analysis_pipeline.py", line 209, in <module>
    for tree in ytree.parallel_trees(trees, dynamic=dynamic):
  File "/storage/home/hcoda1/7/shardin31/.conda/envs/pd_environment_3/lib/python3.8/site-packages/ytree/utilities/parallel.py", line 114, in parallel_trees
    arbor = trees[0].arbor
  File "/storage/home/hcoda1/7/shardin31/.conda/envs/pd_environment_3/lib/python3.8/site-packages/ytree/data_structures/tree_node.py", line 252, in __getitem__
    return self.query(key)
  File "/storage/home/hcoda1/7/shardin31/.conda/envs/pd_environment_3/lib/python3.8/site-packages/ytree/data_structures/tree_node.py", line 314, in query
    raise SyntaxError("Single argument must be a string.")
P012 yt : [ERROR    ] 2024-08-22 16:36:40,626 SyntaxError: Single argument must be a string.
  File "analysis_pipeline.py", line 209, in <module>
    for tree in ytree.parallel_trees(trees, dynamic=dynamic):
  File "/storage/home/hcoda1/7/shardin31/.conda/envs/pd_environment_3/lib/python3.8/site-packages/ytree/utilities/parallel.py", line 114, in parallel_trees
    arbor = trees[0].arbor
  File "/storage/home/hcoda1/7/shardin31/.conda/envs/pd_environment_3/lib/python3.8/site-packages/ytree/data_structures/tree_node.py", line 252, in __getitem__
    return self.query(key)
  File "/storage/home/hcoda1/7/shardin31/.conda/envs/pd_environment_3/lib/python3.8/site-packages/ytree/data_structures/tree_node.py", line 314, in query
    raise SyntaxError("Single argument must be a string.")
P013 yt : [ERROR    ] 2024-08-22 16:36:40,626 SyntaxError: Single argument must be a string.
  File "analysis_pipeline.py", line 209, in <module>
    for tree in ytree.parallel_trees(trees, dynamic=dynamic):
  File "/storage/home/hcoda1/7/shardin31/.conda/envs/pd_environment_3/lib/python3.8/site-packages/ytree/utilities/parallel.py", line 114, in parallel_trees
    arbor = trees[0].arbor
  File "/storage/home/hcoda1/7/shardin31/.conda/envs/pd_environment_3/lib/python3.8/site-packages/ytree/data_structures/tree_node.py", line 252, in __getitem__
    return self.query(key)
  File "/storage/home/hcoda1/7/shardin31/.conda/envs/pd_environment_3/lib/python3.8/site-packages/ytree/data_structures/tree_node.py", line 314, in query
    raise SyntaxError("Single argument must be a string.")
P002 yt : [ERROR    ] 2024-08-22 16:36:40,626 SyntaxError: Single argument must be a string.
  File "analysis_pipeline.py", line 209, in <module>
    for tree in ytree.parallel_trees(trees, dynamic=dynamic):
  File "/storage/home/hcoda1/7/shardin31/.conda/envs/pd_environment_3/lib/python3.8/site-packages/ytree/utilities/parallel.py", line 114, in parallel_trees
    arbor = trees[0].arbor
  File "/storage/home/hcoda1/7/shardin31/.conda/envs/pd_environment_3/lib/python3.8/site-packages/ytree/data_structures/tree_node.py", line 252, in __getitem__
    return self.query(key)
  File "/storage/home/hcoda1/7/shardin31/.conda/envs/pd_environment_3/lib/python3.8/site-packages/ytree/data_structures/tree_node.py", line 314, in query
    raise SyntaxError("Single argument must be a string.")
P003 yt : [ERROR    ] 2024-08-22 16:36:40,626 SyntaxError: Single argument must be a string.
  File "analysis_pipeline.py", line 209, in <module>
    for tree in ytree.parallel_trees(trees, dynamic=dynamic):
  File "/storage/home/hcoda1/7/shardin31/.conda/envs/pd_environment_3/lib/python3.8/site-packages/ytree/utilities/parallel.py", line 114, in parallel_trees
    arbor = trees[0].arbor
  File "/storage/home/hcoda1/7/shardin31/.conda/envs/pd_environment_3/lib/python3.8/site-packages/ytree/data_structures/tree_node.py", line 252, in __getitem__
    return self.query(key)
  File "/storage/home/hcoda1/7/shardin31/.conda/envs/pd_environment_3/lib/python3.8/site-packages/ytree/data_structures/tree_node.py", line 314, in query
    raise SyntaxError("Single argument must be a string.")
P005 yt : [ERROR    ] 2024-08-22 16:36:40,626 SyntaxError: Single argument must be a string.
  File "analysis_pipeline.py", line 209, in <module>
    for tree in ytree.parallel_trees(trees, dynamic=dynamic):
  File "/storage/home/hcoda1/7/shardin31/.conda/envs/pd_environment_3/lib/python3.8/site-packages/ytree/utilities/parallel.py", line 114, in parallel_trees
    arbor = trees[0].arbor
  File "/storage/home/hcoda1/7/shardin31/.conda/envs/pd_environment_3/lib/python3.8/site-packages/ytree/data_structures/tree_node.py", line 252, in __getitem__
    return self.query(key)
  File "/storage/home/hcoda1/7/shardin31/.conda/envs/pd_environment_3/lib/python3.8/site-packages/ytree/data_structures/tree_node.py", line 314, in query
    raise SyntaxError("Single argument must be a string.")
P006 yt : [ERROR    ] 2024-08-22 16:36:40,626 SyntaxError: Single argument must be a string.
  File "analysis_pipeline.py", line 209, in <module>
    for tree in ytree.parallel_trees(trees, dynamic=dynamic):
  File "/storage/home/hcoda1/7/shardin31/.conda/envs/pd_environment_3/lib/python3.8/site-packages/ytree/utilities/parallel.py", line 114, in parallel_trees
    arbor = trees[0].arbor
  File "/storage/home/hcoda1/7/shardin31/.conda/envs/pd_environment_3/lib/python3.8/site-packages/ytree/data_structures/tree_node.py", line 252, in __getitem__
    return self.query(key)
  File "/storage/home/hcoda1/7/shardin31/.conda/envs/pd_environment_3/lib/python3.8/site-packages/ytree/data_structures/tree_node.py", line 314, in query
    raise SyntaxError("Single argument must be a string.")
P007 yt : [ERROR    ] 2024-08-22 16:36:40,626 SyntaxError: Single argument must be a string.
  File "analysis_pipeline.py", line 209, in <module>
    for tree in ytree.parallel_trees(trees, dynamic=dynamic):
  File "/storage/home/hcoda1/7/shardin31/.conda/envs/pd_environment_3/lib/python3.8/site-packages/ytree/utilities/parallel.py", line 114, in parallel_trees
    arbor = trees[0].arbor
  File "/storage/home/hcoda1/7/shardin31/.conda/envs/pd_environment_3/lib/python3.8/site-packages/ytree/data_structures/tree_node.py", line 252, in __getitem__
    return self.query(key)
  File "/storage/home/hcoda1/7/shardin31/.conda/envs/pd_environment_3/lib/python3.8/site-packages/ytree/data_structures/tree_node.py", line 314, in query
    raise SyntaxError("Single argument must be a string.")
P008 yt : [ERROR    ] 2024-08-22 16:36:40,626 SyntaxError: Single argument must be a string.
  File "analysis_pipeline.py", line 209, in <module>
    for tree in ytree.parallel_trees(trees, dynamic=dynamic):
  File "/storage/home/hcoda1/7/shardin31/.conda/envs/pd_environment_3/lib/python3.8/site-packages/ytree/utilities/parallel.py", line 114, in parallel_trees
    arbor = trees[0].arbor
  File "/storage/home/hcoda1/7/shardin31/.conda/envs/pd_environment_3/lib/python3.8/site-packages/ytree/data_structures/tree_node.py", line 252, in __getitem__
    return self.query(key)
  File "/storage/home/hcoda1/7/shardin31/.conda/envs/pd_environment_3/lib/python3.8/site-packages/ytree/data_structures/tree_node.py", line 314, in query
    raise SyntaxError("Single argument must be a string.")
P009 yt : [ERROR    ] 2024-08-22 16:36:40,626 SyntaxError: Single argument must be a string.
  File "analysis_pipeline.py", line 209, in <module>
    for tree in ytree.parallel_trees(trees, dynamic=dynamic):
  File "/storage/home/hcoda1/7/shardin31/.conda/envs/pd_environment_3/lib/python3.8/site-packages/ytree/utilities/parallel.py", line 114, in parallel_trees
    arbor = trees[0].arbor
  File "/storage/home/hcoda1/7/shardin31/.conda/envs/pd_environment_3/lib/python3.8/site-packages/ytree/data_structures/tree_node.py", line 252, in __getitem__
    return self.query(key)
  File "/storage/home/hcoda1/7/shardin31/.conda/envs/pd_environment_3/lib/python3.8/site-packages/ytree/data_structures/tree_node.py", line 314, in query
    raise SyntaxError("Single argument must be a string.")
P010 yt : [ERROR    ] 2024-08-22 16:36:40,626 SyntaxError: Single argument must be a string.
  File "analysis_pipeline.py", line 209, in <module>
    for tree in ytree.parallel_trees(trees, dynamic=dynamic):
  File "/storage/home/hcoda1/7/shardin31/.conda/envs/pd_environment_3/lib/python3.8/site-packages/ytree/utilities/parallel.py", line 114, in parallel_trees
    arbor = trees[0].arbor
  File "/storage/home/hcoda1/7/shardin31/.conda/envs/pd_environment_3/lib/python3.8/site-packages/ytree/data_structures/tree_node.py", line 252, in __getitem__
    return self.query(key)
  File "/storage/home/hcoda1/7/shardin31/.conda/envs/pd_environment_3/lib/python3.8/site-packages/ytree/data_structures/tree_node.py", line 314, in query
    raise SyntaxError("Single argument must be a string.")
P011 yt : [ERROR    ] 2024-08-22 16:36:40,626 SyntaxError: Single argument must be a string.
  File "analysis_pipeline.py", line 209, in <module>
    for tree in ytree.parallel_trees(trees, dynamic=dynamic):
  File "/storage/home/hcoda1/7/shardin31/.conda/envs/pd_environment_3/lib/python3.8/site-packages/ytree/utilities/parallel.py", line 114, in parallel_trees
    arbor = trees[0].arbor
  File "/storage/home/hcoda1/7/shardin31/.conda/envs/pd_environment_3/lib/python3.8/site-packages/ytree/data_structures/tree_node.py", line 252, in __getitem__
    return self.query(key)
  File "/storage/home/hcoda1/7/shardin31/.conda/envs/pd_environment_3/lib/python3.8/site-packages/ytree/data_structures/tree_node.py", line 314, in query
    raise SyntaxError("Single argument must be a string.")
P014 yt : [ERROR    ] 2024-08-22 16:36:40,626 SyntaxError: Single argument must be a string.
  File "analysis_pipeline.py", line 209, in <module>
    for tree in ytree.parallel_trees(trees, dynamic=dynamic):
  File "/storage/home/hcoda1/7/shardin31/.conda/envs/pd_environment_3/lib/python3.8/site-packages/ytree/utilities/parallel.py", line 114, in parallel_trees
    arbor = trees[0].arbor
  File "/storage/home/hcoda1/7/shardin31/.conda/envs/pd_environment_3/lib/python3.8/site-packages/ytree/data_structures/tree_node.py", line 252, in __getitem__
    return self.query(key)
  File "/storage/home/hcoda1/7/shardin31/.conda/envs/pd_environment_3/lib/python3.8/site-packages/ytree/data_structures/tree_node.py", line 314, in query
    raise SyntaxError("Single argument must be a string.")
P015 yt : [ERROR    ] 2024-08-22 16:36:40,626 SyntaxError: Single argument must be a string.
P012 yt : [ERROR    ] 2024-08-22 16:36:40,626 Error occurred on rank 12.
P002 yt : [ERROR    ] 2024-08-22 16:36:40,626 Error occurred on rank 2.
P004 yt : [ERROR    ] 2024-08-22 16:36:40,626 Error occurred on rank 4.
P010 yt : [ERROR    ] 2024-08-22 16:36:40,626 Error occurred on rank 10.
P003 yt : [ERROR    ] 2024-08-22 16:36:40,626 Error occurred on rank 3.
P007 yt : [ERROR    ] 2024-08-22 16:36:40,626 Error occurred on rank 7.
P011 yt : [ERROR    ] 2024-08-22 16:36:40,626 Error occurred on rank 11.
P015 yt : [ERROR    ] 2024-08-22 16:36:40,626 Error occurred on rank 15.
P005 yt : [ERROR    ] 2024-08-22 16:36:40,626 Error occurred on rank 5.
P006 yt : [ERROR    ] 2024-08-22 16:36:40,626 Error occurred on rank 6.
P008 yt : [ERROR    ] 2024-08-22 16:36:40,626 Error occurred on rank 8.
P009 yt : [ERROR    ] 2024-08-22 16:36:40,626 Error occurred on rank 9.
P014 yt : [ERROR    ] 2024-08-22 16:36:40,626 Error occurred on rank 14.
P013 yt : [ERROR    ] 2024-08-22 16:36:40,628 Error occurred on rank 13.
--------------------------------------------------------------------------
MPI_ABORT was invoked on rank 4 in communicator MPI_COMM_WORLD
with errorcode 1.

NOTE: invoking MPI_ABORT causes Open MPI to kill all MPI processes.
You may or may not see output from other processes, depending on
exactly when Open MPI kills them.
--------------------------------------------------------------------------
--------------------------------------------------------------------------
MPI_ABORT was invoked on rank 12 in communicator MPI_COMM_WORLD
with errorcode 1.

NOTE: invoking MPI_ABORT causes Open MPI to kill all MPI processes.
You may or may not see output from other processes, depending on
exactly when Open MPI kills them.
--------------------------------------------------------------------------
--------------------------------------------------------------------------
MPI_ABORT was invoked on rank 3 in communicator MPI_COMM_WORLD
with errorcode 1.

NOTE: invoking MPI_ABORT causes Open MPI to kill all MPI processes.
You may or may not see output from other processes, depending on
exactly when Open MPI kills them.
--------------------------------------------------------------------------
--------------------------------------------------------------------------
MPI_ABORT was invoked on rank 5 in communicator MPI_COMM_WORLD
with errorcode 1.

NOTE: invoking MPI_ABORT causes Open MPI to kill all MPI processes.
You may or may not see output from other processes, depending on
exactly when Open MPI kills them.
--------------------------------------------------------------------------
--------------------------------------------------------------------------
MPI_ABORT was invoked on rank 11 in communicator MPI_COMM_WORLD
with errorcode 1.

NOTE: invoking MPI_ABORT causes Open MPI to kill all MPI processes.
You may or may not see output from other processes, depending on
exactly when Open MPI kills them.
--------------------------------------------------------------------------
--------------------------------------------------------------------------
MPI_ABORT was invoked on rank 2 in communicator MPI_COMM_WORLD
with errorcode 1.

NOTE: invoking MPI_ABORT causes Open MPI to kill all MPI processes.
You may or may not see output from other processes, depending on
exactly when Open MPI kills them.
--------------------------------------------------------------------------
--------------------------------------------------------------------------
MPI_ABORT was invoked on rank 15 in communicator MPI_COMM_WORLD
with errorcode 1.

NOTE: invoking MPI_ABORT causes Open MPI to kill all MPI processes.
You may or may not see output from other processes, depending on
exactly when Open MPI kills them.
--------------------------------------------------------------------------
--------------------------------------------------------------------------
MPI_ABORT was invoked on rank 13 in communicator MPI_COMM_WORLD
with errorcode 1.

NOTE: invoking MPI_ABORT causes Open MPI to kill all MPI processes.
You may or may not see output from other processes, depending on
exactly when Open MPI kills them.
--------------------------------------------------------------------------
--------------------------------------------------------------------------
MPI_ABORT was invoked on rank 7 in communicator MPI_COMM_WORLD
with errorcode 1.

NOTE: invoking MPI_ABORT causes Open MPI to kill all MPI processes.
You may or may not see output from other processes, depending on
exactly when Open MPI kills them.
--------------------------------------------------------------------------
--------------------------------------------------------------------------
MPI_ABORT was invoked on rank 10 in communicator MPI_COMM_WORLD
with errorcode 1.

NOTE: invoking MPI_ABORT causes Open MPI to kill all MPI processes.
You may or may not see output from other processes, depending on
exactly when Open MPI kills them.
--------------------------------------------------------------------------
--------------------------------------------------------------------------
MPI_ABORT was invoked on rank 9 in communicator MPI_COMM_WORLD
with errorcode 1.

NOTE: invoking MPI_ABORT causes Open MPI to kill all MPI processes.
You may or may not see output from other processes, depending on
exactly when Open MPI kills them.
--------------------------------------------------------------------------
--------------------------------------------------------------------------
MPI_ABORT was invoked on rank 8 in communicator MPI_COMM_WORLD
with errorcode 1.

NOTE: invoking MPI_ABORT causes Open MPI to kill all MPI processes.
You may or may not see output from other processes, depending on
exactly when Open MPI kills them.
--------------------------------------------------------------------------
--------------------------------------------------------------------------
MPI_ABORT was invoked on rank 14 in communicator MPI_COMM_WORLD
with errorcode 1.

NOTE: invoking MPI_ABORT causes Open MPI to kill all MPI processes.
You may or may not see output from other processes, depending on
exactly when Open MPI kills them.
--------------------------------------------------------------------------
--------------------------------------------------------------------------
MPI_ABORT was invoked on rank 6 in communicator MPI_COMM_WORLD
with errorcode 1.

NOTE: invoking MPI_ABORT causes Open MPI to kill all MPI processes.
You may or may not see output from other processes, depending on
exactly when Open MPI kills them.
--------------------------------------------------------------------------
41it/s]Loading tree roots:  70%|██████▉   | 320737157/460025722 [00:01<00:00, 280450577.02it/s]Loading tree roots:  76%|███████▌  | 348790751/460025722 [00:01<00:00, 278944401.88it/s]Loading tree roots:  82%|████████▏ | 376692765/460025722 [00:01<00:00, 276041262.88it/s]Loading tree roots:  88%|████████▊ | 404304064/460025722 [00:01<00:00, 273387267.87it/s]Loading tree roots:  94%|█████████▍| 431649090/460025722 [00:01<00:00, 270807358.64it/s]slurmstepd: error: *** STEP 1119210.0 ON atl1-1-02-014-30-2 CANCELLED AT 2024-08-22T16:36:40 ***
srun: Job step aborted: Waiting up to 32 seconds for job step to finish.
srun: error: atl1-1-02-014-33-1: tasks 16-31: Killed
srun: error: atl1-1-02-014-30-2: tasks 0-3,5-11,13-15: Killed
srun: error: atl1-1-02-014-30-2: tasks 4,12: Exited with exit code 1
---------------------------------------
Begin Slurm Epilog: Aug-22-2024 16:36:41
Job ID:        1119210
Array Job ID:  _4294967294
User ID:       shardin31
Account:       gts-jw254-coda20
Job name:      Slurmshardinpowderdayrun
Resources:     cpu=32,mem=200G,node=2
Rsrc Used:     cput=00:13:52,vmem=704K,walltime=00:00:26,mem=0,energy_used=0
Partition:     cpu-small
QOS:           inferno
Nodes:         atl1-1-02-014-30-2,atl1-1-02-014-33-1
---------------------------------------
