---------------------------------------
Begin Slurm Prolog: Aug-19-2024 12:09:34
Job ID:    1090898
User ID:   shardin31
Account:   gts-jw254-coda20
Job name:  Slurmshardinpowderdayrun
Partition: cpu-medium
QOS:       inferno
---------------------------------------

CommandNotFoundError: Your shell has not been properly configured to use 'conda deactivate'.
To initialize your shell, run

    $ conda init <SHELL_NAME>

Currently supported shells are:
  - bash
  - fish
  - tcsh
  - xonsh
  - zsh
  - powershell

See 'conda init --help' for more information and options.

IMPORTANT: You may need to close and restart your shell after running 'conda init'.



Lmod is automatically replacing "mvapich2/2.3.6-ouywal" with "openmpi/4.1.4".

Additional features and improved performance (usually) by saving this arbor with "save_arbor" and reloading:
	>>> a = ytree.load("/storage/home/hcoda1/0/jw254/data/SG64-2020/rockstar_halos-jhw/trees/tree_0_0_0.dat")
	>>> fn = a.save_arbor()
	>>> a = ytree.load(fn)
Loading tree roots:   0%|          | 0/7934216 [00:00<?, ?it/s]Loading tree roots: 100%|██████████| 7934216/7934216 [00:00<00:00, 333964032.09it/s]
Reading root fields:   0%|          | 0/203 [00:00<?, ?it/s]Reading root fields: 100%|██████████| 203/203 [00:00<00:00, 27382.01it/s]
Reading root fields:   0%|          | 0/203 [00:00<?, ?it/s]Reading root fields: 100%|██████████| 203/203 [00:00<00:00, 35373.65it/s]
Loading tree roots:   0%|          | 0/7934216 [00:00<?, ?it/s]Loading tree roots: 100%|██████████| 7934216/7934216 [00:00<00:00, 341174623.04it/s]
Reading root fields:   0%|          | 0/203 [00:00<?, ?it/s]Reading root fields: 100%|██████████| 203/203 [00:00<00:00, 20022.19it/s]




======================================================
File: /storage/home/hcoda1/0/jw254/data/RS-RP/RD0041/output_0041 doesn't exist; Powderday Crash!!!
======================================================




---------------------------------------
Begin Slurm Epilog: Aug-19-2024 12:09:55
Job ID:        1090898
Array Job ID:  _4294967294
User ID:       shardin31
Account:       gts-jw254-coda20
Job name:      Slurmshardinpowderdayrun
Resources:     cpu=48,mem=600G,node=2
Rsrc Used:     cput=00:16:48,vmem=8244K,walltime=00:00:21,mem=0,energy_used=0
Partition:     cpu-medium
QOS:           inferno
Nodes:         atl1-1-02-002-19-2,atl1-1-02-002-21-1
---------------------------------------
