---------------------------------------
Begin Slurm Prolog: Mar-01-2024 11:21:23
Job ID:    5108295
User ID:   shardin31
Account:   gts-jw254-coda20
Job name:  Slurmshardinpowderdayrun
Partition: cpu-large
QOS:       inferno
---------------------------------------

CommandNotFoundError: Your shell has not been properly configured to use 'conda deactivate'.
To initialize your shell, run

    $ conda init <SHELL_NAME>

Currently supported shells are:
  - bash
  - fish
  - tcsh
  - xonsh
  - zsh
  - powershell

See 'conda init --help' for more information and options.

IMPORTANT: You may need to close and restart your shell after running 'conda init'.



Lmod is automatically replacing "mvapich2/2.3.6-ouywal" with "openmpi/4.1.4".

Additional features and improved performance (usually) by saving this arbor with "save_arbor" and reloading:
	>>> a = ytree.load("/storage/home/hcoda1/0/jw254/data/SG64-2020/rockstar_halos-jhw/trees/tree_0_0_0.dat")
	>>> fn = a.save_arbor()
	>>> a = ytree.load(fn)
Loading tree roots:   0%|          | 0/7934216 [00:00<?, ?it/s]Loading tree roots: 100%|██████████| 7934216/7934216 [00:00<00:00, 327347890.59it/s]
Reading root fields:   0%|          | 0/203 [00:00<?, ?it/s]Reading root fields: 100%|██████████| 203/203 [00:00<00:00, 26682.66it/s]
Reading root fields:   0%|          | 0/203 [00:00<?, ?it/s]Reading root fields: 100%|██████████| 203/203 [00:00<00:00, 34064.56it/s]
Loading tree roots:   0%|          | 0/7934216 [00:00<?, ?it/s]Loading tree roots: 100%|██████████| 7934216/7934216 [00:00<00:00, 330229165.32it/s]
Reading root fields:   0%|          | 0/203 [00:00<?, ?it/s]Reading root fields: 100%|██████████| 203/203 [00:00<00:00, 19090.24it/s]
yt : [INFO     ] 2024-03-01 11:21:51,504 Parameters: current_time              = 75.89987395114
yt : [INFO     ] 2024-03-01 11:21:51,505 Parameters: domain_dimensions         = [64 64 64]
yt : [INFO     ] 2024-03-01 11:21:51,505 Parameters: domain_left_edge          = [0. 0. 0.]
yt : [INFO     ] 2024-03-01 11:21:51,506 Parameters: domain_right_edge         = [1. 1. 1.]
yt : [INFO     ] 2024-03-01 11:21:51,506 Parameters: cosmological_simulation   = 1
yt : [INFO     ] 2024-03-01 11:21:51,506 Parameters: current_redshift          = 11.181356517874
yt : [INFO     ] 2024-03-01 11:21:51,506 Parameters: omega_lambda              = 0.6889
yt : [INFO     ] 2024-03-01 11:21:51,506 Parameters: omega_matter              = 0.3111
yt : [INFO     ] 2024-03-01 11:21:51,506 Parameters: omega_radiation           = 0
yt : [INFO     ] 2024-03-01 11:21:51,506 Parameters: hubble_constant           = 0.6766
Parsing Hierarchy :   0%|          | 0/777 [00:00<?, ?it/s]Parsing Hierarchy : 100%|██████████| 777/777 [00:00<00:00, 9730.63it/s]
yt : [INFO     ] 2024-03-01 11:21:51,620 Gathering a field list (this may take a moment.)
slurmstepd: error: *** JOB 5108295 ON atl1-1-02-004-4-2 CANCELLED AT 2024-03-01T11:22:17 ***
---------------------------------------
Begin Slurm Epilog: Mar-01-2024 11:22:19
Job ID:        5108295
Array Job ID:  _4294967294
User ID:       shardin31
Account:       gts-jw254-coda20
Job name:      Slurmshardinpowderdayrun
Resources:     cpu=1,mem=360G,node=1
Rsrc Used:     cput=00:00:54,vmem=1745424K,walltime=00:00:54,mem=929036K,energy_used=0
Partition:     cpu-large
QOS:           inferno
Nodes:         atl1-1-02-004-4-2
---------------------------------------
