---------------------------------------
Begin Slurm Prolog: Apr-02-2024 10:41:12
Job ID:    5482105
User ID:   shardin31
Account:   gts-jw254-coda20
Job name:  Slurmshardinpowderdayrun
Partition: cpu-small
QOS:       inferno
---------------------------------------

CommandNotFoundError: Your shell has not been properly configured to use 'conda deactivate'.
To initialize your shell, run

    $ conda init <SHELL_NAME>

Currently supported shells are:
  - bash
  - fish
  - tcsh
  - xonsh
  - zsh
  - powershell

See 'conda init --help' for more information and options.

IMPORTANT: You may need to close and restart your shell after running 'conda init'.



Lmod is automatically replacing "mvapich2/2.3.6-ouywal" with "openmpi/4.1.4".

yt : [INFO     ] 2024-04-02 10:41:39,196 Global parallel computation enabled: 41 / 48
yt : [INFO     ] 2024-04-02 10:41:39,197 Global parallel computation enabled: 4 / 48
yt : [INFO     ] 2024-04-02 10:41:39,196 Global parallel computation enabled: 45 / 48
yt : [INFO     ] 2024-04-02 10:41:39,196 Global parallel computation enabled: 29 / 48
yt : [INFO     ] 2024-04-02 10:41:39,196 Global parallel computation enabled: 37 / 48
yt : [INFO     ] 2024-04-02 10:41:39,196 Global parallel computation enabled: 43 / 48
yt : [INFO     ] 2024-04-02 10:41:39,197 Global parallel computation enabled: 33 / 48
yt : [INFO     ] 2024-04-02 10:41:39,197 Global parallel computation enabled: 26 / 48
yt : [INFO     ] 2024-04-02 10:41:39,197 Global parallel computation enabled: 24 / 48
yt : [INFO     ] 2024-04-02 10:41:39,198 Global parallel computation enabled: 34 / 48
yt : [INFO     ] 2024-04-02 10:41:39,198 Global parallel computation enabled: 30 / 48
yt : [INFO     ] 2024-04-02 10:41:39,200 Global parallel computation enabled: 32 / 48
yt : [INFO     ] 2024-04-02 10:41:39,201 Global parallel computation enabled: 44 / 48
yt : [INFO     ] 2024-04-02 10:41:39,201 Global parallel computation enabled: 28 / 48
yt : [INFO     ] 2024-04-02 10:41:39,202 Global parallel computation enabled: 25 / 48
yt : [INFO     ] 2024-04-02 10:41:39,202 Global parallel computation enabled: 36 / 48
yt : [INFO     ] 2024-04-02 10:41:39,202 Global parallel computation enabled: 27 / 48
yt : [INFO     ] 2024-04-02 10:41:39,203 Global parallel computation enabled: 39 / 48
yt : [INFO     ] 2024-04-02 10:41:39,203 Global parallel computation enabled: 47 / 48
yt : [INFO     ] 2024-04-02 10:41:39,203 Global parallel computation enabled: 31 / 48
yt : [INFO     ] 2024-04-02 10:41:39,209 Global parallel computation enabled: 42 / 48
yt : [INFO     ] 2024-04-02 10:41:39,212 Global parallel computation enabled: 40 / 48
yt : [INFO     ] 2024-04-02 10:41:39,212 Global parallel computation enabled: 46 / 48
yt : [INFO     ] 2024-04-02 10:41:39,214 Global parallel computation enabled: 35 / 48
yt : [INFO     ] 2024-04-02 10:41:39,216 Global parallel computation enabled: 38 / 48
yt : [INFO     ] 2024-04-02 10:41:39,198 Global parallel computation enabled: 5 / 48
yt : [INFO     ] 2024-04-02 10:41:39,198 Global parallel computation enabled: 22 / 48
yt : [INFO     ] 2024-04-02 10:41:39,198 Global parallel computation enabled: 7 / 48
yt : [INFO     ] 2024-04-02 10:41:39,199 Global parallel computation enabled: 9 / 48
yt : [INFO     ] 2024-04-02 10:41:39,199 Global parallel computation enabled: 14 / 48
yt : [INFO     ] 2024-04-02 10:41:39,200 Global parallel computation enabled: 20 / 48
yt : [INFO     ] 2024-04-02 10:41:39,201 Global parallel computation enabled: 6 / 48
yt : [INFO     ] 2024-04-02 10:41:39,201 Global parallel computation enabled: 12 / 48
yt : [INFO     ] 2024-04-02 10:41:39,201 Global parallel computation enabled: 17 / 48
yt : [INFO     ] 2024-04-02 10:41:39,202 Global parallel computation enabled: 1 / 48
yt : [INFO     ] 2024-04-02 10:41:39,202 Global parallel computation enabled: 11 / 48
yt : [INFO     ] 2024-04-02 10:41:39,202 Global parallel computation enabled: 16 / 48
yt : [INFO     ] 2024-04-02 10:41:39,203 Global parallel computation enabled: 13 / 48
yt : [INFO     ] 2024-04-02 10:41:39,203 Global parallel computation enabled: 23 / 48
yt : [INFO     ] 2024-04-02 10:41:39,203 Global parallel computation enabled: 8 / 48
yt : [INFO     ] 2024-04-02 10:41:39,203 Global parallel computation enabled: 2 / 48
yt : [INFO     ] 2024-04-02 10:41:39,203 Global parallel computation enabled: 10 / 48
yt : [INFO     ] 2024-04-02 10:41:39,203 Global parallel computation enabled: 18 / 48
yt : [INFO     ] 2024-04-02 10:41:39,204 Global parallel computation enabled: 19 / 48
yt : [INFO     ] 2024-04-02 10:41:39,204 Global parallel computation enabled: 3 / 48
yt : [INFO     ] 2024-04-02 10:41:39,206 Global parallel computation enabled: 0 / 48
yt : [INFO     ] 2024-04-02 10:41:39,212 Global parallel computation enabled: 15 / 48
yt : [INFO     ] 2024-04-02 10:41:39,212 Global parallel computation enabled: 21 / 48
Additional features and improved performance (usually) by saving this arbor with "save_arbor" and reloading:
	>>> a = ytree.load("/storage/home/hcoda1/0/jw254/data/SG64-2020/rockstar_halos-jhw/trees/tree_0_0_0.dat")
	>>> fn = a.save_arbor()
	>>> a = ytree.load(fn)
P014 yt : [INFO     ] 2024-04-02 10:41:39,647 Parameters: current_time              = 75.89987395114
P014 yt : [INFO     ] 2024-04-02 10:41:39,648 Parameters: domain_dimensions         = [64 64 64]
P018 yt : [INFO     ] 2024-04-02 10:41:39,648 Parameters: current_time              = 75.89987395114
P002 yt : [INFO     ] 2024-04-02 10:41:39,648 Parameters: current_time              = 75.89987395114
P003 yt : [INFO     ] 2024-04-02 10:41:39,648 Parameters: current_time              = 75.89987395114
P012 yt : [INFO     ] 2024-04-02 10:41:39,648 Parameters: current_time              = 75.89987395114
P014 yt : [INFO     ] 2024-04-02 10:41:39,648 Parameters: domain_left_edge          = [0. 0. 0.]
P010 yt : [INFO     ] 2024-04-02 10:41:39,648 Parameters: current_time              = 75.89987395114
P018 yt : [INFO     ] 2024-04-02 10:41:39,648 Parameters: domain_dimensions         = [64 64 64]
P002 yt : [INFO     ] 2024-04-02 10:41:39,648 Parameters: domain_dimensions         = [64 64 64]
P012 yt : [INFO     ] 2024-04-02 10:41:39,648 Parameters: domain_dimensions         = [64 64 64]
P003 yt : [INFO     ] 2024-04-02 10:41:39,648 Parameters: domain_dimensions         = [64 64 64]
P014 yt : [INFO     ] 2024-04-02 10:41:39,648 Parameters: domain_right_edge         = [1. 1. 1.]
P006 yt : [INFO     ] 2024-04-02 10:41:39,649 Parameters: current_time              = 75.89987395114
P014 yt : [INFO     ] 2024-04-02 10:41:39,649 Parameters: cosmological_simulation   = 1
P019 yt : [INFO     ] 2024-04-02 10:41:39,649 Parameters: current_time              = 75.89987395114
P020 yt : [INFO     ] 2024-04-02 10:41:39,649 Parameters: current_time              = 75.89987395114
P014 yt : [INFO     ] 2024-04-02 10:41:39,649 Parameters: current_redshift          = 11.181356517874
P014 yt : [INFO     ] 2024-04-02 10:41:39,649 Parameters: omega_lambda              = 0.6889
P014 yt : [INFO     ] 2024-04-02 10:41:39,649 Parameters: omega_matter              = 0.3111
P014 yt : [INFO     ] 2024-04-02 10:41:39,649 Parameters: omega_radiation           = 0
P005 yt : [INFO     ] 2024-04-02 10:41:39,649 Parameters: current_time              = 75.89987395114
P014 yt : [INFO     ] 2024-04-02 10:41:39,649 Parameters: hubble_constant           = 0.6766
P010 yt : [INFO     ] 2024-04-02 10:41:39,649 Parameters: domain_dimensions         = [64 64 64]
P018 yt : [INFO     ] 2024-04-02 10:41:39,649 Parameters: domain_left_edge          = [0. 0. 0.]
P002 yt : [INFO     ] 2024-04-02 10:41:39,649 Parameters: domain_left_edge          = [0. 0. 0.]
P012 yt : [INFO     ] 2024-04-02 10:41:39,649 Parameters: domain_left_edge          = [0. 0. 0.]
P013 yt : [INFO     ] 2024-04-02 10:41:39,649 Parameters: current_time              = 75.89987395114
P003 yt : [INFO     ] 2024-04-02 10:41:39,649 Parameters: domain_left_edge          = [0. 0. 0.]
P023 yt : [INFO     ] 2024-04-02 10:41:39,649 Parameters: current_time              = 75.89987395114
P008 yt : [INFO     ] 2024-04-02 10:41:39,649 Parameters: current_time              = 75.89987395114
P006 yt : [INFO     ] 2024-04-02 10:41:39,649 Parameters: domain_dimensions         = [64 64 64]
P022 yt : [INFO     ] 2024-04-02 10:41:39,649 Parameters: current_time              = 75.89987395114
P009 yt : [INFO     ] 2024-04-02 10:41:39,649 Parameters: current_time              = 75.89987395114
P020 yt : [INFO     ] 2024-04-02 10:41:39,649 Parameters: domain_dimensions         = [64 64 64]
P019 yt : [INFO     ] 2024-04-02 10:41:39,649 Parameters: domain_dimensions         = [64 64 64]
P010 yt : [INFO     ] 2024-04-02 10:41:39,649 Parameters: domain_left_edge          = [0. 0. 0.]
P016 yt : [INFO     ] 2024-04-02 10:41:39,649 Parameters: current_time              = 75.89987395114
P018 yt : [INFO     ] 2024-04-02 10:41:39,649 Parameters: domain_right_edge         = [1. 1. 1.]
P002 yt : [INFO     ] 2024-04-02 10:41:39,649 Parameters: domain_right_edge         = [1. 1. 1.]
P018 yt : [INFO     ] 2024-04-02 10:41:39,649 Parameters: cosmological_simulation   = 1
P002 yt : [INFO     ] 2024-04-02 10:41:39,649 Parameters: cosmological_simulation   = 1
P012 yt : [INFO     ] 2024-04-02 10:41:39,649 Parameters: domain_right_edge         = [1. 1. 1.]
P018 yt : [INFO     ] 2024-04-02 10:41:39,649 Parameters: current_redshift          = 11.181356517874
P018 yt : [INFO     ] 2024-04-02 10:41:39,649 Parameters: omega_lambda              = 0.6889
P002 yt : [INFO     ] 2024-04-02 10:41:39,649 Parameters: current_redshift          = 11.181356517874
P012 yt : [INFO     ] 2024-04-02 10:41:39,649 Parameters: cosmological_simulation   = 1
P018 yt : [INFO     ] 2024-04-02 10:41:39,649 Parameters: omega_matter              = 0.3111
P002 yt : [INFO     ] 2024-04-02 10:41:39,649 Parameters: omega_lambda              = 0.6889
P003 yt : [INFO     ] 2024-04-02 10:41:39,649 Parameters: domain_right_edge         = [1. 1. 1.]
P012 yt : [INFO     ] 2024-04-02 10:41:39,649 Parameters: current_redshift          = 11.181356517874
P002 yt : [INFO     ] 2024-04-02 10:41:39,649 Parameters: omega_matter              = 0.3111
P005 yt : [INFO     ] 2024-04-02 10:41:39,649 Parameters: domain_dimensions         = [64 64 64]
P018 yt : [INFO     ] 2024-04-02 10:41:39,649 Parameters: omega_radiation           = 0
P003 yt : [INFO     ] 2024-04-02 10:41:39,649 Parameters: cosmological_simulation   = 1
P012 yt : [INFO     ] 2024-04-02 10:41:39,649 Parameters: omega_lambda              = 0.6889
P015 yt : [INFO     ] 2024-04-02 10:41:39,649 Parameters: current_time              = 75.89987395114
P018 yt : [INFO     ] 2024-04-02 10:41:39,649 Parameters: hubble_constant           = 0.6766
P002 yt : [INFO     ] 2024-04-02 10:41:39,649 Parameters: omega_radiation           = 0
P002 yt : [INFO     ] 2024-04-02 10:41:39,650 Parameters: hubble_constant           = 0.6766
P012 yt : [INFO     ] 2024-04-02 10:41:39,649 Parameters: omega_matter              = 0.3111
P003 yt : [INFO     ] 2024-04-02 10:41:39,649 Parameters: current_redshift          = 11.181356517874
P012 yt : [INFO     ] 2024-04-02 10:41:39,650 Parameters: omega_radiation           = 0
P023 yt : [INFO     ] 2024-04-02 10:41:39,649 Parameters: domain_dimensions         = [64 64 64]
P003 yt : [INFO     ] 2024-04-02 10:41:39,650 Parameters: omega_lambda              = 0.6889
P012 yt : [INFO     ] 2024-04-02 10:41:39,650 Parameters: hubble_constant           = 0.6766
P006 yt : [INFO     ] 2024-04-02 10:41:39,649 Parameters: domain_left_edge          = [0. 0. 0.]
P003 yt : [INFO     ] 2024-04-02 10:41:39,650 Parameters: omega_matter              = 0.3111
P008 yt : [INFO     ] 2024-04-02 10:41:39,649 Parameters: domain_dimensions         = [64 64 64]
P003 yt : [INFO     ] 2024-04-02 10:41:39,650 Parameters: omega_radiation           = 0
P013 yt : [INFO     ] 2024-04-02 10:41:39,649 Parameters: domain_dimensions         = [64 64 64]
P020 yt : [INFO     ] 2024-04-02 10:41:39,649 Parameters: domain_left_edge          = [0. 0. 0.]
P003 yt : [INFO     ] 2024-04-02 10:41:39,650 Parameters: hubble_constant           = 0.6766
P021 yt : [INFO     ] 2024-04-02 10:41:39,650 Parameters: current_time              = 75.89987395114
P019 yt : [INFO     ] 2024-04-02 10:41:39,650 Parameters: domain_left_edge          = [0. 0. 0.]
P022 yt : [INFO     ] 2024-04-02 10:41:39,649 Parameters: domain_dimensions         = [64 64 64]
P007 yt : [INFO     ] 2024-04-02 10:41:39,650 Parameters: current_time              = 75.89987395114
P009 yt : [INFO     ] 2024-04-02 10:41:39,650 Parameters: domain_dimensions         = [64 64 64]
P010 yt : [INFO     ] 2024-04-02 10:41:39,650 Parameters: domain_right_edge         = [1. 1. 1.]
P004 yt : [INFO     ] 2024-04-02 10:41:39,650 Parameters: current_time              = 75.89987395114
P010 yt : [INFO     ] 2024-04-02 10:41:39,650 Parameters: cosmological_simulation   = 1
P010 yt : [INFO     ] 2024-04-02 10:41:39,650 Parameters: current_redshift          = 11.181356517874
P016 yt : [INFO     ] 2024-04-02 10:41:39,650 Parameters: domain_dimensions         = [64 64 64]
P010 yt : [INFO     ] 2024-04-02 10:41:39,650 Parameters: omega_lambda              = 0.6889
P010 yt : [INFO     ] 2024-04-02 10:41:39,650 Parameters: omega_matter              = 0.3111
P010 yt : [INFO     ] 2024-04-02 10:41:39,650 Parameters: omega_radiation           = 0
P010 yt : [INFO     ] 2024-04-02 10:41:39,650 Parameters: hubble_constant           = 0.6766
P005 yt : [INFO     ] 2024-04-02 10:41:39,650 Parameters: domain_left_edge          = [0. 0. 0.]
P023 yt : [INFO     ] 2024-04-02 10:41:39,650 Parameters: domain_left_edge          = [0. 0. 0.]
P008 yt : [INFO     ] 2024-04-02 10:41:39,650 Parameters: domain_left_edge          = [0. 0. 0.]
P020 yt : [INFO     ] 2024-04-02 10:41:39,650 Parameters: domain_right_edge         = [1. 1. 1.]
P006 yt : [INFO     ] 2024-04-02 10:41:39,650 Parameters: domain_right_edge         = [1. 1. 1.]
P013 yt : [INFO     ] 2024-04-02 10:41:39,650 Parameters: domain_left_edge          = [0. 0. 0.]
P006 yt : [INFO     ] 2024-04-02 10:41:39,650 Parameters: cosmological_simulation   = 1
P020 yt : [INFO     ] 2024-04-02 10:41:39,650 Parameters: cosmological_simulation   = 1
P022 yt : [INFO     ] 2024-04-02 10:41:39,650 Parameters: domain_left_edge          = [0. 0. 0.]
P006 yt : [INFO     ] 2024-04-02 10:41:39,650 Parameters: current_redshift          = 11.181356517874
P019 yt : [INFO     ] 2024-04-02 10:41:39,650 Parameters: domain_right_edge         = [1. 1. 1.]
P020 yt : [INFO     ] 2024-04-02 10:41:39,650 Parameters: current_redshift          = 11.181356517874
P015 yt : [INFO     ] 2024-04-02 10:41:39,650 Parameters: domain_dimensions         = [64 64 64]
P020 yt : [INFO     ] 2024-04-02 10:41:39,650 Parameters: omega_lambda              = 0.6889
P006 yt : [INFO     ] 2024-04-02 10:41:39,650 Parameters: omega_lambda              = 0.6889
P019 yt : [INFO     ] 2024-04-02 10:41:39,650 Parameters: cosmological_simulation   = 1
P021 yt : [INFO     ] 2024-04-02 10:41:39,650 Parameters: domain_dimensions         = [64 64 64]
P006 yt : [INFO     ] 2024-04-02 10:41:39,650 Parameters: omega_matter              = 0.3111
P020 yt : [INFO     ] 2024-04-02 10:41:39,650 Parameters: omega_matter              = 0.3111
P020 yt : [INFO     ] 2024-04-02 10:41:39,650 Parameters: omega_radiation           = 0
P006 yt : [INFO     ] 2024-04-02 10:41:39,650 Parameters: omega_radiation           = 0
P006 yt : [INFO     ] 2024-04-02 10:41:39,650 Parameters: hubble_constant           = 0.6766
P007 yt : [INFO     ] 2024-04-02 10:41:39,650 Parameters: domain_dimensions         = [64 64 64]
P019 yt : [INFO     ] 2024-04-02 10:41:39,650 Parameters: current_redshift          = 11.181356517874
P019 yt : [INFO     ] 2024-04-02 10:41:39,650 Parameters: omega_lambda              = 0.6889
P019 yt : [INFO     ] 2024-04-02 10:41:39,650 Parameters: omega_matter              = 0.3111
P020 yt : [INFO     ] 2024-04-02 10:41:39,650 Parameters: hubble_constant           = 0.6766
P009 yt : [INFO     ] 2024-04-02 10:41:39,650 Parameters: domain_left_edge          = [0. 0. 0.]
P011 yt : [INFO     ] 2024-04-02 10:41:39,650 Parameters: current_time              = 75.89987395114
P016 yt : [INFO     ] 2024-04-02 10:41:39,650 Parameters: domain_left_edge          = [0. 0. 0.]
P019 yt : [INFO     ] 2024-04-02 10:41:39,650 Parameters: omega_radiation           = 0
P019 yt : [INFO     ] 2024-04-02 10:41:39,650 Parameters: hubble_constant           = 0.6766
P004 yt : [INFO     ] 2024-04-02 10:41:39,650 Parameters: domain_dimensions         = [64 64 64]
P005 yt : [INFO     ] 2024-04-02 10:41:39,650 Parameters: domain_right_edge         = [1. 1. 1.]
P005 yt : [INFO     ] 2024-04-02 10:41:39,650 Parameters: cosmological_simulation   = 1
P023 yt : [INFO     ] 2024-04-02 10:41:39,650 Parameters: domain_right_edge         = [1. 1. 1.]
P005 yt : [INFO     ] 2024-04-02 10:41:39,651 Parameters: current_redshift          = 11.181356517874
P008 yt : [INFO     ] 2024-04-02 10:41:39,650 Parameters: domain_right_edge         = [1. 1. 1.]
P005 yt : [INFO     ] 2024-04-02 10:41:39,651 Parameters: omega_lambda              = 0.6889
P023 yt : [INFO     ] 2024-04-02 10:41:39,651 Parameters: cosmological_simulation   = 1
P005 yt : [INFO     ] 2024-04-02 10:41:39,651 Parameters: omega_matter              = 0.3111
P008 yt : [INFO     ] 2024-04-02 10:41:39,651 Parameters: cosmological_simulation   = 1
P008 yt : [INFO     ] 2024-04-02 10:41:39,651 Parameters: current_redshift          = 11.181356517874
P023 yt : [INFO     ] 2024-04-02 10:41:39,651 Parameters: current_redshift          = 11.181356517874
P023 yt : [INFO     ] 2024-04-02 10:41:39,651 Parameters: omega_lambda              = 0.6889
P005 yt : [INFO     ] 2024-04-02 10:41:39,651 Parameters: omega_radiation           = 0
P005 yt : [INFO     ] 2024-04-02 10:41:39,651 Parameters: hubble_constant           = 0.6766
P008 yt : [INFO     ] 2024-04-02 10:41:39,651 Parameters: omega_lambda              = 0.6889
P013 yt : [INFO     ] 2024-04-02 10:41:39,650 Parameters: domain_right_edge         = [1. 1. 1.]
P013 yt : [INFO     ] 2024-04-02 10:41:39,651 Parameters: cosmological_simulation   = 1
P022 yt : [INFO     ] 2024-04-02 10:41:39,650 Parameters: domain_right_edge         = [1. 1. 1.]
P022 yt : [INFO     ] 2024-04-02 10:41:39,651 Parameters: cosmological_simulation   = 1
P007 yt : [INFO     ] 2024-04-02 10:41:39,651 Parameters: domain_left_edge          = [0. 0. 0.]
P008 yt : [INFO     ] 2024-04-02 10:41:39,651 Parameters: omega_matter              = 0.3111
P008 yt : [INFO     ] 2024-04-02 10:41:39,651 Parameters: omega_radiation           = 0
P013 yt : [INFO     ] 2024-04-02 10:41:39,651 Parameters: current_redshift          = 11.181356517874
P013 yt : [INFO     ] 2024-04-02 10:41:39,651 Parameters: omega_lambda              = 0.6889
P015 yt : [INFO     ] 2024-04-02 10:41:39,651 Parameters: domain_left_edge          = [0. 0. 0.]
P021 yt : [INFO     ] 2024-04-02 10:41:39,651 Parameters: domain_left_edge          = [0. 0. 0.]
P022 yt : [INFO     ] 2024-04-02 10:41:39,651 Parameters: current_redshift          = 11.181356517874
P022 yt : [INFO     ] 2024-04-02 10:41:39,651 Parameters: omega_lambda              = 0.6889
P022 yt : [INFO     ] 2024-04-02 10:41:39,651 Parameters: omega_matter              = 0.3111
P023 yt : [INFO     ] 2024-04-02 10:41:39,651 Parameters: omega_matter              = 0.3111
P023 yt : [INFO     ] 2024-04-02 10:41:39,651 Parameters: omega_radiation           = 0
P023 yt : [INFO     ] 2024-04-02 10:41:39,651 Parameters: hubble_constant           = 0.6766
P008 yt : [INFO     ] 2024-04-02 10:41:39,651 Parameters: hubble_constant           = 0.6766
P013 yt : [INFO     ] 2024-04-02 10:41:39,651 Parameters: omega_matter              = 0.3111
P013 yt : [INFO     ] 2024-04-02 10:41:39,651 Parameters: omega_radiation           = 0
P013 yt : [INFO     ] 2024-04-02 10:41:39,651 Parameters: hubble_constant           = 0.6766
P016 yt : [INFO     ] 2024-04-02 10:41:39,651 Parameters: domain_right_edge         = [1. 1. 1.]
P016 yt : [INFO     ] 2024-04-02 10:41:39,651 Parameters: cosmological_simulation   = 1
P016 yt : [INFO     ] 2024-04-02 10:41:39,651 Parameters: current_redshift          = 11.181356517874
P022 yt : [INFO     ] 2024-04-02 10:41:39,651 Parameters: omega_radiation           = 0
P022 yt : [INFO     ] 2024-04-02 10:41:39,651 Parameters: hubble_constant           = 0.6766
P009 yt : [INFO     ] 2024-04-02 10:41:39,651 Parameters: domain_right_edge         = [1. 1. 1.]
P009 yt : [INFO     ] 2024-04-02 10:41:39,651 Parameters: cosmological_simulation   = 1
P011 yt : [INFO     ] 2024-04-02 10:41:39,651 Parameters: domain_dimensions         = [64 64 64]
P016 yt : [INFO     ] 2024-04-02 10:41:39,651 Parameters: omega_lambda              = 0.6889
P016 yt : [INFO     ] 2024-04-02 10:41:39,651 Parameters: omega_matter              = 0.3111
P004 yt : [INFO     ] 2024-04-02 10:41:39,651 Parameters: domain_left_edge          = [0. 0. 0.]
P009 yt : [INFO     ] 2024-04-02 10:41:39,651 Parameters: current_redshift          = 11.181356517874
P016 yt : [INFO     ] 2024-04-02 10:41:39,651 Parameters: omega_radiation           = 0
P016 yt : [INFO     ] 2024-04-02 10:41:39,651 Parameters: hubble_constant           = 0.6766
P009 yt : [INFO     ] 2024-04-02 10:41:39,651 Parameters: omega_lambda              = 0.6889
P009 yt : [INFO     ] 2024-04-02 10:41:39,651 Parameters: omega_matter              = 0.3111
P009 yt : [INFO     ] 2024-04-02 10:41:39,651 Parameters: omega_radiation           = 0
P009 yt : [INFO     ] 2024-04-02 10:41:39,651 Parameters: hubble_constant           = 0.6766
P015 yt : [INFO     ] 2024-04-02 10:41:39,651 Parameters: domain_right_edge         = [1. 1. 1.]
P007 yt : [INFO     ] 2024-04-02 10:41:39,651 Parameters: domain_right_edge         = [1. 1. 1.]
P015 yt : [INFO     ] 2024-04-02 10:41:39,651 Parameters: cosmological_simulation   = 1
P007 yt : [INFO     ] 2024-04-02 10:41:39,651 Parameters: cosmological_simulation   = 1
P015 yt : [INFO     ] 2024-04-02 10:41:39,651 Parameters: current_redshift          = 11.181356517874
P007 yt : [INFO     ] 2024-04-02 10:41:39,651 Parameters: current_redshift          = 11.181356517874
P015 yt : [INFO     ] 2024-04-02 10:41:39,651 Parameters: omega_lambda              = 0.6889
P007 yt : [INFO     ] 2024-04-02 10:41:39,651 Parameters: omega_lambda              = 0.6889
P011 yt : [INFO     ] 2024-04-02 10:41:39,651 Parameters: domain_left_edge          = [0. 0. 0.]
P015 yt : [INFO     ] 2024-04-02 10:41:39,651 Parameters: omega_matter              = 0.3111
P015 yt : [INFO     ] 2024-04-02 10:41:39,651 Parameters: omega_radiation           = 0
P021 yt : [INFO     ] 2024-04-02 10:41:39,651 Parameters: domain_right_edge         = [1. 1. 1.]
P007 yt : [INFO     ] 2024-04-02 10:41:39,651 Parameters: omega_matter              = 0.3111
P007 yt : [INFO     ] 2024-04-02 10:41:39,651 Parameters: omega_radiation           = 0
P007 yt : [INFO     ] 2024-04-02 10:41:39,651 Parameters: hubble_constant           = 0.6766
P015 yt : [INFO     ] 2024-04-02 10:41:39,651 Parameters: hubble_constant           = 0.6766
P021 yt : [INFO     ] 2024-04-02 10:41:39,651 Parameters: cosmological_simulation   = 1
P021 yt : [INFO     ] 2024-04-02 10:41:39,651 Parameters: current_redshift          = 11.181356517874
P004 yt : [INFO     ] 2024-04-02 10:41:39,651 Parameters: domain_right_edge         = [1. 1. 1.]
P021 yt : [INFO     ] 2024-04-02 10:41:39,651 Parameters: omega_lambda              = 0.6889
P004 yt : [INFO     ] 2024-04-02 10:41:39,651 Parameters: cosmological_simulation   = 1
P021 yt : [INFO     ] 2024-04-02 10:41:39,651 Parameters: omega_matter              = 0.3111
P004 yt : [INFO     ] 2024-04-02 10:41:39,651 Parameters: current_redshift          = 11.181356517874
P021 yt : [INFO     ] 2024-04-02 10:41:39,651 Parameters: omega_radiation           = 0
P004 yt : [INFO     ] 2024-04-02 10:41:39,652 Parameters: omega_lambda              = 0.6889
P021 yt : [INFO     ] 2024-04-02 10:41:39,652 Parameters: hubble_constant           = 0.6766
P004 yt : [INFO     ] 2024-04-02 10:41:39,652 Parameters: omega_matter              = 0.3111
P004 yt : [INFO     ] 2024-04-02 10:41:39,652 Parameters: omega_radiation           = 0
P004 yt : [INFO     ] 2024-04-02 10:41:39,652 Parameters: hubble_constant           = 0.6766
P011 yt : [INFO     ] 2024-04-02 10:41:39,652 Parameters: domain_right_edge         = [1. 1. 1.]
P011 yt : [INFO     ] 2024-04-02 10:41:39,652 Parameters: cosmological_simulation   = 1
P011 yt : [INFO     ] 2024-04-02 10:41:39,652 Parameters: current_redshift          = 11.181356517874
P011 yt : [INFO     ] 2024-04-02 10:41:39,652 Parameters: omega_lambda              = 0.6889
P011 yt : [INFO     ] 2024-04-02 10:41:39,652 Parameters: omega_matter              = 0.3111
P011 yt : [INFO     ] 2024-04-02 10:41:39,652 Parameters: omega_radiation           = 0
P011 yt : [INFO     ] 2024-04-02 10:41:39,652 Parameters: hubble_constant           = 0.6766
P001 yt : [INFO     ] 2024-04-02 10:41:39,654 Parameters: current_time              = 75.89987395114
P001 yt : [INFO     ] 2024-04-02 10:41:39,654 Parameters: domain_dimensions         = [64 64 64]
P001 yt : [INFO     ] 2024-04-02 10:41:39,655 Parameters: domain_left_edge          = [0. 0. 0.]
P001 yt : [INFO     ] 2024-04-02 10:41:39,655 Parameters: domain_right_edge         = [1. 1. 1.]
P034 yt : [INFO     ] 2024-04-02 10:41:39,655 Parameters: current_time              = 75.89987395114
P001 yt : [INFO     ] 2024-04-02 10:41:39,655 Parameters: cosmological_simulation   = 1
P001 yt : [INFO     ] 2024-04-02 10:41:39,655 Parameters: current_redshift          = 11.181356517874
P042 yt : [INFO     ] 2024-04-02 10:41:39,655 Parameters: current_time              = 75.89987395114
P001 yt : [INFO     ] 2024-04-02 10:41:39,655 Parameters: omega_lambda              = 0.6889
P028 yt : [INFO     ] 2024-04-02 10:41:39,655 Parameters: current_time              = 75.89987395114
P001 yt : [INFO     ] 2024-04-02 10:41:39,655 Parameters: omega_matter              = 0.3111
P001 yt : [INFO     ] 2024-04-02 10:41:39,655 Parameters: omega_radiation           = 0
P001 yt : [INFO     ] 2024-04-02 10:41:39,655 Parameters: hubble_constant           = 0.6766
P034 yt : [INFO     ] 2024-04-02 10:41:39,655 Parameters: domain_dimensions         = [64 64 64]
P028 yt : [INFO     ] 2024-04-02 10:41:39,655 Parameters: domain_dimensions         = [64 64 64]
P046 yt : [INFO     ] 2024-04-02 10:41:39,655 Parameters: current_time              = 75.89987395114
P042 yt : [INFO     ] 2024-04-02 10:41:39,655 Parameters: domain_dimensions         = [64 64 64]
P032 yt : [INFO     ] 2024-04-02 10:41:39,656 Parameters: current_time              = 75.89987395114
P028 yt : [INFO     ] 2024-04-02 10:41:39,656 Parameters: domain_left_edge          = [0. 0. 0.]
P034 yt : [INFO     ] 2024-04-02 10:41:39,656 Parameters: domain_left_edge          = [0. 0. 0.]
P046 yt : [INFO     ] 2024-04-02 10:41:39,656 Parameters: domain_dimensions         = [64 64 64]
P042 yt : [INFO     ] 2024-04-02 10:41:39,656 Parameters: domain_left_edge          = [0. 0. 0.]
P032 yt : [INFO     ] 2024-04-02 10:41:39,656 Parameters: domain_dimensions         = [64 64 64]
P028 yt : [INFO     ] 2024-04-02 10:41:39,656 Parameters: domain_right_edge         = [1. 1. 1.]
P034 yt : [INFO     ] 2024-04-02 10:41:39,656 Parameters: domain_right_edge         = [1. 1. 1.]
P028 yt : [INFO     ] 2024-04-02 10:41:39,656 Parameters: cosmological_simulation   = 1
P034 yt : [INFO     ] 2024-04-02 10:41:39,656 Parameters: cosmological_simulation   = 1
P034 yt : [INFO     ] 2024-04-02 10:41:39,656 Parameters: current_redshift          = 11.181356517874
P028 yt : [INFO     ] 2024-04-02 10:41:39,656 Parameters: current_redshift          = 11.181356517874
P046 yt : [INFO     ] 2024-04-02 10:41:39,656 Parameters: domain_left_edge          = [0. 0. 0.]
P028 yt : [INFO     ] 2024-04-02 10:41:39,656 Parameters: omega_lambda              = 0.6889
P034 yt : [INFO     ] 2024-04-02 10:41:39,656 Parameters: omega_lambda              = 0.6889
P042 yt : [INFO     ] 2024-04-02 10:41:39,656 Parameters: domain_right_edge         = [1. 1. 1.]
P034 yt : [INFO     ] 2024-04-02 10:41:39,656 Parameters: omega_matter              = 0.3111
P028 yt : [INFO     ] 2024-04-02 10:41:39,657 Parameters: omega_matter              = 0.3111
P032 yt : [INFO     ] 2024-04-02 10:41:39,656 Parameters: domain_left_edge          = [0. 0. 0.]
P034 yt : [INFO     ] 2024-04-02 10:41:39,657 Parameters: omega_radiation           = 0
P028 yt : [INFO     ] 2024-04-02 10:41:39,657 Parameters: omega_radiation           = 0
P034 yt : [INFO     ] 2024-04-02 10:41:39,657 Parameters: hubble_constant           = 0.6766
P042 yt : [INFO     ] 2024-04-02 10:41:39,657 Parameters: cosmological_simulation   = 1
P028 yt : [INFO     ] 2024-04-02 10:41:39,657 Parameters: hubble_constant           = 0.6766
P042 yt : [INFO     ] 2024-04-02 10:41:39,657 Parameters: current_redshift          = 11.181356517874
P042 yt : [INFO     ] 2024-04-02 10:41:39,657 Parameters: omega_lambda              = 0.6889
P042 yt : [INFO     ] 2024-04-02 10:41:39,657 Parameters: omega_matter              = 0.3111
P042 yt : [INFO     ] 2024-04-02 10:41:39,657 Parameters: omega_radiation           = 0
P042 yt : [INFO     ] 2024-04-02 10:41:39,657 Parameters: hubble_constant           = 0.6766
P044 yt : [INFO     ] 2024-04-02 10:41:39,657 Parameters: current_time              = 75.89987395114
P036 yt : [INFO     ] 2024-04-02 10:41:39,657 Parameters: current_time              = 75.89987395114
P017 yt : [INFO     ] 2024-04-02 10:41:39,657 Parameters: current_time              = 75.89987395114
P046 yt : [INFO     ] 2024-04-02 10:41:39,657 Parameters: domain_right_edge         = [1. 1. 1.]
P032 yt : [INFO     ] 2024-04-02 10:41:39,657 Parameters: domain_right_edge         = [1. 1. 1.]
P046 yt : [INFO     ] 2024-04-02 10:41:39,657 Parameters: cosmological_simulation   = 1
P032 yt : [INFO     ] 2024-04-02 10:41:39,657 Parameters: cosmological_simulation   = 1
P046 yt : [INFO     ] 2024-04-02 10:41:39,657 Parameters: current_redshift          = 11.181356517874
P032 yt : [INFO     ] 2024-04-02 10:41:39,657 Parameters: current_redshift          = 11.181356517874
P046 yt : [INFO     ] 2024-04-02 10:41:39,657 Parameters: omega_lambda              = 0.6889
P032 yt : [INFO     ] 2024-04-02 10:41:39,657 Parameters: omega_lambda              = 0.6889
P046 yt : [INFO     ] 2024-04-02 10:41:39,657 Parameters: omega_matter              = 0.3111
P032 yt : [INFO     ] 2024-04-02 10:41:39,657 Parameters: omega_matter              = 0.3111
P046 yt : [INFO     ] 2024-04-02 10:41:39,657 Parameters: omega_radiation           = 0
P032 yt : [INFO     ] 2024-04-02 10:41:39,657 Parameters: omega_radiation           = 0
P046 yt : [INFO     ] 2024-04-02 10:41:39,657 Parameters: hubble_constant           = 0.6766
P032 yt : [INFO     ] 2024-04-02 10:41:39,657 Parameters: hubble_constant           = 0.6766
P036 yt : [INFO     ] 2024-04-02 10:41:39,657 Parameters: domain_dimensions         = [64 64 64]
P044 yt : [INFO     ] 2024-04-02 10:41:39,657 Parameters: domain_dimensions         = [64 64 64]
P017 yt : [INFO     ] 2024-04-02 10:41:39,657 Parameters: domain_dimensions         = [64 64 64]
P036 yt : [INFO     ] 2024-04-02 10:41:39,657 Parameters: domain_left_edge          = [0. 0. 0.]
P044 yt : [INFO     ] 2024-04-02 10:41:39,657 Parameters: domain_left_edge          = [0. 0. 0.]
P017 yt : [INFO     ] 2024-04-02 10:41:39,658 Parameters: domain_left_edge          = [0. 0. 0.]
P036 yt : [INFO     ] 2024-04-02 10:41:39,658 Parameters: domain_right_edge         = [1. 1. 1.]
P044 yt : [INFO     ] 2024-04-02 10:41:39,658 Parameters: domain_right_edge         = [1. 1. 1.]
P024 yt : [INFO     ] 2024-04-02 10:41:39,658 Parameters: current_time              = 75.89987395114
P036 yt : [INFO     ] 2024-04-02 10:41:39,658 Parameters: cosmological_simulation   = 1
P044 yt : [INFO     ] 2024-04-02 10:41:39,658 Parameters: cosmological_simulation   = 1
P036 yt : [INFO     ] 2024-04-02 10:41:39,658 Parameters: current_redshift          = 11.181356517874
P044 yt : [INFO     ] 2024-04-02 10:41:39,658 Parameters: current_redshift          = 11.181356517874
P036 yt : [INFO     ] 2024-04-02 10:41:39,658 Parameters: omega_lambda              = 0.6889
P030 yt : [INFO     ] 2024-04-02 10:41:39,658 Parameters: current_time              = 75.89987395114
P044 yt : [INFO     ] 2024-04-02 10:41:39,658 Parameters: omega_lambda              = 0.6889
P036 yt : [INFO     ] 2024-04-02 10:41:39,658 Parameters: omega_matter              = 0.3111
P017 yt : [INFO     ] 2024-04-02 10:41:39,658 Parameters: domain_right_edge         = [1. 1. 1.]
P044 yt : [INFO     ] 2024-04-02 10:41:39,658 Parameters: omega_matter              = 0.3111
P036 yt : [INFO     ] 2024-04-02 10:41:39,658 Parameters: omega_radiation           = 0
P017 yt : [INFO     ] 2024-04-02 10:41:39,658 Parameters: cosmological_simulation   = 1
P017 yt : [INFO     ] 2024-04-02 10:41:39,658 Parameters: current_redshift          = 11.181356517874
P044 yt : [INFO     ] 2024-04-02 10:41:39,658 Parameters: omega_radiation           = 0
P036 yt : [INFO     ] 2024-04-02 10:41:39,658 Parameters: hubble_constant           = 0.6766
P017 yt : [INFO     ] 2024-04-02 10:41:39,659 Parameters: omega_lambda              = 0.6889
P044 yt : [INFO     ] 2024-04-02 10:41:39,658 Parameters: hubble_constant           = 0.6766
P017 yt : [INFO     ] 2024-04-02 10:41:39,659 Parameters: omega_matter              = 0.3111
P017 yt : [INFO     ] 2024-04-02 10:41:39,659 Parameters: omega_radiation           = 0
P017 yt : [INFO     ] 2024-04-02 10:41:39,659 Parameters: hubble_constant           = 0.6766
P024 yt : [INFO     ] 2024-04-02 10:41:39,658 Parameters: domain_dimensions         = [64 64 64]
P030 yt : [INFO     ] 2024-04-02 10:41:39,659 Parameters: domain_dimensions         = [64 64 64]
P025 yt : [INFO     ] 2024-04-02 10:41:39,659 Parameters: current_time              = 75.89987395114
P027 yt : [INFO     ] 2024-04-02 10:41:39,659 Parameters: current_time              = 75.89987395114
P040 yt : [INFO     ] 2024-04-02 10:41:39,659 Parameters: current_time              = 75.89987395114
P033 yt : [INFO     ] 2024-04-02 10:41:39,659 Parameters: current_time              = 75.89987395114
P024 yt : [INFO     ] 2024-04-02 10:41:39,659 Parameters: domain_left_edge          = [0. 0. 0.]
P030 yt : [INFO     ] 2024-04-02 10:41:39,659 Parameters: domain_left_edge          = [0. 0. 0.]
P025 yt : [INFO     ] 2024-04-02 10:41:39,659 Parameters: domain_dimensions         = [64 64 64]
P040 yt : [INFO     ] 2024-04-02 10:41:39,659 Parameters: domain_dimensions         = [64 64 64]
P027 yt : [INFO     ] 2024-04-02 10:41:39,659 Parameters: domain_dimensions         = [64 64 64]
P033 yt : [INFO     ] 2024-04-02 10:41:39,659 Parameters: domain_dimensions         = [64 64 64]
P045 yt : [INFO     ] 2024-04-02 10:41:39,659 Parameters: current_time              = 75.89987395114
P024 yt : [INFO     ] 2024-04-02 10:41:39,659 Parameters: domain_right_edge         = [1. 1. 1.]
P030 yt : [INFO     ] 2024-04-02 10:41:39,659 Parameters: domain_right_edge         = [1. 1. 1.]
P037 yt : [INFO     ] 2024-04-02 10:41:39,660 Parameters: current_time              = 75.89987395114
P024 yt : [INFO     ] 2024-04-02 10:41:39,660 Parameters: cosmological_simulation   = 1
P030 yt : [INFO     ] 2024-04-02 10:41:39,660 Parameters: cosmological_simulation   = 1
P026 yt : [INFO     ] 2024-04-02 10:41:39,660 Parameters: current_time              = 75.89987395114
P024 yt : [INFO     ] 2024-04-02 10:41:39,660 Parameters: current_redshift          = 11.181356517874
P030 yt : [INFO     ] 2024-04-02 10:41:39,660 Parameters: current_redshift          = 11.181356517874
P030 yt : [INFO     ] 2024-04-02 10:41:39,660 Parameters: omega_lambda              = 0.6889
P024 yt : [INFO     ] 2024-04-02 10:41:39,660 Parameters: omega_lambda              = 0.6889
P030 yt : [INFO     ] 2024-04-02 10:41:39,660 Parameters: omega_matter              = 0.3111
P024 yt : [INFO     ] 2024-04-02 10:41:39,660 Parameters: omega_matter              = 0.3111
P030 yt : [INFO     ] 2024-04-02 10:41:39,660 Parameters: omega_radiation           = 0
P024 yt : [INFO     ] 2024-04-02 10:41:39,660 Parameters: omega_radiation           = 0
P025 yt : [INFO     ] 2024-04-02 10:41:39,660 Parameters: domain_left_edge          = [0. 0. 0.]
P030 yt : [INFO     ] 2024-04-02 10:41:39,660 Parameters: hubble_constant           = 0.6766
P040 yt : [INFO     ] 2024-04-02 10:41:39,660 Parameters: domain_left_edge          = [0. 0. 0.]
P024 yt : [INFO     ] 2024-04-02 10:41:39,660 Parameters: hubble_constant           = 0.6766
P043 yt : [INFO     ] 2024-04-02 10:41:39,660 Parameters: current_time              = 75.89987395114
P027 yt : [INFO     ] 2024-04-02 10:41:39,660 Parameters: domain_left_edge          = [0. 0. 0.]
P033 yt : [INFO     ] 2024-04-02 10:41:39,660 Parameters: domain_left_edge          = [0. 0. 0.]
P038 yt : [INFO     ] 2024-04-02 10:41:39,660 Parameters: current_time              = 75.89987395114
P045 yt : [INFO     ] 2024-04-02 10:41:39,660 Parameters: domain_dimensions         = [64 64 64]
P037 yt : [INFO     ] 2024-04-02 10:41:39,660 Parameters: domain_dimensions         = [64 64 64]
P026 yt : [INFO     ] 2024-04-02 10:41:39,660 Parameters: domain_dimensions         = [64 64 64]
P025 yt : [INFO     ] 2024-04-02 10:41:39,660 Parameters: domain_right_edge         = [1. 1. 1.]
P040 yt : [INFO     ] 2024-04-02 10:41:39,660 Parameters: domain_right_edge         = [1. 1. 1.]
P025 yt : [INFO     ] 2024-04-02 10:41:39,660 Parameters: cosmological_simulation   = 1
P040 yt : [INFO     ] 2024-04-02 10:41:39,660 Parameters: cosmological_simulation   = 1
P025 yt : [INFO     ] 2024-04-02 10:41:39,660 Parameters: current_redshift          = 11.181356517874
P025 yt : [INFO     ] 2024-04-02 10:41:39,660 Parameters: omega_lambda              = 0.6889
P040 yt : [INFO     ] 2024-04-02 10:41:39,660 Parameters: current_redshift          = 11.181356517874
P025 yt : [INFO     ] 2024-04-02 10:41:39,660 Parameters: omega_matter              = 0.3111
P040 yt : [INFO     ] 2024-04-02 10:41:39,660 Parameters: omega_lambda              = 0.6889
P043 yt : [INFO     ] 2024-04-02 10:41:39,660 Parameters: domain_dimensions         = [64 64 64]
P025 yt : [INFO     ] 2024-04-02 10:41:39,660 Parameters: omega_radiation           = 0
P040 yt : [INFO     ] 2024-04-02 10:41:39,660 Parameters: omega_matter              = 0.3111
P025 yt : [INFO     ] 2024-04-02 10:41:39,660 Parameters: hubble_constant           = 0.6766
P040 yt : [INFO     ] 2024-04-02 10:41:39,660 Parameters: omega_radiation           = 0
P040 yt : [INFO     ] 2024-04-02 10:41:39,660 Parameters: hubble_constant           = 0.6766
P033 yt : [INFO     ] 2024-04-02 10:41:39,660 Parameters: domain_right_edge         = [1. 1. 1.]
P027 yt : [INFO     ] 2024-04-02 10:41:39,660 Parameters: domain_right_edge         = [1. 1. 1.]
P033 yt : [INFO     ] 2024-04-02 10:41:39,661 Parameters: cosmological_simulation   = 1
P027 yt : [INFO     ] 2024-04-02 10:41:39,661 Parameters: cosmological_simulation   = 1
P038 yt : [INFO     ] 2024-04-02 10:41:39,660 Parameters: domain_dimensions         = [64 64 64]
P045 yt : [INFO     ] 2024-04-02 10:41:39,660 Parameters: domain_left_edge          = [0. 0. 0.]
P027 yt : [INFO     ] 2024-04-02 10:41:39,661 Parameters: current_redshift          = 11.181356517874
P033 yt : [INFO     ] 2024-04-02 10:41:39,661 Parameters: current_redshift          = 11.181356517874
P033 yt : [INFO     ] 2024-04-02 10:41:39,661 Parameters: omega_lambda              = 0.6889
P037 yt : [INFO     ] 2024-04-02 10:41:39,660 Parameters: domain_left_edge          = [0. 0. 0.]
P026 yt : [INFO     ] 2024-04-02 10:41:39,660 Parameters: domain_left_edge          = [0. 0. 0.]
P027 yt : [INFO     ] 2024-04-02 10:41:39,661 Parameters: omega_lambda              = 0.6889
P027 yt : [INFO     ] 2024-04-02 10:41:39,661 Parameters: omega_matter              = 0.3111
P033 yt : [INFO     ] 2024-04-02 10:41:39,661 Parameters: omega_matter              = 0.3111
P033 yt : [INFO     ] 2024-04-02 10:41:39,661 Parameters: omega_radiation           = 0
P027 yt : [INFO     ] 2024-04-02 10:41:39,661 Parameters: omega_radiation           = 0
P033 yt : [INFO     ] 2024-04-02 10:41:39,661 Parameters: hubble_constant           = 0.6766
P027 yt : [INFO     ] 2024-04-02 10:41:39,661 Parameters: hubble_constant           = 0.6766
P043 yt : [INFO     ] 2024-04-02 10:41:39,661 Parameters: domain_left_edge          = [0. 0. 0.]
P045 yt : [INFO     ] 2024-04-02 10:41:39,661 Parameters: domain_right_edge         = [1. 1. 1.]
P038 yt : [INFO     ] 2024-04-02 10:41:39,661 Parameters: domain_left_edge          = [0. 0. 0.]
P045 yt : [INFO     ] 2024-04-02 10:41:39,661 Parameters: cosmological_simulation   = 1
P026 yt : [INFO     ] 2024-04-02 10:41:39,661 Parameters: domain_right_edge         = [1. 1. 1.]
P037 yt : [INFO     ] 2024-04-02 10:41:39,661 Parameters: domain_right_edge         = [1. 1. 1.]
P045 yt : [INFO     ] 2024-04-02 10:41:39,661 Parameters: current_redshift          = 11.181356517874
P045 yt : [INFO     ] 2024-04-02 10:41:39,661 Parameters: omega_lambda              = 0.6889
P026 yt : [INFO     ] 2024-04-02 10:41:39,661 Parameters: cosmological_simulation   = 1
P037 yt : [INFO     ] 2024-04-02 10:41:39,661 Parameters: cosmological_simulation   = 1
P026 yt : [INFO     ] 2024-04-02 10:41:39,661 Parameters: current_redshift          = 11.181356517874
P045 yt : [INFO     ] 2024-04-02 10:41:39,661 Parameters: omega_matter              = 0.3111
P045 yt : [INFO     ] 2024-04-02 10:41:39,661 Parameters: omega_radiation           = 0
P037 yt : [INFO     ] 2024-04-02 10:41:39,661 Parameters: current_redshift          = 11.181356517874
P026 yt : [INFO     ] 2024-04-02 10:41:39,661 Parameters: omega_lambda              = 0.6889
P037 yt : [INFO     ] 2024-04-02 10:41:39,661 Parameters: omega_lambda              = 0.6889
P045 yt : [INFO     ] 2024-04-02 10:41:39,661 Parameters: hubble_constant           = 0.6766
P026 yt : [INFO     ] 2024-04-02 10:41:39,661 Parameters: omega_matter              = 0.3111
P037 yt : [INFO     ] 2024-04-02 10:41:39,661 Parameters: omega_matter              = 0.3111
P026 yt : [INFO     ] 2024-04-02 10:41:39,661 Parameters: omega_radiation           = 0
P037 yt : [INFO     ] 2024-04-02 10:41:39,661 Parameters: omega_radiation           = 0
P026 yt : [INFO     ] 2024-04-02 10:41:39,661 Parameters: hubble_constant           = 0.6766
P037 yt : [INFO     ] 2024-04-02 10:41:39,661 Parameters: hubble_constant           = 0.6766
P043 yt : [INFO     ] 2024-04-02 10:41:39,661 Parameters: domain_right_edge         = [1. 1. 1.]
P043 yt : [INFO     ] 2024-04-02 10:41:39,661 Parameters: cosmological_simulation   = 1
P043 yt : [INFO     ] 2024-04-02 10:41:39,661 Parameters: current_redshift          = 11.181356517874
P043 yt : [INFO     ] 2024-04-02 10:41:39,661 Parameters: omega_lambda              = 0.6889
P043 yt : [INFO     ] 2024-04-02 10:41:39,661 Parameters: omega_matter              = 0.3111
P038 yt : [INFO     ] 2024-04-02 10:41:39,661 Parameters: domain_right_edge         = [1. 1. 1.]
P043 yt : [INFO     ] 2024-04-02 10:41:39,662 Parameters: omega_radiation           = 0
P041 yt : [INFO     ] 2024-04-02 10:41:39,661 Parameters: current_time              = 75.89987395114
P038 yt : [INFO     ] 2024-04-02 10:41:39,662 Parameters: cosmological_simulation   = 1
P043 yt : [INFO     ] 2024-04-02 10:41:39,662 Parameters: hubble_constant           = 0.6766
P038 yt : [INFO     ] 2024-04-02 10:41:39,662 Parameters: current_redshift          = 11.181356517874
P038 yt : [INFO     ] 2024-04-02 10:41:39,662 Parameters: omega_lambda              = 0.6889
P038 yt : [INFO     ] 2024-04-02 10:41:39,662 Parameters: omega_matter              = 0.3111
P038 yt : [INFO     ] 2024-04-02 10:41:39,662 Parameters: omega_radiation           = 0
P038 yt : [INFO     ] 2024-04-02 10:41:39,662 Parameters: hubble_constant           = 0.6766
P041 yt : [INFO     ] 2024-04-02 10:41:39,662 Parameters: domain_dimensions         = [64 64 64]
P039 yt : [INFO     ] 2024-04-02 10:41:39,662 Parameters: current_time              = 75.89987395114
P041 yt : [INFO     ] 2024-04-02 10:41:39,662 Parameters: domain_left_edge          = [0. 0. 0.]
P031 yt : [INFO     ] 2024-04-02 10:41:39,663 Parameters: current_time              = 75.89987395114
P039 yt : [INFO     ] 2024-04-02 10:41:39,663 Parameters: domain_dimensions         = [64 64 64]
P047 yt : [INFO     ] 2024-04-02 10:41:39,663 Parameters: current_time              = 75.89987395114
P041 yt : [INFO     ] 2024-04-02 10:41:39,663 Parameters: domain_right_edge         = [1. 1. 1.]
P041 yt : [INFO     ] 2024-04-02 10:41:39,663 Parameters: cosmological_simulation   = 1
P041 yt : [INFO     ] 2024-04-02 10:41:39,663 Parameters: current_redshift          = 11.181356517874
P039 yt : [INFO     ] 2024-04-02 10:41:39,663 Parameters: domain_left_edge          = [0. 0. 0.]
P041 yt : [INFO     ] 2024-04-02 10:41:39,663 Parameters: omega_lambda              = 0.6889
P041 yt : [INFO     ] 2024-04-02 10:41:39,663 Parameters: omega_matter              = 0.3111
P031 yt : [INFO     ] 2024-04-02 10:41:39,663 Parameters: domain_dimensions         = [64 64 64]
P041 yt : [INFO     ] 2024-04-02 10:41:39,663 Parameters: omega_radiation           = 0
P041 yt : [INFO     ] 2024-04-02 10:41:39,663 Parameters: hubble_constant           = 0.6766
P029 yt : [INFO     ] 2024-04-02 10:41:39,663 Parameters: current_time              = 75.89987395114
P039 yt : [INFO     ] 2024-04-02 10:41:39,663 Parameters: domain_right_edge         = [1. 1. 1.]
P047 yt : [INFO     ] 2024-04-02 10:41:39,663 Parameters: domain_dimensions         = [64 64 64]
P031 yt : [INFO     ] 2024-04-02 10:41:39,663 Parameters: domain_left_edge          = [0. 0. 0.]
P039 yt : [INFO     ] 2024-04-02 10:41:39,664 Parameters: cosmological_simulation   = 1
P039 yt : [INFO     ] 2024-04-02 10:41:39,664 Parameters: current_redshift          = 11.181356517874
P039 yt : [INFO     ] 2024-04-02 10:41:39,664 Parameters: omega_lambda              = 0.6889
P035 yt : [INFO     ] 2024-04-02 10:41:39,664 Parameters: current_time              = 75.89987395114
P039 yt : [INFO     ] 2024-04-02 10:41:39,664 Parameters: omega_matter              = 0.3111
P029 yt : [INFO     ] 2024-04-02 10:41:39,664 Parameters: domain_dimensions         = [64 64 64]
P039 yt : [INFO     ] 2024-04-02 10:41:39,664 Parameters: omega_radiation           = 0
P039 yt : [INFO     ] 2024-04-02 10:41:39,664 Parameters: hubble_constant           = 0.6766
P031 yt : [INFO     ] 2024-04-02 10:41:39,664 Parameters: domain_right_edge         = [1. 1. 1.]
P047 yt : [INFO     ] 2024-04-02 10:41:39,664 Parameters: domain_left_edge          = [0. 0. 0.]
P031 yt : [INFO     ] 2024-04-02 10:41:39,664 Parameters: cosmological_simulation   = 1
P029 yt : [INFO     ] 2024-04-02 10:41:39,664 Parameters: domain_left_edge          = [0. 0. 0.]
P031 yt : [INFO     ] 2024-04-02 10:41:39,664 Parameters: current_redshift          = 11.181356517874
P031 yt : [INFO     ] 2024-04-02 10:41:39,664 Parameters: omega_lambda              = 0.6889
P031 yt : [INFO     ] 2024-04-02 10:41:39,664 Parameters: omega_matter              = 0.3111
P031 yt : [INFO     ] 2024-04-02 10:41:39,664 Parameters: omega_radiation           = 0
P035 yt : [INFO     ] 2024-04-02 10:41:39,664 Parameters: domain_dimensions         = [64 64 64]
P031 yt : [INFO     ] 2024-04-02 10:41:39,664 Parameters: hubble_constant           = 0.6766
P047 yt : [INFO     ] 2024-04-02 10:41:39,664 Parameters: domain_right_edge         = [1. 1. 1.]
P047 yt : [INFO     ] 2024-04-02 10:41:39,665 Parameters: cosmological_simulation   = 1
P029 yt : [INFO     ] 2024-04-02 10:41:39,664 Parameters: domain_right_edge         = [1. 1. 1.]
P047 yt : [INFO     ] 2024-04-02 10:41:39,665 Parameters: current_redshift          = 11.181356517874
P029 yt : [INFO     ] 2024-04-02 10:41:39,665 Parameters: cosmological_simulation   = 1
P047 yt : [INFO     ] 2024-04-02 10:41:39,665 Parameters: omega_lambda              = 0.6889
P029 yt : [INFO     ] 2024-04-02 10:41:39,665 Parameters: current_redshift          = 11.181356517874
P047 yt : [INFO     ] 2024-04-02 10:41:39,665 Parameters: omega_matter              = 0.3111
P029 yt : [INFO     ] 2024-04-02 10:41:39,665 Parameters: omega_lambda              = 0.6889
P047 yt : [INFO     ] 2024-04-02 10:41:39,665 Parameters: omega_radiation           = 0
P029 yt : [INFO     ] 2024-04-02 10:41:39,665 Parameters: omega_matter              = 0.3111
P035 yt : [INFO     ] 2024-04-02 10:41:39,665 Parameters: domain_left_edge          = [0. 0. 0.]
P047 yt : [INFO     ] 2024-04-02 10:41:39,665 Parameters: hubble_constant           = 0.6766
P029 yt : [INFO     ] 2024-04-02 10:41:39,665 Parameters: omega_radiation           = 0
P029 yt : [INFO     ] 2024-04-02 10:41:39,665 Parameters: hubble_constant           = 0.6766
P035 yt : [INFO     ] 2024-04-02 10:41:39,665 Parameters: domain_right_edge         = [1. 1. 1.]
P035 yt : [INFO     ] 2024-04-02 10:41:39,665 Parameters: cosmological_simulation   = 1
P035 yt : [INFO     ] 2024-04-02 10:41:39,665 Parameters: current_redshift          = 11.181356517874
P035 yt : [INFO     ] 2024-04-02 10:41:39,665 Parameters: omega_lambda              = 0.6889
P035 yt : [INFO     ] 2024-04-02 10:41:39,665 Parameters: omega_matter              = 0.3111
P035 yt : [INFO     ] 2024-04-02 10:41:39,665 Parameters: omega_radiation           = 0
P035 yt : [INFO     ] 2024-04-02 10:41:39,665 Parameters: hubble_constant           = 0.6766
Additional features and improved performance (usually) by saving this arbor with "save_arbor" and reloading:
	>>> a = ytree.load("/storage/home/hcoda1/0/jw254/data/SG64-2020/rockstar_halos-jhw/trees/tree_0_0_0.dat")
	>>> fn = a.save_arbor()
	>>> a = ytree.load(fn)
Additional features and improved performance (usually) by saving this arbor with "save_arbor" and reloading:
	>>> a = ytree.load("/storage/home/hcoda1/0/jw254/data/SG64-2020/rockstar_halos-jhw/trees/tree_0_0_0.dat")
	>>> fn = a.save_arbor()
	>>> a = ytree.load(fn)
Additional features and improved performance (usually) by saving this arbor with "save_arbor" and reloading:
	>>> a = ytree.load("/storage/home/hcoda1/0/jw254/data/SG64-2020/rockstar_halos-jhw/trees/tree_0_0_0.dat")
	>>> fn = a.save_arbor()
	>>> a = ytree.load(fn)
Additional features and improved performance (usually) by saving this arbor with "save_arbor" and reloading:
	>>> a = ytree.load("/storage/home/hcoda1/0/jw254/data/SG64-2020/rockstar_halos-jhw/trees/tree_0_0_0.dat")
	>>> fn = a.save_arbor()
	>>> a = ytree.load(fn)
Additional features and improved performance (usually) by saving this arbor with "save_arbor" and reloading:
	>>> a = ytree.load("/storage/home/hcoda1/0/jw254/data/SG64-2020/rockstar_halos-jhw/trees/tree_0_0_0.dat")
	>>> fn = a.save_arbor()
	>>> a = ytree.load(fn)
Additional features and improved performance (usually) by saving this arbor with "save_arbor" and reloading:
	>>> a = ytree.load("/storage/home/hcoda1/0/jw254/data/SG64-2020/rockstar_halos-jhw/trees/tree_0_0_0.dat")
	>>> fn = a.save_arbor()
	>>> a = ytree.load(fn)
Additional features and improved performance (usually) by saving this arbor with "save_arbor" and reloading:
	>>> a = ytree.load("/storage/home/hcoda1/0/jw254/data/SG64-2020/rockstar_halos-jhw/trees/tree_0_0_0.dat")
	>>> fn = a.save_arbor()
	>>> a = ytree.load(fn)
Additional features and improved performance (usually) by saving this arbor with "save_arbor" and reloading:
	>>> a = ytree.load("/storage/home/hcoda1/0/jw254/data/SG64-2020/rockstar_halos-jhw/trees/tree_0_0_0.dat")
	>>> fn = a.save_arbor()
	>>> a = ytree.load(fn)
Additional features and improved performance (usually) by saving this arbor with "save_arbor" and reloading:
	>>> a = ytree.load("/storage/home/hcoda1/0/jw254/data/SG64-2020/rockstar_halos-jhw/trees/tree_0_0_0.dat")
	>>> fn = a.save_arbor()
	>>> a = ytree.load(fn)
Additional features and improved performance (usually) by saving this arbor with "save_arbor" and reloading:
	>>> a = ytree.load("/storage/home/hcoda1/0/jw254/data/SG64-2020/rockstar_halos-jhw/trees/tree_0_0_0.dat")
	>>> fn = a.save_arbor()
	>>> a = ytree.load(fn)
Additional features and improved performance (usually) by saving this arbor with "save_arbor" and reloading:
	>>> a = ytree.load("/storage/home/hcoda1/0/jw254/data/SG64-2020/rockstar_halos-jhw/trees/tree_0_0_0.dat")
	>>> fn = a.save_arbor()
	>>> a = ytree.load(fn)
Additional features and improved performance (usually) by saving this arbor with "save_arbor" and reloading:
	>>> a = ytree.load("/storage/home/hcoda1/0/jw254/data/SG64-2020/rockstar_halos-jhw/trees/tree_0_0_0.dat")
	>>> fn = a.save_arbor()
	>>> a = ytree.load(fn)
Additional features and improved performance (usually) by saving this arbor with "save_arbor" and reloading:
	>>> a = ytree.load("/storage/home/hcoda1/0/jw254/data/SG64-2020/rockstar_halos-jhw/trees/tree_0_0_0.dat")
	>>> fn = a.save_arbor()
	>>> a = ytree.load(fn)
Additional features and improved performance (usually) by saving this arbor with "save_arbor" and reloading:
	>>> a = ytree.load("/storage/home/hcoda1/0/jw254/data/SG64-2020/rockstar_halos-jhw/trees/tree_0_0_0.dat")
	>>> fn = a.save_arbor()
	>>> a = ytree.load(fn)
Additional features and improved performance (usually) by saving this arbor with "save_arbor" and reloading:
	>>> a = ytree.load("/storage/home/hcoda1/0/jw254/data/SG64-2020/rockstar_halos-jhw/trees/tree_0_0_0.dat")
	>>> fn = a.save_arbor()
	>>> a = ytree.load(fn)
Additional features and improved performance (usually) by saving this arbor with "save_arbor" and reloading:
	>>> a = ytree.load("/storage/home/hcoda1/0/jw254/data/SG64-2020/rockstar_halos-jhw/trees/tree_0_0_0.dat")
	>>> fn = a.save_arbor()
	>>> a = ytree.load(fn)
Additional features and improved performance (usually) by saving this arbor with "save_arbor" and reloading:
	>>> a = ytree.load("/storage/home/hcoda1/0/jw254/data/SG64-2020/rockstar_halos-jhw/trees/tree_0_0_0.dat")
	>>> fn = a.save_arbor()
	>>> a = ytree.load(fn)
Additional features and improved performance (usually) by saving this arbor with "save_arbor" and reloading:
	>>> a = ytree.load("/storage/home/hcoda1/0/jw254/data/SG64-2020/rockstar_halos-jhw/trees/tree_0_0_0.dat")
	>>> fn = a.save_arbor()
	>>> a = ytree.load(fn)
Additional features and improved performance (usually) by saving this arbor with "save_arbor" and reloading:
	>>> a = ytree.load("/storage/home/hcoda1/0/jw254/data/SG64-2020/rockstar_halos-jhw/trees/tree_0_0_0.dat")
	>>> fn = a.save_arbor()
	>>> a = ytree.load(fn)
Additional features and improved performance (usually) by saving this arbor with "save_arbor" and reloading:
	>>> a = ytree.load("/storage/home/hcoda1/0/jw254/data/SG64-2020/rockstar_halos-jhw/trees/tree_0_0_0.dat")
	>>> fn = a.save_arbor()
	>>> a = ytree.load(fn)
Additional features and improved performance (usually) by saving this arbor with "save_arbor" and reloading:
	>>> a = ytree.load("/storage/home/hcoda1/0/jw254/data/SG64-2020/rockstar_halos-jhw/trees/tree_0_0_0.dat")
	>>> fn = a.save_arbor()
	>>> a = ytree.load(fn)
Additional features and improved performance (usually) by saving this arbor with "save_arbor" and reloading:
	>>> a = ytree.load("/storage/home/hcoda1/0/jw254/data/SG64-2020/rockstar_halos-jhw/trees/tree_0_0_0.dat")
	>>> fn = a.save_arbor()
	>>> a = ytree.load(fn)
Additional features and improved performance (usually) by saving this arbor with "save_arbor" and reloading:
	>>> a = ytree.load("/storage/home/hcoda1/0/jw254/data/SG64-2020/rockstar_halos-jhw/trees/tree_0_0_0.dat")
	>>> fn = a.save_arbor()
	>>> a = ytree.load(fn)
Additional features and improved performance (usually) by saving this arbor with "save_arbor" and reloading:
	>>> a = ytree.load("/storage/home/hcoda1/0/jw254/data/SG64-2020/rockstar_halos-jhw/trees/tree_0_0_0.dat")
	>>> fn = a.save_arbor()
	>>> a = ytree.load(fn)
Additional features and improved performance (usually) by saving this arbor with "save_arbor" and reloading:
	>>> a = ytree.load("/storage/home/hcoda1/0/jw254/data/SG64-2020/rockstar_halos-jhw/trees/tree_0_0_0.dat")
	>>> fn = a.save_arbor()
	>>> a = ytree.load(fn)
Additional features and improved performance (usually) by saving this arbor with "save_arbor" and reloading:
	>>> a = ytree.load("/storage/home/hcoda1/0/jw254/data/SG64-2020/rockstar_halos-jhw/trees/tree_0_0_0.dat")
	>>> fn = a.save_arbor()
	>>> a = ytree.load(fn)
Additional features and improved performance (usually) by saving this arbor with "save_arbor" and reloading:
	>>> a = ytree.load("/storage/home/hcoda1/0/jw254/data/SG64-2020/rockstar_halos-jhw/trees/tree_0_0_0.dat")
	>>> fn = a.save_arbor()
	>>> a = ytree.load(fn)
Additional features and improved performance (usually) by saving this arbor with "save_arbor" and reloading:
	>>> a = ytree.load("/storage/home/hcoda1/0/jw254/data/SG64-2020/rockstar_halos-jhw/trees/tree_0_0_0.dat")
	>>> fn = a.save_arbor()
	>>> a = ytree.load(fn)
Additional features and improved performance (usually) by saving this arbor with "save_arbor" and reloading:
	>>> a = ytree.load("/storage/home/hcoda1/0/jw254/data/SG64-2020/rockstar_halos-jhw/trees/tree_0_0_0.dat")
	>>> fn = a.save_arbor()
	>>> a = ytree.load(fn)
Additional features and improved performance (usually) by saving this arbor with "save_arbor" and reloading:
	>>> a = ytree.load("/storage/home/hcoda1/0/jw254/data/SG64-2020/rockstar_halos-jhw/trees/tree_0_0_0.dat")
	>>> fn = a.save_arbor()
	>>> a = ytree.load(fn)
Additional features and improved performance (usually) by saving this arbor with "save_arbor" and reloading:
	>>> a = ytree.load("/storage/home/hcoda1/0/jw254/data/SG64-2020/rockstar_halos-jhw/trees/tree_0_0_0.dat")
	>>> fn = a.save_arbor()
	>>> a = ytree.load(fn)
Additional features and improved performance (usually) by saving this arbor with "save_arbor" and reloading:
	>>> a = ytree.load("/storage/home/hcoda1/0/jw254/data/SG64-2020/rockstar_halos-jhw/trees/tree_0_0_0.dat")
	>>> fn = a.save_arbor()
	>>> a = ytree.load(fn)
Additional features and improved performance (usually) by saving this arbor with "save_arbor" and reloading:
	>>> a = ytree.load("/storage/home/hcoda1/0/jw254/data/SG64-2020/rockstar_halos-jhw/trees/tree_0_0_0.dat")
	>>> fn = a.save_arbor()
	>>> a = ytree.load(fn)
Additional features and improved performance (usually) by saving this arbor with "save_arbor" and reloading:
	>>> a = ytree.load("/storage/home/hcoda1/0/jw254/data/SG64-2020/rockstar_halos-jhw/trees/tree_0_0_0.dat")
	>>> fn = a.save_arbor()
	>>> a = ytree.load(fn)
Additional features and improved performance (usually) by saving this arbor with "save_arbor" and reloading:
	>>> a = ytree.load("/storage/home/hcoda1/0/jw254/data/SG64-2020/rockstar_halos-jhw/trees/tree_0_0_0.dat")
	>>> fn = a.save_arbor()
	>>> a = ytree.load(fn)
Additional features and improved performance (usually) by saving this arbor with "save_arbor" and reloading:
	>>> a = ytree.load("/storage/home/hcoda1/0/jw254/data/SG64-2020/rockstar_halos-jhw/trees/tree_0_0_0.dat")
	>>> fn = a.save_arbor()
	>>> a = ytree.load(fn)
Additional features and improved performance (usually) by saving this arbor with "save_arbor" and reloading:
	>>> a = ytree.load("/storage/home/hcoda1/0/jw254/data/SG64-2020/rockstar_halos-jhw/trees/tree_0_0_0.dat")
	>>> fn = a.save_arbor()
	>>> a = ytree.load(fn)
Additional features and improved performance (usually) by saving this arbor with "save_arbor" and reloading:
	>>> a = ytree.load("/storage/home/hcoda1/0/jw254/data/SG64-2020/rockstar_halos-jhw/trees/tree_0_0_0.dat")
	>>> fn = a.save_arbor()
	>>> a = ytree.load(fn)
Additional features and improved performance (usually) by saving this arbor with "save_arbor" and reloading:
	>>> a = ytree.load("/storage/home/hcoda1/0/jw254/data/SG64-2020/rockstar_halos-jhw/trees/tree_0_0_0.dat")
	>>> fn = a.save_arbor()
	>>> a = ytree.load(fn)
Additional features and improved performance (usually) by saving this arbor with "save_arbor" and reloading:
	>>> a = ytree.load("/storage/home/hcoda1/0/jw254/data/SG64-2020/rockstar_halos-jhw/trees/tree_0_0_0.dat")
	>>> fn = a.save_arbor()
	>>> a = ytree.load(fn)
Additional features and improved performance (usually) by saving this arbor with "save_arbor" and reloading:
	>>> a = ytree.load("/storage/home/hcoda1/0/jw254/data/SG64-2020/rockstar_halos-jhw/trees/tree_0_0_0.dat")
	>>> fn = a.save_arbor()
	>>> a = ytree.load(fn)
Additional features and improved performance (usually) by saving this arbor with "save_arbor" and reloading:
	>>> a = ytree.load("/storage/home/hcoda1/0/jw254/data/SG64-2020/rockstar_halos-jhw/trees/tree_0_0_0.dat")
	>>> fn = a.save_arbor()
	>>> a = ytree.load(fn)
Additional features and improved performance (usually) by saving this arbor with "save_arbor" and reloading:
	>>> a = ytree.load("/storage/home/hcoda1/0/jw254/data/SG64-2020/rockstar_halos-jhw/trees/tree_0_0_0.dat")
	>>> fn = a.save_arbor()
	>>> a = ytree.load(fn)
Additional features and improved performance (usually) by saving this arbor with "save_arbor" and reloading:
	>>> a = ytree.load("/storage/home/hcoda1/0/jw254/data/SG64-2020/rockstar_halos-jhw/trees/tree_0_0_0.dat")
	>>> fn = a.save_arbor()
	>>> a = ytree.load(fn)
Additional features and improved performance (usually) by saving this arbor with "save_arbor" and reloading:
	>>> a = ytree.load("/storage/home/hcoda1/0/jw254/data/SG64-2020/rockstar_halos-jhw/trees/tree_0_0_0.dat")
	>>> fn = a.save_arbor()
	>>> a = ytree.load(fn)
Additional features and improved performance (usually) by saving this arbor with "save_arbor" and reloading:
	>>> a = ytree.load("/storage/home/hcoda1/0/jw254/data/SG64-2020/rockstar_halos-jhw/trees/tree_0_0_0.dat")
	>>> fn = a.save_arbor()
	>>> a = ytree.load(fn)
Additional features and improved performance (usually) by saving this arbor with "save_arbor" and reloading:
	>>> a = ytree.load("/storage/home/hcoda1/0/jw254/data/SG64-2020/rockstar_halos-jhw/trees/tree_0_0_0.dat")
	>>> fn = a.save_arbor()
	>>> a = ytree.load(fn)
Parsing Hierarchy :   0%|          | 0/777 [00:00<?, ?it/s]Parsing Hierarchy : 100%|| 777/777 [00:00<00:00, 9439.68it/s]
P003 yt : [INFO     ] 2024-04-02 10:41:39,777 Gathering a field list (this may take a moment.)
Parsing Hierarchy :   0%|          | 0/777 [00:00<?, ?it/s]Parsing Hierarchy : 100%|| 777/777 [00:00<00:00, 9530.36it/s]
P023 yt : [INFO     ] 2024-04-02 10:41:39,777 Gathering a field list (this may take a moment.)
Parsing Hierarchy :   0%|          | 0/777 [00:00<?, ?it/s]Parsing Hierarchy : 100%|| 777/777 [00:00<00:00, 9485.48it/s]
P005 yt : [INFO     ] 2024-04-02 10:41:39,777 Gathering a field list (this may take a moment.)
Parsing Hierarchy :   0%|          | 0/777 [00:00<?, ?it/s]Parsing Hierarchy : 100%|| 777/777 [00:00<00:00, 9501.27it/s]
P011 yt : [INFO     ] 2024-04-02 10:41:39,777 Gathering a field list (this may take a moment.)
Parsing Hierarchy :   0%|          | 0/777 [00:00<?, ?it/s]Parsing Hierarchy : 100%|| 777/777 [00:00<00:00, 9534.52it/s]
P017 yt : [INFO     ] 2024-04-02 10:41:39,777 Gathering a field list (this may take a moment.)
Parsing Hierarchy :   0%|          | 0/777 [00:00<?, ?it/s]Parsing Hierarchy : 100%|| 777/777 [00:00<00:00, 9309.47it/s]
P022 yt : [INFO     ] 2024-04-02 10:41:39,777 Gathering a field list (this may take a moment.)
Parsing Hierarchy :   0%|          | 0/777 [00:00<?, ?it/s]Parsing Hierarchy : 100%|| 777/777 [00:00<00:00, 9413.48it/s]
P010 yt : [INFO     ] 2024-04-02 10:41:39,778 Gathering a field list (this may take a moment.)
Parsing Hierarchy :   0%|          | 0/777 [00:00<?, ?it/s]Parsing Hierarchy : 100%|| 777/777 [00:00<00:00, 9369.10it/s]
P015 yt : [INFO     ] 2024-04-02 10:41:39,778 Gathering a field list (this may take a moment.)
Parsing Hierarchy :   0%|          | 0/777 [00:00<?, ?it/s]Parsing Hierarchy : 100%|| 777/777 [00:00<00:00, 9359.06it/s]
P014 yt : [INFO     ] 2024-04-02 10:41:39,778 Gathering a field list (this may take a moment.)
Parsing Hierarchy :   0%|          | 0/777 [00:00<?, ?it/s]Parsing Hierarchy : 100%|| 777/777 [00:00<00:00, 9263.08it/s]
P018 yt : [INFO     ] 2024-04-02 10:41:39,778 Gathering a field list (this may take a moment.)
Parsing Hierarchy :   0%|          | 0/777 [00:00<?, ?it/s]Parsing Hierarchy : 100%|| 777/777 [00:00<00:00, 9307.82it/s]
P009 yt : [INFO     ] 2024-04-02 10:41:39,778 Gathering a field list (this may take a moment.)
Parsing Hierarchy :   0%|          | 0/777 [00:00<?, ?it/s]Parsing Hierarchy : 100%|| 777/777 [00:00<00:00, 9280.54it/s]
P013 yt : [INFO     ] 2024-04-02 10:41:39,778 Gathering a field list (this may take a moment.)
Parsing Hierarchy :   0%|          | 0/777 [00:00<?, ?it/s]Parsing Hierarchy : 100%|| 777/777 [00:00<00:00, 9452.38it/s]
P004 yt : [INFO     ] 2024-04-02 10:41:39,778 Gathering a field list (this may take a moment.)
Parsing Hierarchy :   0%|          | 0/777 [00:00<?, ?it/s]Parsing Hierarchy : 100%|| 777/777 [00:00<00:00, 9329.83it/s]
P008 yt : [INFO     ] 2024-04-02 10:41:39,778 Gathering a field list (this may take a moment.)
Parsing Hierarchy :   0%|          | 0/777 [00:00<?, ?it/s]Parsing Hierarchy : 100%|| 777/777 [00:00<00:00, 9378.96it/s]
P006 yt : [INFO     ] 2024-04-02 10:41:39,778 Gathering a field list (this may take a moment.)
Parsing Hierarchy :   0%|          | 0/777 [00:00<?, ?it/s]Parsing Hierarchy : 100%|| 777/777 [00:00<00:00, 9216.06it/s]
P012 yt : [INFO     ] 2024-04-02 10:41:39,778 Gathering a field list (this may take a moment.)
Parsing Hierarchy :   0%|          | 0/777 [00:00<?, ?it/s]Parsing Hierarchy : 100%|| 777/777 [00:00<00:00, 9354.81it/s]
P019 yt : [INFO     ] 2024-04-02 10:41:39,778 Gathering a field list (this may take a moment.)
Parsing Hierarchy :   0%|          | 0/777 [00:00<?, ?it/s]Parsing Hierarchy : 100%|| 777/777 [00:00<00:00, 9221.62it/s]
P016 yt : [INFO     ] 2024-04-02 10:41:39,778 Gathering a field list (this may take a moment.)
Parsing Hierarchy :   0%|          | 0/777 [00:00<?, ?it/s]Parsing Hierarchy : 100%|| 777/777 [00:00<00:00, 9269.64it/s]
P020 yt : [INFO     ] 2024-04-02 10:41:39,778 Gathering a field list (this may take a moment.)
Parsing Hierarchy :   0%|          | 0/777 [00:00<?, ?it/s]Parsing Hierarchy : 100%|| 777/777 [00:00<00:00, 10798.03it/s]
P024 yt : [INFO     ] 2024-04-02 10:41:39,778 Gathering a field list (this may take a moment.)
Parsing Hierarchy :   0%|          | 0/777 [00:00<?, ?it/s]Parsing Hierarchy : 100%|| 777/777 [00:00<00:00, 9407.93it/s]
P021 yt : [INFO     ] 2024-04-02 10:41:39,779 Gathering a field list (this may take a moment.)
Parsing Hierarchy :   0%|          | 0/777 [00:00<?, ?it/s]Parsing Hierarchy : 100%|| 777/777 [00:00<00:00, 9372.81it/s]
P002 yt : [INFO     ] 2024-04-02 10:41:39,779 Gathering a field list (this may take a moment.)
Parsing Hierarchy :   0%|          | 0/777 [00:00<?, ?it/s]Parsing Hierarchy : 100%|| 777/777 [00:00<00:00, 9261.50it/s]
P007 yt : [INFO     ] 2024-04-02 10:41:39,781 Gathering a field list (this may take a moment.)
Parsing Hierarchy :   0%|          | 0/777 [00:00<?, ?it/s]Parsing Hierarchy : 100%|| 777/777 [00:00<00:00, 9072.92it/s]
P001 yt : [INFO     ] 2024-04-02 10:41:39,784 Gathering a field list (this may take a moment.)
Parsing Hierarchy :   0%|          | 0/777 [00:00<?, ?it/s]Parsing Hierarchy : 100%|| 777/777 [00:00<00:00, 10355.22it/s]
P035 yt : [INFO     ] 2024-04-02 10:41:39,784 Gathering a field list (this may take a moment.)
Parsing Hierarchy :   0%|          | 0/777 [00:00<?, ?it/s]Parsing Hierarchy : 100%|| 777/777 [00:00<00:00, 8851.12it/s]
P045 yt : [INFO     ] 2024-04-02 10:41:39,794 Gathering a field list (this may take a moment.)
Parsing Hierarchy :   0%|          | 0/777 [00:00<?, ?it/s]Parsing Hierarchy : 100%|| 777/777 [00:00<00:00, 8831.24it/s]
P027 yt : [INFO     ] 2024-04-02 10:41:39,794 Gathering a field list (this may take a moment.)
Parsing Hierarchy :   0%|          | 0/777 [00:00<?, ?it/s]Parsing Hierarchy : 100%|| 777/777 [00:00<00:00, 8837.49it/s]
P047 yt : [INFO     ] 2024-04-02 10:41:39,794 Gathering a field list (this may take a moment.)
Parsing Hierarchy :   0%|          | 0/777 [00:00<?, ?it/s]Parsing Hierarchy : 100%|| 777/777 [00:00<00:00, 8818.43it/s]
P028 yt : [INFO     ] 2024-04-02 10:41:39,794 Gathering a field list (this may take a moment.)
Parsing Hierarchy :   0%|          | 0/777 [00:00<?, ?it/s]Parsing Hierarchy : 100%|| 777/777 [00:00<00:00, 8843.08it/s]
P036 yt : [INFO     ] 2024-04-02 10:41:39,794 Gathering a field list (this may take a moment.)
Parsing Hierarchy :   0%|          | 0/777 [00:00<?, ?it/s]Parsing Hierarchy : 100%|| 777/777 [00:00<00:00, 8834.16it/s]
P038 yt : [INFO     ] 2024-04-02 10:41:39,794 Gathering a field list (this may take a moment.)
Parsing Hierarchy :   0%|          | 0/777 [00:00<?, ?it/s]Parsing Hierarchy : 100%|| 777/777 [00:00<00:00, 8840.61it/s]
P040 yt : [INFO     ] 2024-04-02 10:41:39,794 Gathering a field list (this may take a moment.)
Parsing Hierarchy :   0%|          | 0/777 [00:00<?, ?it/s]Parsing Hierarchy : 100%|| 777/777 [00:00<00:00, 8826.60it/s]
P041 yt : [INFO     ] 2024-04-02 10:41:39,795 Gathering a field list (this may take a moment.)
Parsing Hierarchy :   0%|          | 0/777 [00:00<?, ?it/s]Parsing Hierarchy : 100%|| 777/777 [00:00<00:00, 8808.25it/s]
P042 yt : [INFO     ] 2024-04-02 10:41:39,795 Gathering a field list (this may take a moment.)
Parsing Hierarchy :   0%|          | 0/777 [00:00<?, ?it/s]Parsing Hierarchy : 100%|| 777/777 [00:00<00:00, 8808.37it/s]
P044 yt : [INFO     ] 2024-04-02 10:41:39,795 Gathering a field list (this may take a moment.)
Parsing Hierarchy :   0%|          | 0/777 [00:00<?, ?it/s]Parsing Hierarchy : 100%|| 777/777 [00:00<00:00, 8817.52it/s]
P046 yt : [INFO     ] 2024-04-02 10:41:39,795 Gathering a field list (this may take a moment.)
Parsing Hierarchy :   0%|          | 0/777 [00:00<?, ?it/s]Parsing Hierarchy : 100%|| 777/777 [00:00<00:00, 8788.35it/s]
P030 yt : [INFO     ] 2024-04-02 10:41:39,795 Gathering a field list (this may take a moment.)
Parsing Hierarchy :   0%|          | 0/777 [00:00<?, ?it/s]Parsing Hierarchy : 100%|| 777/777 [00:00<00:00, 8789.65it/s]
P031 yt : [INFO     ] 2024-04-02 10:41:39,795 Gathering a field list (this may take a moment.)
Parsing Hierarchy :   0%|          | 0/777 [00:00<?, ?it/s]Parsing Hierarchy : 100%|| 777/777 [00:00<00:00, 8781.79it/s]
P033 yt : [INFO     ] 2024-04-02 10:41:39,795 Gathering a field list (this may take a moment.)
Parsing Hierarchy :   0%|          | 0/777 [00:00<?, ?it/s]Parsing Hierarchy : 100%|| 777/777 [00:00<00:00, 8770.66it/s]
P037 yt : [INFO     ] 2024-04-02 10:41:39,795 Gathering a field list (this may take a moment.)
Parsing Hierarchy :   0%|          | 0/777 [00:00<?, ?it/s]Parsing Hierarchy : 100%|| 777/777 [00:00<00:00, 8796.94it/s]
P039 yt : [INFO     ] 2024-04-02 10:41:39,795 Gathering a field list (this may take a moment.)
Parsing Hierarchy :   0%|          | 0/777 [00:00<?, ?it/s]Parsing Hierarchy : 100%|| 777/777 [00:00<00:00, 8760.35it/s]
P025 yt : [INFO     ] 2024-04-02 10:41:39,795 Gathering a field list (this may take a moment.)
Parsing Hierarchy :   0%|          | 0/777 [00:00<?, ?it/s]Parsing Hierarchy : 100%|| 777/777 [00:00<00:00, 8793.16it/s]
P026 yt : [INFO     ] 2024-04-02 10:41:39,795 Gathering a field list (this may take a moment.)
Parsing Hierarchy :   0%|          | 0/777 [00:00<?, ?it/s]Parsing Hierarchy : 100%|| 777/777 [00:00<00:00, 8761.32it/s]
P043 yt : [INFO     ] 2024-04-02 10:41:39,795 Gathering a field list (this may take a moment.)
Parsing Hierarchy :   0%|          | 0/777 [00:00<?, ?it/s]Parsing Hierarchy : 100%|| 777/777 [00:00<00:00, 8760.09it/s]
P029 yt : [INFO     ] 2024-04-02 10:41:39,795 Gathering a field list (this may take a moment.)
Parsing Hierarchy :   0%|          | 0/777 [00:00<?, ?it/s]Parsing Hierarchy : 100%|| 777/777 [00:00<00:00, 8814.90it/s]
P032 yt : [INFO     ] 2024-04-02 10:41:39,795 Gathering a field list (this may take a moment.)
Parsing Hierarchy :   0%|          | 0/777 [00:00<?, ?it/s]Parsing Hierarchy : 100%|| 777/777 [00:00<00:00, 7895.97it/s]
P034 yt : [INFO     ] 2024-04-02 10:41:39,805 Gathering a field list (this may take a moment.)
MAX_SIZE: 205
MAX_SIZE: 205
  File "analysis_pipeline.py", line 153, in <module>
    ap.process_target(node)
  File "/storage/home/hcoda1/7/shardin31/.conda/envs/pd_environment_3/lib/python3.8/site-packages/ytree/analysis/analysis_pipeline.py", line 174, in process_target
    rval = action(target)
  File "/storage/home/hcoda1/7/shardin31/.conda/envs/pd_environment_3/lib/python3.8/site-packages/ytree/analysis/analysis_operators.py", line 30, in __call__
    return self.function(target, *self.args, **self.kwargs)
  File "analysis_pipeline.py", line 57, in save_star_masses
    node["star_masses"] = np.concatenate((np.array(sphere["p2","particle_mass"]),np.zeros(size_difference)), dtype=float)
  File "/storage/home/hcoda1/7/shardin31/.conda/envs/pd_environment_3/lib/python3.8/site-packages/ytree/data_structures/tree_node.py", line 235, in __setitem__
    self.arbor[key][self._arbor_index] = value
  File "/storage/home/hcoda1/7/shardin31/.conda/envs/pd_environment_3/lib/python3.8/site-packages/ytree/data_structures/arbor.py", line 520, in __getitem__
    return self.query(key)
  File "/storage/home/hcoda1/7/shardin31/.conda/envs/pd_environment_3/lib/python3.8/site-packages/ytree/data_structures/arbor.py", line 532, in query
    self._root_io.get_fields(self, fields=[key])
  File "/storage/home/hcoda1/7/shardin31/.conda/envs/pd_environment_3/lib/python3.8/site-packages/ytree/data_structures/io.py", line 153, in get_fields
    self._initialize_analysis_field(storage_object, field)
  File "/storage/home/hcoda1/7/shardin31/.conda/envs/pd_environment_3/lib/python3.8/site-packages/ytree/data_structures/io.py", line 249, in _initialize_analysis_field
    self.arbor.arr(np.full(self.arbor.size, default, dtype=dtype), units)
  File "/storage/home/hcoda1/7/shardin31/.conda/envs/pd_environment_3/lib/python3.8/site-packages/numpy/core/numeric.py", line 344, in full
    multiarray.copyto(a, fill_value, casting='unsafe')
  File "<__array_function__ internals>", line 180, in copyto
P013 yt : [ERROR    ] 2024-04-02 10:41:41,626 ValueError: could not broadcast input array from shape (205,) into shape (203,)
--------------------------------------------------------------------------
MPI_ABORT was invoked on rank 13 in communicator MPI_COMM_WORLD
with errorcode 1.

NOTE: invoking MPI_ABORT causes Open MPI to kill all MPI processes.
You may or may not see output from other processes, depending on
exactly when Open MPI kills them.
--------------------------------------------------------------------------
Loading tree roots:   0%|          | 0/7934216 [00:00<?, ?it/s]Loading tree roots: 100%|| 7934216/7934216 [00:00<00:00, 216175662.95it/s]slurmstepd: error: *** STEP 5482105.0 ON atl1-1-02-011-21-2 CANCELLED AT 2024-04-02T10:41:41 ***
srun: Job step aborted: Waiting up to 32 seconds for job step to finish.
srun: error: atl1-1-02-011-21-2: tasks 0-12,14-23: Killed
srun: error: atl1-1-02-011-21-2: task 13: Exited with exit code 1
srun: error: atl1-1-02-011-25-1: tasks 24-47: Killed
---------------------------------------
Begin Slurm Epilog: Apr-02-2024 10:41:42
Job ID:        5482105
Array Job ID:  _4294967294
User ID:       shardin31
Account:       gts-jw254-coda20
Job name:      Slurmshardinpowderdayrun
Resources:     cpu=48,mem=100G,node=2
Rsrc Used:     cput=00:24:00,vmem=764K,walltime=00:00:30,mem=0,energy_used=0
Partition:     cpu-small
QOS:           inferno
Nodes:         atl1-1-02-011-21-2,atl1-1-02-011-25-1
---------------------------------------
