---------------------------------------
Begin Slurm Prolog: Apr-02-2024 14:10:05
Job ID:    5484795
User ID:   shardin31
Account:   gts-jw254-coda20
Job name:  Slurmshardinpowderdayrun
Partition: cpu-small
QOS:       inferno
---------------------------------------

CommandNotFoundError: Your shell has not been properly configured to use 'conda deactivate'.
To initialize your shell, run

    $ conda init <SHELL_NAME>

Currently supported shells are:
  - bash
  - fish
  - tcsh
  - xonsh
  - zsh
  - powershell

See 'conda init --help' for more information and options.

IMPORTANT: You may need to close and restart your shell after running 'conda init'.



Lmod is automatically replacing "mvapich2/2.3.6-ouywal" with "openmpi/4.1.4".

yt : [INFO     ] 2024-04-02 14:10:29,115 Global parallel computation enabled: 14 / 48
yt : [INFO     ] 2024-04-02 14:10:29,120 Global parallel computation enabled: 25 / 48
yt : [INFO     ] 2024-04-02 14:10:29,115 Global parallel computation enabled: 1 / 48
yt : [INFO     ] 2024-04-02 14:10:29,116 Global parallel computation enabled: 20 / 48
yt : [INFO     ] 2024-04-02 14:10:29,117 Global parallel computation enabled: 22 / 48
yt : [INFO     ] 2024-04-02 14:10:29,117 Global parallel computation enabled: 21 / 48
yt : [INFO     ] 2024-04-02 14:10:29,118 Global parallel computation enabled: 2 / 48
yt : [INFO     ] 2024-04-02 14:10:29,118 Global parallel computation enabled: 5 / 48
yt : [INFO     ] 2024-04-02 14:10:29,118 Global parallel computation enabled: 13 / 48
yt : [INFO     ] 2024-04-02 14:10:29,119 Global parallel computation enabled: 16 / 48
yt : [INFO     ] 2024-04-02 14:10:29,119 Global parallel computation enabled: 8 / 48
yt : [INFO     ] 2024-04-02 14:10:29,121 Global parallel computation enabled: 19 / 48
yt : [INFO     ] 2024-04-02 14:10:29,121 Global parallel computation enabled: 15 / 48
yt : [INFO     ] 2024-04-02 14:10:29,121 Global parallel computation enabled: 18 / 48
yt : [INFO     ] 2024-04-02 14:10:29,121 Global parallel computation enabled: 10 / 48
yt : [INFO     ] 2024-04-02 14:10:29,121 Global parallel computation enabled: 17 / 48
yt : [INFO     ] 2024-04-02 14:10:29,122 Global parallel computation enabled: 9 / 48
yt : [INFO     ] 2024-04-02 14:10:29,122 Global parallel computation enabled: 4 / 48
yt : [INFO     ] 2024-04-02 14:10:29,123 Global parallel computation enabled: 12 / 48
yt : [INFO     ] 2024-04-02 14:10:29,123 Global parallel computation enabled: 7 / 48
yt : [INFO     ] 2024-04-02 14:10:29,123 Global parallel computation enabled: 11 / 48
yt : [INFO     ] 2024-04-02 14:10:29,124 Global parallel computation enabled: 0 / 48
yt : [INFO     ] 2024-04-02 14:10:29,130 Global parallel computation enabled: 23 / 48
yt : [INFO     ] 2024-04-02 14:10:29,132 Global parallel computation enabled: 3 / 48
yt : [INFO     ] 2024-04-02 14:10:29,135 Global parallel computation enabled: 6 / 48
yt : [INFO     ] 2024-04-02 14:10:29,120 Global parallel computation enabled: 36 / 48
yt : [INFO     ] 2024-04-02 14:10:29,120 Global parallel computation enabled: 37 / 48
yt : [INFO     ] 2024-04-02 14:10:29,121 Global parallel computation enabled: 32 / 48
yt : [INFO     ] 2024-04-02 14:10:29,121 Global parallel computation enabled: 26 / 48
yt : [INFO     ] 2024-04-02 14:10:29,122 Global parallel computation enabled: 24 / 48
yt : [INFO     ] 2024-04-02 14:10:29,123 Global parallel computation enabled: 45 / 48
yt : [INFO     ] 2024-04-02 14:10:29,123 Global parallel computation enabled: 41 / 48
yt : [INFO     ] 2024-04-02 14:10:29,123 Global parallel computation enabled: 31 / 48
yt : [INFO     ] 2024-04-02 14:10:29,124 Global parallel computation enabled: 35 / 48
yt : [INFO     ] 2024-04-02 14:10:29,125 Global parallel computation enabled: 34 / 48
yt : [INFO     ] 2024-04-02 14:10:29,125 Global parallel computation enabled: 43 / 48
yt : [INFO     ] 2024-04-02 14:10:29,125 Global parallel computation enabled: 40 / 48
yt : [INFO     ] 2024-04-02 14:10:29,126 Global parallel computation enabled: 44 / 48
yt : [INFO     ] 2024-04-02 14:10:29,126 Global parallel computation enabled: 33 / 48
yt : [INFO     ] 2024-04-02 14:10:29,126 Global parallel computation enabled: 46 / 48
yt : [INFO     ] 2024-04-02 14:10:29,127 Global parallel computation enabled: 42 / 48
yt : [INFO     ] 2024-04-02 14:10:29,127 Global parallel computation enabled: 39 / 48
yt : [INFO     ] 2024-04-02 14:10:29,127 Global parallel computation enabled: 29 / 48
yt : [INFO     ] 2024-04-02 14:10:29,128 Global parallel computation enabled: 27 / 48
yt : [INFO     ] 2024-04-02 14:10:29,128 Global parallel computation enabled: 28 / 48
yt : [INFO     ] 2024-04-02 14:10:29,135 Global parallel computation enabled: 30 / 48
yt : [INFO     ] 2024-04-02 14:10:29,136 Global parallel computation enabled: 47 / 48
yt : [INFO     ] 2024-04-02 14:10:29,136 Global parallel computation enabled: 38 / 48
Additional features and improved performance (usually) by saving this arbor with "save_arbor" and reloading:
	>>> a = ytree.load("/storage/home/hcoda1/0/jw254/data/SG64-2020/rockstar_halos-jhw/trees/tree_0_0_0.dat")
	>>> fn = a.save_arbor()
	>>> a = ytree.load(fn)
P004 yt : [INFO     ] 2024-04-02 14:10:29,469 Parameters: current_time              = 75.89987395114
P018 yt : [INFO     ] 2024-04-02 14:10:29,470 Parameters: current_time              = 75.89987395114
P021 yt : [INFO     ] 2024-04-02 14:10:29,470 Parameters: current_time              = 75.89987395114
P012 yt : [INFO     ] 2024-04-02 14:10:29,470 Parameters: current_time              = 75.89987395114
P008 yt : [INFO     ] 2024-04-02 14:10:29,470 Parameters: current_time              = 75.89987395114
P020 yt : [INFO     ] 2024-04-02 14:10:29,470 Parameters: current_time              = 75.89987395114
P013 yt : [INFO     ] 2024-04-02 14:10:29,470 Parameters: current_time              = 75.89987395114
P018 yt : [INFO     ] 2024-04-02 14:10:29,470 Parameters: domain_dimensions         = [64 64 64]
P016 yt : [INFO     ] 2024-04-02 14:10:29,470 Parameters: current_time              = 75.89987395114
P010 yt : [INFO     ] 2024-04-02 14:10:29,470 Parameters: current_time              = 75.89987395114
P005 yt : [INFO     ] 2024-04-02 14:10:29,470 Parameters: current_time              = 75.89987395114
P004 yt : [INFO     ] 2024-04-02 14:10:29,470 Parameters: domain_dimensions         = [64 64 64]
P006 yt : [INFO     ] 2024-04-02 14:10:29,470 Parameters: current_time              = 75.89987395114
P019 yt : [INFO     ] 2024-04-02 14:10:29,470 Parameters: current_time              = 75.89987395114
P012 yt : [INFO     ] 2024-04-02 14:10:29,470 Parameters: domain_dimensions         = [64 64 64]
P020 yt : [INFO     ] 2024-04-02 14:10:29,470 Parameters: domain_dimensions         = [64 64 64]
P008 yt : [INFO     ] 2024-04-02 14:10:29,470 Parameters: domain_dimensions         = [64 64 64]
P022 yt : [INFO     ] 2024-04-02 14:10:29,471 Parameters: current_time              = 75.89987395114
P013 yt : [INFO     ] 2024-04-02 14:10:29,471 Parameters: domain_dimensions         = [64 64 64]
P002 yt : [INFO     ] 2024-04-02 14:10:29,471 Parameters: current_time              = 75.89987395114
P003 yt : [INFO     ] 2024-04-02 14:10:29,471 Parameters: current_time              = 75.89987395114
P004 yt : [INFO     ] 2024-04-02 14:10:29,471 Parameters: domain_left_edge          = [0. 0. 0.]
P010 yt : [INFO     ] 2024-04-02 14:10:29,471 Parameters: domain_dimensions         = [64 64 64]
P005 yt : [INFO     ] 2024-04-02 14:10:29,471 Parameters: domain_dimensions         = [64 64 64]
P012 yt : [INFO     ] 2024-04-02 14:10:29,471 Parameters: domain_left_edge          = [0. 0. 0.]
P016 yt : [INFO     ] 2024-04-02 14:10:29,471 Parameters: domain_dimensions         = [64 64 64]
P019 yt : [INFO     ] 2024-04-02 14:10:29,471 Parameters: domain_dimensions         = [64 64 64]
P008 yt : [INFO     ] 2024-04-02 14:10:29,471 Parameters: domain_left_edge          = [0. 0. 0.]
P006 yt : [INFO     ] 2024-04-02 14:10:29,471 Parameters: domain_dimensions         = [64 64 64]
P007 yt : [INFO     ] 2024-04-02 14:10:29,471 Parameters: current_time              = 75.89987395114
P021 yt : [INFO     ] 2024-04-02 14:10:29,471 Parameters: domain_dimensions         = [64 64 64]
P013 yt : [INFO     ] 2024-04-02 14:10:29,471 Parameters: domain_left_edge          = [0. 0. 0.]
P020 yt : [INFO     ] 2024-04-02 14:10:29,471 Parameters: domain_left_edge          = [0. 0. 0.]
P022 yt : [INFO     ] 2024-04-02 14:10:29,471 Parameters: domain_dimensions         = [64 64 64]
P014 yt : [INFO     ] 2024-04-02 14:10:29,471 Parameters: current_time              = 75.89987395114
P004 yt : [INFO     ] 2024-04-02 14:10:29,471 Parameters: domain_right_edge         = [1. 1. 1.]
P010 yt : [INFO     ] 2024-04-02 14:10:29,471 Parameters: domain_left_edge          = [0. 0. 0.]
P003 yt : [INFO     ] 2024-04-02 14:10:29,471 Parameters: domain_dimensions         = [64 64 64]
P011 yt : [INFO     ] 2024-04-02 14:10:29,471 Parameters: current_time              = 75.89987395114
P004 yt : [INFO     ] 2024-04-02 14:10:29,471 Parameters: cosmological_simulation   = 1
P005 yt : [INFO     ] 2024-04-02 14:10:29,471 Parameters: domain_left_edge          = [0. 0. 0.]
P012 yt : [INFO     ] 2024-04-02 14:10:29,471 Parameters: domain_right_edge         = [1. 1. 1.]
P004 yt : [INFO     ] 2024-04-02 14:10:29,471 Parameters: current_redshift          = 11.181356517874
P016 yt : [INFO     ] 2024-04-02 14:10:29,471 Parameters: domain_left_edge          = [0. 0. 0.]
P012 yt : [INFO     ] 2024-04-02 14:10:29,471 Parameters: cosmological_simulation   = 1
P004 yt : [INFO     ] 2024-04-02 14:10:29,471 Parameters: omega_lambda              = 0.6889
P019 yt : [INFO     ] 2024-04-02 14:10:29,471 Parameters: domain_left_edge          = [0. 0. 0.]
P008 yt : [INFO     ] 2024-04-02 14:10:29,471 Parameters: domain_right_edge         = [1. 1. 1.]
P004 yt : [INFO     ] 2024-04-02 14:10:29,471 Parameters: omega_matter              = 0.3111
P012 yt : [INFO     ] 2024-04-02 14:10:29,471 Parameters: current_redshift          = 11.181356517874
P004 yt : [INFO     ] 2024-04-02 14:10:29,472 Parameters: omega_radiation           = 0
P012 yt : [INFO     ] 2024-04-02 14:10:29,472 Parameters: omega_lambda              = 0.6889
P008 yt : [INFO     ] 2024-04-02 14:10:29,472 Parameters: cosmological_simulation   = 1
P004 yt : [INFO     ] 2024-04-02 14:10:29,472 Parameters: hubble_constant           = 0.6766
P012 yt : [INFO     ] 2024-04-02 14:10:29,472 Parameters: omega_matter              = 0.3111
P006 yt : [INFO     ] 2024-04-02 14:10:29,471 Parameters: domain_left_edge          = [0. 0. 0.]
P008 yt : [INFO     ] 2024-04-02 14:10:29,472 Parameters: current_redshift          = 11.181356517874
P012 yt : [INFO     ] 2024-04-02 14:10:29,472 Parameters: omega_radiation           = 0
P008 yt : [INFO     ] 2024-04-02 14:10:29,472 Parameters: omega_lambda              = 0.6889
P012 yt : [INFO     ] 2024-04-02 14:10:29,472 Parameters: hubble_constant           = 0.6766
P021 yt : [INFO     ] 2024-04-02 14:10:29,471 Parameters: domain_left_edge          = [0. 0. 0.]
P008 yt : [INFO     ] 2024-04-02 14:10:29,472 Parameters: omega_matter              = 0.3111
P008 yt : [INFO     ] 2024-04-02 14:10:29,472 Parameters: omega_radiation           = 0
P013 yt : [INFO     ] 2024-04-02 14:10:29,471 Parameters: domain_right_edge         = [1. 1. 1.]
P022 yt : [INFO     ] 2024-04-02 14:10:29,471 Parameters: domain_left_edge          = [0. 0. 0.]
P008 yt : [INFO     ] 2024-04-02 14:10:29,472 Parameters: hubble_constant           = 0.6766
P020 yt : [INFO     ] 2024-04-02 14:10:29,471 Parameters: domain_right_edge         = [1. 1. 1.]
P013 yt : [INFO     ] 2024-04-02 14:10:29,472 Parameters: cosmological_simulation   = 1
P018 yt : [INFO     ] 2024-04-02 14:10:29,472 Parameters: domain_left_edge          = [0. 0. 0.]
P020 yt : [INFO     ] 2024-04-02 14:10:29,472 Parameters: cosmological_simulation   = 1
P013 yt : [INFO     ] 2024-04-02 14:10:29,472 Parameters: current_redshift          = 11.181356517874
P020 yt : [INFO     ] 2024-04-02 14:10:29,472 Parameters: current_redshift          = 11.181356517874
P013 yt : [INFO     ] 2024-04-02 14:10:29,472 Parameters: omega_lambda              = 0.6889
P014 yt : [INFO     ] 2024-04-02 14:10:29,472 Parameters: domain_dimensions         = [64 64 64]
P020 yt : [INFO     ] 2024-04-02 14:10:29,472 Parameters: omega_lambda              = 0.6889
P007 yt : [INFO     ] 2024-04-02 14:10:29,471 Parameters: domain_dimensions         = [64 64 64]
P013 yt : [INFO     ] 2024-04-02 14:10:29,472 Parameters: omega_matter              = 0.3111
P003 yt : [INFO     ] 2024-04-02 14:10:29,472 Parameters: domain_left_edge          = [0. 0. 0.]
P013 yt : [INFO     ] 2024-04-02 14:10:29,472 Parameters: omega_radiation           = 0
P020 yt : [INFO     ] 2024-04-02 14:10:29,472 Parameters: omega_matter              = 0.3111
P010 yt : [INFO     ] 2024-04-02 14:10:29,472 Parameters: domain_right_edge         = [1. 1. 1.]
P020 yt : [INFO     ] 2024-04-02 14:10:29,472 Parameters: omega_radiation           = 0
P013 yt : [INFO     ] 2024-04-02 14:10:29,472 Parameters: hubble_constant           = 0.6766
P010 yt : [INFO     ] 2024-04-02 14:10:29,472 Parameters: cosmological_simulation   = 1
P020 yt : [INFO     ] 2024-04-02 14:10:29,472 Parameters: hubble_constant           = 0.6766
P010 yt : [INFO     ] 2024-04-02 14:10:29,472 Parameters: current_redshift          = 11.181356517874
P005 yt : [INFO     ] 2024-04-02 14:10:29,472 Parameters: domain_right_edge         = [1. 1. 1.]
P016 yt : [INFO     ] 2024-04-02 14:10:29,472 Parameters: domain_right_edge         = [1. 1. 1.]
P010 yt : [INFO     ] 2024-04-02 14:10:29,472 Parameters: omega_lambda              = 0.6889
P011 yt : [INFO     ] 2024-04-02 14:10:29,472 Parameters: domain_dimensions         = [64 64 64]
P005 yt : [INFO     ] 2024-04-02 14:10:29,472 Parameters: cosmological_simulation   = 1
P019 yt : [INFO     ] 2024-04-02 14:10:29,472 Parameters: domain_right_edge         = [1. 1. 1.]
P010 yt : [INFO     ] 2024-04-02 14:10:29,472 Parameters: omega_matter              = 0.3111
P016 yt : [INFO     ] 2024-04-02 14:10:29,472 Parameters: cosmological_simulation   = 1
P005 yt : [INFO     ] 2024-04-02 14:10:29,472 Parameters: current_redshift          = 11.181356517874
P010 yt : [INFO     ] 2024-04-02 14:10:29,472 Parameters: omega_radiation           = 0
P016 yt : [INFO     ] 2024-04-02 14:10:29,472 Parameters: current_redshift          = 11.181356517874
P019 yt : [INFO     ] 2024-04-02 14:10:29,472 Parameters: cosmological_simulation   = 1
P005 yt : [INFO     ] 2024-04-02 14:10:29,472 Parameters: omega_lambda              = 0.6889
P010 yt : [INFO     ] 2024-04-02 14:10:29,472 Parameters: hubble_constant           = 0.6766
P006 yt : [INFO     ] 2024-04-02 14:10:29,472 Parameters: domain_right_edge         = [1. 1. 1.]
P016 yt : [INFO     ] 2024-04-02 14:10:29,472 Parameters: omega_lambda              = 0.6889
P019 yt : [INFO     ] 2024-04-02 14:10:29,472 Parameters: current_redshift          = 11.181356517874
P005 yt : [INFO     ] 2024-04-02 14:10:29,472 Parameters: omega_matter              = 0.3111
P016 yt : [INFO     ] 2024-04-02 14:10:29,472 Parameters: omega_matter              = 0.3111
P005 yt : [INFO     ] 2024-04-02 14:10:29,472 Parameters: omega_radiation           = 0
P006 yt : [INFO     ] 2024-04-02 14:10:29,472 Parameters: cosmological_simulation   = 1
P016 yt : [INFO     ] 2024-04-02 14:10:29,472 Parameters: omega_radiation           = 0
P016 yt : [INFO     ] 2024-04-02 14:10:29,472 Parameters: hubble_constant           = 0.6766
P019 yt : [INFO     ] 2024-04-02 14:10:29,472 Parameters: omega_lambda              = 0.6889
P019 yt : [INFO     ] 2024-04-02 14:10:29,472 Parameters: omega_matter              = 0.3111
P019 yt : [INFO     ] 2024-04-02 14:10:29,472 Parameters: omega_radiation           = 0
P021 yt : [INFO     ] 2024-04-02 14:10:29,472 Parameters: domain_right_edge         = [1. 1. 1.]
P021 yt : [INFO     ] 2024-04-02 14:10:29,472 Parameters: cosmological_simulation   = 1
P005 yt : [INFO     ] 2024-04-02 14:10:29,472 Parameters: hubble_constant           = 0.6766
P006 yt : [INFO     ] 2024-04-02 14:10:29,472 Parameters: current_redshift          = 11.181356517874
P006 yt : [INFO     ] 2024-04-02 14:10:29,472 Parameters: omega_lambda              = 0.6889
P006 yt : [INFO     ] 2024-04-02 14:10:29,472 Parameters: omega_matter              = 0.3111
P018 yt : [INFO     ] 2024-04-02 14:10:29,472 Parameters: domain_right_edge         = [1. 1. 1.]
P018 yt : [INFO     ] 2024-04-02 14:10:29,472 Parameters: cosmological_simulation   = 1
P019 yt : [INFO     ] 2024-04-02 14:10:29,472 Parameters: hubble_constant           = 0.6766
P022 yt : [INFO     ] 2024-04-02 14:10:29,472 Parameters: domain_right_edge         = [1. 1. 1.]
P022 yt : [INFO     ] 2024-04-02 14:10:29,472 Parameters: cosmological_simulation   = 1
P022 yt : [INFO     ] 2024-04-02 14:10:29,472 Parameters: current_redshift          = 11.181356517874
P022 yt : [INFO     ] 2024-04-02 14:10:29,472 Parameters: omega_lambda              = 0.6889
P006 yt : [INFO     ] 2024-04-02 14:10:29,472 Parameters: omega_radiation           = 0
P006 yt : [INFO     ] 2024-04-02 14:10:29,472 Parameters: hubble_constant           = 0.6766
P014 yt : [INFO     ] 2024-04-02 14:10:29,472 Parameters: domain_left_edge          = [0. 0. 0.]
P018 yt : [INFO     ] 2024-04-02 14:10:29,472 Parameters: current_redshift          = 11.181356517874
P018 yt : [INFO     ] 2024-04-02 14:10:29,472 Parameters: omega_lambda              = 0.6889
P021 yt : [INFO     ] 2024-04-02 14:10:29,472 Parameters: current_redshift          = 11.181356517874
P021 yt : [INFO     ] 2024-04-02 14:10:29,472 Parameters: omega_lambda              = 0.6889
P021 yt : [INFO     ] 2024-04-02 14:10:29,472 Parameters: omega_matter              = 0.3111
P021 yt : [INFO     ] 2024-04-02 14:10:29,472 Parameters: omega_radiation           = 0
P022 yt : [INFO     ] 2024-04-02 14:10:29,472 Parameters: omega_matter              = 0.3111
P022 yt : [INFO     ] 2024-04-02 14:10:29,472 Parameters: omega_radiation           = 0
P022 yt : [INFO     ] 2024-04-02 14:10:29,472 Parameters: hubble_constant           = 0.6766
P023 yt : [INFO     ] 2024-04-02 14:10:29,472 Parameters: current_time              = 75.89987395114
P003 yt : [INFO     ] 2024-04-02 14:10:29,472 Parameters: domain_right_edge         = [1. 1. 1.]
P007 yt : [INFO     ] 2024-04-02 14:10:29,472 Parameters: domain_left_edge          = [0. 0. 0.]
P018 yt : [INFO     ] 2024-04-02 14:10:29,472 Parameters: omega_matter              = 0.3111
P018 yt : [INFO     ] 2024-04-02 14:10:29,472 Parameters: omega_radiation           = 0
P018 yt : [INFO     ] 2024-04-02 14:10:29,472 Parameters: hubble_constant           = 0.6766
P021 yt : [INFO     ] 2024-04-02 14:10:29,472 Parameters: hubble_constant           = 0.6766
P003 yt : [INFO     ] 2024-04-02 14:10:29,472 Parameters: cosmological_simulation   = 1
P003 yt : [INFO     ] 2024-04-02 14:10:29,472 Parameters: current_redshift          = 11.181356517874
P009 yt : [INFO     ] 2024-04-02 14:10:29,472 Parameters: current_time              = 75.89987395114
P003 yt : [INFO     ] 2024-04-02 14:10:29,472 Parameters: omega_lambda              = 0.6889
P011 yt : [INFO     ] 2024-04-02 14:10:29,472 Parameters: domain_left_edge          = [0. 0. 0.]
P003 yt : [INFO     ] 2024-04-02 14:10:29,472 Parameters: omega_matter              = 0.3111
P003 yt : [INFO     ] 2024-04-02 14:10:29,472 Parameters: omega_radiation           = 0
P003 yt : [INFO     ] 2024-04-02 14:10:29,472 Parameters: hubble_constant           = 0.6766
P014 yt : [INFO     ] 2024-04-02 14:10:29,473 Parameters: domain_right_edge         = [1. 1. 1.]
P014 yt : [INFO     ] 2024-04-02 14:10:29,473 Parameters: cosmological_simulation   = 1
P007 yt : [INFO     ] 2024-04-02 14:10:29,473 Parameters: domain_right_edge         = [1. 1. 1.]
P014 yt : [INFO     ] 2024-04-02 14:10:29,473 Parameters: current_redshift          = 11.181356517874
P014 yt : [INFO     ] 2024-04-02 14:10:29,473 Parameters: omega_lambda              = 0.6889
P023 yt : [INFO     ] 2024-04-02 14:10:29,473 Parameters: domain_dimensions         = [64 64 64]
P007 yt : [INFO     ] 2024-04-02 14:10:29,473 Parameters: cosmological_simulation   = 1
P014 yt : [INFO     ] 2024-04-02 14:10:29,473 Parameters: omega_matter              = 0.3111
P014 yt : [INFO     ] 2024-04-02 14:10:29,473 Parameters: omega_radiation           = 0
P007 yt : [INFO     ] 2024-04-02 14:10:29,473 Parameters: current_redshift          = 11.181356517874
P007 yt : [INFO     ] 2024-04-02 14:10:29,473 Parameters: omega_lambda              = 0.6889
P014 yt : [INFO     ] 2024-04-02 14:10:29,473 Parameters: hubble_constant           = 0.6766
P007 yt : [INFO     ] 2024-04-02 14:10:29,473 Parameters: omega_matter              = 0.3111
P009 yt : [INFO     ] 2024-04-02 14:10:29,473 Parameters: domain_dimensions         = [64 64 64]
P007 yt : [INFO     ] 2024-04-02 14:10:29,473 Parameters: omega_radiation           = 0
P007 yt : [INFO     ] 2024-04-02 14:10:29,473 Parameters: hubble_constant           = 0.6766
P011 yt : [INFO     ] 2024-04-02 14:10:29,473 Parameters: domain_right_edge         = [1. 1. 1.]
P011 yt : [INFO     ] 2024-04-02 14:10:29,473 Parameters: cosmological_simulation   = 1
P011 yt : [INFO     ] 2024-04-02 14:10:29,473 Parameters: current_redshift          = 11.181356517874
P011 yt : [INFO     ] 2024-04-02 14:10:29,473 Parameters: omega_lambda              = 0.6889
P011 yt : [INFO     ] 2024-04-02 14:10:29,473 Parameters: omega_matter              = 0.3111
P011 yt : [INFO     ] 2024-04-02 14:10:29,473 Parameters: omega_radiation           = 0
P011 yt : [INFO     ] 2024-04-02 14:10:29,473 Parameters: hubble_constant           = 0.6766
P023 yt : [INFO     ] 2024-04-02 14:10:29,473 Parameters: domain_left_edge          = [0. 0. 0.]
P009 yt : [INFO     ] 2024-04-02 14:10:29,473 Parameters: domain_left_edge          = [0. 0. 0.]
P023 yt : [INFO     ] 2024-04-02 14:10:29,474 Parameters: domain_right_edge         = [1. 1. 1.]
P023 yt : [INFO     ] 2024-04-02 14:10:29,474 Parameters: cosmological_simulation   = 1
P023 yt : [INFO     ] 2024-04-02 14:10:29,474 Parameters: current_redshift          = 11.181356517874
P023 yt : [INFO     ] 2024-04-02 14:10:29,474 Parameters: omega_lambda              = 0.6889
P015 yt : [INFO     ] 2024-04-02 14:10:29,474 Parameters: current_time              = 75.89987395114
P009 yt : [INFO     ] 2024-04-02 14:10:29,474 Parameters: domain_right_edge         = [1. 1. 1.]
P023 yt : [INFO     ] 2024-04-02 14:10:29,474 Parameters: omega_matter              = 0.3111
P023 yt : [INFO     ] 2024-04-02 14:10:29,474 Parameters: omega_radiation           = 0
P009 yt : [INFO     ] 2024-04-02 14:10:29,474 Parameters: cosmological_simulation   = 1
P023 yt : [INFO     ] 2024-04-02 14:10:29,474 Parameters: hubble_constant           = 0.6766
P009 yt : [INFO     ] 2024-04-02 14:10:29,474 Parameters: current_redshift          = 11.181356517874
P009 yt : [INFO     ] 2024-04-02 14:10:29,474 Parameters: omega_lambda              = 0.6889
P009 yt : [INFO     ] 2024-04-02 14:10:29,474 Parameters: omega_matter              = 0.3111
P009 yt : [INFO     ] 2024-04-02 14:10:29,474 Parameters: omega_radiation           = 0
P009 yt : [INFO     ] 2024-04-02 14:10:29,474 Parameters: hubble_constant           = 0.6766
P015 yt : [INFO     ] 2024-04-02 14:10:29,474 Parameters: domain_dimensions         = [64 64 64]
P015 yt : [INFO     ] 2024-04-02 14:10:29,475 Parameters: domain_left_edge          = [0. 0. 0.]
P015 yt : [INFO     ] 2024-04-02 14:10:29,475 Parameters: domain_right_edge         = [1. 1. 1.]
P015 yt : [INFO     ] 2024-04-02 14:10:29,475 Parameters: cosmological_simulation   = 1
P015 yt : [INFO     ] 2024-04-02 14:10:29,475 Parameters: current_redshift          = 11.181356517874
P015 yt : [INFO     ] 2024-04-02 14:10:29,475 Parameters: omega_lambda              = 0.6889
P015 yt : [INFO     ] 2024-04-02 14:10:29,475 Parameters: omega_matter              = 0.3111
P015 yt : [INFO     ] 2024-04-02 14:10:29,475 Parameters: omega_radiation           = 0
P015 yt : [INFO     ] 2024-04-02 14:10:29,475 Parameters: hubble_constant           = 0.6766
P002 yt : [INFO     ] 2024-04-02 14:10:29,475 Parameters: domain_dimensions         = [64 64 64]
P002 yt : [INFO     ] 2024-04-02 14:10:29,476 Parameters: domain_left_edge          = [0. 0. 0.]
P002 yt : [INFO     ] 2024-04-02 14:10:29,477 Parameters: domain_right_edge         = [1. 1. 1.]
P002 yt : [INFO     ] 2024-04-02 14:10:29,477 Parameters: cosmological_simulation   = 1
P002 yt : [INFO     ] 2024-04-02 14:10:29,477 Parameters: current_redshift          = 11.181356517874
P002 yt : [INFO     ] 2024-04-02 14:10:29,477 Parameters: omega_lambda              = 0.6889
P002 yt : [INFO     ] 2024-04-02 14:10:29,477 Parameters: omega_matter              = 0.3111
P002 yt : [INFO     ] 2024-04-02 14:10:29,477 Parameters: omega_radiation           = 0
P002 yt : [INFO     ] 2024-04-02 14:10:29,477 Parameters: hubble_constant           = 0.6766
P001 yt : [INFO     ] 2024-04-02 14:10:29,477 Parameters: current_time              = 75.89987395114
P001 yt : [INFO     ] 2024-04-02 14:10:29,477 Parameters: domain_dimensions         = [64 64 64]
P001 yt : [INFO     ] 2024-04-02 14:10:29,478 Parameters: domain_left_edge          = [0. 0. 0.]
P001 yt : [INFO     ] 2024-04-02 14:10:29,478 Parameters: domain_right_edge         = [1. 1. 1.]
P001 yt : [INFO     ] 2024-04-02 14:10:29,478 Parameters: cosmological_simulation   = 1
P001 yt : [INFO     ] 2024-04-02 14:10:29,479 Parameters: current_redshift          = 11.181356517874
P001 yt : [INFO     ] 2024-04-02 14:10:29,479 Parameters: omega_lambda              = 0.6889
P001 yt : [INFO     ] 2024-04-02 14:10:29,479 Parameters: omega_matter              = 0.3111
P001 yt : [INFO     ] 2024-04-02 14:10:29,479 Parameters: omega_radiation           = 0
P001 yt : [INFO     ] 2024-04-02 14:10:29,479 Parameters: hubble_constant           = 0.6766
P032 yt : [INFO     ] 2024-04-02 14:10:29,482 Parameters: current_time              = 75.89987395114
P032 yt : [INFO     ] 2024-04-02 14:10:29,482 Parameters: domain_dimensions         = [64 64 64]
P032 yt : [INFO     ] 2024-04-02 14:10:29,483 Parameters: domain_left_edge          = [0. 0. 0.]
P032 yt : [INFO     ] 2024-04-02 14:10:29,483 Parameters: domain_right_edge         = [1. 1. 1.]
P032 yt : [INFO     ] 2024-04-02 14:10:29,483 Parameters: cosmological_simulation   = 1
P032 yt : [INFO     ] 2024-04-02 14:10:29,483 Parameters: current_redshift          = 11.181356517874
P032 yt : [INFO     ] 2024-04-02 14:10:29,483 Parameters: omega_lambda              = 0.6889
P032 yt : [INFO     ] 2024-04-02 14:10:29,483 Parameters: omega_matter              = 0.3111
P032 yt : [INFO     ] 2024-04-02 14:10:29,483 Parameters: omega_radiation           = 0
P032 yt : [INFO     ] 2024-04-02 14:10:29,483 Parameters: hubble_constant           = 0.6766
P017 yt : [INFO     ] 2024-04-02 14:10:29,482 Parameters: current_time              = 75.89987395114
P017 yt : [INFO     ] 2024-04-02 14:10:29,483 Parameters: domain_dimensions         = [64 64 64]
P017 yt : [INFO     ] 2024-04-02 14:10:29,483 Parameters: domain_left_edge          = [0. 0. 0.]
P017 yt : [INFO     ] 2024-04-02 14:10:29,484 Parameters: domain_right_edge         = [1. 1. 1.]
P017 yt : [INFO     ] 2024-04-02 14:10:29,484 Parameters: cosmological_simulation   = 1
P017 yt : [INFO     ] 2024-04-02 14:10:29,484 Parameters: current_redshift          = 11.181356517874
P017 yt : [INFO     ] 2024-04-02 14:10:29,484 Parameters: omega_lambda              = 0.6889
P017 yt : [INFO     ] 2024-04-02 14:10:29,484 Parameters: omega_matter              = 0.3111
P017 yt : [INFO     ] 2024-04-02 14:10:29,484 Parameters: omega_radiation           = 0
P017 yt : [INFO     ] 2024-04-02 14:10:29,484 Parameters: hubble_constant           = 0.6766
Additional features and improved performance (usually) by saving this arbor with "save_arbor" and reloading:
	>>> a = ytree.load("/storage/home/hcoda1/0/jw254/data/SG64-2020/rockstar_halos-jhw/trees/tree_0_0_0.dat")
	>>> fn = a.save_arbor()
	>>> a = ytree.load(fn)
Additional features and improved performance (usually) by saving this arbor with "save_arbor" and reloading:
	>>> a = ytree.load("/storage/home/hcoda1/0/jw254/data/SG64-2020/rockstar_halos-jhw/trees/tree_0_0_0.dat")
	>>> fn = a.save_arbor()
	>>> a = ytree.load(fn)
Additional features and improved performance (usually) by saving this arbor with "save_arbor" and reloading:
	>>> a = ytree.load("/storage/home/hcoda1/0/jw254/data/SG64-2020/rockstar_halos-jhw/trees/tree_0_0_0.dat")
	>>> fn = a.save_arbor()
	>>> a = ytree.load(fn)
Additional features and improved performance (usually) by saving this arbor with "save_arbor" and reloading:
	>>> a = ytree.load("/storage/home/hcoda1/0/jw254/data/SG64-2020/rockstar_halos-jhw/trees/tree_0_0_0.dat")
	>>> fn = a.save_arbor()
	>>> a = ytree.load(fn)
Additional features and improved performance (usually) by saving this arbor with "save_arbor" and reloading:
	>>> a = ytree.load("/storage/home/hcoda1/0/jw254/data/SG64-2020/rockstar_halos-jhw/trees/tree_0_0_0.dat")
	>>> fn = a.save_arbor()
	>>> a = ytree.load(fn)
Additional features and improved performance (usually) by saving this arbor with "save_arbor" and reloading:
	>>> a = ytree.load("/storage/home/hcoda1/0/jw254/data/SG64-2020/rockstar_halos-jhw/trees/tree_0_0_0.dat")
	>>> fn = a.save_arbor()
	>>> a = ytree.load(fn)
Additional features and improved performance (usually) by saving this arbor with "save_arbor" and reloading:
	>>> a = ytree.load("/storage/home/hcoda1/0/jw254/data/SG64-2020/rockstar_halos-jhw/trees/tree_0_0_0.dat")
	>>> fn = a.save_arbor()
	>>> a = ytree.load(fn)
Additional features and improved performance (usually) by saving this arbor with "save_arbor" and reloading:
	>>> a = ytree.load("/storage/home/hcoda1/0/jw254/data/SG64-2020/rockstar_halos-jhw/trees/tree_0_0_0.dat")
	>>> fn = a.save_arbor()
	>>> a = ytree.load(fn)
Additional features and improved performance (usually) by saving this arbor with "save_arbor" and reloading:
	>>> a = ytree.load("/storage/home/hcoda1/0/jw254/data/SG64-2020/rockstar_halos-jhw/trees/tree_0_0_0.dat")
	>>> fn = a.save_arbor()
	>>> a = ytree.load(fn)
Additional features and improved performance (usually) by saving this arbor with "save_arbor" and reloading:
	>>> a = ytree.load("/storage/home/hcoda1/0/jw254/data/SG64-2020/rockstar_halos-jhw/trees/tree_0_0_0.dat")
	>>> fn = a.save_arbor()
	>>> a = ytree.load(fn)
Additional features and improved performance (usually) by saving this arbor with "save_arbor" and reloading:
	>>> a = ytree.load("/storage/home/hcoda1/0/jw254/data/SG64-2020/rockstar_halos-jhw/trees/tree_0_0_0.dat")
	>>> fn = a.save_arbor()
	>>> a = ytree.load(fn)
Additional features and improved performance (usually) by saving this arbor with "save_arbor" and reloading:
	>>> a = ytree.load("/storage/home/hcoda1/0/jw254/data/SG64-2020/rockstar_halos-jhw/trees/tree_0_0_0.dat")
	>>> fn = a.save_arbor()
	>>> a = ytree.load(fn)
Additional features and improved performance (usually) by saving this arbor with "save_arbor" and reloading:
	>>> a = ytree.load("/storage/home/hcoda1/0/jw254/data/SG64-2020/rockstar_halos-jhw/trees/tree_0_0_0.dat")
	>>> fn = a.save_arbor()
	>>> a = ytree.load(fn)
Additional features and improved performance (usually) by saving this arbor with "save_arbor" and reloading:
	>>> a = ytree.load("/storage/home/hcoda1/0/jw254/data/SG64-2020/rockstar_halos-jhw/trees/tree_0_0_0.dat")
	>>> fn = a.save_arbor()
	>>> a = ytree.load(fn)
Additional features and improved performance (usually) by saving this arbor with "save_arbor" and reloading:
	>>> a = ytree.load("/storage/home/hcoda1/0/jw254/data/SG64-2020/rockstar_halos-jhw/trees/tree_0_0_0.dat")
	>>> fn = a.save_arbor()
	>>> a = ytree.load(fn)
Additional features and improved performance (usually) by saving this arbor with "save_arbor" and reloading:
	>>> a = ytree.load("/storage/home/hcoda1/0/jw254/data/SG64-2020/rockstar_halos-jhw/trees/tree_0_0_0.dat")
	>>> fn = a.save_arbor()
	>>> a = ytree.load(fn)
Additional features and improved performance (usually) by saving this arbor with "save_arbor" and reloading:
	>>> a = ytree.load("/storage/home/hcoda1/0/jw254/data/SG64-2020/rockstar_halos-jhw/trees/tree_0_0_0.dat")
	>>> fn = a.save_arbor()
	>>> a = ytree.load(fn)
Additional features and improved performance (usually) by saving this arbor with "save_arbor" and reloading:
	>>> a = ytree.load("/storage/home/hcoda1/0/jw254/data/SG64-2020/rockstar_halos-jhw/trees/tree_0_0_0.dat")
	>>> fn = a.save_arbor()
	>>> a = ytree.load(fn)
Additional features and improved performance (usually) by saving this arbor with "save_arbor" and reloading:
	>>> a = ytree.load("/storage/home/hcoda1/0/jw254/data/SG64-2020/rockstar_halos-jhw/trees/tree_0_0_0.dat")
	>>> fn = a.save_arbor()
	>>> a = ytree.load(fn)
Additional features and improved performance (usually) by saving this arbor with "save_arbor" and reloading:
	>>> a = ytree.load("/storage/home/hcoda1/0/jw254/data/SG64-2020/rockstar_halos-jhw/trees/tree_0_0_0.dat")
	>>> fn = a.save_arbor()
	>>> a = ytree.load(fn)
Additional features and improved performance (usually) by saving this arbor with "save_arbor" and reloading:
	>>> a = ytree.load("/storage/home/hcoda1/0/jw254/data/SG64-2020/rockstar_halos-jhw/trees/tree_0_0_0.dat")
	>>> fn = a.save_arbor()
	>>> a = ytree.load(fn)
Additional features and improved performance (usually) by saving this arbor with "save_arbor" and reloading:
	>>> a = ytree.load("/storage/home/hcoda1/0/jw254/data/SG64-2020/rockstar_halos-jhw/trees/tree_0_0_0.dat")
	>>> fn = a.save_arbor()
	>>> a = ytree.load(fn)
Additional features and improved performance (usually) by saving this arbor with "save_arbor" and reloading:
	>>> a = ytree.load("/storage/home/hcoda1/0/jw254/data/SG64-2020/rockstar_halos-jhw/trees/tree_0_0_0.dat")
	>>> fn = a.save_arbor()
	>>> a = ytree.load(fn)
Additional features and improved performance (usually) by saving this arbor with "save_arbor" and reloading:
	>>> a = ytree.load("/storage/home/hcoda1/0/jw254/data/SG64-2020/rockstar_halos-jhw/trees/tree_0_0_0.dat")
	>>> fn = a.save_arbor()
	>>> a = ytree.load(fn)
P042 yt : [INFO     ] 2024-04-02 14:10:29,503 Parameters: current_time              = 75.89987395114
P046 yt : [INFO     ] 2024-04-02 14:10:29,503 Parameters: current_time              = 75.89987395114
P042 yt : [INFO     ] 2024-04-02 14:10:29,503 Parameters: domain_dimensions         = [64 64 64]
P046 yt : [INFO     ] 2024-04-02 14:10:29,504 Parameters: domain_dimensions         = [64 64 64]
P042 yt : [INFO     ] 2024-04-02 14:10:29,504 Parameters: domain_left_edge          = [0. 0. 0.]
P030 yt : [INFO     ] 2024-04-02 14:10:29,504 Parameters: current_time              = 75.89987395114
P046 yt : [INFO     ] 2024-04-02 14:10:29,504 Parameters: domain_left_edge          = [0. 0. 0.]
P044 yt : [INFO     ] 2024-04-02 14:10:29,504 Parameters: current_time              = 75.89987395114
P042 yt : [INFO     ] 2024-04-02 14:10:29,504 Parameters: domain_right_edge         = [1. 1. 1.]
P042 yt : [INFO     ] 2024-04-02 14:10:29,504 Parameters: cosmological_simulation   = 1
P042 yt : [INFO     ] 2024-04-02 14:10:29,504 Parameters: current_redshift          = 11.181356517874
P042 yt : [INFO     ] 2024-04-02 14:10:29,504 Parameters: omega_lambda              = 0.6889
P042 yt : [INFO     ] 2024-04-02 14:10:29,504 Parameters: omega_matter              = 0.3111
P041 yt : [INFO     ] 2024-04-02 14:10:29,504 Parameters: current_time              = 75.89987395114
P042 yt : [INFO     ] 2024-04-02 14:10:29,504 Parameters: omega_radiation           = 0
P042 yt : [INFO     ] 2024-04-02 14:10:29,505 Parameters: hubble_constant           = 0.6766
P046 yt : [INFO     ] 2024-04-02 14:10:29,504 Parameters: domain_right_edge         = [1. 1. 1.]
P030 yt : [INFO     ] 2024-04-02 14:10:29,504 Parameters: domain_dimensions         = [64 64 64]
P046 yt : [INFO     ] 2024-04-02 14:10:29,505 Parameters: cosmological_simulation   = 1
P046 yt : [INFO     ] 2024-04-02 14:10:29,505 Parameters: current_redshift          = 11.181356517874
P044 yt : [INFO     ] 2024-04-02 14:10:29,505 Parameters: domain_dimensions         = [64 64 64]
P046 yt : [INFO     ] 2024-04-02 14:10:29,505 Parameters: omega_lambda              = 0.6889
P046 yt : [INFO     ] 2024-04-02 14:10:29,505 Parameters: omega_matter              = 0.3111
P046 yt : [INFO     ] 2024-04-02 14:10:29,505 Parameters: omega_radiation           = 0
P046 yt : [INFO     ] 2024-04-02 14:10:29,505 Parameters: hubble_constant           = 0.6766
P026 yt : [INFO     ] 2024-04-02 14:10:29,505 Parameters: current_time              = 75.89987395114
P030 yt : [INFO     ] 2024-04-02 14:10:29,505 Parameters: domain_left_edge          = [0. 0. 0.]
P041 yt : [INFO     ] 2024-04-02 14:10:29,505 Parameters: domain_dimensions         = [64 64 64]
P029 yt : [INFO     ] 2024-04-02 14:10:29,505 Parameters: current_time              = 75.89987395114
P039 yt : [INFO     ] 2024-04-02 14:10:29,505 Parameters: current_time              = 75.89987395114
P024 yt : [INFO     ] 2024-04-02 14:10:29,505 Parameters: current_time              = 75.89987395114
P044 yt : [INFO     ] 2024-04-02 14:10:29,505 Parameters: domain_left_edge          = [0. 0. 0.]
P037 yt : [INFO     ] 2024-04-02 14:10:29,506 Parameters: current_time              = 75.89987395114
P030 yt : [INFO     ] 2024-04-02 14:10:29,506 Parameters: domain_right_edge         = [1. 1. 1.]
P041 yt : [INFO     ] 2024-04-02 14:10:29,506 Parameters: domain_left_edge          = [0. 0. 0.]
P030 yt : [INFO     ] 2024-04-02 14:10:29,506 Parameters: cosmological_simulation   = 1
P026 yt : [INFO     ] 2024-04-02 14:10:29,506 Parameters: domain_dimensions         = [64 64 64]
P030 yt : [INFO     ] 2024-04-02 14:10:29,506 Parameters: current_redshift          = 11.181356517874
P030 yt : [INFO     ] 2024-04-02 14:10:29,506 Parameters: omega_lambda              = 0.6889
P033 yt : [INFO     ] 2024-04-02 14:10:29,506 Parameters: current_time              = 75.89987395114
P030 yt : [INFO     ] 2024-04-02 14:10:29,506 Parameters: omega_matter              = 0.3111
P030 yt : [INFO     ] 2024-04-02 14:10:29,506 Parameters: omega_radiation           = 0
P030 yt : [INFO     ] 2024-04-02 14:10:29,506 Parameters: hubble_constant           = 0.6766
P029 yt : [INFO     ] 2024-04-02 14:10:29,506 Parameters: domain_dimensions         = [64 64 64]
P039 yt : [INFO     ] 2024-04-02 14:10:29,506 Parameters: domain_dimensions         = [64 64 64]
P044 yt : [INFO     ] 2024-04-02 14:10:29,506 Parameters: domain_right_edge         = [1. 1. 1.]
P028 yt : [INFO     ] 2024-04-02 14:10:29,506 Parameters: current_time              = 75.89987395114
P044 yt : [INFO     ] 2024-04-02 14:10:29,506 Parameters: cosmological_simulation   = 1
P044 yt : [INFO     ] 2024-04-02 14:10:29,506 Parameters: current_redshift          = 11.181356517874
P044 yt : [INFO     ] 2024-04-02 14:10:29,506 Parameters: omega_lambda              = 0.6889
P024 yt : [INFO     ] 2024-04-02 14:10:29,506 Parameters: domain_dimensions         = [64 64 64]
P044 yt : [INFO     ] 2024-04-02 14:10:29,506 Parameters: omega_matter              = 0.3111
P041 yt : [INFO     ] 2024-04-02 14:10:29,506 Parameters: domain_right_edge         = [1. 1. 1.]
P044 yt : [INFO     ] 2024-04-02 14:10:29,506 Parameters: omega_radiation           = 0
P031 yt : [INFO     ] 2024-04-02 14:10:29,506 Parameters: current_time              = 75.89987395114
P044 yt : [INFO     ] 2024-04-02 14:10:29,506 Parameters: hubble_constant           = 0.6766
P037 yt : [INFO     ] 2024-04-02 14:10:29,506 Parameters: domain_dimensions         = [64 64 64]
P041 yt : [INFO     ] 2024-04-02 14:10:29,506 Parameters: cosmological_simulation   = 1
P026 yt : [INFO     ] 2024-04-02 14:10:29,506 Parameters: domain_left_edge          = [0. 0. 0.]
P041 yt : [INFO     ] 2024-04-02 14:10:29,506 Parameters: current_redshift          = 11.181356517874
P041 yt : [INFO     ] 2024-04-02 14:10:29,506 Parameters: omega_lambda              = 0.6889
P041 yt : [INFO     ] 2024-04-02 14:10:29,506 Parameters: omega_matter              = 0.3111
P047 yt : [INFO     ] 2024-04-02 14:10:29,506 Parameters: current_time              = 75.89987395114
P041 yt : [INFO     ] 2024-04-02 14:10:29,506 Parameters: omega_radiation           = 0
P041 yt : [INFO     ] 2024-04-02 14:10:29,506 Parameters: hubble_constant           = 0.6766
P043 yt : [INFO     ] 2024-04-02 14:10:29,506 Parameters: current_time              = 75.89987395114
P039 yt : [INFO     ] 2024-04-02 14:10:29,506 Parameters: domain_left_edge          = [0. 0. 0.]
P029 yt : [INFO     ] 2024-04-02 14:10:29,506 Parameters: domain_left_edge          = [0. 0. 0.]
P028 yt : [INFO     ] 2024-04-02 14:10:29,506 Parameters: domain_dimensions         = [64 64 64]
P033 yt : [INFO     ] 2024-04-02 14:10:29,506 Parameters: domain_dimensions         = [64 64 64]
P024 yt : [INFO     ] 2024-04-02 14:10:29,506 Parameters: domain_left_edge          = [0. 0. 0.]
P040 yt : [INFO     ] 2024-04-02 14:10:29,507 Parameters: current_time              = 75.89987395114
P037 yt : [INFO     ] 2024-04-02 14:10:29,507 Parameters: domain_left_edge          = [0. 0. 0.]
P026 yt : [INFO     ] 2024-04-02 14:10:29,507 Parameters: domain_right_edge         = [1. 1. 1.]
P031 yt : [INFO     ] 2024-04-02 14:10:29,507 Parameters: domain_dimensions         = [64 64 64]
P026 yt : [INFO     ] 2024-04-02 14:10:29,507 Parameters: cosmological_simulation   = 1
P026 yt : [INFO     ] 2024-04-02 14:10:29,507 Parameters: current_redshift          = 11.181356517874
P026 yt : [INFO     ] 2024-04-02 14:10:29,507 Parameters: omega_lambda              = 0.6889
P026 yt : [INFO     ] 2024-04-02 14:10:29,507 Parameters: omega_matter              = 0.3111
P026 yt : [INFO     ] 2024-04-02 14:10:29,507 Parameters: omega_radiation           = 0
P029 yt : [INFO     ] 2024-04-02 14:10:29,507 Parameters: domain_right_edge         = [1. 1. 1.]
P039 yt : [INFO     ] 2024-04-02 14:10:29,507 Parameters: domain_right_edge         = [1. 1. 1.]
P047 yt : [INFO     ] 2024-04-02 14:10:29,507 Parameters: domain_dimensions         = [64 64 64]
P026 yt : [INFO     ] 2024-04-02 14:10:29,507 Parameters: hubble_constant           = 0.6766
P029 yt : [INFO     ] 2024-04-02 14:10:29,507 Parameters: cosmological_simulation   = 1
P039 yt : [INFO     ] 2024-04-02 14:10:29,507 Parameters: cosmological_simulation   = 1
P043 yt : [INFO     ] 2024-04-02 14:10:29,507 Parameters: domain_dimensions         = [64 64 64]
P029 yt : [INFO     ] 2024-04-02 14:10:29,507 Parameters: current_redshift          = 11.181356517874
P039 yt : [INFO     ] 2024-04-02 14:10:29,507 Parameters: current_redshift          = 11.181356517874
P029 yt : [INFO     ] 2024-04-02 14:10:29,507 Parameters: omega_lambda              = 0.6889
P039 yt : [INFO     ] 2024-04-02 14:10:29,507 Parameters: omega_lambda              = 0.6889
P028 yt : [INFO     ] 2024-04-02 14:10:29,507 Parameters: domain_left_edge          = [0. 0. 0.]
P029 yt : [INFO     ] 2024-04-02 14:10:29,507 Parameters: omega_matter              = 0.3111
P033 yt : [INFO     ] 2024-04-02 14:10:29,507 Parameters: domain_left_edge          = [0. 0. 0.]
P039 yt : [INFO     ] 2024-04-02 14:10:29,507 Parameters: omega_matter              = 0.3111
P024 yt : [INFO     ] 2024-04-02 14:10:29,507 Parameters: domain_right_edge         = [1. 1. 1.]
P029 yt : [INFO     ] 2024-04-02 14:10:29,507 Parameters: omega_radiation           = 0
P029 yt : [INFO     ] 2024-04-02 14:10:29,507 Parameters: hubble_constant           = 0.6766
P039 yt : [INFO     ] 2024-04-02 14:10:29,507 Parameters: omega_radiation           = 0
P039 yt : [INFO     ] 2024-04-02 14:10:29,507 Parameters: hubble_constant           = 0.6766
P024 yt : [INFO     ] 2024-04-02 14:10:29,507 Parameters: cosmological_simulation   = 1
P024 yt : [INFO     ] 2024-04-02 14:10:29,507 Parameters: current_redshift          = 11.181356517874
P024 yt : [INFO     ] 2024-04-02 14:10:29,507 Parameters: omega_lambda              = 0.6889
P037 yt : [INFO     ] 2024-04-02 14:10:29,507 Parameters: domain_right_edge         = [1. 1. 1.]
P040 yt : [INFO     ] 2024-04-02 14:10:29,507 Parameters: domain_dimensions         = [64 64 64]
P024 yt : [INFO     ] 2024-04-02 14:10:29,507 Parameters: omega_matter              = 0.3111
P031 yt : [INFO     ] 2024-04-02 14:10:29,507 Parameters: domain_left_edge          = [0. 0. 0.]
P024 yt : [INFO     ] 2024-04-02 14:10:29,507 Parameters: omega_radiation           = 0
P037 yt : [INFO     ] 2024-04-02 14:10:29,507 Parameters: cosmological_simulation   = 1
P037 yt : [INFO     ] 2024-04-02 14:10:29,507 Parameters: current_redshift          = 11.181356517874
P024 yt : [INFO     ] 2024-04-02 14:10:29,507 Parameters: hubble_constant           = 0.6766
P037 yt : [INFO     ] 2024-04-02 14:10:29,507 Parameters: omega_lambda              = 0.6889
P037 yt : [INFO     ] 2024-04-02 14:10:29,507 Parameters: omega_matter              = 0.3111
P037 yt : [INFO     ] 2024-04-02 14:10:29,507 Parameters: omega_radiation           = 0
P037 yt : [INFO     ] 2024-04-02 14:10:29,507 Parameters: hubble_constant           = 0.6766
P047 yt : [INFO     ] 2024-04-02 14:10:29,507 Parameters: domain_left_edge          = [0. 0. 0.]
P034 yt : [INFO     ] 2024-04-02 14:10:29,507 Parameters: current_time              = 75.89987395114
P043 yt : [INFO     ] 2024-04-02 14:10:29,507 Parameters: domain_left_edge          = [0. 0. 0.]
P028 yt : [INFO     ] 2024-04-02 14:10:29,507 Parameters: domain_right_edge         = [1. 1. 1.]
P033 yt : [INFO     ] 2024-04-02 14:10:29,507 Parameters: domain_right_edge         = [1. 1. 1.]
P033 yt : [INFO     ] 2024-04-02 14:10:29,508 Parameters: cosmological_simulation   = 1
P028 yt : [INFO     ] 2024-04-02 14:10:29,508 Parameters: cosmological_simulation   = 1
P028 yt : [INFO     ] 2024-04-02 14:10:29,508 Parameters: current_redshift          = 11.181356517874
P033 yt : [INFO     ] 2024-04-02 14:10:29,508 Parameters: current_redshift          = 11.181356517874
P033 yt : [INFO     ] 2024-04-02 14:10:29,508 Parameters: omega_lambda              = 0.6889
P028 yt : [INFO     ] 2024-04-02 14:10:29,508 Parameters: omega_lambda              = 0.6889
P028 yt : [INFO     ] 2024-04-02 14:10:29,508 Parameters: omega_matter              = 0.3111
P033 yt : [INFO     ] 2024-04-02 14:10:29,508 Parameters: omega_matter              = 0.3111
P040 yt : [INFO     ] 2024-04-02 14:10:29,508 Parameters: domain_left_edge          = [0. 0. 0.]
P028 yt : [INFO     ] 2024-04-02 14:10:29,508 Parameters: omega_radiation           = 0
P031 yt : [INFO     ] 2024-04-02 14:10:29,508 Parameters: domain_right_edge         = [1. 1. 1.]
P033 yt : [INFO     ] 2024-04-02 14:10:29,508 Parameters: omega_radiation           = 0
P033 yt : [INFO     ] 2024-04-02 14:10:29,508 Parameters: hubble_constant           = 0.6766
P038 yt : [INFO     ] 2024-04-02 14:10:29,508 Parameters: current_time              = 75.89987395114
P028 yt : [INFO     ] 2024-04-02 14:10:29,508 Parameters: hubble_constant           = 0.6766
P031 yt : [INFO     ] 2024-04-02 14:10:29,508 Parameters: cosmological_simulation   = 1
P031 yt : [INFO     ] 2024-04-02 14:10:29,508 Parameters: current_redshift          = 11.181356517874
P031 yt : [INFO     ] 2024-04-02 14:10:29,508 Parameters: omega_lambda              = 0.6889
P031 yt : [INFO     ] 2024-04-02 14:10:29,508 Parameters: omega_matter              = 0.3111
P031 yt : [INFO     ] 2024-04-02 14:10:29,508 Parameters: omega_radiation           = 0
P047 yt : [INFO     ] 2024-04-02 14:10:29,508 Parameters: domain_right_edge         = [1. 1. 1.]
P031 yt : [INFO     ] 2024-04-02 14:10:29,508 Parameters: hubble_constant           = 0.6766
P043 yt : [INFO     ] 2024-04-02 14:10:29,508 Parameters: domain_right_edge         = [1. 1. 1.]
P047 yt : [INFO     ] 2024-04-02 14:10:29,508 Parameters: cosmological_simulation   = 1
P047 yt : [INFO     ] 2024-04-02 14:10:29,508 Parameters: current_redshift          = 11.181356517874
P043 yt : [INFO     ] 2024-04-02 14:10:29,508 Parameters: cosmological_simulation   = 1
P047 yt : [INFO     ] 2024-04-02 14:10:29,508 Parameters: omega_lambda              = 0.6889
P043 yt : [INFO     ] 2024-04-02 14:10:29,508 Parameters: current_redshift          = 11.181356517874
P047 yt : [INFO     ] 2024-04-02 14:10:29,508 Parameters: omega_matter              = 0.3111
P043 yt : [INFO     ] 2024-04-02 14:10:29,508 Parameters: omega_lambda              = 0.6889
P047 yt : [INFO     ] 2024-04-02 14:10:29,508 Parameters: omega_radiation           = 0
P043 yt : [INFO     ] 2024-04-02 14:10:29,508 Parameters: omega_matter              = 0.3111
P047 yt : [INFO     ] 2024-04-02 14:10:29,508 Parameters: hubble_constant           = 0.6766
P043 yt : [INFO     ] 2024-04-02 14:10:29,508 Parameters: omega_radiation           = 0
P043 yt : [INFO     ] 2024-04-02 14:10:29,508 Parameters: hubble_constant           = 0.6766
P040 yt : [INFO     ] 2024-04-02 14:10:29,508 Parameters: domain_right_edge         = [1. 1. 1.]
P040 yt : [INFO     ] 2024-04-02 14:10:29,508 Parameters: cosmological_simulation   = 1
P040 yt : [INFO     ] 2024-04-02 14:10:29,508 Parameters: current_redshift          = 11.181356517874
P034 yt : [INFO     ] 2024-04-02 14:10:29,508 Parameters: domain_dimensions         = [64 64 64]
P038 yt : [INFO     ] 2024-04-02 14:10:29,508 Parameters: domain_dimensions         = [64 64 64]
P040 yt : [INFO     ] 2024-04-02 14:10:29,508 Parameters: omega_lambda              = 0.6889
P040 yt : [INFO     ] 2024-04-02 14:10:29,508 Parameters: omega_matter              = 0.3111
P040 yt : [INFO     ] 2024-04-02 14:10:29,508 Parameters: omega_radiation           = 0
P040 yt : [INFO     ] 2024-04-02 14:10:29,508 Parameters: hubble_constant           = 0.6766
P034 yt : [INFO     ] 2024-04-02 14:10:29,509 Parameters: domain_left_edge          = [0. 0. 0.]
P038 yt : [INFO     ] 2024-04-02 14:10:29,509 Parameters: domain_left_edge          = [0. 0. 0.]
P034 yt : [INFO     ] 2024-04-02 14:10:29,509 Parameters: domain_right_edge         = [1. 1. 1.]
P034 yt : [INFO     ] 2024-04-02 14:10:29,509 Parameters: cosmological_simulation   = 1
P034 yt : [INFO     ] 2024-04-02 14:10:29,509 Parameters: current_redshift          = 11.181356517874
P038 yt : [INFO     ] 2024-04-02 14:10:29,509 Parameters: domain_right_edge         = [1. 1. 1.]
P034 yt : [INFO     ] 2024-04-02 14:10:29,509 Parameters: omega_lambda              = 0.6889
P038 yt : [INFO     ] 2024-04-02 14:10:29,509 Parameters: cosmological_simulation   = 1
P034 yt : [INFO     ] 2024-04-02 14:10:29,509 Parameters: omega_matter              = 0.3111
P034 yt : [INFO     ] 2024-04-02 14:10:29,509 Parameters: omega_radiation           = 0
P038 yt : [INFO     ] 2024-04-02 14:10:29,509 Parameters: current_redshift          = 11.181356517874
P038 yt : [INFO     ] 2024-04-02 14:10:29,510 Parameters: omega_lambda              = 0.6889
P034 yt : [INFO     ] 2024-04-02 14:10:29,510 Parameters: hubble_constant           = 0.6766
P038 yt : [INFO     ] 2024-04-02 14:10:29,510 Parameters: omega_matter              = 0.3111
P038 yt : [INFO     ] 2024-04-02 14:10:29,510 Parameters: omega_radiation           = 0
P038 yt : [INFO     ] 2024-04-02 14:10:29,510 Parameters: hubble_constant           = 0.6766
P045 yt : [INFO     ] 2024-04-02 14:10:29,510 Parameters: current_time              = 75.89987395114
P045 yt : [INFO     ] 2024-04-02 14:10:29,510 Parameters: domain_dimensions         = [64 64 64]
P035 yt : [INFO     ] 2024-04-02 14:10:29,511 Parameters: current_time              = 75.89987395114
P045 yt : [INFO     ] 2024-04-02 14:10:29,511 Parameters: domain_left_edge          = [0. 0. 0.]
Additional features and improved performance (usually) by saving this arbor with "save_arbor" and reloading:
	>>> a = ytree.load("/storage/home/hcoda1/0/jw254/data/SG64-2020/rockstar_halos-jhw/trees/tree_0_0_0.dat")
	>>> fn = a.save_arbor()
	>>> a = ytree.load(fn)
Additional features and improved performance (usually) by saving this arbor with "save_arbor" and reloading:
	>>> a = ytree.load("/storage/home/hcoda1/0/jw254/data/SG64-2020/rockstar_halos-jhw/trees/tree_0_0_0.dat")
	>>> fn = a.save_arbor()
	>>> a = ytree.load(fn)
Additional features and improved performance (usually) by saving this arbor with "save_arbor" and reloading:
	>>> a = ytree.load("/storage/home/hcoda1/0/jw254/data/SG64-2020/rockstar_halos-jhw/trees/tree_0_0_0.dat")
	>>> fn = a.save_arbor()
	>>> a = ytree.load(fn)
P035 yt : [INFO     ] 2024-04-02 14:10:29,511 Parameters: domain_dimensions         = [64 64 64]
P045 yt : [INFO     ] 2024-04-02 14:10:29,511 Parameters: domain_right_edge         = [1. 1. 1.]
P045 yt : [INFO     ] 2024-04-02 14:10:29,512 Parameters: cosmological_simulation   = 1
P027 yt : [INFO     ] 2024-04-02 14:10:29,512 Parameters: current_time              = 75.89987395114
P045 yt : [INFO     ] 2024-04-02 14:10:29,512 Parameters: current_redshift          = 11.181356517874
Additional features and improved performance (usually) by saving this arbor with "save_arbor" and reloading:
	>>> a = ytree.load("/storage/home/hcoda1/0/jw254/data/SG64-2020/rockstar_halos-jhw/trees/tree_0_0_0.dat")
	>>> fn = a.save_arbor()
	>>> a = ytree.load(fn)
P045 yt : [INFO     ] 2024-04-02 14:10:29,512 Parameters: omega_lambda              = 0.6889
P045 yt : [INFO     ] 2024-04-02 14:10:29,512 Parameters: omega_matter              = 0.3111
P045 yt : [INFO     ] 2024-04-02 14:10:29,512 Parameters: omega_radiation           = 0
P045 yt : [INFO     ] 2024-04-02 14:10:29,512 Parameters: hubble_constant           = 0.6766
P035 yt : [INFO     ] 2024-04-02 14:10:29,512 Parameters: domain_left_edge          = [0. 0. 0.]
P036 yt : [INFO     ] 2024-04-02 14:10:29,512 Parameters: current_time              = 75.89987395114
P027 yt : [INFO     ] 2024-04-02 14:10:29,512 Parameters: domain_dimensions         = [64 64 64]
Additional features and improved performance (usually) by saving this arbor with "save_arbor" and reloading:
	>>> a = ytree.load("/storage/home/hcoda1/0/jw254/data/SG64-2020/rockstar_halos-jhw/trees/tree_0_0_0.dat")
	>>> fn = a.save_arbor()
	>>> a = ytree.load(fn)
P035 yt : [INFO     ] 2024-04-02 14:10:29,512 Parameters: domain_right_edge         = [1. 1. 1.]
P035 yt : [INFO     ] 2024-04-02 14:10:29,512 Parameters: cosmological_simulation   = 1
P035 yt : [INFO     ] 2024-04-02 14:10:29,512 Parameters: current_redshift          = 11.181356517874
P035 yt : [INFO     ] 2024-04-02 14:10:29,512 Parameters: omega_lambda              = 0.6889
P035 yt : [INFO     ] 2024-04-02 14:10:29,512 Parameters: omega_matter              = 0.3111
P035 yt : [INFO     ] 2024-04-02 14:10:29,512 Parameters: omega_radiation           = 0
P035 yt : [INFO     ] 2024-04-02 14:10:29,512 Parameters: hubble_constant           = 0.6766
Additional features and improved performance (usually) by saving this arbor with "save_arbor" and reloading:
	>>> a = ytree.load("/storage/home/hcoda1/0/jw254/data/SG64-2020/rockstar_halos-jhw/trees/tree_0_0_0.dat")
	>>> fn = a.save_arbor()
	>>> a = ytree.load(fn)
P027 yt : [INFO     ] 2024-04-02 14:10:29,512 Parameters: domain_left_edge          = [0. 0. 0.]
Additional features and improved performance (usually) by saving this arbor with "save_arbor" and reloading:
	>>> a = ytree.load("/storage/home/hcoda1/0/jw254/data/SG64-2020/rockstar_halos-jhw/trees/tree_0_0_0.dat")
	>>> fn = a.save_arbor()
	>>> a = ytree.load(fn)
P036 yt : [INFO     ] 2024-04-02 14:10:29,512 Parameters: domain_dimensions         = [64 64 64]
Additional features and improved performance (usually) by saving this arbor with "save_arbor" and reloading:
	>>> a = ytree.load("/storage/home/hcoda1/0/jw254/data/SG64-2020/rockstar_halos-jhw/trees/tree_0_0_0.dat")
	>>> fn = a.save_arbor()
	>>> a = ytree.load(fn)
Additional features and improved performance (usually) by saving this arbor with "save_arbor" and reloading:
	>>> a = ytree.load("/storage/home/hcoda1/0/jw254/data/SG64-2020/rockstar_halos-jhw/trees/tree_0_0_0.dat")
	>>> fn = a.save_arbor()
	>>> a = ytree.load(fn)
Additional features and improved performance (usually) by saving this arbor with "save_arbor" and reloading:
	>>> a = ytree.load("/storage/home/hcoda1/0/jw254/data/SG64-2020/rockstar_halos-jhw/trees/tree_0_0_0.dat")
	>>> fn = a.save_arbor()
	>>> a = ytree.load(fn)
P027 yt : [INFO     ] 2024-04-02 14:10:29,513 Parameters: domain_right_edge         = [1. 1. 1.]
P027 yt : [INFO     ] 2024-04-02 14:10:29,513 Parameters: cosmological_simulation   = 1
P027 yt : [INFO     ] 2024-04-02 14:10:29,513 Parameters: current_redshift          = 11.181356517874
P027 yt : [INFO     ] 2024-04-02 14:10:29,513 Parameters: omega_lambda              = 0.6889
P036 yt : [INFO     ] 2024-04-02 14:10:29,513 Parameters: domain_left_edge          = [0. 0. 0.]
P027 yt : [INFO     ] 2024-04-02 14:10:29,513 Parameters: omega_matter              = 0.3111
P027 yt : [INFO     ] 2024-04-02 14:10:29,513 Parameters: omega_radiation           = 0
Additional features and improved performance (usually) by saving this arbor with "save_arbor" and reloading:
	>>> a = ytree.load("/storage/home/hcoda1/0/jw254/data/SG64-2020/rockstar_halos-jhw/trees/tree_0_0_0.dat")
	>>> fn = a.save_arbor()
	>>> a = ytree.load(fn)
P027 yt : [INFO     ] 2024-04-02 14:10:29,513 Parameters: hubble_constant           = 0.6766
P036 yt : [INFO     ] 2024-04-02 14:10:29,513 Parameters: domain_right_edge         = [1. 1. 1.]
P036 yt : [INFO     ] 2024-04-02 14:10:29,514 Parameters: cosmological_simulation   = 1
Additional features and improved performance (usually) by saving this arbor with "save_arbor" and reloading:
	>>> a = ytree.load("/storage/home/hcoda1/0/jw254/data/SG64-2020/rockstar_halos-jhw/trees/tree_0_0_0.dat")
	>>> fn = a.save_arbor()
	>>> a = ytree.load(fn)
Additional features and improved performance (usually) by saving this arbor with "save_arbor" and reloading:
	>>> a = ytree.load("/storage/home/hcoda1/0/jw254/data/SG64-2020/rockstar_halos-jhw/trees/tree_0_0_0.dat")
	>>> fn = a.save_arbor()
	>>> a = ytree.load(fn)
P036 yt : [INFO     ] 2024-04-02 14:10:29,514 Parameters: current_redshift          = 11.181356517874
P036 yt : [INFO     ] 2024-04-02 14:10:29,514 Parameters: omega_lambda              = 0.6889
P036 yt : [INFO     ] 2024-04-02 14:10:29,514 Parameters: omega_matter              = 0.3111
P036 yt : [INFO     ] 2024-04-02 14:10:29,514 Parameters: omega_radiation           = 0
Additional features and improved performance (usually) by saving this arbor with "save_arbor" and reloading:
	>>> a = ytree.load("/storage/home/hcoda1/0/jw254/data/SG64-2020/rockstar_halos-jhw/trees/tree_0_0_0.dat")
	>>> fn = a.save_arbor()
	>>> a = ytree.load(fn)
Additional features and improved performance (usually) by saving this arbor with "save_arbor" and reloading:
	>>> a = ytree.load("/storage/home/hcoda1/0/jw254/data/SG64-2020/rockstar_halos-jhw/trees/tree_0_0_0.dat")
	>>> fn = a.save_arbor()
	>>> a = ytree.load(fn)
P036 yt : [INFO     ] 2024-04-02 14:10:29,514 Parameters: hubble_constant           = 0.6766
Additional features and improved performance (usually) by saving this arbor with "save_arbor" and reloading:
	>>> a = ytree.load("/storage/home/hcoda1/0/jw254/data/SG64-2020/rockstar_halos-jhw/trees/tree_0_0_0.dat")
	>>> fn = a.save_arbor()
	>>> a = ytree.load(fn)
Additional features and improved performance (usually) by saving this arbor with "save_arbor" and reloading:
	>>> a = ytree.load("/storage/home/hcoda1/0/jw254/data/SG64-2020/rockstar_halos-jhw/trees/tree_0_0_0.dat")
	>>> fn = a.save_arbor()
	>>> a = ytree.load(fn)
Additional features and improved performance (usually) by saving this arbor with "save_arbor" and reloading:
	>>> a = ytree.load("/storage/home/hcoda1/0/jw254/data/SG64-2020/rockstar_halos-jhw/trees/tree_0_0_0.dat")
	>>> fn = a.save_arbor()
	>>> a = ytree.load(fn)
Additional features and improved performance (usually) by saving this arbor with "save_arbor" and reloading:
	>>> a = ytree.load("/storage/home/hcoda1/0/jw254/data/SG64-2020/rockstar_halos-jhw/trees/tree_0_0_0.dat")
	>>> fn = a.save_arbor()
	>>> a = ytree.load(fn)
Additional features and improved performance (usually) by saving this arbor with "save_arbor" and reloading:
	>>> a = ytree.load("/storage/home/hcoda1/0/jw254/data/SG64-2020/rockstar_halos-jhw/trees/tree_0_0_0.dat")
	>>> fn = a.save_arbor()
	>>> a = ytree.load(fn)
Additional features and improved performance (usually) by saving this arbor with "save_arbor" and reloading:
	>>> a = ytree.load("/storage/home/hcoda1/0/jw254/data/SG64-2020/rockstar_halos-jhw/trees/tree_0_0_0.dat")
	>>> fn = a.save_arbor()
	>>> a = ytree.load(fn)
Additional features and improved performance (usually) by saving this arbor with "save_arbor" and reloading:
	>>> a = ytree.load("/storage/home/hcoda1/0/jw254/data/SG64-2020/rockstar_halos-jhw/trees/tree_0_0_0.dat")
	>>> fn = a.save_arbor()
	>>> a = ytree.load(fn)
P025 yt : [INFO     ] 2024-04-02 14:10:29,521 Parameters: current_time              = 75.89987395114
P025 yt : [INFO     ] 2024-04-02 14:10:29,522 Parameters: domain_dimensions         = [64 64 64]
P025 yt : [INFO     ] 2024-04-02 14:10:29,522 Parameters: domain_left_edge          = [0. 0. 0.]
P025 yt : [INFO     ] 2024-04-02 14:10:29,523 Parameters: domain_right_edge         = [1. 1. 1.]
P025 yt : [INFO     ] 2024-04-02 14:10:29,523 Parameters: cosmological_simulation   = 1
P025 yt : [INFO     ] 2024-04-02 14:10:29,523 Parameters: current_redshift          = 11.181356517874
P025 yt : [INFO     ] 2024-04-02 14:10:29,523 Parameters: omega_lambda              = 0.6889
P025 yt : [INFO     ] 2024-04-02 14:10:29,523 Parameters: omega_matter              = 0.3111
P025 yt : [INFO     ] 2024-04-02 14:10:29,523 Parameters: omega_radiation           = 0
P025 yt : [INFO     ] 2024-04-02 14:10:29,523 Parameters: hubble_constant           = 0.6766
Additional features and improved performance (usually) by saving this arbor with "save_arbor" and reloading:
	>>> a = ytree.load("/storage/home/hcoda1/0/jw254/data/SG64-2020/rockstar_halos-jhw/trees/tree_0_0_0.dat")
	>>> fn = a.save_arbor()
	>>> a = ytree.load(fn)
Parsing Hierarchy :   0%|          | 0/777 [00:00<?, ?it/s]Parsing Hierarchy : 100%|| 776/777 [00:00<00:00, 7758.90it/s]Parsing Hierarchy : 100%|| 777/777 [00:00<00:00, 7746.11it/s]
P008 yt : [INFO     ] 2024-04-02 14:10:29,608 Gathering a field list (this may take a moment.)
Parsing Hierarchy :   0%|          | 0/777 [00:00<?, ?it/s]Parsing Hierarchy : 100%|| 777/777 [00:00<00:00, 10284.37it/s]
P046 yt : [INFO     ] 2024-04-02 14:10:29,609 Gathering a field list (this may take a moment.)
Parsing Hierarchy :   0%|          | 0/777 [00:00<?, ?it/s]Parsing Hierarchy : 100%|| 777/777 [00:00<00:00, 10385.81it/s]
P041 yt : [INFO     ] 2024-04-02 14:10:29,609 Gathering a field list (this may take a moment.)
Parsing Hierarchy :   0%|          | 0/777 [00:00<?, ?it/s]Parsing Hierarchy : 100%|| 777/777 [00:00<00:00, 10297.37it/s]
P042 yt : [INFO     ] 2024-04-02 14:10:29,609 Gathering a field list (this may take a moment.)
Parsing Hierarchy :   0%|          | 0/777 [00:00<?, ?it/s]Parsing Hierarchy :  99%|| 768/777 [00:00<00:00, 7676.31it/s]Parsing Hierarchy : 100%|| 777/777 [00:00<00:00, 7701.52it/s]
P014 yt : [INFO     ] 2024-04-02 14:10:29,608 Gathering a field list (this may take a moment.)
Parsing Hierarchy :   0%|          | 0/777 [00:00<?, ?it/s]Parsing Hierarchy : 100%|| 777/777 [00:00<00:00, 10370.28it/s]
P044 yt : [INFO     ] 2024-04-02 14:10:29,609 Gathering a field list (this may take a moment.)
Parsing Hierarchy :   0%|          | 0/777 [00:00<?, ?it/s]Parsing Hierarchy : 100%|| 777/777 [00:00<00:00, 10614.72it/s]
P047 yt : [INFO     ] 2024-04-02 14:10:29,609 Gathering a field list (this may take a moment.)
Parsing Hierarchy :   0%|          | 0/777 [00:00<?, ?it/s]Parsing Hierarchy : 100%|| 777/777 [00:00<00:00, 10452.16it/s]
P029 yt : [INFO     ] 2024-04-02 14:10:29,609 Gathering a field list (this may take a moment.)
Parsing Hierarchy :   0%|          | 0/777 [00:00<?, ?it/s]Parsing Hierarchy : 100%|| 777/777 [00:00<00:00, 11203.42it/s]
P035 yt : [INFO     ] 2024-04-02 14:10:29,609 Gathering a field list (this may take a moment.)
Parsing Hierarchy :   0%|          | 0/777 [00:00<?, ?it/s]Parsing Hierarchy : 100%|| 777/777 [00:00<00:00, 10771.05it/s]
P038 yt : [INFO     ] 2024-04-02 14:10:29,609 Gathering a field list (this may take a moment.)
Parsing Hierarchy :   0%|          | 0/777 [00:00<?, ?it/s]Parsing Hierarchy : 100%|| 777/777 [00:00<00:00, 10582.77it/s]
P043 yt : [INFO     ] 2024-04-02 14:10:29,609 Gathering a field list (this may take a moment.)
Parsing Hierarchy :   0%|          | 0/777 [00:00<?, ?it/s]Parsing Hierarchy : 100%|| 777/777 [00:00<00:00, 11060.68it/s]
P045 yt : [INFO     ] 2024-04-02 14:10:29,609 Gathering a field list (this may take a moment.)
Parsing Hierarchy :   0%|          | 0/777 [00:00<?, ?it/s]Parsing Hierarchy : 100%|| 777/777 [00:00<00:00, 10391.01it/s]
P026 yt : [INFO     ] 2024-04-02 14:10:29,610 Gathering a field list (this may take a moment.)
Parsing Hierarchy :   0%|          | 0/777 [00:00<?, ?it/s]Parsing Hierarchy : 100%|| 777/777 [00:00<00:00, 10190.22it/s]
P030 yt : [INFO     ] 2024-04-02 14:10:29,610 Gathering a field list (this may take a moment.)
Parsing Hierarchy :   0%|          | 0/777 [00:00<?, ?it/s]Parsing Hierarchy : 100%|| 777/777 [00:00<00:00, 10625.93it/s]
P040 yt : [INFO     ] 2024-04-02 14:10:29,610 Gathering a field list (this may take a moment.)
Parsing Hierarchy :   0%|          | 0/777 [00:00<?, ?it/s]Parsing Hierarchy : 100%|| 777/777 [00:00<00:00, 8114.98it/s]
P032 yt : [INFO     ] 2024-04-02 14:10:29,610 Gathering a field list (this may take a moment.)
Parsing Hierarchy :   0%|          | 0/777 [00:00<?, ?it/s]Parsing Hierarchy : 100%|| 777/777 [00:00<00:00, 10441.31it/s]
P033 yt : [INFO     ] 2024-04-02 14:10:29,610 Gathering a field list (this may take a moment.)
Parsing Hierarchy :   0%|          | 0/777 [00:00<?, ?it/s]Parsing Hierarchy : 100%|| 777/777 [00:00<00:00, 10678.33it/s]
P034 yt : [INFO     ] 2024-04-02 14:10:29,610 Gathering a field list (this may take a moment.)
Parsing Hierarchy :   0%|          | 0/777 [00:00<?, ?it/s]Parsing Hierarchy : 100%|| 777/777 [00:00<00:00, 10535.22it/s]
P039 yt : [INFO     ] 2024-04-02 14:10:29,610 Gathering a field list (this may take a moment.)
Parsing Hierarchy :   0%|          | 0/777 [00:00<?, ?it/s]Parsing Hierarchy : 100%|| 777/777 [00:00<00:00, 10418.75it/s]
P024 yt : [INFO     ] 2024-04-02 14:10:29,610 Gathering a field list (this may take a moment.)
Parsing Hierarchy :   0%|          | 0/777 [00:00<?, ?it/s]Parsing Hierarchy : 100%|| 777/777 [00:00<00:00, 7775.70it/s]
P022 yt : [INFO     ] 2024-04-02 14:10:29,608 Gathering a field list (this may take a moment.)
Parsing Hierarchy :   0%|          | 0/777 [00:00<?, ?it/s]Parsing Hierarchy : 100%|| 777/777 [00:00<00:00, 10430.29it/s]
P028 yt : [INFO     ] 2024-04-02 14:10:29,610 Gathering a field list (this may take a moment.)
Parsing Hierarchy :   0%|          | 0/777 [00:00<?, ?it/s]Parsing Hierarchy : 100%|| 777/777 [00:00<00:00, 10502.18it/s]
P031 yt : [INFO     ] 2024-04-02 14:10:29,610 Gathering a field list (this may take a moment.)
Parsing Hierarchy :   0%|          | 0/777 [00:00<?, ?it/s]Parsing Hierarchy :  99%|| 773/777 [00:00<00:00, 7727.70it/s]Parsing Hierarchy : 100%|| 777/777 [00:00<00:00, 7729.96it/s]
P005 yt : [INFO     ] 2024-04-02 14:10:29,608 Gathering a field list (this may take a moment.)
Parsing Hierarchy :   0%|          | 0/777 [00:00<?, ?it/s]Parsing Hierarchy : 100%|| 777/777 [00:00<00:00, 10383.50it/s]
P037 yt : [INFO     ] 2024-04-02 14:10:29,610 Gathering a field list (this may take a moment.)
Parsing Hierarchy :   0%|          | 0/777 [00:00<?, ?it/s]Parsing Hierarchy :  99%|| 768/777 [00:00<00:00, 7676.64it/s]Parsing Hierarchy : 100%|| 777/777 [00:00<00:00, 7702.61it/s]
P007 yt : [INFO     ] 2024-04-02 14:10:29,608 Gathering a field list (this may take a moment.)
Parsing Hierarchy :   0%|          | 0/777 [00:00<?, ?it/s]Parsing Hierarchy : 100%|| 777/777 [00:00<00:00, 11289.46it/s]
P036 yt : [INFO     ] 2024-04-02 14:10:29,610 Gathering a field list (this may take a moment.)
Parsing Hierarchy :   0%|          | 0/777 [00:00<?, ?it/s]Parsing Hierarchy :  99%|| 767/777 [00:00<00:00, 7668.91it/s]Parsing Hierarchy : 100%|| 777/777 [00:00<00:00, 7699.17it/s]
P011 yt : [INFO     ] 2024-04-02 14:10:29,608 Gathering a field list (this may take a moment.)
Parsing Hierarchy :   0%|          | 0/777 [00:00<?, ?it/s]Parsing Hierarchy : 100%|| 777/777 [00:00<00:00, 7767.38it/s]
P015 yt : [INFO     ] 2024-04-02 14:10:29,608 Gathering a field list (this may take a moment.)
Parsing Hierarchy :   0%|          | 0/777 [00:00<?, ?it/s]Parsing Hierarchy : 100%|| 777/777 [00:00<00:00, 7988.39it/s]
P017 yt : [INFO     ] 2024-04-02 14:10:29,608 Gathering a field list (this may take a moment.)
Parsing Hierarchy :   0%|          | 0/777 [00:00<?, ?it/s]Parsing Hierarchy : 100%|| 776/777 [00:00<00:00, 7756.49it/s]Parsing Hierarchy : 100%|| 777/777 [00:00<00:00, 7744.71it/s]
P018 yt : [INFO     ] 2024-04-02 14:10:29,608 Gathering a field list (this may take a moment.)
Parsing Hierarchy :   0%|          | 0/777 [00:00<?, ?it/s]Parsing Hierarchy :  99%|| 769/777 [00:00<00:00, 7683.39it/s]Parsing Hierarchy : 100%|| 777/777 [00:00<00:00, 7705.31it/s]
P021 yt : [INFO     ] 2024-04-02 14:10:29,608 Gathering a field list (this may take a moment.)
Parsing Hierarchy :   0%|          | 0/777 [00:00<?, ?it/s]Parsing Hierarchy : 100%|| 777/777 [00:00<00:00, 7767.17it/s]
P002 yt : [INFO     ] 2024-04-02 14:10:29,608 Gathering a field list (this may take a moment.)
Parsing Hierarchy :   0%|          | 0/777 [00:00<?, ?it/s]Parsing Hierarchy :  99%|| 768/777 [00:00<00:00, 7676.02it/s]Parsing Hierarchy : 100%|| 777/777 [00:00<00:00, 7697.90it/s]
P003 yt : [INFO     ] 2024-04-02 14:10:29,608 Gathering a field list (this may take a moment.)
Parsing Hierarchy :   0%|          | 0/777 [00:00<?, ?it/s]Parsing Hierarchy :  99%|| 771/777 [00:00<00:00, 7706.90it/s]Parsing Hierarchy : 100%|| 777/777 [00:00<00:00, 7718.52it/s]
P004 yt : [INFO     ] 2024-04-02 14:10:29,608 Gathering a field list (this may take a moment.)
Parsing Hierarchy :   0%|          | 0/777 [00:00<?, ?it/s]Parsing Hierarchy :  98%|| 764/777 [00:00<00:00, 7639.79it/s]Parsing Hierarchy : 100%|| 777/777 [00:00<00:00, 7684.66it/s]
P009 yt : [INFO     ] 2024-04-02 14:10:29,609 Gathering a field list (this may take a moment.)
Parsing Hierarchy :   0%|          | 0/777 [00:00<?, ?it/s]Parsing Hierarchy :  97%|| 756/777 [00:00<00:00, 7555.97it/s]Parsing Hierarchy : 100%|| 777/777 [00:00<00:00, 7645.17it/s]
P010 yt : [INFO     ] 2024-04-02 14:10:29,609 Gathering a field list (this may take a moment.)
Parsing Hierarchy :   0%|          | 0/777 [00:00<?, ?it/s]Parsing Hierarchy : 100%|| 777/777 [00:00<00:00, 7766.40it/s]
P012 yt : [INFO     ] 2024-04-02 14:10:29,608 Gathering a field list (this may take a moment.)
Parsing Hierarchy :   0%|          | 0/777 [00:00<?, ?it/s]Parsing Hierarchy :  99%|| 771/777 [00:00<00:00, 7707.95it/s]Parsing Hierarchy : 100%|| 777/777 [00:00<00:00, 7718.92it/s]
P013 yt : [INFO     ] 2024-04-02 14:10:29,608 Gathering a field list (this may take a moment.)
Parsing Hierarchy :   0%|          | 0/777 [00:00<?, ?it/s]Parsing Hierarchy :  99%|| 766/777 [00:00<00:00, 7659.59it/s]Parsing Hierarchy : 100%|| 777/777 [00:00<00:00, 7693.50it/s]
P016 yt : [INFO     ] 2024-04-02 14:10:29,609 Gathering a field list (this may take a moment.)
Parsing Hierarchy :   0%|          | 0/777 [00:00<?, ?it/s]Parsing Hierarchy :  98%|| 759/777 [00:00<00:00, 7588.87it/s]Parsing Hierarchy : 100%|| 777/777 [00:00<00:00, 7658.61it/s]
P020 yt : [INFO     ] 2024-04-02 14:10:29,608 Gathering a field list (this may take a moment.)
Parsing Hierarchy :   0%|          | 0/777 [00:00<?, ?it/s]Parsing Hierarchy :  99%|| 766/777 [00:00<00:00, 7658.16it/s]Parsing Hierarchy : 100%|| 777/777 [00:00<00:00, 7690.79it/s]
P023 yt : [INFO     ] 2024-04-02 14:10:29,608 Gathering a field list (this may take a moment.)
Parsing Hierarchy :   0%|          | 0/777 [00:00<?, ?it/s]Parsing Hierarchy :  99%|| 773/777 [00:00<00:00, 7726.03it/s]Parsing Hierarchy : 100%|| 777/777 [00:00<00:00, 7728.68it/s]
P006 yt : [INFO     ] 2024-04-02 14:10:29,609 Gathering a field list (this may take a moment.)
Parsing Hierarchy :   0%|          | 0/777 [00:00<?, ?it/s]Parsing Hierarchy : 100%|| 777/777 [00:00<00:00, 11206.43it/s]
P027 yt : [INFO     ] 2024-04-02 14:10:29,612 Gathering a field list (this may take a moment.)
Parsing Hierarchy :   0%|          | 0/777 [00:00<?, ?it/s]Parsing Hierarchy :  98%|| 762/777 [00:00<00:00, 7597.82it/s]Parsing Hierarchy : 100%|| 777/777 [00:00<00:00, 7559.50it/s]
P019 yt : [INFO     ] 2024-04-02 14:10:29,612 Gathering a field list (this may take a moment.)
Parsing Hierarchy :   0%|          | 0/777 [00:00<?, ?it/s]Parsing Hierarchy :  93%|| 723/777 [00:00<00:00, 7225.82it/s]Parsing Hierarchy : 100%|| 777/777 [00:00<00:00, 7475.57it/s]
P001 yt : [INFO     ] 2024-04-02 14:10:29,614 Gathering a field list (this may take a moment.)
Parsing Hierarchy :   0%|          | 0/777 [00:00<?, ?it/s]Parsing Hierarchy : 100%|| 777/777 [00:00<00:00, 12533.89it/s]
P025 yt : [INFO     ] 2024-04-02 14:10:29,616 Gathering a field list (this may take a moment.)
MAX_SIZE: 205
ARRAY LENGTH 0
ARRAY [] g
  File "analysis_pipeline.py", line 161, in <module>
    ap.process_target(node)
  File "/storage/home/hcoda1/7/shardin31/.conda/envs/pd_environment_3/lib/python3.8/site-packages/ytree/analysis/analysis_pipeline.py", line 174, in process_target
    rval = action(target)
  File "/storage/home/hcoda1/7/shardin31/.conda/envs/pd_environment_3/lib/python3.8/site-packages/ytree/analysis/analysis_operators.py", line 30, in __call__
    return self.function(target, *self.args, **self.kwargs)
  File "analysis_pipeline.py", line 63, in save_star_masses
    print("NODE", node["star_masses"].size)
  File "/storage/home/hcoda1/7/shardin31/.conda/envs/pd_environment_3/lib/python3.8/site-packages/ytree/data_structures/tree_node.py", line 252, in __getitem__
    return self.query(key)
  File "/storage/home/hcoda1/7/shardin31/.conda/envs/pd_environment_3/lib/python3.8/site-packages/ytree/data_structures/tree_node.py", line 322, in query
    self.arbor._node_io.get_fields(self, fields=[key],
  File "/storage/home/hcoda1/7/shardin31/.conda/envs/pd_environment_3/lib/python3.8/site-packages/ytree/data_structures/io.py", line 153, in get_fields
    self._initialize_analysis_field(storage_object, field)
  File "/storage/home/hcoda1/7/shardin31/.conda/envs/pd_environment_3/lib/python3.8/site-packages/ytree/data_structures/io.py", line 187, in _initialize_analysis_field
    data = np.full(storage_object.tree_size, value, dtype=dtype)
  File "/storage/home/hcoda1/7/shardin31/.conda/envs/pd_environment_3/lib/python3.8/site-packages/numpy/core/numeric.py", line 344, in full
    multiarray.copyto(a, fill_value, casting='unsafe')
  File "<__array_function__ internals>", line 180, in copyto
P002 yt : [ERROR    ] 2024-04-02 14:10:31,401 ValueError: could not broadcast input array from shape (205,) into shape (502,)
--------------------------------------------------------------------------
MPI_ABORT was invoked on rank 2 in communicator MPI_COMM_WORLD
with errorcode 1.

NOTE: invoking MPI_ABORT causes Open MPI to kill all MPI processes.
You may or may not see output from other processes, depending on
exactly when Open MPI kills them.
--------------------------------------------------------------------------
Loading tree roots:   0%|          | 0/7934216 [00:00<?, ?it/s]Loading tree roots: 100%|| 7934216/7934216 [00:00<00:00, 233656407.97it/s]slurmstepd: error: *** STEP 5484795.0 ON atl1-1-02-015-19-1 CANCELLED AT 2024-04-02T14:10:31 ***
srun: Job step aborted: Waiting up to 32 seconds for job step to finish.
srun: error: atl1-1-02-015-19-1: tasks 0-1,3-23: Killed
srun: error: atl1-1-02-015-19-1: task 2: Exited with exit code 1
srun: error: atl1-1-02-015-19-2: tasks 24-47: Killed
---------------------------------------
Begin Slurm Epilog: Apr-02-2024 14:10:32
Job ID:        5484795
Array Job ID:  _4294967294
User ID:       shardin31
Account:       gts-jw254-coda20
Job name:      Slurmshardinpowderdayrun
Resources:     cpu=48,mem=100G,node=2
Rsrc Used:     cput=00:21:36,vmem=2420K,walltime=00:00:27,mem=0,energy_used=0
Partition:     cpu-small
QOS:           inferno
Nodes:         atl1-1-02-015-19-[1-2]
---------------------------------------
