---------------------------------------
Begin Slurm Prolog: Mar-01-2024 03:55:28
Job ID:    5107176
User ID:   shardin31
Account:   gts-jw254-coda20
Job name:  Slurmshardinpowderdayrun
Partition: cpu-medium
QOS:       inferno
---------------------------------------

CommandNotFoundError: Your shell has not been properly configured to use 'conda deactivate'.
To initialize your shell, run

    $ conda init <SHELL_NAME>

Currently supported shells are:
  - bash
  - fish
  - tcsh
  - xonsh
  - zsh
  - powershell

See 'conda init --help' for more information and options.

IMPORTANT: You may need to close and restart your shell after running 'conda init'.



Lmod is automatically replacing "mvapich2/2.3.6-ouywal" with "openmpi/4.1.4".

Traceback (most recent call last):
  File "pd_front_end.py", line 8, in <module>
    from powderday.front_end_tools import make_SED, make_image, make_DIG_SED
  File "/storage/coda1/p-jw254/0/shardin31/Research/Powderday/powderday/powderday/__init__.py", line 5, in <module>
    from . import SED_gen
  File "/storage/coda1/p-jw254/0/shardin31/Research/Powderday/powderday/powderday/SED_gen.py", line 21, in <module>
    from powderday.nebular_emission.cloudy_model import get_nebular
  File "/storage/coda1/p-jw254/0/shardin31/Research/Powderday/powderday/powderday/nebular_emission/cloudy_model.py", line 2, in <module>
    from powderday.nebular_emission.ASCIItools import *
  File "/storage/coda1/p-jw254/0/shardin31/Research/Powderday/powderday/powderday/nebular_emission/ASCIItools.py", line 14, in <module>
    par = __import__(parfile)
ModuleNotFoundError: No module named 'parameters_master_0'
---------------------------------------
Begin Slurm Epilog: Mar-01-2024 03:56:27
Job ID:        5107176
Array Job ID:  _4294967294
User ID:       shardin31
Account:       gts-jw254-coda20
Job name:      Slurmshardinpowderdayrun
Resources:     cpu=32,mem=720G,node=2
Rsrc Used:     cput=00:31:28,vmem=157048K,walltime=00:00:59,mem=48600K,energy_used=0
Partition:     cpu-medium
QOS:           inferno
Nodes:         atl1-1-03-003-24-1,atl1-1-03-003-25-2
---------------------------------------
