---------------------------------------
Begin Slurm Prolog: Mar-27-2024 11:56:43
Job ID:    5338868
User ID:   shardin31
Account:   gts-jw254-coda20
Job name:  Slurmshardinpowderdayrun
Partition: cpu-small
QOS:       inferno
---------------------------------------

CommandNotFoundError: Your shell has not been properly configured to use 'conda deactivate'.
To initialize your shell, run

    $ conda init <SHELL_NAME>

Currently supported shells are:
  - bash
  - fish
  - tcsh
  - xonsh
  - zsh
  - powershell

See 'conda init --help' for more information and options.

IMPORTANT: You may need to close and restart your shell after running 'conda init'.



Lmod is automatically replacing "mvapich2/2.3.6-ouywal" with "openmpi/4.1.4".

yt : [INFO     ] 2024-03-27 11:57:07,314 Global parallel computation enabled: 0 / 8
yt : [INFO     ] 2024-03-27 11:57:07,319 Global parallel computation enabled: 4 / 8
yt : [INFO     ] 2024-03-27 11:57:07,324 Global parallel computation enabled: 1 / 8
yt : [INFO     ] 2024-03-27 11:57:07,327 Global parallel computation enabled: 3 / 8
yt : [INFO     ] 2024-03-27 11:57:07,327 Global parallel computation enabled: 2 / 8
yt : [INFO     ] 2024-03-27 11:57:07,319 Global parallel computation enabled: 6 / 8
yt : [INFO     ] 2024-03-27 11:57:07,320 Global parallel computation enabled: 5 / 8
yt : [INFO     ] 2024-03-27 11:57:07,324 Global parallel computation enabled: 7 / 8
Additional features and improved performance (usually) by saving this arbor with "save_arbor" and reloading:
	>>> a = ytree.load("/storage/home/hcoda1/0/jw254/data/SG64-2020/rockstar_halos-jhw/trees/tree_0_0_0.dat")
	>>> fn = a.save_arbor()
	>>> a = ytree.load(fn)
P002 yt : [INFO     ] 2024-03-27 11:57:07,655 Parameters: current_time              = 75.89987395114
P002 yt : [INFO     ] 2024-03-27 11:57:07,655 Parameters: domain_dimensions         = [64 64 64]
P003 yt : [INFO     ] 2024-03-27 11:57:07,655 Parameters: current_time              = 75.89987395114
P001 yt : [INFO     ] 2024-03-27 11:57:07,655 Parameters: current_time              = 75.89987395114
P002 yt : [INFO     ] 2024-03-27 11:57:07,655 Parameters: domain_left_edge          = [0. 0. 0.]
P003 yt : [INFO     ] 2024-03-27 11:57:07,656 Parameters: domain_dimensions         = [64 64 64]
P001 yt : [INFO     ] 2024-03-27 11:57:07,656 Parameters: domain_dimensions         = [64 64 64]
P002 yt : [INFO     ] 2024-03-27 11:57:07,656 Parameters: domain_right_edge         = [1. 1. 1.]
P002 yt : [INFO     ] 2024-03-27 11:57:07,656 Parameters: cosmological_simulation   = 1
P002 yt : [INFO     ] 2024-03-27 11:57:07,656 Parameters: current_redshift          = 11.181356517874
P002 yt : [INFO     ] 2024-03-27 11:57:07,656 Parameters: omega_lambda              = 0.6889
P002 yt : [INFO     ] 2024-03-27 11:57:07,656 Parameters: omega_matter              = 0.3111
P002 yt : [INFO     ] 2024-03-27 11:57:07,656 Parameters: omega_radiation           = 0
P003 yt : [INFO     ] 2024-03-27 11:57:07,656 Parameters: domain_left_edge          = [0. 0. 0.]
P002 yt : [INFO     ] 2024-03-27 11:57:07,656 Parameters: hubble_constant           = 0.6766
P001 yt : [INFO     ] 2024-03-27 11:57:07,656 Parameters: domain_left_edge          = [0. 0. 0.]
P006 yt : [INFO     ] 2024-03-27 11:57:07,653 Parameters: current_time              = 75.89987395114
P007 yt : [INFO     ] 2024-03-27 11:57:07,653 Parameters: current_time              = 75.89987395114
P003 yt : [INFO     ] 2024-03-27 11:57:07,656 Parameters: domain_right_edge         = [1. 1. 1.]
P003 yt : [INFO     ] 2024-03-27 11:57:07,657 Parameters: cosmological_simulation   = 1
P001 yt : [INFO     ] 2024-03-27 11:57:07,656 Parameters: domain_right_edge         = [1. 1. 1.]
P003 yt : [INFO     ] 2024-03-27 11:57:07,657 Parameters: current_redshift          = 11.181356517874
P001 yt : [INFO     ] 2024-03-27 11:57:07,657 Parameters: cosmological_simulation   = 1
P003 yt : [INFO     ] 2024-03-27 11:57:07,657 Parameters: omega_lambda              = 0.6889
P001 yt : [INFO     ] 2024-03-27 11:57:07,657 Parameters: current_redshift          = 11.181356517874
P003 yt : [INFO     ] 2024-03-27 11:57:07,657 Parameters: omega_matter              = 0.3111
P001 yt : [INFO     ] 2024-03-27 11:57:07,657 Parameters: omega_lambda              = 0.6889
P003 yt : [INFO     ] 2024-03-27 11:57:07,657 Parameters: omega_radiation           = 0
P001 yt : [INFO     ] 2024-03-27 11:57:07,657 Parameters: omega_matter              = 0.3111
P003 yt : [INFO     ] 2024-03-27 11:57:07,657 Parameters: hubble_constant           = 0.6766
P001 yt : [INFO     ] 2024-03-27 11:57:07,657 Parameters: omega_radiation           = 0
P001 yt : [INFO     ] 2024-03-27 11:57:07,657 Parameters: hubble_constant           = 0.6766
P004 yt : [INFO     ] 2024-03-27 11:57:07,654 Parameters: current_time              = 75.89987395114
P006 yt : [INFO     ] 2024-03-27 11:57:07,654 Parameters: domain_dimensions         = [64 64 64]
P007 yt : [INFO     ] 2024-03-27 11:57:07,654 Parameters: domain_dimensions         = [64 64 64]
P006 yt : [INFO     ] 2024-03-27 11:57:07,654 Parameters: domain_left_edge          = [0. 0. 0.]
P007 yt : [INFO     ] 2024-03-27 11:57:07,654 Parameters: domain_left_edge          = [0. 0. 0.]
P004 yt : [INFO     ] 2024-03-27 11:57:07,655 Parameters: domain_dimensions         = [64 64 64]
P006 yt : [INFO     ] 2024-03-27 11:57:07,655 Parameters: domain_right_edge         = [1. 1. 1.]
P006 yt : [INFO     ] 2024-03-27 11:57:07,655 Parameters: cosmological_simulation   = 1
P007 yt : [INFO     ] 2024-03-27 11:57:07,655 Parameters: domain_right_edge         = [1. 1. 1.]
P006 yt : [INFO     ] 2024-03-27 11:57:07,655 Parameters: current_redshift          = 11.181356517874
P006 yt : [INFO     ] 2024-03-27 11:57:07,655 Parameters: omega_lambda              = 0.6889
P007 yt : [INFO     ] 2024-03-27 11:57:07,655 Parameters: cosmological_simulation   = 1
P006 yt : [INFO     ] 2024-03-27 11:57:07,655 Parameters: omega_matter              = 0.3111
P007 yt : [INFO     ] 2024-03-27 11:57:07,655 Parameters: current_redshift          = 11.181356517874
P006 yt : [INFO     ] 2024-03-27 11:57:07,655 Parameters: omega_radiation           = 0
P006 yt : [INFO     ] 2024-03-27 11:57:07,655 Parameters: hubble_constant           = 0.6766
P007 yt : [INFO     ] 2024-03-27 11:57:07,655 Parameters: omega_lambda              = 0.6889
P007 yt : [INFO     ] 2024-03-27 11:57:07,655 Parameters: omega_matter              = 0.3111
P007 yt : [INFO     ] 2024-03-27 11:57:07,655 Parameters: omega_radiation           = 0
P007 yt : [INFO     ] 2024-03-27 11:57:07,655 Parameters: hubble_constant           = 0.6766
P004 yt : [INFO     ] 2024-03-27 11:57:07,655 Parameters: domain_left_edge          = [0. 0. 0.]
P004 yt : [INFO     ] 2024-03-27 11:57:07,656 Parameters: domain_right_edge         = [1. 1. 1.]
P004 yt : [INFO     ] 2024-03-27 11:57:07,656 Parameters: cosmological_simulation   = 1
P004 yt : [INFO     ] 2024-03-27 11:57:07,656 Parameters: current_redshift          = 11.181356517874
P004 yt : [INFO     ] 2024-03-27 11:57:07,656 Parameters: omega_lambda              = 0.6889
P004 yt : [INFO     ] 2024-03-27 11:57:07,657 Parameters: omega_matter              = 0.3111
P004 yt : [INFO     ] 2024-03-27 11:57:07,657 Parameters: omega_radiation           = 0
P004 yt : [INFO     ] 2024-03-27 11:57:07,657 Parameters: hubble_constant           = 0.6766
P005 yt : [INFO     ] 2024-03-27 11:57:07,658 Parameters: current_time              = 75.89987395114
P005 yt : [INFO     ] 2024-03-27 11:57:07,659 Parameters: domain_dimensions         = [64 64 64]
P005 yt : [INFO     ] 2024-03-27 11:57:07,659 Parameters: domain_left_edge          = [0. 0. 0.]
P005 yt : [INFO     ] 2024-03-27 11:57:07,660 Parameters: domain_right_edge         = [1. 1. 1.]
P005 yt : [INFO     ] 2024-03-27 11:57:07,660 Parameters: cosmological_simulation   = 1
P005 yt : [INFO     ] 2024-03-27 11:57:07,660 Parameters: current_redshift          = 11.181356517874
P005 yt : [INFO     ] 2024-03-27 11:57:07,660 Parameters: omega_lambda              = 0.6889
P005 yt : [INFO     ] 2024-03-27 11:57:07,660 Parameters: omega_matter              = 0.3111
P005 yt : [INFO     ] 2024-03-27 11:57:07,660 Parameters: omega_radiation           = 0
P005 yt : [INFO     ] 2024-03-27 11:57:07,660 Parameters: hubble_constant           = 0.6766
Additional features and improved performance (usually) by saving this arbor with "save_arbor" and reloading:
	>>> a = ytree.load("/storage/home/hcoda1/0/jw254/data/SG64-2020/rockstar_halos-jhw/trees/tree_0_0_0.dat")
	>>> fn = a.save_arbor()
	>>> a = ytree.load(fn)
Additional features and improved performance (usually) by saving this arbor with "save_arbor" and reloading:
	>>> a = ytree.load("/storage/home/hcoda1/0/jw254/data/SG64-2020/rockstar_halos-jhw/trees/tree_0_0_0.dat")
	>>> fn = a.save_arbor()
	>>> a = ytree.load(fn)
Additional features and improved performance (usually) by saving this arbor with "save_arbor" and reloading:
	>>> a = ytree.load("/storage/home/hcoda1/0/jw254/data/SG64-2020/rockstar_halos-jhw/trees/tree_0_0_0.dat")
	>>> fn = a.save_arbor()
	>>> a = ytree.load(fn)
Additional features and improved performance (usually) by saving this arbor with "save_arbor" and reloading:
	>>> a = ytree.load("/storage/home/hcoda1/0/jw254/data/SG64-2020/rockstar_halos-jhw/trees/tree_0_0_0.dat")
	>>> fn = a.save_arbor()
	>>> a = ytree.load(fn)
Additional features and improved performance (usually) by saving this arbor with "save_arbor" and reloading:
	>>> a = ytree.load("/storage/home/hcoda1/0/jw254/data/SG64-2020/rockstar_halos-jhw/trees/tree_0_0_0.dat")
	>>> fn = a.save_arbor()
	>>> a = ytree.load(fn)
Additional features and improved performance (usually) by saving this arbor with "save_arbor" and reloading:
	>>> a = ytree.load("/storage/home/hcoda1/0/jw254/data/SG64-2020/rockstar_halos-jhw/trees/tree_0_0_0.dat")
	>>> fn = a.save_arbor()
	>>> a = ytree.load(fn)
Additional features and improved performance (usually) by saving this arbor with "save_arbor" and reloading:
	>>> a = ytree.load("/storage/home/hcoda1/0/jw254/data/SG64-2020/rockstar_halos-jhw/trees/tree_0_0_0.dat")
	>>> fn = a.save_arbor()
	>>> a = ytree.load(fn)
Parsing Hierarchy :   0%|          | 0/777 [00:00<?, ?it/s]Parsing Hierarchy : 100%|██████████| 777/777 [00:00<00:00, 9554.45it/s]
P002 yt : [INFO     ] 2024-03-27 11:57:07,778 Gathering a field list (this may take a moment.)
Parsing Hierarchy :   0%|          | 0/777 [00:00<?, ?it/s]Parsing Hierarchy : 100%|██████████| 777/777 [00:00<00:00, 9903.56it/s]
P006 yt : [INFO     ] 2024-03-27 11:57:07,776 Gathering a field list (this may take a moment.)
Parsing Hierarchy :   0%|          | 0/777 [00:00<?, ?it/s]Parsing Hierarchy : 100%|██████████| 777/777 [00:00<00:00, 9438.23it/s]
P003 yt : [INFO     ] 2024-03-27 11:57:07,779 Gathering a field list (this may take a moment.)
Parsing Hierarchy :   0%|          | 0/777 [00:00<?, ?it/s]Parsing Hierarchy : 100%|██████████| 777/777 [00:00<00:00, 9921.14it/s]
P007 yt : [INFO     ] 2024-03-27 11:57:07,776 Gathering a field list (this may take a moment.)
Parsing Hierarchy :   0%|          | 0/777 [00:00<?, ?it/s]Parsing Hierarchy : 100%|██████████| 777/777 [00:00<00:00, 9824.71it/s]
P004 yt : [INFO     ] 2024-03-27 11:57:07,776 Gathering a field list (this may take a moment.)
Parsing Hierarchy :   0%|          | 0/777 [00:00<?, ?it/s]Parsing Hierarchy : 100%|██████████| 777/777 [00:00<00:00, 9331.91it/s]
P001 yt : [INFO     ] 2024-03-27 11:57:07,780 Gathering a field list (this may take a moment.)
Parsing Hierarchy :   0%|          | 0/777 [00:00<?, ?it/s]Parsing Hierarchy : 100%|██████████| 777/777 [00:00<00:00, 9545.60it/s]
P005 yt : [INFO     ] 2024-03-27 11:57:07,782 Gathering a field list (this may take a moment.)
  File "analysis_pipeline.py", line 139, in <module>
    maximum_array_size = max_stellar_mass_size(node, maximum_array_size)
  File "analysis_pipeline.py", line 74, in max_stellar_mass_size
    if max_size < np.array(sphere["p2","particle_mass"]).size:
P002 yt : [ERROR    ] 2024-03-27 11:57:10,342 NameError: name 'sphere' is not defined
  File "analysis_pipeline.py", line 139, in <module>
    maximum_array_size = max_stellar_mass_size(node, maximum_array_size)
  File "analysis_pipeline.py", line 74, in max_stellar_mass_size
    if max_size < np.array(sphere["p2","particle_mass"]).size:
P003 yt : [ERROR    ] 2024-03-27 11:57:10,343 NameError: name 'sphere' is not defined
--------------------------------------------------------------------------
MPI_ABORT was invoked on rank 2 in communicator MPI_COMM_WORLD
with errorcode 1.

NOTE: invoking MPI_ABORT causes Open MPI to kill all MPI processes.
You may or may not see output from other processes, depending on
exactly when Open MPI kills them.
--------------------------------------------------------------------------
--------------------------------------------------------------------------
MPI_ABORT was invoked on rank 3 in communicator MPI_COMM_WORLD
with errorcode 1.

NOTE: invoking MPI_ABORT causes Open MPI to kill all MPI processes.
You may or may not see output from other processes, depending on
exactly when Open MPI kills them.
--------------------------------------------------------------------------
  File "analysis_pipeline.py", line 139, in <module>
    maximum_array_size = max_stellar_mass_size(node, maximum_array_size)
  File "analysis_pipeline.py", line 74, in max_stellar_mass_size
    if max_size < np.array(sphere["p2","particle_mass"]).size:
P006 yt : [ERROR    ] 2024-03-27 11:57:10,344 NameError: name 'sphere' is not defined
--------------------------------------------------------------------------
MPI_ABORT was invoked on rank 6 in communicator MPI_COMM_WORLD
with errorcode 1.

NOTE: invoking MPI_ABORT causes Open MPI to kill all MPI processes.
You may or may not see output from other processes, depending on
exactly when Open MPI kills them.
--------------------------------------------------------------------------
  File "analysis_pipeline.py", line 139, in <module>
    maximum_array_size = max_stellar_mass_size(node, maximum_array_size)
  File "analysis_pipeline.py", line 74, in max_stellar_mass_size
    if max_size < np.array(sphere["p2","particle_mass"]).size:
P004 yt : [ERROR    ] 2024-03-27 11:57:10,348 NameError: name 'sphere' is not defined
--------------------------------------------------------------------------
MPI_ABORT was invoked on rank 4 in communicator MPI_COMM_WORLD
with errorcode 1.

NOTE: invoking MPI_ABORT causes Open MPI to kill all MPI processes.
You may or may not see output from other processes, depending on
exactly when Open MPI kills them.
--------------------------------------------------------------------------
  File "analysis_pipeline.py", line 139, in <module>
    maximum_array_size = max_stellar_mass_size(node, maximum_array_size)
  File "analysis_pipeline.py", line 74, in max_stellar_mass_size
    if max_size < np.array(sphere["p2","particle_mass"]).size:
P001 yt : [ERROR    ] 2024-03-27 11:57:10,356 NameError: name 'sphere' is not defined
--------------------------------------------------------------------------
MPI_ABORT was invoked on rank 1 in communicator MPI_COMM_WORLD
with errorcode 1.

NOTE: invoking MPI_ABORT causes Open MPI to kill all MPI processes.
You may or may not see output from other processes, depending on
exactly when Open MPI kills them.
--------------------------------------------------------------------------
  File "analysis_pipeline.py", line 139, in <module>
    maximum_array_size = max_stellar_mass_size(node, maximum_array_size)
  File "analysis_pipeline.py", line 74, in max_stellar_mass_size
    if max_size < np.array(sphere["p2","particle_mass"]).size:
P007 yt : [ERROR    ] 2024-03-27 11:57:10,375 NameError: name 'sphere' is not defined
--------------------------------------------------------------------------
MPI_ABORT was invoked on rank 7 in communicator MPI_COMM_WORLD
with errorcode 1.

NOTE: invoking MPI_ABORT causes Open MPI to kill all MPI processes.
You may or may not see output from other processes, depending on
exactly when Open MPI kills them.
--------------------------------------------------------------------------
  File "analysis_pipeline.py", line 139, in <module>
    maximum_array_size = max_stellar_mass_size(node, maximum_array_size)
  File "analysis_pipeline.py", line 74, in max_stellar_mass_size
    if max_size < np.array(sphere["p2","particle_mass"]).size:
P005 yt : [ERROR    ] 2024-03-27 11:57:10,397 NameError: name 'sphere' is not defined
--------------------------------------------------------------------------
MPI_ABORT was invoked on rank 5 in communicator MPI_COMM_WORLD
with errorcode 1.

NOTE: invoking MPI_ABORT causes Open MPI to kill all MPI processes.
You may or may not see output from other processes, depending on
exactly when Open MPI kills them.
--------------------------------------------------------------------------
Loading tree roots:   0%|          | 0/7934216 [00:00<?, ?it/s]Loading tree roots: 100%|██████████| 7934216/7934216 [00:00<00:00, 275006312.75it/s]slurmstepd: error: *** STEP 5338868.0 ON atl1-1-02-019-30-2 CANCELLED AT 2024-03-27T11:57:11 ***
srun: Job step aborted: Waiting up to 32 seconds for job step to finish.
srun: error: atl1-1-02-019-33-2: tasks 4-7: Killed
srun: error: atl1-1-02-019-30-2: tasks 0-2: Killed
srun: error: atl1-1-02-019-30-2: task 3: Exited with exit code 1
---------------------------------------
Begin Slurm Epilog: Mar-27-2024 11:57:13
Job ID:        5338868
Array Job ID:  _4294967294
User ID:       shardin31
Account:       gts-jw254-coda20
Job name:      Slurmshardinpowderdayrun
Resources:     cpu=8,mem=100G,node=2
Rsrc Used:     cput=00:03:52,vmem=1272K,walltime=00:00:29,mem=0,energy_used=0
Partition:     cpu-small
QOS:           inferno
Nodes:         atl1-1-02-019-30-2,atl1-1-02-019-33-2
---------------------------------------
