---------------------------------------
Begin Slurm Prolog: Mar-27-2024 12:00:27
Job ID:    5338879
User ID:   shardin31
Account:   gts-jw254-coda20
Job name:  Slurmshardinpowderdayrun
Partition: cpu-small
QOS:       inferno
---------------------------------------

CommandNotFoundError: Your shell has not been properly configured to use 'conda deactivate'.
To initialize your shell, run

    $ conda init <SHELL_NAME>

Currently supported shells are:
  - bash
  - fish
  - tcsh
  - xonsh
  - zsh
  - powershell

See 'conda init --help' for more information and options.

IMPORTANT: You may need to close and restart your shell after running 'conda init'.



Lmod is automatically replacing "mvapich2/2.3.6-ouywal" with "openmpi/4.1.4".

yt : [INFO     ] 2024-03-27 12:00:53,318 Global parallel computation enabled: 6 / 8
yt : [INFO     ] 2024-03-27 12:00:53,323 Global parallel computation enabled: 1 / 8
yt : [INFO     ] 2024-03-27 12:00:53,320 Global parallel computation enabled: 7 / 8
yt : [INFO     ] 2024-03-27 12:00:53,323 Global parallel computation enabled: 4 / 8
yt : [INFO     ] 2024-03-27 12:00:53,325 Global parallel computation enabled: 5 / 8
yt : [INFO     ] 2024-03-27 12:00:53,328 Global parallel computation enabled: 2 / 8
yt : [INFO     ] 2024-03-27 12:00:53,330 Global parallel computation enabled: 0 / 8
yt : [INFO     ] 2024-03-27 12:00:53,332 Global parallel computation enabled: 3 / 8
Additional features and improved performance (usually) by saving this arbor with "save_arbor" and reloading:
	>>> a = ytree.load("/storage/home/hcoda1/0/jw254/data/SG64-2020/rockstar_halos-jhw/trees/tree_0_0_0.dat")
	>>> fn = a.save_arbor()
	>>> a = ytree.load(fn)
P002 yt : [INFO     ] 2024-03-27 12:00:53,641 Parameters: current_time              = 75.89987395114
P002 yt : [INFO     ] 2024-03-27 12:00:53,642 Parameters: domain_dimensions         = [64 64 64]
P002 yt : [INFO     ] 2024-03-27 12:00:53,643 Parameters: domain_left_edge          = [0. 0. 0.]
P002 yt : [INFO     ] 2024-03-27 12:00:53,644 Parameters: domain_right_edge         = [1. 1. 1.]
P002 yt : [INFO     ] 2024-03-27 12:00:53,644 Parameters: cosmological_simulation   = 1
P002 yt : [INFO     ] 2024-03-27 12:00:53,644 Parameters: current_redshift          = 11.181356517874
P002 yt : [INFO     ] 2024-03-27 12:00:53,645 Parameters: omega_lambda              = 0.6889
P002 yt : [INFO     ] 2024-03-27 12:00:53,645 Parameters: omega_matter              = 0.3111
P002 yt : [INFO     ] 2024-03-27 12:00:53,645 Parameters: omega_radiation           = 0
P002 yt : [INFO     ] 2024-03-27 12:00:53,645 Parameters: hubble_constant           = 0.6766
P001 yt : [INFO     ] 2024-03-27 12:00:53,651 Parameters: current_time              = 75.89987395114
P001 yt : [INFO     ] 2024-03-27 12:00:53,651 Parameters: domain_dimensions         = [64 64 64]
P003 yt : [INFO     ] 2024-03-27 12:00:53,652 Parameters: current_time              = 75.89987395114
P001 yt : [INFO     ] 2024-03-27 12:00:53,652 Parameters: domain_left_edge          = [0. 0. 0.]
P001 yt : [INFO     ] 2024-03-27 12:00:53,652 Parameters: domain_right_edge         = [1. 1. 1.]
P003 yt : [INFO     ] 2024-03-27 12:00:53,652 Parameters: domain_dimensions         = [64 64 64]
P001 yt : [INFO     ] 2024-03-27 12:00:53,652 Parameters: cosmological_simulation   = 1
P001 yt : [INFO     ] 2024-03-27 12:00:53,652 Parameters: current_redshift          = 11.181356517874
P001 yt : [INFO     ] 2024-03-27 12:00:53,652 Parameters: omega_lambda              = 0.6889
P001 yt : [INFO     ] 2024-03-27 12:00:53,652 Parameters: omega_matter              = 0.3111
P001 yt : [INFO     ] 2024-03-27 12:00:53,652 Parameters: omega_radiation           = 0
P001 yt : [INFO     ] 2024-03-27 12:00:53,652 Parameters: hubble_constant           = 0.6766
P003 yt : [INFO     ] 2024-03-27 12:00:53,652 Parameters: domain_left_edge          = [0. 0. 0.]
P003 yt : [INFO     ] 2024-03-27 12:00:53,653 Parameters: domain_right_edge         = [1. 1. 1.]
P003 yt : [INFO     ] 2024-03-27 12:00:53,653 Parameters: cosmological_simulation   = 1
P003 yt : [INFO     ] 2024-03-27 12:00:53,653 Parameters: current_redshift          = 11.181356517874
P003 yt : [INFO     ] 2024-03-27 12:00:53,653 Parameters: omega_lambda              = 0.6889
P003 yt : [INFO     ] 2024-03-27 12:00:53,653 Parameters: omega_matter              = 0.3111
P003 yt : [INFO     ] 2024-03-27 12:00:53,653 Parameters: omega_radiation           = 0
P003 yt : [INFO     ] 2024-03-27 12:00:53,653 Parameters: hubble_constant           = 0.6766
Additional features and improved performance (usually) by saving this arbor with "save_arbor" and reloading:
	>>> a = ytree.load("/storage/home/hcoda1/0/jw254/data/SG64-2020/rockstar_halos-jhw/trees/tree_0_0_0.dat")
	>>> fn = a.save_arbor()
	>>> a = ytree.load(fn)
P004 yt : [INFO     ] 2024-03-27 12:00:53,652 Parameters: current_time              = 75.89987395114
P004 yt : [INFO     ] 2024-03-27 12:00:53,652 Parameters: domain_dimensions         = [64 64 64]
P004 yt : [INFO     ] 2024-03-27 12:00:53,653 Parameters: domain_left_edge          = [0. 0. 0.]
P004 yt : [INFO     ] 2024-03-27 12:00:53,653 Parameters: domain_right_edge         = [1. 1. 1.]
P004 yt : [INFO     ] 2024-03-27 12:00:53,654 Parameters: cosmological_simulation   = 1
P004 yt : [INFO     ] 2024-03-27 12:00:53,654 Parameters: current_redshift          = 11.181356517874
P004 yt : [INFO     ] 2024-03-27 12:00:53,654 Parameters: omega_lambda              = 0.6889
P006 yt : [INFO     ] 2024-03-27 12:00:53,654 Parameters: current_time              = 75.89987395114
P004 yt : [INFO     ] 2024-03-27 12:00:53,654 Parameters: omega_matter              = 0.3111
P004 yt : [INFO     ] 2024-03-27 12:00:53,654 Parameters: omega_radiation           = 0
P004 yt : [INFO     ] 2024-03-27 12:00:53,654 Parameters: hubble_constant           = 0.6766
P006 yt : [INFO     ] 2024-03-27 12:00:53,654 Parameters: domain_dimensions         = [64 64 64]
Additional features and improved performance (usually) by saving this arbor with "save_arbor" and reloading:
	>>> a = ytree.load("/storage/home/hcoda1/0/jw254/data/SG64-2020/rockstar_halos-jhw/trees/tree_0_0_0.dat")
	>>> fn = a.save_arbor()
	>>> a = ytree.load(fn)
P006 yt : [INFO     ] 2024-03-27 12:00:53,655 Parameters: domain_left_edge          = [0. 0. 0.]
Additional features and improved performance (usually) by saving this arbor with "save_arbor" and reloading:
	>>> a = ytree.load("/storage/home/hcoda1/0/jw254/data/SG64-2020/rockstar_halos-jhw/trees/tree_0_0_0.dat")
	>>> fn = a.save_arbor()
	>>> a = ytree.load(fn)
P006 yt : [INFO     ] 2024-03-27 12:00:53,656 Parameters: domain_right_edge         = [1. 1. 1.]
P006 yt : [INFO     ] 2024-03-27 12:00:53,656 Parameters: cosmological_simulation   = 1
P006 yt : [INFO     ] 2024-03-27 12:00:53,656 Parameters: current_redshift          = 11.181356517874
P006 yt : [INFO     ] 2024-03-27 12:00:53,656 Parameters: omega_lambda              = 0.6889
P006 yt : [INFO     ] 2024-03-27 12:00:53,656 Parameters: omega_matter              = 0.3111
P006 yt : [INFO     ] 2024-03-27 12:00:53,656 Parameters: omega_radiation           = 0
P006 yt : [INFO     ] 2024-03-27 12:00:53,656 Parameters: hubble_constant           = 0.6766
P005 yt : [INFO     ] 2024-03-27 12:00:53,663 Parameters: current_time              = 75.89987395114
P007 yt : [INFO     ] 2024-03-27 12:00:53,663 Parameters: current_time              = 75.89987395114
P007 yt : [INFO     ] 2024-03-27 12:00:53,664 Parameters: domain_dimensions         = [64 64 64]
P005 yt : [INFO     ] 2024-03-27 12:00:53,664 Parameters: domain_dimensions         = [64 64 64]
Additional features and improved performance (usually) by saving this arbor with "save_arbor" and reloading:
	>>> a = ytree.load("/storage/home/hcoda1/0/jw254/data/SG64-2020/rockstar_halos-jhw/trees/tree_0_0_0.dat")
	>>> fn = a.save_arbor()
	>>> a = ytree.load(fn)
P007 yt : [INFO     ] 2024-03-27 12:00:53,664 Parameters: domain_left_edge          = [0. 0. 0.]
P005 yt : [INFO     ] 2024-03-27 12:00:53,665 Parameters: domain_left_edge          = [0. 0. 0.]
Additional features and improved performance (usually) by saving this arbor with "save_arbor" and reloading:
	>>> a = ytree.load("/storage/home/hcoda1/0/jw254/data/SG64-2020/rockstar_halos-jhw/trees/tree_0_0_0.dat")
	>>> fn = a.save_arbor()
	>>> a = ytree.load(fn)
P007 yt : [INFO     ] 2024-03-27 12:00:53,665 Parameters: domain_right_edge         = [1. 1. 1.]
P007 yt : [INFO     ] 2024-03-27 12:00:53,665 Parameters: cosmological_simulation   = 1
P007 yt : [INFO     ] 2024-03-27 12:00:53,665 Parameters: current_redshift          = 11.181356517874
P007 yt : [INFO     ] 2024-03-27 12:00:53,665 Parameters: omega_lambda              = 0.6889
P007 yt : [INFO     ] 2024-03-27 12:00:53,665 Parameters: omega_matter              = 0.3111
P007 yt : [INFO     ] 2024-03-27 12:00:53,665 Parameters: omega_radiation           = 0
P005 yt : [INFO     ] 2024-03-27 12:00:53,665 Parameters: domain_right_edge         = [1. 1. 1.]
P007 yt : [INFO     ] 2024-03-27 12:00:53,665 Parameters: hubble_constant           = 0.6766
P005 yt : [INFO     ] 2024-03-27 12:00:53,665 Parameters: cosmological_simulation   = 1
P005 yt : [INFO     ] 2024-03-27 12:00:53,665 Parameters: current_redshift          = 11.181356517874
P005 yt : [INFO     ] 2024-03-27 12:00:53,665 Parameters: omega_lambda              = 0.6889
P005 yt : [INFO     ] 2024-03-27 12:00:53,665 Parameters: omega_matter              = 0.3111
P005 yt : [INFO     ] 2024-03-27 12:00:53,665 Parameters: omega_radiation           = 0
P005 yt : [INFO     ] 2024-03-27 12:00:53,666 Parameters: hubble_constant           = 0.6766
Additional features and improved performance (usually) by saving this arbor with "save_arbor" and reloading:
	>>> a = ytree.load("/storage/home/hcoda1/0/jw254/data/SG64-2020/rockstar_halos-jhw/trees/tree_0_0_0.dat")
	>>> fn = a.save_arbor()
	>>> a = ytree.load(fn)
Additional features and improved performance (usually) by saving this arbor with "save_arbor" and reloading:
	>>> a = ytree.load("/storage/home/hcoda1/0/jw254/data/SG64-2020/rockstar_halos-jhw/trees/tree_0_0_0.dat")
	>>> fn = a.save_arbor()
	>>> a = ytree.load(fn)
Parsing Hierarchy :   0%|          | 0/777 [00:00<?, ?it/s]Parsing Hierarchy : 100%|██████████| 777/777 [00:00<00:00, 13920.04it/s]
P002 yt : [INFO     ] 2024-03-27 12:00:53,734 Gathering a field list (this may take a moment.)
Parsing Hierarchy :   0%|          | 0/777 [00:00<?, ?it/s]Parsing Hierarchy : 100%|██████████| 777/777 [00:00<00:00, 14821.40it/s]
P001 yt : [INFO     ] 2024-03-27 12:00:53,737 Gathering a field list (this may take a moment.)
Parsing Hierarchy :   0%|          | 0/777 [00:00<?, ?it/s]Parsing Hierarchy : 100%|██████████| 777/777 [00:00<00:00, 14070.17it/s]
P003 yt : [INFO     ] 2024-03-27 12:00:53,740 Gathering a field list (this may take a moment.)
Parsing Hierarchy :   0%|          | 0/777 [00:00<?, ?it/s]Parsing Hierarchy : 100%|██████████| 777/777 [00:00<00:00, 14021.62it/s]
P004 yt : [INFO     ] 2024-03-27 12:00:53,745 Gathering a field list (this may take a moment.)
Parsing Hierarchy :   0%|          | 0/777 [00:00<?, ?it/s]Parsing Hierarchy : 100%|██████████| 777/777 [00:00<00:00, 13626.13it/s]
P006 yt : [INFO     ] 2024-03-27 12:00:53,747 Gathering a field list (this may take a moment.)
Parsing Hierarchy :   0%|          | 0/777 [00:00<?, ?it/s]Parsing Hierarchy : 100%|██████████| 777/777 [00:00<00:00, 14277.59it/s]
P007 yt : [INFO     ] 2024-03-27 12:00:53,751 Gathering a field list (this may take a moment.)
Parsing Hierarchy :   0%|          | 0/777 [00:00<?, ?it/s]Parsing Hierarchy : 100%|██████████| 777/777 [00:00<00:00, 14230.96it/s]
P005 yt : [INFO     ] 2024-03-27 12:00:53,751 Gathering a field list (this may take a moment.)
  File "analysis_pipeline.py", line 141, in <module>
    ap.process_target(node)
  File "/storage/home/hcoda1/7/shardin31/.conda/envs/pd_environment_3/lib/python3.8/site-packages/ytree/analysis/analysis_pipeline.py", line 174, in process_target
    rval = action(target)
  File "/storage/home/hcoda1/7/shardin31/.conda/envs/pd_environment_3/lib/python3.8/site-packages/ytree/analysis/analysis_operators.py", line 30, in __call__
    return self.function(target, *self.args, **self.kwargs)
P005 yt : [ERROR    ] 2024-03-27 12:00:55,422 TypeError: max_stellar_mass_size() missing 1 required positional argument: 'maximum_array_size'
--------------------------------------------------------------------------
MPI_ABORT was invoked on rank 5 in communicator MPI_COMM_WORLD
with errorcode 1.

NOTE: invoking MPI_ABORT causes Open MPI to kill all MPI processes.
You may or may not see output from other processes, depending on
exactly when Open MPI kills them.
--------------------------------------------------------------------------
  File "analysis_pipeline.py", line 141, in <module>
    ap.process_target(node)
  File "/storage/home/hcoda1/7/shardin31/.conda/envs/pd_environment_3/lib/python3.8/site-packages/ytree/analysis/analysis_pipeline.py", line 174, in process_target
    rval = action(target)
  File "/storage/home/hcoda1/7/shardin31/.conda/envs/pd_environment_3/lib/python3.8/site-packages/ytree/analysis/analysis_operators.py", line 30, in __call__
    return self.function(target, *self.args, **self.kwargs)
P002 yt : [ERROR    ] 2024-03-27 12:00:55,428 TypeError: max_stellar_mass_size() missing 1 required positional argument: 'maximum_array_size'
Loading tree roots:   0%|          | 0/7934216 [00:00<?, ?it/s]Loading tree roots: 100%|██████████| 7934216/7934216 [00:00<00:00, 307187227.40it/s]slurmstepd: error: *** STEP 5338879.0 ON atl1-1-02-018-2-1 CANCELLED AT 2024-03-27T12:00:55 ***
srun: Job step aborted: Waiting up to 32 seconds for job step to finish.
srun: error: atl1-1-02-018-2-1: tasks 0-3: Killed
srun: error: atl1-1-02-018-24-2: tasks 4,6-7: Killed
srun: error: atl1-1-02-018-24-2: task 5: Exited with exit code 1
---------------------------------------
Begin Slurm Epilog: Mar-27-2024 12:00:56
Job ID:        5338879
Array Job ID:  _4294967294
User ID:       shardin31
Account:       gts-jw254-coda20
Job name:      Slurmshardinpowderdayrun
Resources:     cpu=8,mem=100G,node=2
Rsrc Used:     cput=00:03:52,vmem=20K,walltime=00:00:29,mem=0,energy_used=0
Partition:     cpu-small
QOS:           inferno
Nodes:         atl1-1-02-018-2-1,atl1-1-02-018-24-2
---------------------------------------
