---------------------------------------
Begin Slurm Prolog: Apr-02-2024 09:16:14
Job ID:    5480997
User ID:   shardin31
Account:   gts-jw254-coda20
Job name:  Slurmshardinpowderdayrun
Partition: cpu-small
QOS:       inferno
---------------------------------------

CommandNotFoundError: Your shell has not been properly configured to use 'conda deactivate'.
To initialize your shell, run

    $ conda init <SHELL_NAME>

Currently supported shells are:
  - bash
  - fish
  - tcsh
  - xonsh
  - zsh
  - powershell

See 'conda init --help' for more information and options.

IMPORTANT: You may need to close and restart your shell after running 'conda init'.



Lmod is automatically replacing "mvapich2/2.3.6-ouywal" with "openmpi/4.1.4".

yt : [INFO     ] 2024-04-02 09:17:02,031 Global parallel computation enabled: 27 / 48
yt : [INFO     ] 2024-04-02 09:17:02,035 Global parallel computation enabled: 17 / 48
yt : [INFO     ] 2024-04-02 09:17:02,031 Global parallel computation enabled: 35 / 48
yt : [INFO     ] 2024-04-02 09:17:02,031 Global parallel computation enabled: 25 / 48
yt : [INFO     ] 2024-04-02 09:17:02,031 Global parallel computation enabled: 40 / 48
yt : [INFO     ] 2024-04-02 09:17:02,032 Global parallel computation enabled: 29 / 48
yt : [INFO     ] 2024-04-02 09:17:02,050 Global parallel computation enabled: 41 / 48
yt : [INFO     ] 2024-04-02 09:17:02,053 Global parallel computation enabled: 24 / 48
yt : [INFO     ] 2024-04-02 09:17:02,054 Global parallel computation enabled: 47 / 48
yt : [INFO     ] 2024-04-02 09:17:02,054 Global parallel computation enabled: 42 / 48
yt : [INFO     ] 2024-04-02 09:17:02,054 Global parallel computation enabled: 46 / 48
yt : [INFO     ] 2024-04-02 09:17:02,055 Global parallel computation enabled: 30 / 48
yt : [INFO     ] 2024-04-02 09:17:02,055 Global parallel computation enabled: 43 / 48
yt : [INFO     ] 2024-04-02 09:17:02,056 Global parallel computation enabled: 31 / 48
yt : [INFO     ] 2024-04-02 09:17:02,056 Global parallel computation enabled: 34 / 48
yt : [INFO     ] 2024-04-02 09:17:02,056 Global parallel computation enabled: 33 / 48
yt : [INFO     ] 2024-04-02 09:17:02,057 Global parallel computation enabled: 37 / 48
yt : [INFO     ] 2024-04-02 09:17:02,058 Global parallel computation enabled: 38 / 48
yt : [INFO     ] 2024-04-02 09:17:02,058 Global parallel computation enabled: 26 / 48
yt : [INFO     ] 2024-04-02 09:17:02,059 Global parallel computation enabled: 44 / 48
yt : [INFO     ] 2024-04-02 09:17:02,059 Global parallel computation enabled: 32 / 48
yt : [INFO     ] 2024-04-02 09:17:02,059 Global parallel computation enabled: 28 / 48
yt : [INFO     ] 2024-04-02 09:17:02,059 Global parallel computation enabled: 45 / 48
yt : [INFO     ] 2024-04-02 09:17:02,059 Global parallel computation enabled: 36 / 48
yt : [INFO     ] 2024-04-02 09:17:02,069 Global parallel computation enabled: 39 / 48
yt : [INFO     ] 2024-04-02 09:17:02,035 Global parallel computation enabled: 21 / 48
yt : [INFO     ] 2024-04-02 09:17:02,035 Global parallel computation enabled: 19 / 48
yt : [INFO     ] 2024-04-02 09:17:02,036 Global parallel computation enabled: 12 / 48
yt : [INFO     ] 2024-04-02 09:17:02,036 Global parallel computation enabled: 6 / 48
yt : [INFO     ] 2024-04-02 09:17:02,037 Global parallel computation enabled: 18 / 48
yt : [INFO     ] 2024-04-02 09:17:02,038 Global parallel computation enabled: 3 / 48
yt : [INFO     ] 2024-04-02 09:17:02,038 Global parallel computation enabled: 9 / 48
yt : [INFO     ] 2024-04-02 09:17:02,039 Global parallel computation enabled: 2 / 48
yt : [INFO     ] 2024-04-02 09:17:02,039 Global parallel computation enabled: 8 / 48
yt : [INFO     ] 2024-04-02 09:17:02,040 Global parallel computation enabled: 22 / 48
yt : [INFO     ] 2024-04-02 09:17:02,040 Global parallel computation enabled: 23 / 48
yt : [INFO     ] 2024-04-02 09:17:02,041 Global parallel computation enabled: 11 / 48
yt : [INFO     ] 2024-04-02 09:17:02,041 Global parallel computation enabled: 5 / 48
yt : [INFO     ] 2024-04-02 09:17:02,041 Global parallel computation enabled: 0 / 48
yt : [INFO     ] 2024-04-02 09:17:02,042 Global parallel computation enabled: 15 / 48
yt : [INFO     ] 2024-04-02 09:17:02,042 Global parallel computation enabled: 13 / 48
yt : [INFO     ] 2024-04-02 09:17:02,042 Global parallel computation enabled: 7 / 48
yt : [INFO     ] 2024-04-02 09:17:02,042 Global parallel computation enabled: 14 / 48
yt : [INFO     ] 2024-04-02 09:17:02,043 Global parallel computation enabled: 4 / 48
yt : [INFO     ] 2024-04-02 09:17:02,043 Global parallel computation enabled: 1 / 48
yt : [INFO     ] 2024-04-02 09:17:02,049 Global parallel computation enabled: 16 / 48
yt : [INFO     ] 2024-04-02 09:17:02,050 Global parallel computation enabled: 20 / 48
yt : [INFO     ] 2024-04-02 09:17:02,051 Global parallel computation enabled: 10 / 48
Additional features and improved performance (usually) by saving this arbor with "save_arbor" and reloading:
	>>> a = ytree.load("/storage/home/hcoda1/0/jw254/data/SG64-2020/rockstar_halos-jhw/trees/tree_0_0_0.dat")
	>>> fn = a.save_arbor()
	>>> a = ytree.load(fn)
Additional features and improved performance (usually) by saving this arbor with "save_arbor" and reloading:
	>>> a = ytree.load("/storage/home/hcoda1/0/jw254/data/SG64-2020/rockstar_halos-jhw/trees/tree_0_0_0.dat")
	>>> fn = a.save_arbor()
	>>> a = ytree.load(fn)
Additional features and improved performance (usually) by saving this arbor with "save_arbor" and reloading:
	>>> a = ytree.load("/storage/home/hcoda1/0/jw254/data/SG64-2020/rockstar_halos-jhw/trees/tree_0_0_0.dat")
	>>> fn = a.save_arbor()
	>>> a = ytree.load(fn)
Additional features and improved performance (usually) by saving this arbor with "save_arbor" and reloading:
	>>> a = ytree.load("/storage/home/hcoda1/0/jw254/data/SG64-2020/rockstar_halos-jhw/trees/tree_0_0_0.dat")
	>>> fn = a.save_arbor()
	>>> a = ytree.load(fn)
Additional features and improved performance (usually) by saving this arbor with "save_arbor" and reloading:
	>>> a = ytree.load("/storage/home/hcoda1/0/jw254/data/SG64-2020/rockstar_halos-jhw/trees/tree_0_0_0.dat")
	>>> fn = a.save_arbor()
	>>> a = ytree.load(fn)
Additional features and improved performance (usually) by saving this arbor with "save_arbor" and reloading:
	>>> a = ytree.load("/storage/home/hcoda1/0/jw254/data/SG64-2020/rockstar_halos-jhw/trees/tree_0_0_0.dat")
	>>> fn = a.save_arbor()
	>>> a = ytree.load(fn)
Additional features and improved performance (usually) by saving this arbor with "save_arbor" and reloading:
	>>> a = ytree.load("/storage/home/hcoda1/0/jw254/data/SG64-2020/rockstar_halos-jhw/trees/tree_0_0_0.dat")
	>>> fn = a.save_arbor()
	>>> a = ytree.load(fn)
Additional features and improved performance (usually) by saving this arbor with "save_arbor" and reloading:
	>>> a = ytree.load("/storage/home/hcoda1/0/jw254/data/SG64-2020/rockstar_halos-jhw/trees/tree_0_0_0.dat")
	>>> fn = a.save_arbor()
	>>> a = ytree.load(fn)
Additional features and improved performance (usually) by saving this arbor with "save_arbor" and reloading:
	>>> a = ytree.load("/storage/home/hcoda1/0/jw254/data/SG64-2020/rockstar_halos-jhw/trees/tree_0_0_0.dat")
	>>> fn = a.save_arbor()
	>>> a = ytree.load(fn)
Additional features and improved performance (usually) by saving this arbor with "save_arbor" and reloading:
	>>> a = ytree.load("/storage/home/hcoda1/0/jw254/data/SG64-2020/rockstar_halos-jhw/trees/tree_0_0_0.dat")
	>>> fn = a.save_arbor()
	>>> a = ytree.load(fn)
Additional features and improved performance (usually) by saving this arbor with "save_arbor" and reloading:
	>>> a = ytree.load("/storage/home/hcoda1/0/jw254/data/SG64-2020/rockstar_halos-jhw/trees/tree_0_0_0.dat")
	>>> fn = a.save_arbor()
	>>> a = ytree.load(fn)
Additional features and improved performance (usually) by saving this arbor with "save_arbor" and reloading:
	>>> a = ytree.load("/storage/home/hcoda1/0/jw254/data/SG64-2020/rockstar_halos-jhw/trees/tree_0_0_0.dat")
	>>> fn = a.save_arbor()
	>>> a = ytree.load(fn)
Additional features and improved performance (usually) by saving this arbor with "save_arbor" and reloading:
	>>> a = ytree.load("/storage/home/hcoda1/0/jw254/data/SG64-2020/rockstar_halos-jhw/trees/tree_0_0_0.dat")
	>>> fn = a.save_arbor()
	>>> a = ytree.load(fn)
Additional features and improved performance (usually) by saving this arbor with "save_arbor" and reloading:
	>>> a = ytree.load("/storage/home/hcoda1/0/jw254/data/SG64-2020/rockstar_halos-jhw/trees/tree_0_0_0.dat")
	>>> fn = a.save_arbor()
	>>> a = ytree.load(fn)
Additional features and improved performance (usually) by saving this arbor with "save_arbor" and reloading:
	>>> a = ytree.load("/storage/home/hcoda1/0/jw254/data/SG64-2020/rockstar_halos-jhw/trees/tree_0_0_0.dat")
	>>> fn = a.save_arbor()
	>>> a = ytree.load(fn)
Additional features and improved performance (usually) by saving this arbor with "save_arbor" and reloading:
	>>> a = ytree.load("/storage/home/hcoda1/0/jw254/data/SG64-2020/rockstar_halos-jhw/trees/tree_0_0_0.dat")
	>>> fn = a.save_arbor()
	>>> a = ytree.load(fn)
Additional features and improved performance (usually) by saving this arbor with "save_arbor" and reloading:
	>>> a = ytree.load("/storage/home/hcoda1/0/jw254/data/SG64-2020/rockstar_halos-jhw/trees/tree_0_0_0.dat")
	>>> fn = a.save_arbor()
	>>> a = ytree.load(fn)
Additional features and improved performance (usually) by saving this arbor with "save_arbor" and reloading:
	>>> a = ytree.load("/storage/home/hcoda1/0/jw254/data/SG64-2020/rockstar_halos-jhw/trees/tree_0_0_0.dat")
	>>> fn = a.save_arbor()
	>>> a = ytree.load(fn)
Additional features and improved performance (usually) by saving this arbor with "save_arbor" and reloading:
	>>> a = ytree.load("/storage/home/hcoda1/0/jw254/data/SG64-2020/rockstar_halos-jhw/trees/tree_0_0_0.dat")
	>>> fn = a.save_arbor()
	>>> a = ytree.load(fn)
Additional features and improved performance (usually) by saving this arbor with "save_arbor" and reloading:
	>>> a = ytree.load("/storage/home/hcoda1/0/jw254/data/SG64-2020/rockstar_halos-jhw/trees/tree_0_0_0.dat")
	>>> fn = a.save_arbor()
	>>> a = ytree.load(fn)
Additional features and improved performance (usually) by saving this arbor with "save_arbor" and reloading:
	>>> a = ytree.load("/storage/home/hcoda1/0/jw254/data/SG64-2020/rockstar_halos-jhw/trees/tree_0_0_0.dat")
	>>> fn = a.save_arbor()
	>>> a = ytree.load(fn)
Additional features and improved performance (usually) by saving this arbor with "save_arbor" and reloading:
	>>> a = ytree.load("/storage/home/hcoda1/0/jw254/data/SG64-2020/rockstar_halos-jhw/trees/tree_0_0_0.dat")
	>>> fn = a.save_arbor()
	>>> a = ytree.load(fn)
Additional features and improved performance (usually) by saving this arbor with "save_arbor" and reloading:
	>>> a = ytree.load("/storage/home/hcoda1/0/jw254/data/SG64-2020/rockstar_halos-jhw/trees/tree_0_0_0.dat")
	>>> fn = a.save_arbor()
	>>> a = ytree.load(fn)
Additional features and improved performance (usually) by saving this arbor with "save_arbor" and reloading:
	>>> a = ytree.load("/storage/home/hcoda1/0/jw254/data/SG64-2020/rockstar_halos-jhw/trees/tree_0_0_0.dat")
	>>> fn = a.save_arbor()
	>>> a = ytree.load(fn)
Additional features and improved performance (usually) by saving this arbor with "save_arbor" and reloading:
	>>> a = ytree.load("/storage/home/hcoda1/0/jw254/data/SG64-2020/rockstar_halos-jhw/trees/tree_0_0_0.dat")
	>>> fn = a.save_arbor()
	>>> a = ytree.load(fn)
  File "analysis_pipeline.py", line 152, in <module>
    for tree in ytree.parallel_trees(trees, dynamic=dynamic):
P027 yt : [ERROR    ] 2024-04-02 09:17:02,217 NameError: name 'trees' is not defined
Additional features and improved performance (usually) by saving this arbor with "save_arbor" and reloading:
	>>> a = ytree.load("/storage/home/hcoda1/0/jw254/data/SG64-2020/rockstar_halos-jhw/trees/tree_0_0_0.dat")
	>>> fn = a.save_arbor()
	>>> a = ytree.load(fn)
Additional features and improved performance (usually) by saving this arbor with "save_arbor" and reloading:
	>>> a = ytree.load("/storage/home/hcoda1/0/jw254/data/SG64-2020/rockstar_halos-jhw/trees/tree_0_0_0.dat")
	>>> fn = a.save_arbor()
	>>> a = ytree.load(fn)
Additional features and improved performance (usually) by saving this arbor with "save_arbor" and reloading:
	>>> a = ytree.load("/storage/home/hcoda1/0/jw254/data/SG64-2020/rockstar_halos-jhw/trees/tree_0_0_0.dat")
	>>> fn = a.save_arbor()
	>>> a = ytree.load(fn)
  File "analysis_pipeline.py", line 152, in <module>
    for tree in ytree.parallel_trees(trees, dynamic=dynamic):
P042 yt : [ERROR    ] 2024-04-02 09:17:02,217 NameError: name 'trees' is not defined
Additional features and improved performance (usually) by saving this arbor with "save_arbor" and reloading:
	>>> a = ytree.load("/storage/home/hcoda1/0/jw254/data/SG64-2020/rockstar_halos-jhw/trees/tree_0_0_0.dat")
	>>> fn = a.save_arbor()
	>>> a = ytree.load(fn)
Additional features and improved performance (usually) by saving this arbor with "save_arbor" and reloading:
	>>> a = ytree.load("/storage/home/hcoda1/0/jw254/data/SG64-2020/rockstar_halos-jhw/trees/tree_0_0_0.dat")
	>>> fn = a.save_arbor()
	>>> a = ytree.load(fn)
Additional features and improved performance (usually) by saving this arbor with "save_arbor" and reloading:
	>>> a = ytree.load("/storage/home/hcoda1/0/jw254/data/SG64-2020/rockstar_halos-jhw/trees/tree_0_0_0.dat")
	>>> fn = a.save_arbor()
	>>> a = ytree.load(fn)
Additional features and improved performance (usually) by saving this arbor with "save_arbor" and reloading:
	>>> a = ytree.load("/storage/home/hcoda1/0/jw254/data/SG64-2020/rockstar_halos-jhw/trees/tree_0_0_0.dat")
	>>> fn = a.save_arbor()
	>>> a = ytree.load(fn)
Additional features and improved performance (usually) by saving this arbor with "save_arbor" and reloading:
	>>> a = ytree.load("/storage/home/hcoda1/0/jw254/data/SG64-2020/rockstar_halos-jhw/trees/tree_0_0_0.dat")
	>>> fn = a.save_arbor()
	>>> a = ytree.load(fn)
  File "analysis_pipeline.py", line 152, in <module>
    for tree in ytree.parallel_trees(trees, dynamic=dynamic):
P033 yt : [ERROR    ] 2024-04-02 09:17:02,217 NameError: name 'trees' is not defined
Additional features and improved performance (usually) by saving this arbor with "save_arbor" and reloading:
	>>> a = ytree.load("/storage/home/hcoda1/0/jw254/data/SG64-2020/rockstar_halos-jhw/trees/tree_0_0_0.dat")
	>>> fn = a.save_arbor()
	>>> a = ytree.load(fn)
  File "analysis_pipeline.py", line 152, in <module>
    for tree in ytree.parallel_trees(trees, dynamic=dynamic):
P037 yt : [ERROR    ] 2024-04-02 09:17:02,217 NameError: name 'trees' is not defined
Additional features and improved performance (usually) by saving this arbor with "save_arbor" and reloading:
	>>> a = ytree.load("/storage/home/hcoda1/0/jw254/data/SG64-2020/rockstar_halos-jhw/trees/tree_0_0_0.dat")
	>>> fn = a.save_arbor()
	>>> a = ytree.load(fn)
  File "analysis_pipeline.py", line 152, in <module>
    for tree in ytree.parallel_trees(trees, dynamic=dynamic):
P024 yt : [ERROR    ] 2024-04-02 09:17:02,218 NameError: name 'trees' is not defined
Additional features and improved performance (usually) by saving this arbor with "save_arbor" and reloading:
	>>> a = ytree.load("/storage/home/hcoda1/0/jw254/data/SG64-2020/rockstar_halos-jhw/trees/tree_0_0_0.dat")
	>>> fn = a.save_arbor()
	>>> a = ytree.load(fn)
P027 yt : [ERROR    ] 2024-04-02 09:17:02,217 Error occurred on rank 27.
Additional features and improved performance (usually) by saving this arbor with "save_arbor" and reloading:
	>>> a = ytree.load("/storage/home/hcoda1/0/jw254/data/SG64-2020/rockstar_halos-jhw/trees/tree_0_0_0.dat")
	>>> fn = a.save_arbor()
	>>> a = ytree.load(fn)
  File "analysis_pipeline.py", line 152, in <module>
    for tree in ytree.parallel_trees(trees, dynamic=dynamic):
P028 yt : [ERROR    ] 2024-04-02 09:17:02,218 NameError: name 'trees' is not defined
Additional features and improved performance (usually) by saving this arbor with "save_arbor" and reloading:
	>>> a = ytree.load("/storage/home/hcoda1/0/jw254/data/SG64-2020/rockstar_halos-jhw/trees/tree_0_0_0.dat")
	>>> fn = a.save_arbor()
	>>> a = ytree.load(fn)
  File "analysis_pipeline.py", line 152, in <module>
    for tree in ytree.parallel_trees(trees, dynamic=dynamic):
P030 yt : [ERROR    ] 2024-04-02 09:17:02,218 NameError: name 'trees' is not defined
Additional features and improved performance (usually) by saving this arbor with "save_arbor" and reloading:
	>>> a = ytree.load("/storage/home/hcoda1/0/jw254/data/SG64-2020/rockstar_halos-jhw/trees/tree_0_0_0.dat")
	>>> fn = a.save_arbor()
	>>> a = ytree.load(fn)
  File "analysis_pipeline.py", line 152, in <module>
    for tree in ytree.parallel_trees(trees, dynamic=dynamic):
P032 yt : [ERROR    ] 2024-04-02 09:17:02,218 NameError: name 'trees' is not defined
Additional features and improved performance (usually) by saving this arbor with "save_arbor" and reloading:
	>>> a = ytree.load("/storage/home/hcoda1/0/jw254/data/SG64-2020/rockstar_halos-jhw/trees/tree_0_0_0.dat")
	>>> fn = a.save_arbor()
	>>> a = ytree.load(fn)
  File "analysis_pipeline.py", line 152, in <module>
    for tree in ytree.parallel_trees(trees, dynamic=dynamic):
P046 yt : [ERROR    ] 2024-04-02 09:17:02,218 NameError: name 'trees' is not defined
Additional features and improved performance (usually) by saving this arbor with "save_arbor" and reloading:
	>>> a = ytree.load("/storage/home/hcoda1/0/jw254/data/SG64-2020/rockstar_halos-jhw/trees/tree_0_0_0.dat")
	>>> fn = a.save_arbor()
	>>> a = ytree.load(fn)
P042 yt : [ERROR    ] 2024-04-02 09:17:02,217 Error occurred on rank 42.
Additional features and improved performance (usually) by saving this arbor with "save_arbor" and reloading:
	>>> a = ytree.load("/storage/home/hcoda1/0/jw254/data/SG64-2020/rockstar_halos-jhw/trees/tree_0_0_0.dat")
	>>> fn = a.save_arbor()
	>>> a = ytree.load(fn)
  File "analysis_pipeline.py", line 152, in <module>
    for tree in ytree.parallel_trees(trees, dynamic=dynamic):
P038 yt : [ERROR    ] 2024-04-02 09:17:02,218 NameError: name 'trees' is not defined
Additional features and improved performance (usually) by saving this arbor with "save_arbor" and reloading:
	>>> a = ytree.load("/storage/home/hcoda1/0/jw254/data/SG64-2020/rockstar_halos-jhw/trees/tree_0_0_0.dat")
	>>> fn = a.save_arbor()
	>>> a = ytree.load(fn)
  File "analysis_pipeline.py", line 152, in <module>
    for tree in ytree.parallel_trees(trees, dynamic=dynamic):
P041 yt : [ERROR    ] 2024-04-02 09:17:02,218 NameError: name 'trees' is not defined
Additional features and improved performance (usually) by saving this arbor with "save_arbor" and reloading:
	>>> a = ytree.load("/storage/home/hcoda1/0/jw254/data/SG64-2020/rockstar_halos-jhw/trees/tree_0_0_0.dat")
	>>> fn = a.save_arbor()
	>>> a = ytree.load(fn)
  File "analysis_pipeline.py", line 152, in <module>
    for tree in ytree.parallel_trees(trees, dynamic=dynamic):
P043 yt : [ERROR    ] 2024-04-02 09:17:02,218 NameError: name 'trees' is not defined
Additional features and improved performance (usually) by saving this arbor with "save_arbor" and reloading:
	>>> a = ytree.load("/storage/home/hcoda1/0/jw254/data/SG64-2020/rockstar_halos-jhw/trees/tree_0_0_0.dat")
	>>> fn = a.save_arbor()
	>>> a = ytree.load(fn)
  File "analysis_pipeline.py", line 152, in <module>
    for tree in ytree.parallel_trees(trees, dynamic=dynamic):
P036 yt : [ERROR    ] 2024-04-02 09:17:02,218 NameError: name 'trees' is not defined
  File "analysis_pipeline.py", line 152, in <module>
    for tree in ytree.parallel_trees(trees, dynamic=dynamic):
P047 yt : [ERROR    ] 2024-04-02 09:17:02,218 NameError: name 'trees' is not defined
  File "analysis_pipeline.py", line 152, in <module>
    for tree in ytree.parallel_trees(trees, dynamic=dynamic):
P029 yt : [ERROR    ] 2024-04-02 09:17:02,218 NameError: name 'trees' is not defined
  File "analysis_pipeline.py", line 152, in <module>
    for tree in ytree.parallel_trees(trees, dynamic=dynamic):
P044 yt : [ERROR    ] 2024-04-02 09:17:02,218 NameError: name 'trees' is not defined
P033 yt : [ERROR    ] 2024-04-02 09:17:02,218 Error occurred on rank 33.
P037 yt : [ERROR    ] 2024-04-02 09:17:02,218 Error occurred on rank 37.
P024 yt : [ERROR    ] 2024-04-02 09:17:02,218 Error occurred on rank 24.
  File "analysis_pipeline.py", line 152, in <module>
    for tree in ytree.parallel_trees(trees, dynamic=dynamic):
P031 yt : [ERROR    ] 2024-04-02 09:17:02,218 NameError: name 'trees' is not defined
P028 yt : [ERROR    ] 2024-04-02 09:17:02,218 Error occurred on rank 28.
P032 yt : [ERROR    ] 2024-04-02 09:17:02,218 Error occurred on rank 32.
P046 yt : [ERROR    ] 2024-04-02 09:17:02,218 Error occurred on rank 46.
P030 yt : [ERROR    ] 2024-04-02 09:17:02,218 Error occurred on rank 30.
P041 yt : [ERROR    ] 2024-04-02 09:17:02,218 Error occurred on rank 41.
P038 yt : [ERROR    ] 2024-04-02 09:17:02,218 Error occurred on rank 38.
P043 yt : [ERROR    ] 2024-04-02 09:17:02,218 Error occurred on rank 43.
P036 yt : [ERROR    ] 2024-04-02 09:17:02,218 Error occurred on rank 36.
P047 yt : [ERROR    ] 2024-04-02 09:17:02,218 Error occurred on rank 47.
P029 yt : [ERROR    ] 2024-04-02 09:17:02,218 Error occurred on rank 29.
P044 yt : [ERROR    ] 2024-04-02 09:17:02,218 Error occurred on rank 44.
P031 yt : [ERROR    ] 2024-04-02 09:17:02,218 Error occurred on rank 31.
  File "analysis_pipeline.py", line 152, in <module>
    for tree in ytree.parallel_trees(trees, dynamic=dynamic):
P035 yt : [ERROR    ] 2024-04-02 09:17:02,218 NameError: name 'trees' is not defined
  File "analysis_pipeline.py", line 152, in <module>
    for tree in ytree.parallel_trees(trees, dynamic=dynamic):
P040 yt : [ERROR    ] 2024-04-02 09:17:02,218 NameError: name 'trees' is not defined
  File "analysis_pipeline.py", line 152, in <module>
    for tree in ytree.parallel_trees(trees, dynamic=dynamic):
P026 yt : [ERROR    ] 2024-04-02 09:17:02,218 NameError: name 'trees' is not defined
  File "analysis_pipeline.py", line 152, in <module>
    for tree in ytree.parallel_trees(trees, dynamic=dynamic):
P039 yt : [ERROR    ] 2024-04-02 09:17:02,218 NameError: name 'trees' is not defined
  File "analysis_pipeline.py", line 152, in <module>
    for tree in ytree.parallel_trees(trees, dynamic=dynamic):
P045 yt : [ERROR    ] 2024-04-02 09:17:02,218 NameError: name 'trees' is not defined
  File "analysis_pipeline.py", line 152, in <module>
    for tree in ytree.parallel_trees(trees, dynamic=dynamic):
P012 yt : [ERROR    ] 2024-04-02 09:17:02,217 NameError: name 'trees' is not defined
  File "analysis_pipeline.py", line 152, in <module>
    for tree in ytree.parallel_trees(trees, dynamic=dynamic):
P034 yt : [ERROR    ] 2024-04-02 09:17:02,219 NameError: name 'trees' is not defined
  File "analysis_pipeline.py", line 152, in <module>
    for tree in ytree.parallel_trees(trees, dynamic=dynamic):
P015 yt : [ERROR    ] 2024-04-02 09:17:02,217 NameError: name 'trees' is not defined
  File "analysis_pipeline.py", line 152, in <module>
    for tree in ytree.parallel_trees(trees, dynamic=dynamic):
P005 yt : [ERROR    ] 2024-04-02 09:17:02,217 NameError: name 'trees' is not defined
  File "analysis_pipeline.py", line 152, in <module>
    for tree in ytree.parallel_trees(trees, dynamic=dynamic):
P013 yt : [ERROR    ] 2024-04-02 09:17:02,217 NameError: name 'trees' is not defined
  File "analysis_pipeline.py", line 152, in <module>
    for tree in ytree.parallel_trees(trees, dynamic=dynamic):
P019 yt : [ERROR    ] 2024-04-02 09:17:02,217 NameError: name 'trees' is not defined
  File "analysis_pipeline.py", line 152, in <module>
    for tree in ytree.parallel_trees(trees, dynamic=dynamic):
P020 yt : [ERROR    ] 2024-04-02 09:17:02,217 NameError: name 'trees' is not defined
P040 yt : [ERROR    ] 2024-04-02 09:17:02,218 Error occurred on rank 40.
  File "analysis_pipeline.py", line 152, in <module>
    for tree in ytree.parallel_trees(trees, dynamic=dynamic):
P003 yt : [ERROR    ] 2024-04-02 09:17:02,217 NameError: name 'trees' is not defined
  File "analysis_pipeline.py", line 152, in <module>
    for tree in ytree.parallel_trees(trees, dynamic=dynamic):
P007 yt : [ERROR    ] 2024-04-02 09:17:02,217 NameError: name 'trees' is not defined
P035 yt : [ERROR    ] 2024-04-02 09:17:02,218 Error occurred on rank 35.
  File "analysis_pipeline.py", line 152, in <module>
    for tree in ytree.parallel_trees(trees, dynamic=dynamic):
P011 yt : [ERROR    ] 2024-04-02 09:17:02,217 NameError: name 'trees' is not defined
Additional features and improved performance (usually) by saving this arbor with "save_arbor" and reloading:
	>>> a = ytree.load("/storage/home/hcoda1/0/jw254/data/SG64-2020/rockstar_halos-jhw/trees/tree_0_0_0.dat")
	>>> fn = a.save_arbor()
	>>> a = ytree.load(fn)
P039 yt : [ERROR    ] 2024-04-02 09:17:02,218 Error occurred on rank 39.
  File "analysis_pipeline.py", line 152, in <module>
    for tree in ytree.parallel_trees(trees, dynamic=dynamic):
P016 yt : [ERROR    ] 2024-04-02 09:17:02,217 NameError: name 'trees' is not defined
P045 yt : [ERROR    ] 2024-04-02 09:17:02,219 Error occurred on rank 45.
  File "analysis_pipeline.py", line 152, in <module>
    for tree in ytree.parallel_trees(trees, dynamic=dynamic):
P018 yt : [ERROR    ] 2024-04-02 09:17:02,217 NameError: name 'trees' is not defined
P026 yt : [ERROR    ] 2024-04-02 09:17:02,219 Error occurred on rank 26.
  File "analysis_pipeline.py", line 152, in <module>
    for tree in ytree.parallel_trees(trees, dynamic=dynamic):
P002 yt : [ERROR    ] 2024-04-02 09:17:02,217 NameError: name 'trees' is not defined
  File "analysis_pipeline.py", line 152, in <module>
    for tree in ytree.parallel_trees(trees, dynamic=dynamic):
P017 yt : [ERROR    ] 2024-04-02 09:17:02,217 NameError: name 'trees' is not defined
  File "analysis_pipeline.py", line 152, in <module>
    for tree in ytree.parallel_trees(trees, dynamic=dynamic):
P009 yt : [ERROR    ] 2024-04-02 09:17:02,217 NameError: name 'trees' is not defined
  File "analysis_pipeline.py", line 152, in <module>
    for tree in ytree.parallel_trees(trees, dynamic=dynamic):
P023 yt : [ERROR    ] 2024-04-02 09:17:02,217 NameError: name 'trees' is not defined
  File "analysis_pipeline.py", line 152, in <module>
    for tree in ytree.parallel_trees(trees, dynamic=dynamic):
P004 yt : [ERROR    ] 2024-04-02 09:17:02,217 NameError: name 'trees' is not defined
P034 yt : [ERROR    ] 2024-04-02 09:17:02,219 Error occurred on rank 34.
  File "analysis_pipeline.py", line 152, in <module>
    for tree in ytree.parallel_trees(trees, dynamic=dynamic):
P000 yt : [ERROR    ] 2024-04-02 09:17:02,217 NameError: name 'trees' is not defined
  File "analysis_pipeline.py", line 152, in <module>
    for tree in ytree.parallel_trees(trees, dynamic=dynamic):
P006 yt : [ERROR    ] 2024-04-02 09:17:02,217 NameError: name 'trees' is not defined
  File "analysis_pipeline.py", line 152, in <module>
    for tree in ytree.parallel_trees(trees, dynamic=dynamic):
P014 yt : [ERROR    ] 2024-04-02 09:17:02,217 NameError: name 'trees' is not defined
  File "analysis_pipeline.py", line 152, in <module>
    for tree in ytree.parallel_trees(trees, dynamic=dynamic):
P022 yt : [ERROR    ] 2024-04-02 09:17:02,217 NameError: name 'trees' is not defined
P005 yt : [ERROR    ] 2024-04-02 09:17:02,217 Error occurred on rank 5.
Additional features and improved performance (usually) by saving this arbor with "save_arbor" and reloading:
	>>> a = ytree.load("/storage/home/hcoda1/0/jw254/data/SG64-2020/rockstar_halos-jhw/trees/tree_0_0_0.dat")
	>>> fn = a.save_arbor()
	>>> a = ytree.load(fn)
P012 yt : [ERROR    ] 2024-04-02 09:17:02,217 Error occurred on rank 12.
P015 yt : [ERROR    ] 2024-04-02 09:17:02,217 Error occurred on rank 15.
P013 yt : [ERROR    ] 2024-04-02 09:17:02,217 Error occurred on rank 13.
P019 yt : [ERROR    ] 2024-04-02 09:17:02,217 Error occurred on rank 19.
P020 yt : [ERROR    ] 2024-04-02 09:17:02,217 Error occurred on rank 20.
P003 yt : [ERROR    ] 2024-04-02 09:17:02,217 Error occurred on rank 3.
P011 yt : [ERROR    ] 2024-04-02 09:17:02,217 Error occurred on rank 11.
P007 yt : [ERROR    ] 2024-04-02 09:17:02,217 Error occurred on rank 7.
P016 yt : [ERROR    ] 2024-04-02 09:17:02,217 Error occurred on rank 16.
P018 yt : [ERROR    ] 2024-04-02 09:17:02,217 Error occurred on rank 18.
P002 yt : [ERROR    ] 2024-04-02 09:17:02,217 Error occurred on rank 2.
P017 yt : [ERROR    ] 2024-04-02 09:17:02,217 Error occurred on rank 17.
P023 yt : [ERROR    ] 2024-04-02 09:17:02,217 Error occurred on rank 23.
P009 yt : [ERROR    ] 2024-04-02 09:17:02,217 Error occurred on rank 9.
P004 yt : [ERROR    ] 2024-04-02 09:17:02,217 Error occurred on rank 4.
  File "analysis_pipeline.py", line 152, in <module>
    for tree in ytree.parallel_trees(trees, dynamic=dynamic):
P010 yt : [ERROR    ] 2024-04-02 09:17:02,218 NameError: name 'trees' is not defined
P000 yt : [ERROR    ] 2024-04-02 09:17:02,217 Error occurred on rank 0.
P006 yt : [ERROR    ] 2024-04-02 09:17:02,217 Error occurred on rank 6.
P014 yt : [ERROR    ] 2024-04-02 09:17:02,217 Error occurred on rank 14.
P022 yt : [ERROR    ] 2024-04-02 09:17:02,217 Error occurred on rank 22.
P010 yt : [ERROR    ] 2024-04-02 09:17:02,218 Error occurred on rank 10.
--------------------------------------------------------------------------
MPI_ABORT was invoked on rank 28 in communicator MPI_COMM_WORLD
with errorcode 1.

NOTE: invoking MPI_ABORT causes Open MPI to kill all MPI processes.
You may or may not see output from other processes, depending on
exactly when Open MPI kills them.
--------------------------------------------------------------------------
--------------------------------------------------------------------------
MPI_ABORT was invoked on rank 34 in communicator MPI_COMM_WORLD
with errorcode 1.

NOTE: invoking MPI_ABORT causes Open MPI to kill all MPI processes.
You may or may not see output from other processes, depending on
exactly when Open MPI kills them.
--------------------------------------------------------------------------
--------------------------------------------------------------------------
MPI_ABORT was invoked on rank 46 in communicator MPI_COMM_WORLD
with errorcode 1.

NOTE: invoking MPI_ABORT causes Open MPI to kill all MPI processes.
You may or may not see output from other processes, depending on
exactly when Open MPI kills them.
--------------------------------------------------------------------------
Additional features and improved performance (usually) by saving this arbor with "save_arbor" and reloading:
	>>> a = ytree.load("/storage/home/hcoda1/0/jw254/data/SG64-2020/rockstar_halos-jhw/trees/tree_0_0_0.dat")
	>>> fn = a.save_arbor()
	>>> a = ytree.load(fn)
--------------------------------------------------------------------------
MPI_ABORT was invoked on rank 31 in communicator MPI_COMM_WORLD
with errorcode 1.

NOTE: invoking MPI_ABORT causes Open MPI to kill all MPI processes.
You may or may not see output from other processes, depending on
exactly when Open MPI kills them.
--------------------------------------------------------------------------
--------------------------------------------------------------------------
MPI_ABORT was invoked on rank 32 in communicator MPI_COMM_WORLD
with errorcode 1.

NOTE: invoking MPI_ABORT causes Open MPI to kill all MPI processes.
You may or may not see output from other processes, depending on
exactly when Open MPI kills them.
--------------------------------------------------------------------------
  File "analysis_pipeline.py", line 152, in <module>
    for tree in ytree.parallel_trees(trees, dynamic=dynamic):
P021 yt : [ERROR    ] 2024-04-02 09:17:02,218 NameError: name 'trees' is not defined
--------------------------------------------------------------------------
MPI_ABORT was invoked on rank 24 in communicator MPI_COMM_WORLD
with errorcode 1.

NOTE: invoking MPI_ABORT causes Open MPI to kill all MPI processes.
You may or may not see output from other processes, depending on
exactly when Open MPI kills them.
--------------------------------------------------------------------------
  File "analysis_pipeline.py", line 152, in <module>
    for tree in ytree.parallel_trees(trees, dynamic=dynamic):
P025 yt : [ERROR    ] 2024-04-02 09:17:02,220 NameError: name 'trees' is not defined
--------------------------------------------------------------------------
MPI_ABORT was invoked on rank 33 in communicator MPI_COMM_WORLD
with errorcode 1.

NOTE: invoking MPI_ABORT causes Open MPI to kill all MPI processes.
You may or may not see output from other processes, depending on
exactly when Open MPI kills them.
--------------------------------------------------------------------------
P021 yt : [ERROR    ] 2024-04-02 09:17:02,218 Error occurred on rank 21.
P025 yt : [ERROR    ] 2024-04-02 09:17:02,220 Error occurred on rank 25.
--------------------------------------------------------------------------
MPI_ABORT was invoked on rank 44 in communicator MPI_COMM_WORLD
with errorcode 1.

NOTE: invoking MPI_ABORT causes Open MPI to kill all MPI processes.
You may or may not see output from other processes, depending on
exactly when Open MPI kills them.
--------------------------------------------------------------------------
  File "analysis_pipeline.py", line 152, in <module>
    for tree in ytree.parallel_trees(trees, dynamic=dynamic):
P001 yt : [ERROR    ] 2024-04-02 09:17:02,219 NameError: name 'trees' is not defined
--------------------------------------------------------------------------
MPI_ABORT was invoked on rank 29 in communicator MPI_COMM_WORLD
with errorcode 1.

NOTE: invoking MPI_ABORT causes Open MPI to kill all MPI processes.
You may or may not see output from other processes, depending on
exactly when Open MPI kills them.
--------------------------------------------------------------------------
--------------------------------------------------------------------------
MPI_ABORT was invoked on rank 25 in communicator MPI_COMM_WORLD
with errorcode 1.

NOTE: invoking MPI_ABORT causes Open MPI to kill all MPI processes.
You may or may not see output from other processes, depending on
exactly when Open MPI kills them.
--------------------------------------------------------------------------
--------------------------------------------------------------------------
MPI_ABORT was invoked on rank 36 in communicator MPI_COMM_WORLD
with errorcode 1.

NOTE: invoking MPI_ABORT causes Open MPI to kill all MPI processes.
You may or may not see output from other processes, depending on
exactly when Open MPI kills them.
--------------------------------------------------------------------------
P001 yt : [ERROR    ] 2024-04-02 09:17:02,219 Error occurred on rank 1.
--------------------------------------------------------------------------
MPI_ABORT was invoked on rank 47 in communicator MPI_COMM_WORLD
with errorcode 1.

NOTE: invoking MPI_ABORT causes Open MPI to kill all MPI processes.
You may or may not see output from other processes, depending on
exactly when Open MPI kills them.
--------------------------------------------------------------------------
  File "analysis_pipeline.py", line 152, in <module>
    for tree in ytree.parallel_trees(trees, dynamic=dynamic):
P008 yt : [ERROR    ] 2024-04-02 09:17:02,219 NameError: name 'trees' is not defined
--------------------------------------------------------------------------
MPI_ABORT was invoked on rank 19 in communicator MPI_COMM_WORLD
with errorcode 1.

NOTE: invoking MPI_ABORT causes Open MPI to kill all MPI processes.
You may or may not see output from other processes, depending on
exactly when Open MPI kills them.
--------------------------------------------------------------------------
--------------------------------------------------------------------------
MPI_ABORT was invoked on rank 22 in communicator MPI_COMM_WORLD
with errorcode 1.

NOTE: invoking MPI_ABORT causes Open MPI to kill all MPI processes.
You may or may not see output from other processes, depending on
exactly when Open MPI kills them.
--------------------------------------------------------------------------
--------------------------------------------------------------------------
MPI_ABORT was invoked on rank 27 in communicator MPI_COMM_WORLD
with errorcode 1.

NOTE: invoking MPI_ABORT causes Open MPI to kill all MPI processes.
You may or may not see output from other processes, depending on
exactly when Open MPI kills them.
--------------------------------------------------------------------------
--------------------------------------------------------------------------
MPI_ABORT was invoked on rank 23 in communicator MPI_COMM_WORLD
with errorcode 1.

NOTE: invoking MPI_ABORT causes Open MPI to kill all MPI processes.
You may or may not see output from other processes, depending on
exactly when Open MPI kills them.
--------------------------------------------------------------------------
--------------------------------------------------------------------------
MPI_ABORT was invoked on rank 10 in communicator MPI_COMM_WORLD
with errorcode 1.

NOTE: invoking MPI_ABORT causes Open MPI to kill all MPI processes.
You may or may not see output from other processes, depending on
exactly when Open MPI kills them.
--------------------------------------------------------------------------
--------------------------------------------------------------------------
MPI_ABORT was invoked on rank 1 in communicator MPI_COMM_WORLD
with errorcode 1.

NOTE: invoking MPI_ABORT causes Open MPI to kill all MPI processes.
You may or may not see output from other processes, depending on
exactly when Open MPI kills them.
--------------------------------------------------------------------------
--------------------------------------------------------------------------
MPI_ABORT was invoked on rank 42 in communicator MPI_COMM_WORLD
with errorcode 1.

NOTE: invoking MPI_ABORT causes Open MPI to kill all MPI processes.
You may or may not see output from other processes, depending on
exactly when Open MPI kills them.
--------------------------------------------------------------------------
--------------------------------------------------------------------------
MPI_ABORT was invoked on rank 7 in communicator MPI_COMM_WORLD
with errorcode 1.

NOTE: invoking MPI_ABORT causes Open MPI to kill all MPI processes.
You may or may not see output from other processes, depending on
exactly when Open MPI kills them.
--------------------------------------------------------------------------
--------------------------------------------------------------------------
MPI_ABORT was invoked on rank 6 in communicator MPI_COMM_WORLD
with errorcode 1.

NOTE: invoking MPI_ABORT causes Open MPI to kill all MPI processes.
You may or may not see output from other processes, depending on
exactly when Open MPI kills them.
--------------------------------------------------------------------------
P008 yt : [ERROR    ] 2024-04-02 09:17:02,219 Error occurred on rank 8.
--------------------------------------------------------------------------
MPI_ABORT was invoked on rank 30 in communicator MPI_COMM_WORLD
with errorcode 1.

NOTE: invoking MPI_ABORT causes Open MPI to kill all MPI processes.
You may or may not see output from other processes, depending on
exactly when Open MPI kills them.
--------------------------------------------------------------------------
--------------------------------------------------------------------------
MPI_ABORT was invoked on rank 13 in communicator MPI_COMM_WORLD
with errorcode 1.

NOTE: invoking MPI_ABORT causes Open MPI to kill all MPI processes.
You may or may not see output from other processes, depending on
exactly when Open MPI kills them.
--------------------------------------------------------------------------
--------------------------------------------------------------------------
MPI_ABORT was invoked on rank 8 in communicator MPI_COMM_WORLD
with errorcode 1.

NOTE: invoking MPI_ABORT causes Open MPI to kill all MPI processes.
You may or may not see output from other processes, depending on
exactly when Open MPI kills them.
--------------------------------------------------------------------------
--------------------------------------------------------------------------
MPI_ABORT was invoked on rank 5 in communicator MPI_COMM_WORLD
with errorcode 1.

NOTE: invoking MPI_ABORT causes Open MPI to kill all MPI processes.
You may or may not see output from other processes, depending on
exactly when Open MPI kills them.
--------------------------------------------------------------------------
--------------------------------------------------------------------------
MPI_ABORT was invoked on rank 38 in communicator MPI_COMM_WORLD
with errorcode 1.

NOTE: invoking MPI_ABORT causes Open MPI to kill all MPI processes.
You may or may not see output from other processes, depending on
exactly when Open MPI kills them.
--------------------------------------------------------------------------
--------------------------------------------------------------------------
MPI_ABORT was invoked on rank 16 in communicator MPI_COMM_WORLD
with errorcode 1.

NOTE: invoking MPI_ABORT causes Open MPI to kill all MPI processes.
You may or may not see output from other processes, depending on
exactly when Open MPI kills them.
--------------------------------------------------------------------------
--------------------------------------------------------------------------
MPI_ABORT was invoked on rank 37 in communicator MPI_COMM_WORLD
with errorcode 1.

NOTE: invoking MPI_ABORT causes Open MPI to kill all MPI processes.
You may or may not see output from other processes, depending on
exactly when Open MPI kills them.
--------------------------------------------------------------------------
--------------------------------------------------------------------------
MPI_ABORT was invoked on rank 41 in communicator MPI_COMM_WORLD
with errorcode 1.

NOTE: invoking MPI_ABORT causes Open MPI to kill all MPI processes.
You may or may not see output from other processes, depending on
exactly when Open MPI kills them.
--------------------------------------------------------------------------
--------------------------------------------------------------------------
MPI_ABORT was invoked on rank 18 in communicator MPI_COMM_WORLD
with errorcode 1.

NOTE: invoking MPI_ABORT causes Open MPI to kill all MPI processes.
You may or may not see output from other processes, depending on
exactly when Open MPI kills them.
--------------------------------------------------------------------------
slurmstepd: error: *** STEP 5480997.0 ON atl1-1-02-015-32-1 CANCELLED AT 2024-04-02T09:17:02 ***
--------------------------------------------------------------------------
MPI_ABORT was invoked on rank 43 in communicator MPI_COMM_WORLD
with errorcode 1.

NOTE: invoking MPI_ABORT causes Open MPI to kill all MPI processes.
You may or may not see output from other processes, depending on
exactly when Open MPI kills them.
--------------------------------------------------------------------------
--------------------------------------------------------------------------
MPI_ABORT was invoked on rank 2 in communicator MPI_COMM_WORLD
with errorcode 1.

NOTE: invoking MPI_ABORT causes Open MPI to kill all MPI processes.
You may or may not see output from other processes, depending on
exactly when Open MPI kills them.
--------------------------------------------------------------------------
--------------------------------------------------------------------------
MPI_ABORT was invoked on rank 40 in communicator MPI_COMM_WORLD
with errorcode 1.

srun: Job step aborted: Waiting up to 32 seconds for job step to finish.
NOTE: invoking MPI_ABORT causes Open MPI to kill all MPI processes.
You may or may not see output from other processes, depending on
exactly when Open MPI kills them.
--------------------------------------------------------------------------
--------------------------------------------------------------------------
MPI_ABORT was invoked on rank 20 in communicator MPI_COMM_WORLD
with errorcode 1.

NOTE: invoking MPI_ABORT causes Open MPI to kill all MPI processes.
You may or may not see output from other processes, depending on
exactly when Open MPI kills them.
--------------------------------------------------------------------------
--------------------------------------------------------------------------
MPI_ABORT was invoked on rank 35 in communicator MPI_COMM_WORLD
with errorcode 1.

NOTE: invoking MPI_ABORT causes Open MPI to kill all MPI processes.
You may or may not see output from other processes, depending on
exactly when Open MPI kills them.
--------------------------------------------------------------------------
srun: error: atl1-1-02-015-32-2: tasks 24-47: Killed
srun: error: atl1-1-02-015-32-1: tasks 0-23: Killed
---------------------------------------
Begin Slurm Epilog: Apr-02-2024 09:17:02
Job ID:        5480997
Array Job ID:  _4294967294
User ID:       shardin31
Account:       gts-jw254-coda20
Job name:      Slurmshardinpowderdayrun
Resources:     cpu=48,mem=100G,node=2
Rsrc Used:     cput=00:38:24,vmem=31596K,walltime=00:00:48,mem=5912K,energy_used=0
Partition:     cpu-small
QOS:           inferno
Nodes:         atl1-1-02-015-32-[1-2]
---------------------------------------
