---------------------------------------
Begin Slurm Prolog: Apr-02-2024 11:11:55
Job ID:    5482630
User ID:   shardin31
Account:   gts-jw254-coda20
Job name:  Slurmshardinpowderdayrun
Partition: cpu-small
QOS:       inferno
---------------------------------------

CommandNotFoundError: Your shell has not been properly configured to use 'conda deactivate'.
To initialize your shell, run

    $ conda init <SHELL_NAME>

Currently supported shells are:
  - bash
  - fish
  - tcsh
  - xonsh
  - zsh
  - powershell

See 'conda init --help' for more information and options.

IMPORTANT: You may need to close and restart your shell after running 'conda init'.



Lmod is automatically replacing "mvapich2/2.3.6-ouywal" with "openmpi/4.1.4".

yt : [INFO     ] 2024-04-02 11:12:15,332 Global parallel computation enabled: 19 / 48
yt : [INFO     ] 2024-04-02 11:12:15,363 Global parallel computation enabled: 24 / 48
yt : [INFO     ] 2024-04-02 11:12:15,333 Global parallel computation enabled: 0 / 48
yt : [INFO     ] 2024-04-02 11:12:15,334 Global parallel computation enabled: 15 / 48
yt : [INFO     ] 2024-04-02 11:12:15,334 Global parallel computation enabled: 16 / 48
yt : [INFO     ] 2024-04-02 11:12:15,334 Global parallel computation enabled: 8 / 48
yt : [INFO     ] 2024-04-02 11:12:15,334 Global parallel computation enabled: 6 / 48
yt : [INFO     ] 2024-04-02 11:12:15,334 Global parallel computation enabled: 14 / 48
yt : [INFO     ] 2024-04-02 11:12:15,334 Global parallel computation enabled: 9 / 48
yt : [INFO     ] 2024-04-02 11:12:15,334 Global parallel computation enabled: 23 / 48
yt : [INFO     ] 2024-04-02 11:12:15,334 Global parallel computation enabled: 3 / 48
yt : [INFO     ] 2024-04-02 11:12:15,334 Global parallel computation enabled: 11 / 48
yt : [INFO     ] 2024-04-02 11:12:15,334 Global parallel computation enabled: 10 / 48
yt : [INFO     ] 2024-04-02 11:12:15,334 Global parallel computation enabled: 5 / 48
yt : [INFO     ] 2024-04-02 11:12:15,334 Global parallel computation enabled: 2 / 48
yt : [INFO     ] 2024-04-02 11:12:15,335 Global parallel computation enabled: 17 / 48
yt : [INFO     ] 2024-04-02 11:12:15,335 Global parallel computation enabled: 18 / 48
yt : [INFO     ] 2024-04-02 11:12:15,335 Global parallel computation enabled: 21 / 48
yt : [INFO     ] 2024-04-02 11:12:15,336 Global parallel computation enabled: 20 / 48
yt : [INFO     ] 2024-04-02 11:12:15,336 Global parallel computation enabled: 4 / 48
yt : [INFO     ] 2024-04-02 11:12:15,337 Global parallel computation enabled: 13 / 48
yt : [INFO     ] 2024-04-02 11:12:15,338 Global parallel computation enabled: 22 / 48
yt : [INFO     ] 2024-04-02 11:12:15,346 Global parallel computation enabled: 12 / 48
yt : [INFO     ] 2024-04-02 11:12:15,348 Global parallel computation enabled: 1 / 48
yt : [INFO     ] 2024-04-02 11:12:15,353 Global parallel computation enabled: 7 / 48
yt : [INFO     ] 2024-04-02 11:12:15,363 Global parallel computation enabled: 25 / 48
yt : [INFO     ] 2024-04-02 11:12:15,363 Global parallel computation enabled: 26 / 48
yt : [INFO     ] 2024-04-02 11:12:15,363 Global parallel computation enabled: 27 / 48
yt : [INFO     ] 2024-04-02 11:12:15,363 Global parallel computation enabled: 28 / 48
yt : [INFO     ] 2024-04-02 11:12:15,363 Global parallel computation enabled: 29 / 48
yt : [INFO     ] 2024-04-02 11:12:15,363 Global parallel computation enabled: 30 / 48
yt : [INFO     ] 2024-04-02 11:12:15,363 Global parallel computation enabled: 31 / 48
yt : [INFO     ] 2024-04-02 11:12:15,363 Global parallel computation enabled: 33 / 48
yt : [INFO     ] 2024-04-02 11:12:15,363 Global parallel computation enabled: 34 / 48
yt : [INFO     ] 2024-04-02 11:12:15,363 Global parallel computation enabled: 35 / 48
yt : [INFO     ] 2024-04-02 11:12:15,363 Global parallel computation enabled: 36 / 48
yt : [INFO     ] 2024-04-02 11:12:15,363 Global parallel computation enabled: 37 / 48
yt : [INFO     ] 2024-04-02 11:12:15,363 Global parallel computation enabled: 39 / 48
yt : [INFO     ] 2024-04-02 11:12:15,363 Global parallel computation enabled: 40 / 48
yt : [INFO     ] 2024-04-02 11:12:15,363 Global parallel computation enabled: 41 / 48
yt : [INFO     ] 2024-04-02 11:12:15,363 Global parallel computation enabled: 42 / 48
yt : [INFO     ] 2024-04-02 11:12:15,363 Global parallel computation enabled: 43 / 48
yt : [INFO     ] 2024-04-02 11:12:15,363 Global parallel computation enabled: 45 / 48
yt : [INFO     ] 2024-04-02 11:12:15,363 Global parallel computation enabled: 46 / 48
yt : [INFO     ] 2024-04-02 11:12:15,363 Global parallel computation enabled: 47 / 48
yt : [INFO     ] 2024-04-02 11:12:15,364 Global parallel computation enabled: 44 / 48
yt : [INFO     ] 2024-04-02 11:12:15,367 Global parallel computation enabled: 32 / 48
yt : [INFO     ] 2024-04-02 11:12:15,373 Global parallel computation enabled: 38 / 48
Additional features and improved performance (usually) by saving this arbor with "save_arbor" and reloading:
	>>> a = ytree.load("/storage/home/hcoda1/0/jw254/data/SG64-2020/rockstar_halos-jhw/trees/tree_0_0_0.dat")
	>>> fn = a.save_arbor()
	>>> a = ytree.load(fn)
P012 yt : [INFO     ] 2024-04-02 11:12:15,809 Parameters: current_time              = 75.89987395114
P006 yt : [INFO     ] 2024-04-02 11:12:15,809 Parameters: current_time              = 75.89987395114
P002 yt : [INFO     ] 2024-04-02 11:12:15,809 Parameters: current_time              = 75.89987395114
P018 yt : [INFO     ] 2024-04-02 11:12:15,809 Parameters: current_time              = 75.89987395114
P012 yt : [INFO     ] 2024-04-02 11:12:15,809 Parameters: domain_dimensions         = [64 64 64]
P004 yt : [INFO     ] 2024-04-02 11:12:15,809 Parameters: current_time              = 75.89987395114
P006 yt : [INFO     ] 2024-04-02 11:12:15,809 Parameters: domain_dimensions         = [64 64 64]
P002 yt : [INFO     ] 2024-04-02 11:12:15,809 Parameters: domain_dimensions         = [64 64 64]
P007 yt : [INFO     ] 2024-04-02 11:12:15,809 Parameters: current_time              = 75.89987395114
P011 yt : [INFO     ] 2024-04-02 11:12:15,809 Parameters: current_time              = 75.89987395114
P012 yt : [INFO     ] 2024-04-02 11:12:15,809 Parameters: domain_left_edge          = [0. 0. 0.]
P019 yt : [INFO     ] 2024-04-02 11:12:15,810 Parameters: current_time              = 75.89987395114
P004 yt : [INFO     ] 2024-04-02 11:12:15,809 Parameters: domain_dimensions         = [64 64 64]
P005 yt : [INFO     ] 2024-04-02 11:12:15,810 Parameters: current_time              = 75.89987395114
P018 yt : [INFO     ] 2024-04-02 11:12:15,809 Parameters: domain_dimensions         = [64 64 64]
P006 yt : [INFO     ] 2024-04-02 11:12:15,810 Parameters: domain_left_edge          = [0. 0. 0.]
P002 yt : [INFO     ] 2024-04-02 11:12:15,810 Parameters: domain_left_edge          = [0. 0. 0.]
P013 yt : [INFO     ] 2024-04-02 11:12:15,810 Parameters: current_time              = 75.89987395114
P009 yt : [INFO     ] 2024-04-02 11:12:15,810 Parameters: current_time              = 75.89987395114
P007 yt : [INFO     ] 2024-04-02 11:12:15,810 Parameters: domain_dimensions         = [64 64 64]
P011 yt : [INFO     ] 2024-04-02 11:12:15,810 Parameters: domain_dimensions         = [64 64 64]
P012 yt : [INFO     ] 2024-04-02 11:12:15,810 Parameters: domain_right_edge         = [1. 1. 1.]
P012 yt : [INFO     ] 2024-04-02 11:12:15,810 Parameters: cosmological_simulation   = 1
P019 yt : [INFO     ] 2024-04-02 11:12:15,810 Parameters: domain_dimensions         = [64 64 64]
P012 yt : [INFO     ] 2024-04-02 11:12:15,810 Parameters: current_redshift          = 11.181356517874
P005 yt : [INFO     ] 2024-04-02 11:12:15,810 Parameters: domain_dimensions         = [64 64 64]
P012 yt : [INFO     ] 2024-04-02 11:12:15,810 Parameters: omega_lambda              = 0.6889
P012 yt : [INFO     ] 2024-04-02 11:12:15,810 Parameters: omega_matter              = 0.3111
P012 yt : [INFO     ] 2024-04-02 11:12:15,810 Parameters: omega_radiation           = 0
P004 yt : [INFO     ] 2024-04-02 11:12:15,810 Parameters: domain_left_edge          = [0. 0. 0.]
P006 yt : [INFO     ] 2024-04-02 11:12:15,810 Parameters: domain_right_edge         = [1. 1. 1.]
P012 yt : [INFO     ] 2024-04-02 11:12:15,810 Parameters: hubble_constant           = 0.6766
P018 yt : [INFO     ] 2024-04-02 11:12:15,810 Parameters: domain_left_edge          = [0. 0. 0.]
P002 yt : [INFO     ] 2024-04-02 11:12:15,810 Parameters: domain_right_edge         = [1. 1. 1.]
P006 yt : [INFO     ] 2024-04-02 11:12:15,810 Parameters: cosmological_simulation   = 1
P006 yt : [INFO     ] 2024-04-02 11:12:15,810 Parameters: current_redshift          = 11.181356517874
P002 yt : [INFO     ] 2024-04-02 11:12:15,810 Parameters: cosmological_simulation   = 1
P006 yt : [INFO     ] 2024-04-02 11:12:15,810 Parameters: omega_lambda              = 0.6889
P002 yt : [INFO     ] 2024-04-02 11:12:15,810 Parameters: current_redshift          = 11.181356517874
P013 yt : [INFO     ] 2024-04-02 11:12:15,810 Parameters: domain_dimensions         = [64 64 64]
P006 yt : [INFO     ] 2024-04-02 11:12:15,810 Parameters: omega_matter              = 0.3111
P008 yt : [INFO     ] 2024-04-02 11:12:15,810 Parameters: current_time              = 75.89987395114
P009 yt : [INFO     ] 2024-04-02 11:12:15,810 Parameters: domain_dimensions         = [64 64 64]
P002 yt : [INFO     ] 2024-04-02 11:12:15,810 Parameters: omega_lambda              = 0.6889
P007 yt : [INFO     ] 2024-04-02 11:12:15,810 Parameters: domain_left_edge          = [0. 0. 0.]
P006 yt : [INFO     ] 2024-04-02 11:12:15,810 Parameters: omega_radiation           = 0
P002 yt : [INFO     ] 2024-04-02 11:12:15,810 Parameters: omega_matter              = 0.3111
P006 yt : [INFO     ] 2024-04-02 11:12:15,810 Parameters: hubble_constant           = 0.6766
P022 yt : [INFO     ] 2024-04-02 11:12:15,810 Parameters: current_time              = 75.89987395114
P002 yt : [INFO     ] 2024-04-02 11:12:15,810 Parameters: omega_radiation           = 0
P011 yt : [INFO     ] 2024-04-02 11:12:15,810 Parameters: domain_left_edge          = [0. 0. 0.]
P002 yt : [INFO     ] 2024-04-02 11:12:15,810 Parameters: hubble_constant           = 0.6766
P020 yt : [INFO     ] 2024-04-02 11:12:15,810 Parameters: current_time              = 75.89987395114
P021 yt : [INFO     ] 2024-04-02 11:12:15,811 Parameters: current_time              = 75.89987395114
P005 yt : [INFO     ] 2024-04-02 11:12:15,810 Parameters: domain_left_edge          = [0. 0. 0.]
P019 yt : [INFO     ] 2024-04-02 11:12:15,810 Parameters: domain_left_edge          = [0. 0. 0.]
P018 yt : [INFO     ] 2024-04-02 11:12:15,811 Parameters: domain_right_edge         = [1. 1. 1.]
P004 yt : [INFO     ] 2024-04-02 11:12:15,811 Parameters: domain_right_edge         = [1. 1. 1.]
P018 yt : [INFO     ] 2024-04-02 11:12:15,811 Parameters: cosmological_simulation   = 1
P004 yt : [INFO     ] 2024-04-02 11:12:15,811 Parameters: cosmological_simulation   = 1
P018 yt : [INFO     ] 2024-04-02 11:12:15,811 Parameters: current_redshift          = 11.181356517874
P010 yt : [INFO     ] 2024-04-02 11:12:15,811 Parameters: current_time              = 75.89987395114
P018 yt : [INFO     ] 2024-04-02 11:12:15,811 Parameters: omega_lambda              = 0.6889
P004 yt : [INFO     ] 2024-04-02 11:12:15,811 Parameters: current_redshift          = 11.181356517874
P009 yt : [INFO     ] 2024-04-02 11:12:15,811 Parameters: domain_left_edge          = [0. 0. 0.]
P013 yt : [INFO     ] 2024-04-02 11:12:15,811 Parameters: domain_left_edge          = [0. 0. 0.]
P004 yt : [INFO     ] 2024-04-02 11:12:15,811 Parameters: omega_lambda              = 0.6889
P007 yt : [INFO     ] 2024-04-02 11:12:15,811 Parameters: domain_right_edge         = [1. 1. 1.]
P018 yt : [INFO     ] 2024-04-02 11:12:15,811 Parameters: omega_matter              = 0.3111
P018 yt : [INFO     ] 2024-04-02 11:12:15,811 Parameters: omega_radiation           = 0
P004 yt : [INFO     ] 2024-04-02 11:12:15,811 Parameters: omega_matter              = 0.3111
P007 yt : [INFO     ] 2024-04-02 11:12:15,811 Parameters: cosmological_simulation   = 1
P008 yt : [INFO     ] 2024-04-02 11:12:15,811 Parameters: domain_dimensions         = [64 64 64]
P018 yt : [INFO     ] 2024-04-02 11:12:15,811 Parameters: hubble_constant           = 0.6766
P004 yt : [INFO     ] 2024-04-02 11:12:15,811 Parameters: omega_radiation           = 0
P004 yt : [INFO     ] 2024-04-02 11:12:15,811 Parameters: hubble_constant           = 0.6766
P007 yt : [INFO     ] 2024-04-02 11:12:15,811 Parameters: current_redshift          = 11.181356517874
P011 yt : [INFO     ] 2024-04-02 11:12:15,811 Parameters: domain_right_edge         = [1. 1. 1.]
P007 yt : [INFO     ] 2024-04-02 11:12:15,811 Parameters: omega_lambda              = 0.6889
P011 yt : [INFO     ] 2024-04-02 11:12:15,811 Parameters: cosmological_simulation   = 1
P007 yt : [INFO     ] 2024-04-02 11:12:15,811 Parameters: omega_matter              = 0.3111
P007 yt : [INFO     ] 2024-04-02 11:12:15,811 Parameters: omega_radiation           = 0
P011 yt : [INFO     ] 2024-04-02 11:12:15,811 Parameters: current_redshift          = 11.181356517874
P003 yt : [INFO     ] 2024-04-02 11:12:15,811 Parameters: current_time              = 75.89987395114
P007 yt : [INFO     ] 2024-04-02 11:12:15,811 Parameters: hubble_constant           = 0.6766
P011 yt : [INFO     ] 2024-04-02 11:12:15,811 Parameters: omega_lambda              = 0.6889
P005 yt : [INFO     ] 2024-04-02 11:12:15,811 Parameters: domain_right_edge         = [1. 1. 1.]
P011 yt : [INFO     ] 2024-04-02 11:12:15,811 Parameters: omega_matter              = 0.3111
P020 yt : [INFO     ] 2024-04-02 11:12:15,811 Parameters: domain_dimensions         = [64 64 64]
P011 yt : [INFO     ] 2024-04-02 11:12:15,811 Parameters: omega_radiation           = 0
P019 yt : [INFO     ] 2024-04-02 11:12:15,811 Parameters: domain_right_edge         = [1. 1. 1.]
P021 yt : [INFO     ] 2024-04-02 11:12:15,811 Parameters: domain_dimensions         = [64 64 64]
P005 yt : [INFO     ] 2024-04-02 11:12:15,811 Parameters: cosmological_simulation   = 1
P022 yt : [INFO     ] 2024-04-02 11:12:15,811 Parameters: domain_dimensions         = [64 64 64]
P011 yt : [INFO     ] 2024-04-02 11:12:15,811 Parameters: hubble_constant           = 0.6766
P019 yt : [INFO     ] 2024-04-02 11:12:15,811 Parameters: cosmological_simulation   = 1
P005 yt : [INFO     ] 2024-04-02 11:12:15,811 Parameters: current_redshift          = 11.181356517874
P005 yt : [INFO     ] 2024-04-02 11:12:15,811 Parameters: omega_lambda              = 0.6889
P019 yt : [INFO     ] 2024-04-02 11:12:15,811 Parameters: current_redshift          = 11.181356517874
P005 yt : [INFO     ] 2024-04-02 11:12:15,811 Parameters: omega_matter              = 0.3111
P019 yt : [INFO     ] 2024-04-02 11:12:15,811 Parameters: omega_lambda              = 0.6889
P005 yt : [INFO     ] 2024-04-02 11:12:15,811 Parameters: omega_radiation           = 0
P019 yt : [INFO     ] 2024-04-02 11:12:15,811 Parameters: omega_matter              = 0.3111
P005 yt : [INFO     ] 2024-04-02 11:12:15,811 Parameters: hubble_constant           = 0.6766
P019 yt : [INFO     ] 2024-04-02 11:12:15,811 Parameters: omega_radiation           = 0
P013 yt : [INFO     ] 2024-04-02 11:12:15,811 Parameters: domain_right_edge         = [1. 1. 1.]
P019 yt : [INFO     ] 2024-04-02 11:12:15,811 Parameters: hubble_constant           = 0.6766
P009 yt : [INFO     ] 2024-04-02 11:12:15,811 Parameters: domain_right_edge         = [1. 1. 1.]
P008 yt : [INFO     ] 2024-04-02 11:12:15,811 Parameters: domain_left_edge          = [0. 0. 0.]
P009 yt : [INFO     ] 2024-04-02 11:12:15,811 Parameters: cosmological_simulation   = 1
P013 yt : [INFO     ] 2024-04-02 11:12:15,811 Parameters: cosmological_simulation   = 1
P013 yt : [INFO     ] 2024-04-02 11:12:15,811 Parameters: current_redshift          = 11.181356517874
P009 yt : [INFO     ] 2024-04-02 11:12:15,811 Parameters: current_redshift          = 11.181356517874
P016 yt : [INFO     ] 2024-04-02 11:12:15,811 Parameters: current_time              = 75.89987395114
P009 yt : [INFO     ] 2024-04-02 11:12:15,811 Parameters: omega_lambda              = 0.6889
P013 yt : [INFO     ] 2024-04-02 11:12:15,811 Parameters: omega_lambda              = 0.6889
P013 yt : [INFO     ] 2024-04-02 11:12:15,811 Parameters: omega_matter              = 0.3111
P009 yt : [INFO     ] 2024-04-02 11:12:15,811 Parameters: omega_matter              = 0.3111
P009 yt : [INFO     ] 2024-04-02 11:12:15,811 Parameters: omega_radiation           = 0
P013 yt : [INFO     ] 2024-04-02 11:12:15,811 Parameters: omega_radiation           = 0
P013 yt : [INFO     ] 2024-04-02 11:12:15,811 Parameters: hubble_constant           = 0.6766
P009 yt : [INFO     ] 2024-04-02 11:12:15,812 Parameters: hubble_constant           = 0.6766
P010 yt : [INFO     ] 2024-04-02 11:12:15,811 Parameters: domain_dimensions         = [64 64 64]
P020 yt : [INFO     ] 2024-04-02 11:12:15,811 Parameters: domain_left_edge          = [0. 0. 0.]
P021 yt : [INFO     ] 2024-04-02 11:12:15,811 Parameters: domain_left_edge          = [0. 0. 0.]
P003 yt : [INFO     ] 2024-04-02 11:12:15,811 Parameters: domain_dimensions         = [64 64 64]
P022 yt : [INFO     ] 2024-04-02 11:12:15,811 Parameters: domain_left_edge          = [0. 0. 0.]
P008 yt : [INFO     ] 2024-04-02 11:12:15,812 Parameters: domain_right_edge         = [1. 1. 1.]
P008 yt : [INFO     ] 2024-04-02 11:12:15,812 Parameters: cosmological_simulation   = 1
P008 yt : [INFO     ] 2024-04-02 11:12:15,812 Parameters: current_redshift          = 11.181356517874
P008 yt : [INFO     ] 2024-04-02 11:12:15,812 Parameters: omega_lambda              = 0.6889
P008 yt : [INFO     ] 2024-04-02 11:12:15,812 Parameters: omega_matter              = 0.3111
P015 yt : [INFO     ] 2024-04-02 11:12:15,812 Parameters: current_time              = 75.89987395114
P008 yt : [INFO     ] 2024-04-02 11:12:15,812 Parameters: omega_radiation           = 0
P010 yt : [INFO     ] 2024-04-02 11:12:15,812 Parameters: domain_left_edge          = [0. 0. 0.]
P008 yt : [INFO     ] 2024-04-02 11:12:15,812 Parameters: hubble_constant           = 0.6766
P003 yt : [INFO     ] 2024-04-02 11:12:15,812 Parameters: domain_left_edge          = [0. 0. 0.]
P020 yt : [INFO     ] 2024-04-02 11:12:15,812 Parameters: domain_right_edge         = [1. 1. 1.]
P020 yt : [INFO     ] 2024-04-02 11:12:15,812 Parameters: cosmological_simulation   = 1
P021 yt : [INFO     ] 2024-04-02 11:12:15,812 Parameters: domain_right_edge         = [1. 1. 1.]
P016 yt : [INFO     ] 2024-04-02 11:12:15,812 Parameters: domain_dimensions         = [64 64 64]
P020 yt : [INFO     ] 2024-04-02 11:12:15,812 Parameters: current_redshift          = 11.181356517874
P021 yt : [INFO     ] 2024-04-02 11:12:15,812 Parameters: cosmological_simulation   = 1
P021 yt : [INFO     ] 2024-04-02 11:12:15,812 Parameters: current_redshift          = 11.181356517874
P020 yt : [INFO     ] 2024-04-02 11:12:15,812 Parameters: omega_lambda              = 0.6889
P020 yt : [INFO     ] 2024-04-02 11:12:15,812 Parameters: omega_matter              = 0.3111
P022 yt : [INFO     ] 2024-04-02 11:12:15,812 Parameters: domain_right_edge         = [1. 1. 1.]
P022 yt : [INFO     ] 2024-04-02 11:12:15,812 Parameters: cosmological_simulation   = 1
P020 yt : [INFO     ] 2024-04-02 11:12:15,812 Parameters: omega_radiation           = 0
P021 yt : [INFO     ] 2024-04-02 11:12:15,812 Parameters: omega_lambda              = 0.6889
P021 yt : [INFO     ] 2024-04-02 11:12:15,812 Parameters: omega_matter              = 0.3111
P020 yt : [INFO     ] 2024-04-02 11:12:15,812 Parameters: hubble_constant           = 0.6766
P021 yt : [INFO     ] 2024-04-02 11:12:15,812 Parameters: omega_radiation           = 0
P022 yt : [INFO     ] 2024-04-02 11:12:15,812 Parameters: current_redshift          = 11.181356517874
P022 yt : [INFO     ] 2024-04-02 11:12:15,812 Parameters: omega_lambda              = 0.6889
P022 yt : [INFO     ] 2024-04-02 11:12:15,812 Parameters: omega_matter              = 0.3111
P022 yt : [INFO     ] 2024-04-02 11:12:15,812 Parameters: omega_radiation           = 0
P022 yt : [INFO     ] 2024-04-02 11:12:15,812 Parameters: hubble_constant           = 0.6766
P021 yt : [INFO     ] 2024-04-02 11:12:15,812 Parameters: hubble_constant           = 0.6766
P010 yt : [INFO     ] 2024-04-02 11:12:15,812 Parameters: domain_right_edge         = [1. 1. 1.]
P010 yt : [INFO     ] 2024-04-02 11:12:15,813 Parameters: cosmological_simulation   = 1
P015 yt : [INFO     ] 2024-04-02 11:12:15,812 Parameters: domain_dimensions         = [64 64 64]
P003 yt : [INFO     ] 2024-04-02 11:12:15,812 Parameters: domain_right_edge         = [1. 1. 1.]
P010 yt : [INFO     ] 2024-04-02 11:12:15,813 Parameters: current_redshift          = 11.181356517874
P003 yt : [INFO     ] 2024-04-02 11:12:15,813 Parameters: cosmological_simulation   = 1
P016 yt : [INFO     ] 2024-04-02 11:12:15,812 Parameters: domain_left_edge          = [0. 0. 0.]
P003 yt : [INFO     ] 2024-04-02 11:12:15,813 Parameters: current_redshift          = 11.181356517874
P010 yt : [INFO     ] 2024-04-02 11:12:15,813 Parameters: omega_lambda              = 0.6889
P010 yt : [INFO     ] 2024-04-02 11:12:15,813 Parameters: omega_matter              = 0.3111
P003 yt : [INFO     ] 2024-04-02 11:12:15,813 Parameters: omega_lambda              = 0.6889
P003 yt : [INFO     ] 2024-04-02 11:12:15,813 Parameters: omega_matter              = 0.3111
P010 yt : [INFO     ] 2024-04-02 11:12:15,813 Parameters: omega_radiation           = 0
P010 yt : [INFO     ] 2024-04-02 11:12:15,813 Parameters: hubble_constant           = 0.6766
P003 yt : [INFO     ] 2024-04-02 11:12:15,813 Parameters: omega_radiation           = 0
P003 yt : [INFO     ] 2024-04-02 11:12:15,813 Parameters: hubble_constant           = 0.6766
P015 yt : [INFO     ] 2024-04-02 11:12:15,813 Parameters: domain_left_edge          = [0. 0. 0.]
P016 yt : [INFO     ] 2024-04-02 11:12:15,813 Parameters: domain_right_edge         = [1. 1. 1.]
P016 yt : [INFO     ] 2024-04-02 11:12:15,813 Parameters: cosmological_simulation   = 1
P016 yt : [INFO     ] 2024-04-02 11:12:15,813 Parameters: current_redshift          = 11.181356517874
P016 yt : [INFO     ] 2024-04-02 11:12:15,813 Parameters: omega_lambda              = 0.6889
P016 yt : [INFO     ] 2024-04-02 11:12:15,813 Parameters: omega_matter              = 0.3111
P016 yt : [INFO     ] 2024-04-02 11:12:15,813 Parameters: omega_radiation           = 0
P016 yt : [INFO     ] 2024-04-02 11:12:15,813 Parameters: hubble_constant           = 0.6766
P015 yt : [INFO     ] 2024-04-02 11:12:15,813 Parameters: domain_right_edge         = [1. 1. 1.]
P015 yt : [INFO     ] 2024-04-02 11:12:15,814 Parameters: cosmological_simulation   = 1
P015 yt : [INFO     ] 2024-04-02 11:12:15,814 Parameters: current_redshift          = 11.181356517874
P015 yt : [INFO     ] 2024-04-02 11:12:15,814 Parameters: omega_lambda              = 0.6889
P015 yt : [INFO     ] 2024-04-02 11:12:15,814 Parameters: omega_matter              = 0.3111
P015 yt : [INFO     ] 2024-04-02 11:12:15,814 Parameters: omega_radiation           = 0
P015 yt : [INFO     ] 2024-04-02 11:12:15,814 Parameters: hubble_constant           = 0.6766
P017 yt : [INFO     ] 2024-04-02 11:12:15,814 Parameters: current_time              = 75.89987395114
P017 yt : [INFO     ] 2024-04-02 11:12:15,815 Parameters: domain_dimensions         = [64 64 64]
P001 yt : [INFO     ] 2024-04-02 11:12:15,815 Parameters: current_time              = 75.89987395114
P017 yt : [INFO     ] 2024-04-02 11:12:15,815 Parameters: domain_left_edge          = [0. 0. 0.]
P014 yt : [INFO     ] 2024-04-02 11:12:15,815 Parameters: current_time              = 75.89987395114
P001 yt : [INFO     ] 2024-04-02 11:12:15,815 Parameters: domain_dimensions         = [64 64 64]
P017 yt : [INFO     ] 2024-04-02 11:12:15,816 Parameters: domain_right_edge         = [1. 1. 1.]
P017 yt : [INFO     ] 2024-04-02 11:12:15,816 Parameters: cosmological_simulation   = 1
P017 yt : [INFO     ] 2024-04-02 11:12:15,816 Parameters: current_redshift          = 11.181356517874
P017 yt : [INFO     ] 2024-04-02 11:12:15,816 Parameters: omega_lambda              = 0.6889
P017 yt : [INFO     ] 2024-04-02 11:12:15,816 Parameters: omega_matter              = 0.3111
P017 yt : [INFO     ] 2024-04-02 11:12:15,816 Parameters: omega_radiation           = 0
P017 yt : [INFO     ] 2024-04-02 11:12:15,816 Parameters: hubble_constant           = 0.6766
P014 yt : [INFO     ] 2024-04-02 11:12:15,816 Parameters: domain_dimensions         = [64 64 64]
P001 yt : [INFO     ] 2024-04-02 11:12:15,816 Parameters: domain_left_edge          = [0. 0. 0.]
Additional features and improved performance (usually) by saving this arbor with "save_arbor" and reloading:
	>>> a = ytree.load("/storage/home/hcoda1/0/jw254/data/SG64-2020/rockstar_halos-jhw/trees/tree_0_0_0.dat")
	>>> fn = a.save_arbor()
	>>> a = ytree.load(fn)
Additional features and improved performance (usually) by saving this arbor with "save_arbor" and reloading:
	>>> a = ytree.load("/storage/home/hcoda1/0/jw254/data/SG64-2020/rockstar_halos-jhw/trees/tree_0_0_0.dat")
	>>> fn = a.save_arbor()
	>>> a = ytree.load(fn)
Additional features and improved performance (usually) by saving this arbor with "save_arbor" and reloading:
	>>> a = ytree.load("/storage/home/hcoda1/0/jw254/data/SG64-2020/rockstar_halos-jhw/trees/tree_0_0_0.dat")
	>>> fn = a.save_arbor()
	>>> a = ytree.load(fn)
P014 yt : [INFO     ] 2024-04-02 11:12:15,816 Parameters: domain_left_edge          = [0. 0. 0.]
P001 yt : [INFO     ] 2024-04-02 11:12:15,816 Parameters: domain_right_edge         = [1. 1. 1.]
P001 yt : [INFO     ] 2024-04-02 11:12:15,817 Parameters: cosmological_simulation   = 1
P001 yt : [INFO     ] 2024-04-02 11:12:15,817 Parameters: current_redshift          = 11.181356517874
P001 yt : [INFO     ] 2024-04-02 11:12:15,817 Parameters: omega_lambda              = 0.6889
P001 yt : [INFO     ] 2024-04-02 11:12:15,817 Parameters: omega_matter              = 0.3111
P001 yt : [INFO     ] 2024-04-02 11:12:15,817 Parameters: omega_radiation           = 0
P001 yt : [INFO     ] 2024-04-02 11:12:15,817 Parameters: hubble_constant           = 0.6766
P023 yt : [INFO     ] 2024-04-02 11:12:15,817 Parameters: current_time              = 75.89987395114
P014 yt : [INFO     ] 2024-04-02 11:12:15,817 Parameters: domain_right_edge         = [1. 1. 1.]
P014 yt : [INFO     ] 2024-04-02 11:12:15,817 Parameters: cosmological_simulation   = 1
P014 yt : [INFO     ] 2024-04-02 11:12:15,817 Parameters: current_redshift          = 11.181356517874
P014 yt : [INFO     ] 2024-04-02 11:12:15,817 Parameters: omega_lambda              = 0.6889
P014 yt : [INFO     ] 2024-04-02 11:12:15,817 Parameters: omega_matter              = 0.3111
Additional features and improved performance (usually) by saving this arbor with "save_arbor" and reloading:
	>>> a = ytree.load("/storage/home/hcoda1/0/jw254/data/SG64-2020/rockstar_halos-jhw/trees/tree_0_0_0.dat")
	>>> fn = a.save_arbor()
	>>> a = ytree.load(fn)
P014 yt : [INFO     ] 2024-04-02 11:12:15,817 Parameters: omega_radiation           = 0
P014 yt : [INFO     ] 2024-04-02 11:12:15,817 Parameters: hubble_constant           = 0.6766
Additional features and improved performance (usually) by saving this arbor with "save_arbor" and reloading:
	>>> a = ytree.load("/storage/home/hcoda1/0/jw254/data/SG64-2020/rockstar_halos-jhw/trees/tree_0_0_0.dat")
	>>> fn = a.save_arbor()
	>>> a = ytree.load(fn)
Additional features and improved performance (usually) by saving this arbor with "save_arbor" and reloading:
	>>> a = ytree.load("/storage/home/hcoda1/0/jw254/data/SG64-2020/rockstar_halos-jhw/trees/tree_0_0_0.dat")
	>>> fn = a.save_arbor()
	>>> a = ytree.load(fn)
Additional features and improved performance (usually) by saving this arbor with "save_arbor" and reloading:
	>>> a = ytree.load("/storage/home/hcoda1/0/jw254/data/SG64-2020/rockstar_halos-jhw/trees/tree_0_0_0.dat")
	>>> fn = a.save_arbor()
	>>> a = ytree.load(fn)
Additional features and improved performance (usually) by saving this arbor with "save_arbor" and reloading:
	>>> a = ytree.load("/storage/home/hcoda1/0/jw254/data/SG64-2020/rockstar_halos-jhw/trees/tree_0_0_0.dat")
	>>> fn = a.save_arbor()
	>>> a = ytree.load(fn)
P032 yt : [INFO     ] 2024-04-02 11:12:15,817 Parameters: current_time              = 75.89987395114
Additional features and improved performance (usually) by saving this arbor with "save_arbor" and reloading:
	>>> a = ytree.load("/storage/home/hcoda1/0/jw254/data/SG64-2020/rockstar_halos-jhw/trees/tree_0_0_0.dat")
	>>> fn = a.save_arbor()
	>>> a = ytree.load(fn)
Additional features and improved performance (usually) by saving this arbor with "save_arbor" and reloading:
	>>> a = ytree.load("/storage/home/hcoda1/0/jw254/data/SG64-2020/rockstar_halos-jhw/trees/tree_0_0_0.dat")
	>>> fn = a.save_arbor()
	>>> a = ytree.load(fn)
P023 yt : [INFO     ] 2024-04-02 11:12:15,817 Parameters: domain_dimensions         = [64 64 64]
Additional features and improved performance (usually) by saving this arbor with "save_arbor" and reloading:
	>>> a = ytree.load("/storage/home/hcoda1/0/jw254/data/SG64-2020/rockstar_halos-jhw/trees/tree_0_0_0.dat")
	>>> fn = a.save_arbor()
	>>> a = ytree.load(fn)
P023 yt : [INFO     ] 2024-04-02 11:12:15,818 Parameters: domain_left_edge          = [0. 0. 0.]
Additional features and improved performance (usually) by saving this arbor with "save_arbor" and reloading:
	>>> a = ytree.load("/storage/home/hcoda1/0/jw254/data/SG64-2020/rockstar_halos-jhw/trees/tree_0_0_0.dat")
	>>> fn = a.save_arbor()
	>>> a = ytree.load(fn)
P032 yt : [INFO     ] 2024-04-02 11:12:15,817 Parameters: domain_dimensions         = [64 64 64]
Additional features and improved performance (usually) by saving this arbor with "save_arbor" and reloading:
	>>> a = ytree.load("/storage/home/hcoda1/0/jw254/data/SG64-2020/rockstar_halos-jhw/trees/tree_0_0_0.dat")
	>>> fn = a.save_arbor()
	>>> a = ytree.load(fn)
Additional features and improved performance (usually) by saving this arbor with "save_arbor" and reloading:
	>>> a = ytree.load("/storage/home/hcoda1/0/jw254/data/SG64-2020/rockstar_halos-jhw/trees/tree_0_0_0.dat")
	>>> fn = a.save_arbor()
	>>> a = ytree.load(fn)
Additional features and improved performance (usually) by saving this arbor with "save_arbor" and reloading:
	>>> a = ytree.load("/storage/home/hcoda1/0/jw254/data/SG64-2020/rockstar_halos-jhw/trees/tree_0_0_0.dat")
	>>> fn = a.save_arbor()
	>>> a = ytree.load(fn)
P023 yt : [INFO     ] 2024-04-02 11:12:15,818 Parameters: domain_right_edge         = [1. 1. 1.]
P032 yt : [INFO     ] 2024-04-02 11:12:15,818 Parameters: domain_left_edge          = [0. 0. 0.]
P023 yt : [INFO     ] 2024-04-02 11:12:15,818 Parameters: cosmological_simulation   = 1
Additional features and improved performance (usually) by saving this arbor with "save_arbor" and reloading:
	>>> a = ytree.load("/storage/home/hcoda1/0/jw254/data/SG64-2020/rockstar_halos-jhw/trees/tree_0_0_0.dat")
	>>> fn = a.save_arbor()
	>>> a = ytree.load(fn)
P023 yt : [INFO     ] 2024-04-02 11:12:15,818 Parameters: current_redshift          = 11.181356517874
P023 yt : [INFO     ] 2024-04-02 11:12:15,818 Parameters: omega_lambda              = 0.6889
P023 yt : [INFO     ] 2024-04-02 11:12:15,818 Parameters: omega_matter              = 0.3111
P023 yt : [INFO     ] 2024-04-02 11:12:15,818 Parameters: omega_radiation           = 0
P023 yt : [INFO     ] 2024-04-02 11:12:15,818 Parameters: hubble_constant           = 0.6766
Additional features and improved performance (usually) by saving this arbor with "save_arbor" and reloading:
	>>> a = ytree.load("/storage/home/hcoda1/0/jw254/data/SG64-2020/rockstar_halos-jhw/trees/tree_0_0_0.dat")
	>>> fn = a.save_arbor()
	>>> a = ytree.load(fn)
P032 yt : [INFO     ] 2024-04-02 11:12:15,818 Parameters: domain_right_edge         = [1. 1. 1.]
P032 yt : [INFO     ] 2024-04-02 11:12:15,818 Parameters: cosmological_simulation   = 1
P032 yt : [INFO     ] 2024-04-02 11:12:15,818 Parameters: current_redshift          = 11.181356517874
P032 yt : [INFO     ] 2024-04-02 11:12:15,819 Parameters: omega_lambda              = 0.6889
P032 yt : [INFO     ] 2024-04-02 11:12:15,819 Parameters: omega_matter              = 0.3111
P032 yt : [INFO     ] 2024-04-02 11:12:15,819 Parameters: omega_radiation           = 0
P032 yt : [INFO     ] 2024-04-02 11:12:15,819 Parameters: hubble_constant           = 0.6766
Additional features and improved performance (usually) by saving this arbor with "save_arbor" and reloading:
	>>> a = ytree.load("/storage/home/hcoda1/0/jw254/data/SG64-2020/rockstar_halos-jhw/trees/tree_0_0_0.dat")
	>>> fn = a.save_arbor()
	>>> a = ytree.load(fn)
Additional features and improved performance (usually) by saving this arbor with "save_arbor" and reloading:
	>>> a = ytree.load("/storage/home/hcoda1/0/jw254/data/SG64-2020/rockstar_halos-jhw/trees/tree_0_0_0.dat")
	>>> fn = a.save_arbor()
	>>> a = ytree.load(fn)
Additional features and improved performance (usually) by saving this arbor with "save_arbor" and reloading:
	>>> a = ytree.load("/storage/home/hcoda1/0/jw254/data/SG64-2020/rockstar_halos-jhw/trees/tree_0_0_0.dat")
	>>> fn = a.save_arbor()
	>>> a = ytree.load(fn)
Additional features and improved performance (usually) by saving this arbor with "save_arbor" and reloading:
	>>> a = ytree.load("/storage/home/hcoda1/0/jw254/data/SG64-2020/rockstar_halos-jhw/trees/tree_0_0_0.dat")
	>>> fn = a.save_arbor()
	>>> a = ytree.load(fn)
Additional features and improved performance (usually) by saving this arbor with "save_arbor" and reloading:
	>>> a = ytree.load("/storage/home/hcoda1/0/jw254/data/SG64-2020/rockstar_halos-jhw/trees/tree_0_0_0.dat")
	>>> fn = a.save_arbor()
	>>> a = ytree.load(fn)
Additional features and improved performance (usually) by saving this arbor with "save_arbor" and reloading:
	>>> a = ytree.load("/storage/home/hcoda1/0/jw254/data/SG64-2020/rockstar_halos-jhw/trees/tree_0_0_0.dat")
	>>> fn = a.save_arbor()
	>>> a = ytree.load(fn)
Additional features and improved performance (usually) by saving this arbor with "save_arbor" and reloading:
	>>> a = ytree.load("/storage/home/hcoda1/0/jw254/data/SG64-2020/rockstar_halos-jhw/trees/tree_0_0_0.dat")
	>>> fn = a.save_arbor()
	>>> a = ytree.load(fn)
P046 yt : [INFO     ] 2024-04-02 11:12:15,834 Parameters: current_time              = 75.89987395114
P036 yt : [INFO     ] 2024-04-02 11:12:15,834 Parameters: current_time              = 75.89987395114
P046 yt : [INFO     ] 2024-04-02 11:12:15,834 Parameters: domain_dimensions         = [64 64 64]
P036 yt : [INFO     ] 2024-04-02 11:12:15,835 Parameters: domain_dimensions         = [64 64 64]
P046 yt : [INFO     ] 2024-04-02 11:12:15,835 Parameters: domain_left_edge          = [0. 0. 0.]
P036 yt : [INFO     ] 2024-04-02 11:12:15,835 Parameters: domain_left_edge          = [0. 0. 0.]
P046 yt : [INFO     ] 2024-04-02 11:12:15,835 Parameters: domain_right_edge         = [1. 1. 1.]
P046 yt : [INFO     ] 2024-04-02 11:12:15,836 Parameters: cosmological_simulation   = 1
P026 yt : [INFO     ] 2024-04-02 11:12:15,835 Parameters: current_time              = 75.89987395114
P046 yt : [INFO     ] 2024-04-02 11:12:15,836 Parameters: current_redshift          = 11.181356517874
P046 yt : [INFO     ] 2024-04-02 11:12:15,836 Parameters: omega_lambda              = 0.6889
P046 yt : [INFO     ] 2024-04-02 11:12:15,836 Parameters: omega_matter              = 0.3111
P024 yt : [INFO     ] 2024-04-02 11:12:15,836 Parameters: current_time              = 75.89987395114
P046 yt : [INFO     ] 2024-04-02 11:12:15,836 Parameters: omega_radiation           = 0
P046 yt : [INFO     ] 2024-04-02 11:12:15,836 Parameters: hubble_constant           = 0.6766
P042 yt : [INFO     ] 2024-04-02 11:12:15,836 Parameters: current_time              = 75.89987395114
P036 yt : [INFO     ] 2024-04-02 11:12:15,836 Parameters: domain_right_edge         = [1. 1. 1.]
P036 yt : [INFO     ] 2024-04-02 11:12:15,836 Parameters: cosmological_simulation   = 1
P036 yt : [INFO     ] 2024-04-02 11:12:15,836 Parameters: current_redshift          = 11.181356517874
P036 yt : [INFO     ] 2024-04-02 11:12:15,836 Parameters: omega_lambda              = 0.6889
P036 yt : [INFO     ] 2024-04-02 11:12:15,836 Parameters: omega_matter              = 0.3111
P036 yt : [INFO     ] 2024-04-02 11:12:15,836 Parameters: omega_radiation           = 0
P036 yt : [INFO     ] 2024-04-02 11:12:15,836 Parameters: hubble_constant           = 0.6766
P026 yt : [INFO     ] 2024-04-02 11:12:15,836 Parameters: domain_dimensions         = [64 64 64]
P024 yt : [INFO     ] 2024-04-02 11:12:15,836 Parameters: domain_dimensions         = [64 64 64]
P042 yt : [INFO     ] 2024-04-02 11:12:15,836 Parameters: domain_dimensions         = [64 64 64]
P026 yt : [INFO     ] 2024-04-02 11:12:15,836 Parameters: domain_left_edge          = [0. 0. 0.]
P024 yt : [INFO     ] 2024-04-02 11:12:15,836 Parameters: domain_left_edge          = [0. 0. 0.]
P042 yt : [INFO     ] 2024-04-02 11:12:15,836 Parameters: domain_left_edge          = [0. 0. 0.]
P043 yt : [INFO     ] 2024-04-02 11:12:15,837 Parameters: current_time              = 75.89987395114
P028 yt : [INFO     ] 2024-04-02 11:12:15,837 Parameters: current_time              = 75.89987395114
P026 yt : [INFO     ] 2024-04-02 11:12:15,837 Parameters: domain_right_edge         = [1. 1. 1.]
P026 yt : [INFO     ] 2024-04-02 11:12:15,837 Parameters: cosmological_simulation   = 1
P026 yt : [INFO     ] 2024-04-02 11:12:15,837 Parameters: current_redshift          = 11.181356517874
P024 yt : [INFO     ] 2024-04-02 11:12:15,837 Parameters: domain_right_edge         = [1. 1. 1.]
P042 yt : [INFO     ] 2024-04-02 11:12:15,837 Parameters: domain_right_edge         = [1. 1. 1.]
P026 yt : [INFO     ] 2024-04-02 11:12:15,837 Parameters: omega_lambda              = 0.6889
P024 yt : [INFO     ] 2024-04-02 11:12:15,837 Parameters: cosmological_simulation   = 1
P026 yt : [INFO     ] 2024-04-02 11:12:15,837 Parameters: omega_matter              = 0.3111
P042 yt : [INFO     ] 2024-04-02 11:12:15,837 Parameters: cosmological_simulation   = 1
P024 yt : [INFO     ] 2024-04-02 11:12:15,837 Parameters: current_redshift          = 11.181356517874
P026 yt : [INFO     ] 2024-04-02 11:12:15,837 Parameters: omega_radiation           = 0
P042 yt : [INFO     ] 2024-04-02 11:12:15,837 Parameters: current_redshift          = 11.181356517874
P024 yt : [INFO     ] 2024-04-02 11:12:15,837 Parameters: omega_lambda              = 0.6889
P026 yt : [INFO     ] 2024-04-02 11:12:15,837 Parameters: hubble_constant           = 0.6766
P042 yt : [INFO     ] 2024-04-02 11:12:15,837 Parameters: omega_lambda              = 0.6889
P024 yt : [INFO     ] 2024-04-02 11:12:15,837 Parameters: omega_matter              = 0.3111
P042 yt : [INFO     ] 2024-04-02 11:12:15,837 Parameters: omega_matter              = 0.3111
P024 yt : [INFO     ] 2024-04-02 11:12:15,837 Parameters: omega_radiation           = 0
P042 yt : [INFO     ] 2024-04-02 11:12:15,837 Parameters: omega_radiation           = 0
P024 yt : [INFO     ] 2024-04-02 11:12:15,837 Parameters: hubble_constant           = 0.6766
P042 yt : [INFO     ] 2024-04-02 11:12:15,837 Parameters: hubble_constant           = 0.6766
P043 yt : [INFO     ] 2024-04-02 11:12:15,837 Parameters: domain_dimensions         = [64 64 64]
P030 yt : [INFO     ] 2024-04-02 11:12:15,837 Parameters: current_time              = 75.89987395114
P044 yt : [INFO     ] 2024-04-02 11:12:15,837 Parameters: current_time              = 75.89987395114
P038 yt : [INFO     ] 2024-04-02 11:12:15,838 Parameters: current_time              = 75.89987395114
P034 yt : [INFO     ] 2024-04-02 11:12:15,838 Parameters: current_time              = 75.89987395114
P043 yt : [INFO     ] 2024-04-02 11:12:15,838 Parameters: domain_left_edge          = [0. 0. 0.]
P030 yt : [INFO     ] 2024-04-02 11:12:15,838 Parameters: domain_dimensions         = [64 64 64]
P044 yt : [INFO     ] 2024-04-02 11:12:15,838 Parameters: domain_dimensions         = [64 64 64]
P038 yt : [INFO     ] 2024-04-02 11:12:15,838 Parameters: domain_dimensions         = [64 64 64]
P034 yt : [INFO     ] 2024-04-02 11:12:15,838 Parameters: domain_dimensions         = [64 64 64]
P043 yt : [INFO     ] 2024-04-02 11:12:15,838 Parameters: domain_right_edge         = [1. 1. 1.]
P045 yt : [INFO     ] 2024-04-02 11:12:15,838 Parameters: current_time              = 75.89987395114
P043 yt : [INFO     ] 2024-04-02 11:12:15,838 Parameters: cosmological_simulation   = 1
P043 yt : [INFO     ] 2024-04-02 11:12:15,838 Parameters: current_redshift          = 11.181356517874
P043 yt : [INFO     ] 2024-04-02 11:12:15,838 Parameters: omega_lambda              = 0.6889
P030 yt : [INFO     ] 2024-04-02 11:12:15,838 Parameters: domain_left_edge          = [0. 0. 0.]
P047 yt : [INFO     ] 2024-04-02 11:12:15,838 Parameters: current_time              = 75.89987395114
P043 yt : [INFO     ] 2024-04-02 11:12:15,838 Parameters: omega_matter              = 0.3111
P043 yt : [INFO     ] 2024-04-02 11:12:15,838 Parameters: omega_radiation           = 0
P043 yt : [INFO     ] 2024-04-02 11:12:15,839 Parameters: hubble_constant           = 0.6766
P044 yt : [INFO     ] 2024-04-02 11:12:15,838 Parameters: domain_left_edge          = [0. 0. 0.]
P038 yt : [INFO     ] 2024-04-02 11:12:15,838 Parameters: domain_left_edge          = [0. 0. 0.]
P034 yt : [INFO     ] 2024-04-02 11:12:15,839 Parameters: domain_left_edge          = [0. 0. 0.]
P030 yt : [INFO     ] 2024-04-02 11:12:15,839 Parameters: domain_right_edge         = [1. 1. 1.]
P041 yt : [INFO     ] 2024-04-02 11:12:15,839 Parameters: current_time              = 75.89987395114
P028 yt : [INFO     ] 2024-04-02 11:12:15,839 Parameters: domain_dimensions         = [64 64 64]
P030 yt : [INFO     ] 2024-04-02 11:12:15,839 Parameters: cosmological_simulation   = 1
P030 yt : [INFO     ] 2024-04-02 11:12:15,839 Parameters: current_redshift          = 11.181356517874
P038 yt : [INFO     ] 2024-04-02 11:12:15,839 Parameters: domain_right_edge         = [1. 1. 1.]
P044 yt : [INFO     ] 2024-04-02 11:12:15,839 Parameters: domain_right_edge         = [1. 1. 1.]
P045 yt : [INFO     ] 2024-04-02 11:12:15,839 Parameters: domain_dimensions         = [64 64 64]
P047 yt : [INFO     ] 2024-04-02 11:12:15,839 Parameters: domain_dimensions         = [64 64 64]
P030 yt : [INFO     ] 2024-04-02 11:12:15,839 Parameters: omega_lambda              = 0.6889
P038 yt : [INFO     ] 2024-04-02 11:12:15,839 Parameters: cosmological_simulation   = 1
P044 yt : [INFO     ] 2024-04-02 11:12:15,839 Parameters: cosmological_simulation   = 1
P030 yt : [INFO     ] 2024-04-02 11:12:15,839 Parameters: omega_matter              = 0.3111
P038 yt : [INFO     ] 2024-04-02 11:12:15,839 Parameters: current_redshift          = 11.181356517874
P044 yt : [INFO     ] 2024-04-02 11:12:15,839 Parameters: current_redshift          = 11.181356517874
P030 yt : [INFO     ] 2024-04-02 11:12:15,839 Parameters: omega_radiation           = 0
P038 yt : [INFO     ] 2024-04-02 11:12:15,839 Parameters: omega_lambda              = 0.6889
P044 yt : [INFO     ] 2024-04-02 11:12:15,839 Parameters: omega_lambda              = 0.6889
P030 yt : [INFO     ] 2024-04-02 11:12:15,839 Parameters: hubble_constant           = 0.6766
P034 yt : [INFO     ] 2024-04-02 11:12:15,839 Parameters: domain_right_edge         = [1. 1. 1.]
P038 yt : [INFO     ] 2024-04-02 11:12:15,839 Parameters: omega_matter              = 0.3111
P038 yt : [INFO     ] 2024-04-02 11:12:15,839 Parameters: omega_radiation           = 0
P044 yt : [INFO     ] 2024-04-02 11:12:15,839 Parameters: omega_matter              = 0.3111
P044 yt : [INFO     ] 2024-04-02 11:12:15,839 Parameters: omega_radiation           = 0
P025 yt : [INFO     ] 2024-04-02 11:12:15,839 Parameters: current_time              = 75.89987395114
P034 yt : [INFO     ] 2024-04-02 11:12:15,839 Parameters: cosmological_simulation   = 1
P037 yt : [INFO     ] 2024-04-02 11:12:15,839 Parameters: current_time              = 75.89987395114
P038 yt : [INFO     ] 2024-04-02 11:12:15,839 Parameters: hubble_constant           = 0.6766
P044 yt : [INFO     ] 2024-04-02 11:12:15,839 Parameters: hubble_constant           = 0.6766
P034 yt : [INFO     ] 2024-04-02 11:12:15,839 Parameters: current_redshift          = 11.181356517874
P034 yt : [INFO     ] 2024-04-02 11:12:15,839 Parameters: omega_lambda              = 0.6889
P034 yt : [INFO     ] 2024-04-02 11:12:15,839 Parameters: omega_matter              = 0.3111
P034 yt : [INFO     ] 2024-04-02 11:12:15,839 Parameters: omega_radiation           = 0
P034 yt : [INFO     ] 2024-04-02 11:12:15,839 Parameters: hubble_constant           = 0.6766
P041 yt : [INFO     ] 2024-04-02 11:12:15,839 Parameters: domain_dimensions         = [64 64 64]
P028 yt : [INFO     ] 2024-04-02 11:12:15,839 Parameters: domain_left_edge          = [0. 0. 0.]
P045 yt : [INFO     ] 2024-04-02 11:12:15,839 Parameters: domain_left_edge          = [0. 0. 0.]
P047 yt : [INFO     ] 2024-04-02 11:12:15,839 Parameters: domain_left_edge          = [0. 0. 0.]
P025 yt : [INFO     ] 2024-04-02 11:12:15,840 Parameters: domain_dimensions         = [64 64 64]
P037 yt : [INFO     ] 2024-04-02 11:12:15,840 Parameters: domain_dimensions         = [64 64 64]
P040 yt : [INFO     ] 2024-04-02 11:12:15,840 Parameters: current_time              = 75.89987395114
P041 yt : [INFO     ] 2024-04-02 11:12:15,840 Parameters: domain_left_edge          = [0. 0. 0.]
P028 yt : [INFO     ] 2024-04-02 11:12:15,840 Parameters: domain_right_edge         = [1. 1. 1.]
P039 yt : [INFO     ] 2024-04-02 11:12:15,840 Parameters: current_time              = 75.89987395114
P028 yt : [INFO     ] 2024-04-02 11:12:15,840 Parameters: cosmological_simulation   = 1
P045 yt : [INFO     ] 2024-04-02 11:12:15,840 Parameters: domain_right_edge         = [1. 1. 1.]
P047 yt : [INFO     ] 2024-04-02 11:12:15,840 Parameters: domain_right_edge         = [1. 1. 1.]
P028 yt : [INFO     ] 2024-04-02 11:12:15,840 Parameters: current_redshift          = 11.181356517874
P045 yt : [INFO     ] 2024-04-02 11:12:15,840 Parameters: cosmological_simulation   = 1
P047 yt : [INFO     ] 2024-04-02 11:12:15,840 Parameters: cosmological_simulation   = 1
P028 yt : [INFO     ] 2024-04-02 11:12:15,840 Parameters: omega_lambda              = 0.6889
P045 yt : [INFO     ] 2024-04-02 11:12:15,840 Parameters: current_redshift          = 11.181356517874
P047 yt : [INFO     ] 2024-04-02 11:12:15,840 Parameters: current_redshift          = 11.181356517874
P047 yt : [INFO     ] 2024-04-02 11:12:15,840 Parameters: omega_lambda              = 0.6889
P028 yt : [INFO     ] 2024-04-02 11:12:15,840 Parameters: omega_matter              = 0.3111
P028 yt : [INFO     ] 2024-04-02 11:12:15,840 Parameters: omega_radiation           = 0
P045 yt : [INFO     ] 2024-04-02 11:12:15,840 Parameters: omega_lambda              = 0.6889
P045 yt : [INFO     ] 2024-04-02 11:12:15,840 Parameters: omega_matter              = 0.3111
P028 yt : [INFO     ] 2024-04-02 11:12:15,840 Parameters: hubble_constant           = 0.6766
P045 yt : [INFO     ] 2024-04-02 11:12:15,840 Parameters: omega_radiation           = 0
P047 yt : [INFO     ] 2024-04-02 11:12:15,840 Parameters: omega_matter              = 0.3111
P047 yt : [INFO     ] 2024-04-02 11:12:15,840 Parameters: omega_radiation           = 0
P047 yt : [INFO     ] 2024-04-02 11:12:15,840 Parameters: hubble_constant           = 0.6766
P025 yt : [INFO     ] 2024-04-02 11:12:15,840 Parameters: domain_left_edge          = [0. 0. 0.]
P045 yt : [INFO     ] 2024-04-02 11:12:15,840 Parameters: hubble_constant           = 0.6766
P037 yt : [INFO     ] 2024-04-02 11:12:15,840 Parameters: domain_left_edge          = [0. 0. 0.]
P040 yt : [INFO     ] 2024-04-02 11:12:15,840 Parameters: domain_dimensions         = [64 64 64]
P041 yt : [INFO     ] 2024-04-02 11:12:15,840 Parameters: domain_right_edge         = [1. 1. 1.]
P041 yt : [INFO     ] 2024-04-02 11:12:15,840 Parameters: cosmological_simulation   = 1
P041 yt : [INFO     ] 2024-04-02 11:12:15,840 Parameters: current_redshift          = 11.181356517874
P041 yt : [INFO     ] 2024-04-02 11:12:15,840 Parameters: omega_lambda              = 0.6889
P041 yt : [INFO     ] 2024-04-02 11:12:15,841 Parameters: omega_matter              = 0.3111
P041 yt : [INFO     ] 2024-04-02 11:12:15,841 Parameters: omega_radiation           = 0
P041 yt : [INFO     ] 2024-04-02 11:12:15,841 Parameters: hubble_constant           = 0.6766
P039 yt : [INFO     ] 2024-04-02 11:12:15,840 Parameters: domain_dimensions         = [64 64 64]
P025 yt : [INFO     ] 2024-04-02 11:12:15,841 Parameters: domain_right_edge         = [1. 1. 1.]
P037 yt : [INFO     ] 2024-04-02 11:12:15,841 Parameters: domain_right_edge         = [1. 1. 1.]
P037 yt : [INFO     ] 2024-04-02 11:12:15,841 Parameters: cosmological_simulation   = 1
P025 yt : [INFO     ] 2024-04-02 11:12:15,841 Parameters: cosmological_simulation   = 1
P025 yt : [INFO     ] 2024-04-02 11:12:15,841 Parameters: current_redshift          = 11.181356517874
P037 yt : [INFO     ] 2024-04-02 11:12:15,841 Parameters: current_redshift          = 11.181356517874
P025 yt : [INFO     ] 2024-04-02 11:12:15,841 Parameters: omega_lambda              = 0.6889
P037 yt : [INFO     ] 2024-04-02 11:12:15,841 Parameters: omega_lambda              = 0.6889
P040 yt : [INFO     ] 2024-04-02 11:12:15,841 Parameters: domain_left_edge          = [0. 0. 0.]
P025 yt : [INFO     ] 2024-04-02 11:12:15,841 Parameters: omega_matter              = 0.3111
P025 yt : [INFO     ] 2024-04-02 11:12:15,841 Parameters: omega_radiation           = 0
P037 yt : [INFO     ] 2024-04-02 11:12:15,841 Parameters: omega_matter              = 0.3111
P037 yt : [INFO     ] 2024-04-02 11:12:15,841 Parameters: omega_radiation           = 0
P025 yt : [INFO     ] 2024-04-02 11:12:15,841 Parameters: hubble_constant           = 0.6766
P027 yt : [INFO     ] 2024-04-02 11:12:15,841 Parameters: current_time              = 75.89987395114
P033 yt : [INFO     ] 2024-04-02 11:12:15,841 Parameters: current_time              = 75.89987395114
P037 yt : [INFO     ] 2024-04-02 11:12:15,841 Parameters: hubble_constant           = 0.6766
P039 yt : [INFO     ] 2024-04-02 11:12:15,841 Parameters: domain_left_edge          = [0. 0. 0.]
P040 yt : [INFO     ] 2024-04-02 11:12:15,841 Parameters: domain_right_edge         = [1. 1. 1.]
P040 yt : [INFO     ] 2024-04-02 11:12:15,841 Parameters: cosmological_simulation   = 1
P040 yt : [INFO     ] 2024-04-02 11:12:15,841 Parameters: current_redshift          = 11.181356517874
P027 yt : [INFO     ] 2024-04-02 11:12:15,841 Parameters: domain_dimensions         = [64 64 64]
P033 yt : [INFO     ] 2024-04-02 11:12:15,841 Parameters: domain_dimensions         = [64 64 64]
P040 yt : [INFO     ] 2024-04-02 11:12:15,841 Parameters: omega_lambda              = 0.6889
P040 yt : [INFO     ] 2024-04-02 11:12:15,841 Parameters: omega_matter              = 0.3111
P040 yt : [INFO     ] 2024-04-02 11:12:15,841 Parameters: omega_radiation           = 0
P031 yt : [INFO     ] 2024-04-02 11:12:15,841 Parameters: current_time              = 75.89987395114
P040 yt : [INFO     ] 2024-04-02 11:12:15,841 Parameters: hubble_constant           = 0.6766
P039 yt : [INFO     ] 2024-04-02 11:12:15,842 Parameters: domain_right_edge         = [1. 1. 1.]
P039 yt : [INFO     ] 2024-04-02 11:12:15,842 Parameters: cosmological_simulation   = 1
P039 yt : [INFO     ] 2024-04-02 11:12:15,842 Parameters: current_redshift          = 11.181356517874
P039 yt : [INFO     ] 2024-04-02 11:12:15,842 Parameters: omega_lambda              = 0.6889
P039 yt : [INFO     ] 2024-04-02 11:12:15,842 Parameters: omega_matter              = 0.3111
P027 yt : [INFO     ] 2024-04-02 11:12:15,842 Parameters: domain_left_edge          = [0. 0. 0.]
P039 yt : [INFO     ] 2024-04-02 11:12:15,842 Parameters: omega_radiation           = 0
P033 yt : [INFO     ] 2024-04-02 11:12:15,842 Parameters: domain_left_edge          = [0. 0. 0.]
P039 yt : [INFO     ] 2024-04-02 11:12:15,842 Parameters: hubble_constant           = 0.6766
P031 yt : [INFO     ] 2024-04-02 11:12:15,842 Parameters: domain_dimensions         = [64 64 64]
Additional features and improved performance (usually) by saving this arbor with "save_arbor" and reloading:
	>>> a = ytree.load("/storage/home/hcoda1/0/jw254/data/SG64-2020/rockstar_halos-jhw/trees/tree_0_0_0.dat")
	>>> fn = a.save_arbor()
	>>> a = ytree.load(fn)
P027 yt : [INFO     ] 2024-04-02 11:12:15,842 Parameters: domain_right_edge         = [1. 1. 1.]
P033 yt : [INFO     ] 2024-04-02 11:12:15,842 Parameters: domain_right_edge         = [1. 1. 1.]
P027 yt : [INFO     ] 2024-04-02 11:12:15,842 Parameters: cosmological_simulation   = 1
P033 yt : [INFO     ] 2024-04-02 11:12:15,842 Parameters: cosmological_simulation   = 1
P027 yt : [INFO     ] 2024-04-02 11:12:15,842 Parameters: current_redshift          = 11.181356517874
P033 yt : [INFO     ] 2024-04-02 11:12:15,842 Parameters: current_redshift          = 11.181356517874
P027 yt : [INFO     ] 2024-04-02 11:12:15,842 Parameters: omega_lambda              = 0.6889
P033 yt : [INFO     ] 2024-04-02 11:12:15,842 Parameters: omega_lambda              = 0.6889
P027 yt : [INFO     ] 2024-04-02 11:12:15,842 Parameters: omega_matter              = 0.3111
P029 yt : [INFO     ] 2024-04-02 11:12:15,842 Parameters: current_time              = 75.89987395114
P033 yt : [INFO     ] 2024-04-02 11:12:15,842 Parameters: omega_matter              = 0.3111
P033 yt : [INFO     ] 2024-04-02 11:12:15,842 Parameters: omega_radiation           = 0
P027 yt : [INFO     ] 2024-04-02 11:12:15,842 Parameters: omega_radiation           = 0
P027 yt : [INFO     ] 2024-04-02 11:12:15,843 Parameters: hubble_constant           = 0.6766
P031 yt : [INFO     ] 2024-04-02 11:12:15,842 Parameters: domain_left_edge          = [0. 0. 0.]
P033 yt : [INFO     ] 2024-04-02 11:12:15,843 Parameters: hubble_constant           = 0.6766
P031 yt : [INFO     ] 2024-04-02 11:12:15,843 Parameters: domain_right_edge         = [1. 1. 1.]
Additional features and improved performance (usually) by saving this arbor with "save_arbor" and reloading:
	>>> a = ytree.load("/storage/home/hcoda1/0/jw254/data/SG64-2020/rockstar_halos-jhw/trees/tree_0_0_0.dat")
	>>> fn = a.save_arbor()
	>>> a = ytree.load(fn)
P029 yt : [INFO     ] 2024-04-02 11:12:15,843 Parameters: domain_dimensions         = [64 64 64]
P031 yt : [INFO     ] 2024-04-02 11:12:15,843 Parameters: cosmological_simulation   = 1
P031 yt : [INFO     ] 2024-04-02 11:12:15,843 Parameters: current_redshift          = 11.181356517874
P031 yt : [INFO     ] 2024-04-02 11:12:15,843 Parameters: omega_lambda              = 0.6889
P031 yt : [INFO     ] 2024-04-02 11:12:15,843 Parameters: omega_matter              = 0.3111
P031 yt : [INFO     ] 2024-04-02 11:12:15,843 Parameters: omega_radiation           = 0
P031 yt : [INFO     ] 2024-04-02 11:12:15,843 Parameters: hubble_constant           = 0.6766
Additional features and improved performance (usually) by saving this arbor with "save_arbor" and reloading:
	>>> a = ytree.load("/storage/home/hcoda1/0/jw254/data/SG64-2020/rockstar_halos-jhw/trees/tree_0_0_0.dat")
	>>> fn = a.save_arbor()
	>>> a = ytree.load(fn)
P029 yt : [INFO     ] 2024-04-02 11:12:15,843 Parameters: domain_left_edge          = [0. 0. 0.]
Additional features and improved performance (usually) by saving this arbor with "save_arbor" and reloading:
	>>> a = ytree.load("/storage/home/hcoda1/0/jw254/data/SG64-2020/rockstar_halos-jhw/trees/tree_0_0_0.dat")
	>>> fn = a.save_arbor()
	>>> a = ytree.load(fn)
P029 yt : [INFO     ] 2024-04-02 11:12:15,844 Parameters: domain_right_edge         = [1. 1. 1.]
Additional features and improved performance (usually) by saving this arbor with "save_arbor" and reloading:
	>>> a = ytree.load("/storage/home/hcoda1/0/jw254/data/SG64-2020/rockstar_halos-jhw/trees/tree_0_0_0.dat")
	>>> fn = a.save_arbor()
	>>> a = ytree.load(fn)
P029 yt : [INFO     ] 2024-04-02 11:12:15,844 Parameters: cosmological_simulation   = 1
P029 yt : [INFO     ] 2024-04-02 11:12:15,844 Parameters: current_redshift          = 11.181356517874
P029 yt : [INFO     ] 2024-04-02 11:12:15,844 Parameters: omega_lambda              = 0.6889
P029 yt : [INFO     ] 2024-04-02 11:12:15,844 Parameters: omega_matter              = 0.3111
P029 yt : [INFO     ] 2024-04-02 11:12:15,844 Parameters: omega_radiation           = 0
P029 yt : [INFO     ] 2024-04-02 11:12:15,844 Parameters: hubble_constant           = 0.6766
Additional features and improved performance (usually) by saving this arbor with "save_arbor" and reloading:
	>>> a = ytree.load("/storage/home/hcoda1/0/jw254/data/SG64-2020/rockstar_halos-jhw/trees/tree_0_0_0.dat")
	>>> fn = a.save_arbor()
	>>> a = ytree.load(fn)
P035 yt : [INFO     ] 2024-04-02 11:12:15,845 Parameters: current_time              = 75.89987395114
Additional features and improved performance (usually) by saving this arbor with "save_arbor" and reloading:
	>>> a = ytree.load("/storage/home/hcoda1/0/jw254/data/SG64-2020/rockstar_halos-jhw/trees/tree_0_0_0.dat")
	>>> fn = a.save_arbor()
	>>> a = ytree.load(fn)
Additional features and improved performance (usually) by saving this arbor with "save_arbor" and reloading:
	>>> a = ytree.load("/storage/home/hcoda1/0/jw254/data/SG64-2020/rockstar_halos-jhw/trees/tree_0_0_0.dat")
	>>> fn = a.save_arbor()
	>>> a = ytree.load(fn)
Additional features and improved performance (usually) by saving this arbor with "save_arbor" and reloading:
	>>> a = ytree.load("/storage/home/hcoda1/0/jw254/data/SG64-2020/rockstar_halos-jhw/trees/tree_0_0_0.dat")
	>>> fn = a.save_arbor()
	>>> a = ytree.load(fn)
P035 yt : [INFO     ] 2024-04-02 11:12:15,845 Parameters: domain_dimensions         = [64 64 64]
Additional features and improved performance (usually) by saving this arbor with "save_arbor" and reloading:
	>>> a = ytree.load("/storage/home/hcoda1/0/jw254/data/SG64-2020/rockstar_halos-jhw/trees/tree_0_0_0.dat")
	>>> fn = a.save_arbor()
	>>> a = ytree.load(fn)
P035 yt : [INFO     ] 2024-04-02 11:12:15,845 Parameters: domain_left_edge          = [0. 0. 0.]
Additional features and improved performance (usually) by saving this arbor with "save_arbor" and reloading:
	>>> a = ytree.load("/storage/home/hcoda1/0/jw254/data/SG64-2020/rockstar_halos-jhw/trees/tree_0_0_0.dat")
	>>> fn = a.save_arbor()
	>>> a = ytree.load(fn)
Additional features and improved performance (usually) by saving this arbor with "save_arbor" and reloading:
	>>> a = ytree.load("/storage/home/hcoda1/0/jw254/data/SG64-2020/rockstar_halos-jhw/trees/tree_0_0_0.dat")
	>>> fn = a.save_arbor()
	>>> a = ytree.load(fn)
Additional features and improved performance (usually) by saving this arbor with "save_arbor" and reloading:
	>>> a = ytree.load("/storage/home/hcoda1/0/jw254/data/SG64-2020/rockstar_halos-jhw/trees/tree_0_0_0.dat")
	>>> fn = a.save_arbor()
	>>> a = ytree.load(fn)
Additional features and improved performance (usually) by saving this arbor with "save_arbor" and reloading:
	>>> a = ytree.load("/storage/home/hcoda1/0/jw254/data/SG64-2020/rockstar_halos-jhw/trees/tree_0_0_0.dat")
	>>> fn = a.save_arbor()
	>>> a = ytree.load(fn)
P035 yt : [INFO     ] 2024-04-02 11:12:15,846 Parameters: domain_right_edge         = [1. 1. 1.]
P035 yt : [INFO     ] 2024-04-02 11:12:15,846 Parameters: cosmological_simulation   = 1
P035 yt : [INFO     ] 2024-04-02 11:12:15,846 Parameters: current_redshift          = 11.181356517874
P035 yt : [INFO     ] 2024-04-02 11:12:15,846 Parameters: omega_lambda              = 0.6889
P035 yt : [INFO     ] 2024-04-02 11:12:15,846 Parameters: omega_matter              = 0.3111
P035 yt : [INFO     ] 2024-04-02 11:12:15,846 Parameters: omega_radiation           = 0
Additional features and improved performance (usually) by saving this arbor with "save_arbor" and reloading:
	>>> a = ytree.load("/storage/home/hcoda1/0/jw254/data/SG64-2020/rockstar_halos-jhw/trees/tree_0_0_0.dat")
	>>> fn = a.save_arbor()
	>>> a = ytree.load(fn)
P035 yt : [INFO     ] 2024-04-02 11:12:15,846 Parameters: hubble_constant           = 0.6766
Additional features and improved performance (usually) by saving this arbor with "save_arbor" and reloading:
	>>> a = ytree.load("/storage/home/hcoda1/0/jw254/data/SG64-2020/rockstar_halos-jhw/trees/tree_0_0_0.dat")
	>>> fn = a.save_arbor()
	>>> a = ytree.load(fn)
Additional features and improved performance (usually) by saving this arbor with "save_arbor" and reloading:
	>>> a = ytree.load("/storage/home/hcoda1/0/jw254/data/SG64-2020/rockstar_halos-jhw/trees/tree_0_0_0.dat")
	>>> fn = a.save_arbor()
	>>> a = ytree.load(fn)
Additional features and improved performance (usually) by saving this arbor with "save_arbor" and reloading:
	>>> a = ytree.load("/storage/home/hcoda1/0/jw254/data/SG64-2020/rockstar_halos-jhw/trees/tree_0_0_0.dat")
	>>> fn = a.save_arbor()
	>>> a = ytree.load(fn)
Additional features and improved performance (usually) by saving this arbor with "save_arbor" and reloading:
	>>> a = ytree.load("/storage/home/hcoda1/0/jw254/data/SG64-2020/rockstar_halos-jhw/trees/tree_0_0_0.dat")
	>>> fn = a.save_arbor()
	>>> a = ytree.load(fn)
Additional features and improved performance (usually) by saving this arbor with "save_arbor" and reloading:
	>>> a = ytree.load("/storage/home/hcoda1/0/jw254/data/SG64-2020/rockstar_halos-jhw/trees/tree_0_0_0.dat")
	>>> fn = a.save_arbor()
	>>> a = ytree.load(fn)
Additional features and improved performance (usually) by saving this arbor with "save_arbor" and reloading:
	>>> a = ytree.load("/storage/home/hcoda1/0/jw254/data/SG64-2020/rockstar_halos-jhw/trees/tree_0_0_0.dat")
	>>> fn = a.save_arbor()
	>>> a = ytree.load(fn)
Additional features and improved performance (usually) by saving this arbor with "save_arbor" and reloading:
	>>> a = ytree.load("/storage/home/hcoda1/0/jw254/data/SG64-2020/rockstar_halos-jhw/trees/tree_0_0_0.dat")
	>>> fn = a.save_arbor()
	>>> a = ytree.load(fn)
Additional features and improved performance (usually) by saving this arbor with "save_arbor" and reloading:
	>>> a = ytree.load("/storage/home/hcoda1/0/jw254/data/SG64-2020/rockstar_halos-jhw/trees/tree_0_0_0.dat")
	>>> fn = a.save_arbor()
	>>> a = ytree.load(fn)
Parsing Hierarchy :   0%|          | 0/777 [00:00<?, ?it/s]Parsing Hierarchy : 100%|| 777/777 [00:00<00:00, 14945.58it/s]
P012 yt : [INFO     ] 2024-04-02 11:12:15,891 Gathering a field list (this may take a moment.)
Parsing Hierarchy :   0%|          | 0/777 [00:00<?, ?it/s]Parsing Hierarchy : 100%|| 777/777 [00:00<00:00, 15489.86it/s]
P016 yt : [INFO     ] 2024-04-02 11:12:15,891 Gathering a field list (this may take a moment.)
Parsing Hierarchy :   0%|          | 0/777 [00:00<?, ?it/s]Parsing Hierarchy : 100%|| 777/777 [00:00<00:00, 15389.80it/s]
P022 yt : [INFO     ] 2024-04-02 11:12:15,891 Gathering a field list (this may take a moment.)
Parsing Hierarchy :   0%|          | 0/777 [00:00<?, ?it/s]Parsing Hierarchy : 100%|| 777/777 [00:00<00:00, 15103.86it/s]
P005 yt : [INFO     ] 2024-04-02 11:12:15,891 Gathering a field list (this may take a moment.)
Parsing Hierarchy :   0%|          | 0/777 [00:00<?, ?it/s]Parsing Hierarchy : 100%|| 777/777 [00:00<00:00, 15150.69it/s]
P007 yt : [INFO     ] 2024-04-02 11:12:15,891 Gathering a field list (this may take a moment.)
Parsing Hierarchy :   0%|          | 0/777 [00:00<?, ?it/s]Parsing Hierarchy : 100%|| 777/777 [00:00<00:00, 15061.83it/s]
P009 yt : [INFO     ] 2024-04-02 11:12:15,891 Gathering a field list (this may take a moment.)
Parsing Hierarchy :   0%|          | 0/777 [00:00<?, ?it/s]Parsing Hierarchy : 100%|| 777/777 [00:00<00:00, 15215.63it/s]
P013 yt : [INFO     ] 2024-04-02 11:12:15,891 Gathering a field list (this may take a moment.)
Parsing Hierarchy :   0%|          | 0/777 [00:00<?, ?it/s]Parsing Hierarchy : 100%|| 777/777 [00:00<00:00, 15187.76it/s]
P019 yt : [INFO     ] 2024-04-02 11:12:15,891 Gathering a field list (this may take a moment.)
Parsing Hierarchy :   0%|          | 0/777 [00:00<?, ?it/s]Parsing Hierarchy : 100%|| 777/777 [00:00<00:00, 15383.84it/s]
P020 yt : [INFO     ] 2024-04-02 11:12:15,891 Gathering a field list (this may take a moment.)
Parsing Hierarchy :   0%|          | 0/777 [00:00<?, ?it/s]Parsing Hierarchy : 100%|| 777/777 [00:00<00:00, 14775.91it/s]
P002 yt : [INFO     ] 2024-04-02 11:12:15,891 Gathering a field list (this may take a moment.)
Parsing Hierarchy :   0%|          | 0/777 [00:00<?, ?it/s]Parsing Hierarchy : 100%|| 777/777 [00:00<00:00, 15184.50it/s]
P011 yt : [INFO     ] 2024-04-02 11:12:15,891 Gathering a field list (this may take a moment.)
Parsing Hierarchy :   0%|          | 0/777 [00:00<?, ?it/s]Parsing Hierarchy : 100%|| 777/777 [00:00<00:00, 15292.52it/s]
P021 yt : [INFO     ] 2024-04-02 11:12:15,892 Gathering a field list (this may take a moment.)
Parsing Hierarchy :   0%|          | 0/777 [00:00<?, ?it/s]Parsing Hierarchy : 100%|| 777/777 [00:00<00:00, 14702.78it/s]
P006 yt : [INFO     ] 2024-04-02 11:12:15,892 Gathering a field list (this may take a moment.)
Parsing Hierarchy :   0%|          | 0/777 [00:00<?, ?it/s]Parsing Hierarchy : 100%|| 777/777 [00:00<00:00, 15424.18it/s]
P015 yt : [INFO     ] 2024-04-02 11:12:15,892 Gathering a field list (this may take a moment.)
Parsing Hierarchy :   0%|          | 0/777 [00:00<?, ?it/s]Parsing Hierarchy : 100%|| 777/777 [00:00<00:00, 15220.25it/s]
P003 yt : [INFO     ] 2024-04-02 11:12:15,892 Gathering a field list (this may take a moment.)
Parsing Hierarchy :   0%|          | 0/777 [00:00<?, ?it/s]Parsing Hierarchy : 100%|| 777/777 [00:00<00:00, 15039.38it/s]
P018 yt : [INFO     ] 2024-04-02 11:12:15,892 Gathering a field list (this may take a moment.)
Parsing Hierarchy :   0%|          | 0/777 [00:00<?, ?it/s]Parsing Hierarchy : 100%|| 777/777 [00:00<00:00, 14713.60it/s]
P010 yt : [INFO     ] 2024-04-02 11:12:15,894 Gathering a field list (this may take a moment.)
Parsing Hierarchy :   0%|          | 0/777 [00:00<?, ?it/s]Parsing Hierarchy : 100%|| 777/777 [00:00<00:00, 15311.35it/s]
P017 yt : [INFO     ] 2024-04-02 11:12:15,894 Gathering a field list (this may take a moment.)
Parsing Hierarchy :   0%|          | 0/777 [00:00<?, ?it/s]Parsing Hierarchy : 100%|| 777/777 [00:00<00:00, 15276.97it/s]
P023 yt : [INFO     ] 2024-04-02 11:12:15,896 Gathering a field list (this may take a moment.)
Parsing Hierarchy :   0%|          | 0/777 [00:00<?, ?it/s]Parsing Hierarchy : 100%|| 777/777 [00:00<00:00, 15046.54it/s]
P014 yt : [INFO     ] 2024-04-02 11:12:15,897 Gathering a field list (this may take a moment.)
Parsing Hierarchy :   0%|          | 0/777 [00:00<?, ?it/s]Parsing Hierarchy : 100%|| 777/777 [00:00<00:00, 13825.21it/s]
P008 yt : [INFO     ] 2024-04-02 11:12:15,897 Gathering a field list (this may take a moment.)
Parsing Hierarchy :   0%|          | 0/777 [00:00<?, ?it/s]Parsing Hierarchy : 100%|| 777/777 [00:00<00:00, 14382.25it/s]
P001 yt : [INFO     ] 2024-04-02 11:12:15,902 Gathering a field list (this may take a moment.)
Parsing Hierarchy :   0%|          | 0/777 [00:00<?, ?it/s]Parsing Hierarchy : 100%|| 777/777 [00:00<00:00, 14512.90it/s]
P032 yt : [INFO     ] 2024-04-02 11:12:15,902 Gathering a field list (this may take a moment.)
Parsing Hierarchy :   0%|          | 0/777 [00:00<?, ?it/s]Parsing Hierarchy : 100%|| 777/777 [00:00<00:00, 12012.61it/s]
P004 yt : [INFO     ] 2024-04-02 11:12:15,906 Gathering a field list (this may take a moment.)
Parsing Hierarchy :   0%|          | 0/777 [00:00<?, ?it/s]Parsing Hierarchy : 100%|| 777/777 [00:00<00:00, 15480.30it/s]
P043 yt : [INFO     ] 2024-04-02 11:12:15,917 Gathering a field list (this may take a moment.)
Parsing Hierarchy :   0%|          | 0/777 [00:00<?, ?it/s]Parsing Hierarchy : 100%|| 777/777 [00:00<00:00, 15452.19it/s]
P042 yt : [INFO     ] 2024-04-02 11:12:15,917 Gathering a field list (this may take a moment.)
Parsing Hierarchy :   0%|          | 0/777 [00:00<?, ?it/s]Parsing Hierarchy : 100%|| 777/777 [00:00<00:00, 15130.50it/s]
P046 yt : [INFO     ] 2024-04-02 11:12:15,917 Gathering a field list (this may take a moment.)
Parsing Hierarchy :   0%|          | 0/777 [00:00<?, ?it/s]Parsing Hierarchy : 100%|| 777/777 [00:00<00:00, 15220.67it/s]
P036 yt : [INFO     ] 2024-04-02 11:12:15,917 Gathering a field list (this may take a moment.)
Parsing Hierarchy :   0%|          | 0/777 [00:00<?, ?it/s]Parsing Hierarchy : 100%|| 777/777 [00:00<00:00, 15147.45it/s]
P024 yt : [INFO     ] 2024-04-02 11:12:15,917 Gathering a field list (this may take a moment.)
Parsing Hierarchy :   0%|          | 0/777 [00:00<?, ?it/s]Parsing Hierarchy : 100%|| 777/777 [00:00<00:00, 15494.21it/s]
P038 yt : [INFO     ] 2024-04-02 11:12:15,918 Gathering a field list (this may take a moment.)
Parsing Hierarchy :   0%|          | 0/777 [00:00<?, ?it/s]Parsing Hierarchy : 100%|| 777/777 [00:00<00:00, 14999.93it/s]
P026 yt : [INFO     ] 2024-04-02 11:12:15,918 Gathering a field list (this may take a moment.)
Parsing Hierarchy :   0%|          | 0/777 [00:00<?, ?it/s]Parsing Hierarchy : 100%|| 777/777 [00:00<00:00, 15438.79it/s]
P034 yt : [INFO     ] 2024-04-02 11:12:15,918 Gathering a field list (this may take a moment.)
Parsing Hierarchy :   0%|          | 0/777 [00:00<?, ?it/s]Parsing Hierarchy : 100%|| 777/777 [00:00<00:00, 15301.57it/s]
P045 yt : [INFO     ] 2024-04-02 11:12:15,919 Gathering a field list (this may take a moment.)
Parsing Hierarchy :   0%|          | 0/777 [00:00<?, ?it/s]Parsing Hierarchy : 100%|| 777/777 [00:00<00:00, 15376.29it/s]
P025 yt : [INFO     ] 2024-04-02 11:12:15,919 Gathering a field list (this may take a moment.)
Parsing Hierarchy :   0%|          | 0/777 [00:00<?, ?it/s]Parsing Hierarchy : 100%|| 777/777 [00:00<00:00, 15189.10it/s]
P047 yt : [INFO     ] 2024-04-02 11:12:15,919 Gathering a field list (this may take a moment.)
Parsing Hierarchy :   0%|          | 0/777 [00:00<?, ?it/s]Parsing Hierarchy : 100%|| 777/777 [00:00<00:00, 15206.18it/s]
P028 yt : [INFO     ] 2024-04-02 11:12:15,919 Gathering a field list (this may take a moment.)
Parsing Hierarchy :   0%|          | 0/777 [00:00<?, ?it/s]Parsing Hierarchy : 100%|| 777/777 [00:00<00:00, 15186.98it/s]
P041 yt : [INFO     ] 2024-04-02 11:12:15,919 Gathering a field list (this may take a moment.)
Parsing Hierarchy :   0%|          | 0/777 [00:00<?, ?it/s]Parsing Hierarchy : 100%|| 777/777 [00:00<00:00, 15101.83it/s]
P044 yt : [INFO     ] 2024-04-02 11:12:15,919 Gathering a field list (this may take a moment.)
Parsing Hierarchy :   0%|          | 0/777 [00:00<?, ?it/s]Parsing Hierarchy : 100%|| 777/777 [00:00<00:00, 15461.57it/s]
P033 yt : [INFO     ] 2024-04-02 11:12:15,920 Gathering a field list (this may take a moment.)
Parsing Hierarchy :   0%|          | 0/777 [00:00<?, ?it/s]Parsing Hierarchy : 100%|| 777/777 [00:00<00:00, 15385.87it/s]
P039 yt : [INFO     ] 2024-04-02 11:12:15,920 Gathering a field list (this may take a moment.)
Parsing Hierarchy :   0%|          | 0/777 [00:00<?, ?it/s]Parsing Hierarchy : 100%|| 777/777 [00:00<00:00, 15387.04it/s]
P027 yt : [INFO     ] 2024-04-02 11:12:15,921 Gathering a field list (this may take a moment.)
Parsing Hierarchy :   0%|          | 0/777 [00:00<?, ?it/s]Parsing Hierarchy : 100%|| 777/777 [00:00<00:00, 15164.23it/s]
P037 yt : [INFO     ] 2024-04-02 11:12:15,921 Gathering a field list (this may take a moment.)
Parsing Hierarchy :   0%|          | 0/777 [00:00<?, ?it/s]Parsing Hierarchy : 100%|| 777/777 [00:00<00:00, 15448.74it/s]
P031 yt : [INFO     ] 2024-04-02 11:12:15,921 Gathering a field list (this may take a moment.)
Parsing Hierarchy :   0%|          | 0/777 [00:00<?, ?it/s]Parsing Hierarchy : 100%|| 777/777 [00:00<00:00, 15552.47it/s]
P029 yt : [INFO     ] 2024-04-02 11:12:15,922 Gathering a field list (this may take a moment.)
Parsing Hierarchy :   0%|          | 0/777 [00:00<?, ?it/s]Parsing Hierarchy : 100%|| 777/777 [00:00<00:00, 13693.00it/s]
P030 yt : [INFO     ] 2024-04-02 11:12:15,924 Gathering a field list (this may take a moment.)
Parsing Hierarchy :   0%|          | 0/777 [00:00<?, ?it/s]Parsing Hierarchy : 100%|| 777/777 [00:00<00:00, 14664.41it/s]
P040 yt : [INFO     ] 2024-04-02 11:12:15,927 Gathering a field list (this may take a moment.)
Parsing Hierarchy :   0%|          | 0/777 [00:00<?, ?it/s]Parsing Hierarchy : 100%|| 777/777 [00:00<00:00, 14569.42it/s]
P035 yt : [INFO     ] 2024-04-02 11:12:15,931 Gathering a field list (this may take a moment.)
MAX_SIZE: 205
SIZE DIFFERENCE 205
ARRAY LENGTH 0
MAX_SIZE: 205
SIZE DIFFERENCE 205
ARRAY LENGTH 0
  File "analysis_pipeline.py", line 155, in <module>
    ap.process_target(node)
  File "/storage/home/hcoda1/7/shardin31/.conda/envs/pd_environment_3/lib/python3.8/site-packages/ytree/analysis/analysis_pipeline.py", line 174, in process_target
    rval = action(target)
  File "/storage/home/hcoda1/7/shardin31/.conda/envs/pd_environment_3/lib/python3.8/site-packages/ytree/analysis/analysis_operators.py", line 30, in __call__
    return self.function(target, *self.args, **self.kwargs)
  File "analysis_pipeline.py", line 59, in save_star_masses
    node["star_masses"] = np.concatenate([np.array(sphere["p2","particle_mass"]),np.zeros(size_difference)], dtype=float)
  File "/storage/home/hcoda1/7/shardin31/.conda/envs/pd_environment_3/lib/python3.8/site-packages/ytree/data_structures/tree_node.py", line 235, in __setitem__
    self.arbor[key][self._arbor_index] = value
  File "/storage/home/hcoda1/7/shardin31/.conda/envs/pd_environment_3/lib/python3.8/site-packages/ytree/data_structures/arbor.py", line 520, in __getitem__
    return self.query(key)
  File "/storage/home/hcoda1/7/shardin31/.conda/envs/pd_environment_3/lib/python3.8/site-packages/ytree/data_structures/arbor.py", line 532, in query
    self._root_io.get_fields(self, fields=[key])
  File "/storage/home/hcoda1/7/shardin31/.conda/envs/pd_environment_3/lib/python3.8/site-packages/ytree/data_structures/io.py", line 153, in get_fields
    self._initialize_analysis_field(storage_object, field)
  File "/storage/home/hcoda1/7/shardin31/.conda/envs/pd_environment_3/lib/python3.8/site-packages/ytree/data_structures/io.py", line 249, in _initialize_analysis_field
    self.arbor.arr(np.full(self.arbor.size, default, dtype=dtype), units)
  File "/storage/home/hcoda1/7/shardin31/.conda/envs/pd_environment_3/lib/python3.8/site-packages/numpy/core/numeric.py", line 344, in full
    multiarray.copyto(a, fill_value, casting='unsafe')
  File "<__array_function__ internals>", line 180, in copyto
P011 yt : [ERROR    ] 2024-04-02 11:12:17,366 ValueError: could not broadcast input array from shape (205,) into shape (203,)
MAX_SIZE: 205
SIZE DIFFERENCE 205
ARRAY LENGTH 0
--------------------------------------------------------------------------
MPI_ABORT was invoked on rank 11 in communicator MPI_COMM_WORLD
with errorcode 1.

NOTE: invoking MPI_ABORT causes Open MPI to kill all MPI processes.
You may or may not see output from other processes, depending on
exactly when Open MPI kills them.
--------------------------------------------------------------------------
Loading tree roots:   0%|          | 0/7934216 [00:00<?, ?it/s]Loading tree roots: 100%|| 7934216/7934216 [00:00<00:00, 222959666.52it/s]slurmstepd: error: *** STEP 5482630.0 ON atl1-1-02-011-21-2 CANCELLED AT 2024-04-02T11:12:17 ***
srun: Job step aborted: Waiting up to 32 seconds for job step to finish.
srun: error: atl1-1-02-011-21-2: tasks 0-10,12-23: Killed
srun: error: atl1-1-02-011-21-2: task 11: Exited with exit code 1
srun: error: atl1-1-02-011-25-1: tasks 24-47: Killed
---------------------------------------
Begin Slurm Epilog: Apr-02-2024 11:12:18
Job ID:        5482630
Array Job ID:  _4294967294
User ID:       shardin31
Account:       gts-jw254-coda20
Job name:      Slurmshardinpowderdayrun
Resources:     cpu=48,mem=100G,node=2
Rsrc Used:     cput=00:17:36,vmem=80K,walltime=00:00:22,mem=0,energy_used=0
Partition:     cpu-small
QOS:           inferno
Nodes:         atl1-1-02-011-21-2,atl1-1-02-011-25-1
---------------------------------------
