---------------------------------------
Begin Slurm Prolog: Mar-27-2024 11:58:10
Job ID:    5338873
User ID:   shardin31
Account:   gts-jw254-coda20
Job name:  Slurmshardinpowderdayrun
Partition: cpu-small
QOS:       inferno
---------------------------------------

CommandNotFoundError: Your shell has not been properly configured to use 'conda deactivate'.
To initialize your shell, run

    $ conda init <SHELL_NAME>

Currently supported shells are:
  - bash
  - fish
  - tcsh
  - xonsh
  - zsh
  - powershell

See 'conda init --help' for more information and options.

IMPORTANT: You may need to close and restart your shell after running 'conda init'.



Lmod is automatically replacing "mvapich2/2.3.6-ouywal" with "openmpi/4.1.4".

yt : [INFO     ] 2024-03-27 11:58:32,539 Global parallel computation enabled: 5 / 8
yt : [INFO     ] 2024-03-27 11:58:32,544 Global parallel computation enabled: 2 / 8
yt : [INFO     ] 2024-03-27 11:58:32,539 Global parallel computation enabled: 6 / 8
yt : [INFO     ] 2024-03-27 11:58:32,543 Global parallel computation enabled: 7 / 8
yt : [INFO     ] 2024-03-27 11:58:32,545 Global parallel computation enabled: 4 / 8
yt : [INFO     ] 2024-03-27 11:58:32,555 Global parallel computation enabled: 0 / 8
yt : [INFO     ] 2024-03-27 11:58:32,556 Global parallel computation enabled: 1 / 8
yt : [INFO     ] 2024-03-27 11:58:32,557 Global parallel computation enabled: 3 / 8
Additional features and improved performance (usually) by saving this arbor with "save_arbor" and reloading:
	>>> a = ytree.load("/storage/home/hcoda1/0/jw254/data/SG64-2020/rockstar_halos-jhw/trees/tree_0_0_0.dat")
	>>> fn = a.save_arbor()
	>>> a = ytree.load(fn)
P003 yt : [INFO     ] 2024-03-27 11:58:32,842 Parameters: current_time              = 75.89987395114
P003 yt : [INFO     ] 2024-03-27 11:58:32,843 Parameters: domain_dimensions         = [64 64 64]
P003 yt : [INFO     ] 2024-03-27 11:58:32,843 Parameters: domain_left_edge          = [0. 0. 0.]
P003 yt : [INFO     ] 2024-03-27 11:58:32,844 Parameters: domain_right_edge         = [1. 1. 1.]
P003 yt : [INFO     ] 2024-03-27 11:58:32,844 Parameters: cosmological_simulation   = 1
P003 yt : [INFO     ] 2024-03-27 11:58:32,845 Parameters: current_redshift          = 11.181356517874
P003 yt : [INFO     ] 2024-03-27 11:58:32,845 Parameters: omega_lambda              = 0.6889
P003 yt : [INFO     ] 2024-03-27 11:58:32,845 Parameters: omega_matter              = 0.3111
P003 yt : [INFO     ] 2024-03-27 11:58:32,845 Parameters: omega_radiation           = 0
P003 yt : [INFO     ] 2024-03-27 11:58:32,845 Parameters: hubble_constant           = 0.6766
P001 yt : [INFO     ] 2024-03-27 11:58:32,846 Parameters: current_time              = 75.89987395114
P001 yt : [INFO     ] 2024-03-27 11:58:32,846 Parameters: domain_dimensions         = [64 64 64]
P001 yt : [INFO     ] 2024-03-27 11:58:32,847 Parameters: domain_left_edge          = [0. 0. 0.]
P001 yt : [INFO     ] 2024-03-27 11:58:32,847 Parameters: domain_right_edge         = [1. 1. 1.]
P001 yt : [INFO     ] 2024-03-27 11:58:32,847 Parameters: cosmological_simulation   = 1
P001 yt : [INFO     ] 2024-03-27 11:58:32,847 Parameters: current_redshift          = 11.181356517874
P001 yt : [INFO     ] 2024-03-27 11:58:32,847 Parameters: omega_lambda              = 0.6889
P001 yt : [INFO     ] 2024-03-27 11:58:32,847 Parameters: omega_matter              = 0.3111
P001 yt : [INFO     ] 2024-03-27 11:58:32,847 Parameters: omega_radiation           = 0
P001 yt : [INFO     ] 2024-03-27 11:58:32,848 Parameters: hubble_constant           = 0.6766
P002 yt : [INFO     ] 2024-03-27 11:58:32,849 Parameters: current_time              = 75.89987395114
P002 yt : [INFO     ] 2024-03-27 11:58:32,850 Parameters: domain_dimensions         = [64 64 64]
P002 yt : [INFO     ] 2024-03-27 11:58:32,850 Parameters: domain_left_edge          = [0. 0. 0.]
P002 yt : [INFO     ] 2024-03-27 11:58:32,851 Parameters: domain_right_edge         = [1. 1. 1.]
P002 yt : [INFO     ] 2024-03-27 11:58:32,851 Parameters: cosmological_simulation   = 1
P002 yt : [INFO     ] 2024-03-27 11:58:32,851 Parameters: current_redshift          = 11.181356517874
P002 yt : [INFO     ] 2024-03-27 11:58:32,851 Parameters: omega_lambda              = 0.6889
P002 yt : [INFO     ] 2024-03-27 11:58:32,851 Parameters: omega_matter              = 0.3111
P002 yt : [INFO     ] 2024-03-27 11:58:32,851 Parameters: omega_radiation           = 0
P002 yt : [INFO     ] 2024-03-27 11:58:32,851 Parameters: hubble_constant           = 0.6766
Additional features and improved performance (usually) by saving this arbor with "save_arbor" and reloading:
	>>> a = ytree.load("/storage/home/hcoda1/0/jw254/data/SG64-2020/rockstar_halos-jhw/trees/tree_0_0_0.dat")
	>>> fn = a.save_arbor()
	>>> a = ytree.load(fn)
Additional features and improved performance (usually) by saving this arbor with "save_arbor" and reloading:
	>>> a = ytree.load("/storage/home/hcoda1/0/jw254/data/SG64-2020/rockstar_halos-jhw/trees/tree_0_0_0.dat")
	>>> fn = a.save_arbor()
	>>> a = ytree.load(fn)
Additional features and improved performance (usually) by saving this arbor with "save_arbor" and reloading:
	>>> a = ytree.load("/storage/home/hcoda1/0/jw254/data/SG64-2020/rockstar_halos-jhw/trees/tree_0_0_0.dat")
	>>> fn = a.save_arbor()
	>>> a = ytree.load(fn)
P004 yt : [INFO     ] 2024-03-27 11:58:32,853 Parameters: current_time              = 75.89987395114
P004 yt : [INFO     ] 2024-03-27 11:58:32,854 Parameters: domain_dimensions         = [64 64 64]
P004 yt : [INFO     ] 2024-03-27 11:58:32,854 Parameters: domain_left_edge          = [0. 0. 0.]
P004 yt : [INFO     ] 2024-03-27 11:58:32,854 Parameters: domain_right_edge         = [1. 1. 1.]
P004 yt : [INFO     ] 2024-03-27 11:58:32,855 Parameters: cosmological_simulation   = 1
P004 yt : [INFO     ] 2024-03-27 11:58:32,855 Parameters: current_redshift          = 11.181356517874
P004 yt : [INFO     ] 2024-03-27 11:58:32,855 Parameters: omega_lambda              = 0.6889
P004 yt : [INFO     ] 2024-03-27 11:58:32,855 Parameters: omega_matter              = 0.3111
P004 yt : [INFO     ] 2024-03-27 11:58:32,855 Parameters: omega_radiation           = 0
P004 yt : [INFO     ] 2024-03-27 11:58:32,855 Parameters: hubble_constant           = 0.6766
P007 yt : [INFO     ] 2024-03-27 11:58:32,860 Parameters: current_time              = 75.89987395114
P007 yt : [INFO     ] 2024-03-27 11:58:32,861 Parameters: domain_dimensions         = [64 64 64]
P007 yt : [INFO     ] 2024-03-27 11:58:32,861 Parameters: domain_left_edge          = [0. 0. 0.]
P007 yt : [INFO     ] 2024-03-27 11:58:32,861 Parameters: domain_right_edge         = [1. 1. 1.]
P006 yt : [INFO     ] 2024-03-27 11:58:32,861 Parameters: current_time              = 75.89987395114
P007 yt : [INFO     ] 2024-03-27 11:58:32,862 Parameters: cosmological_simulation   = 1
P007 yt : [INFO     ] 2024-03-27 11:58:32,862 Parameters: current_redshift          = 11.181356517874
P007 yt : [INFO     ] 2024-03-27 11:58:32,862 Parameters: omega_lambda              = 0.6889
P007 yt : [INFO     ] 2024-03-27 11:58:32,862 Parameters: omega_matter              = 0.3111
P007 yt : [INFO     ] 2024-03-27 11:58:32,862 Parameters: omega_radiation           = 0
P007 yt : [INFO     ] 2024-03-27 11:58:32,862 Parameters: hubble_constant           = 0.6766
P006 yt : [INFO     ] 2024-03-27 11:58:32,862 Parameters: domain_dimensions         = [64 64 64]
P006 yt : [INFO     ] 2024-03-27 11:58:32,862 Parameters: domain_left_edge          = [0. 0. 0.]
P006 yt : [INFO     ] 2024-03-27 11:58:32,863 Parameters: domain_right_edge         = [1. 1. 1.]
P006 yt : [INFO     ] 2024-03-27 11:58:32,863 Parameters: cosmological_simulation   = 1
P006 yt : [INFO     ] 2024-03-27 11:58:32,863 Parameters: current_redshift          = 11.181356517874
P006 yt : [INFO     ] 2024-03-27 11:58:32,863 Parameters: omega_lambda              = 0.6889
P006 yt : [INFO     ] 2024-03-27 11:58:32,863 Parameters: omega_matter              = 0.3111
P006 yt : [INFO     ] 2024-03-27 11:58:32,863 Parameters: omega_radiation           = 0
P006 yt : [INFO     ] 2024-03-27 11:58:32,863 Parameters: hubble_constant           = 0.6766
Additional features and improved performance (usually) by saving this arbor with "save_arbor" and reloading:
	>>> a = ytree.load("/storage/home/hcoda1/0/jw254/data/SG64-2020/rockstar_halos-jhw/trees/tree_0_0_0.dat")
	>>> fn = a.save_arbor()
	>>> a = ytree.load(fn)
P005 yt : [INFO     ] 2024-03-27 11:58:32,866 Parameters: current_time              = 75.89987395114
P005 yt : [INFO     ] 2024-03-27 11:58:32,866 Parameters: domain_dimensions         = [64 64 64]
Additional features and improved performance (usually) by saving this arbor with "save_arbor" and reloading:
	>>> a = ytree.load("/storage/home/hcoda1/0/jw254/data/SG64-2020/rockstar_halos-jhw/trees/tree_0_0_0.dat")
	>>> fn = a.save_arbor()
	>>> a = ytree.load(fn)
P005 yt : [INFO     ] 2024-03-27 11:58:32,867 Parameters: domain_left_edge          = [0. 0. 0.]
P005 yt : [INFO     ] 2024-03-27 11:58:32,867 Parameters: domain_right_edge         = [1. 1. 1.]
P005 yt : [INFO     ] 2024-03-27 11:58:32,867 Parameters: cosmological_simulation   = 1
P005 yt : [INFO     ] 2024-03-27 11:58:32,867 Parameters: current_redshift          = 11.181356517874
P005 yt : [INFO     ] 2024-03-27 11:58:32,867 Parameters: omega_lambda              = 0.6889
P005 yt : [INFO     ] 2024-03-27 11:58:32,867 Parameters: omega_matter              = 0.3111
P005 yt : [INFO     ] 2024-03-27 11:58:32,867 Parameters: omega_radiation           = 0
P005 yt : [INFO     ] 2024-03-27 11:58:32,868 Parameters: hubble_constant           = 0.6766
Additional features and improved performance (usually) by saving this arbor with "save_arbor" and reloading:
	>>> a = ytree.load("/storage/home/hcoda1/0/jw254/data/SG64-2020/rockstar_halos-jhw/trees/tree_0_0_0.dat")
	>>> fn = a.save_arbor()
	>>> a = ytree.load(fn)
Additional features and improved performance (usually) by saving this arbor with "save_arbor" and reloading:
	>>> a = ytree.load("/storage/home/hcoda1/0/jw254/data/SG64-2020/rockstar_halos-jhw/trees/tree_0_0_0.dat")
	>>> fn = a.save_arbor()
	>>> a = ytree.load(fn)
Parsing Hierarchy :   0%|          | 0/777 [00:00<?, ?it/s]Parsing Hierarchy : 100%|██████████| 777/777 [00:00<00:00, 15014.51it/s]
P003 yt : [INFO     ] 2024-03-27 11:58:32,927 Gathering a field list (this may take a moment.)
Parsing Hierarchy :   0%|          | 0/777 [00:00<?, ?it/s]Parsing Hierarchy : 100%|██████████| 777/777 [00:00<00:00, 15344.15it/s]
P001 yt : [INFO     ] 2024-03-27 11:58:32,927 Gathering a field list (this may take a moment.)
Parsing Hierarchy :   0%|          | 0/777 [00:00<?, ?it/s]Parsing Hierarchy : 100%|██████████| 777/777 [00:00<00:00, 14277.40it/s]
P002 yt : [INFO     ] 2024-03-27 11:58:32,933 Gathering a field list (this may take a moment.)
Parsing Hierarchy :   0%|          | 0/777 [00:00<?, ?it/s]Parsing Hierarchy : 100%|██████████| 777/777 [00:00<00:00, 14834.83it/s]
P004 yt : [INFO     ] 2024-03-27 11:58:32,938 Gathering a field list (this may take a moment.)
Parsing Hierarchy :   0%|          | 0/777 [00:00<?, ?it/s]Parsing Hierarchy : 100%|██████████| 777/777 [00:00<00:00, 15639.95it/s]
P007 yt : [INFO     ] 2024-03-27 11:58:32,938 Gathering a field list (this may take a moment.)
Parsing Hierarchy :   0%|          | 0/777 [00:00<?, ?it/s]Parsing Hierarchy : 100%|██████████| 777/777 [00:00<00:00, 15155.62it/s]
P006 yt : [INFO     ] 2024-03-27 11:58:32,943 Gathering a field list (this may take a moment.)
Parsing Hierarchy :   0%|          | 0/777 [00:00<?, ?it/s]Parsing Hierarchy : 100%|██████████| 777/777 [00:00<00:00, 14513.36it/s]
P005 yt : [INFO     ] 2024-03-27 11:58:32,952 Gathering a field list (this may take a moment.)
  File "analysis_pipeline.py", line 141, in <module>
    ap.process_target(node)
  File "/storage/home/hcoda1/7/shardin31/.conda/envs/pd_environment_3/lib/python3.8/site-packages/ytree/analysis/analysis_pipeline.py", line 174, in process_target
    rval = action(target)
  File "/storage/home/hcoda1/7/shardin31/.conda/envs/pd_environment_3/lib/python3.8/site-packages/ytree/analysis/analysis_operators.py", line 30, in __call__
    return self.function(target, *self.args, **self.kwargs)
P006 yt : [ERROR    ] 2024-03-27 11:58:34,839 TypeError: max_stellar_mass_size() missing 1 required positional argument: 'maximum_array_size'
--------------------------------------------------------------------------
MPI_ABORT was invoked on rank 6 in communicator MPI_COMM_WORLD
with errorcode 1.

NOTE: invoking MPI_ABORT causes Open MPI to kill all MPI processes.
You may or may not see output from other processes, depending on
exactly when Open MPI kills them.
--------------------------------------------------------------------------
Loading tree roots:   0%|          | 0/7934216 [00:00<?, ?it/s]Loading tree roots: 100%|██████████| 7934216/7934216 [00:00<00:00, 281675178.01it/s]slurmstepd: error: *** STEP 5338873.0 ON atl1-1-02-019-30-2 CANCELLED AT 2024-03-27T11:58:34 ***
srun: Job step aborted: Waiting up to 32 seconds for job step to finish.
srun: error: atl1-1-02-019-33-2: tasks 4-5,7: Killed
srun: error: atl1-1-02-019-33-2: task 6: Exited with exit code 1
srun: error: atl1-1-02-019-30-2: tasks 0-3: Killed
---------------------------------------
Begin Slurm Epilog: Mar-27-2024 11:58:35
Job ID:        5338873
Array Job ID:  _4294967294
User ID:       shardin31
Account:       gts-jw254-coda20
Job name:      Slurmshardinpowderdayrun
Resources:     cpu=8,mem=100G,node=2
Rsrc Used:     cput=00:03:20,vmem=20K,walltime=00:00:25,mem=0,energy_used=0
Partition:     cpu-small
QOS:           inferno
Nodes:         atl1-1-02-019-30-2,atl1-1-02-019-33-2
---------------------------------------
