---------------------------------------
Begin Slurm Prolog: Apr-02-2024 09:49:35
Job ID:    5481127
User ID:   shardin31
Account:   gts-jw254-coda20
Job name:  Slurmshardinpowderdayrun
Partition: cpu-small
QOS:       inferno
---------------------------------------

CommandNotFoundError: Your shell has not been properly configured to use 'conda deactivate'.
To initialize your shell, run

    $ conda init <SHELL_NAME>

Currently supported shells are:
  - bash
  - fish
  - tcsh
  - xonsh
  - zsh
  - powershell

See 'conda init --help' for more information and options.

IMPORTANT: You may need to close and restart your shell after running 'conda init'.



Lmod is automatically replacing "mvapich2/2.3.6-ouywal" with "openmpi/4.1.4".

yt : [INFO     ] 2024-04-02 09:50:08,420 Global parallel computation enabled: 11 / 48
yt : [INFO     ] 2024-04-02 09:50:08,422 Global parallel computation enabled: 29 / 48
yt : [INFO     ] 2024-04-02 09:50:08,420 Global parallel computation enabled: 7 / 48
yt : [INFO     ] 2024-04-02 09:50:08,420 Global parallel computation enabled: 10 / 48
yt : [INFO     ] 2024-04-02 09:50:08,422 Global parallel computation enabled: 18 / 48
yt : [INFO     ] 2024-04-02 09:50:08,422 Global parallel computation enabled: 3 / 48
yt : [INFO     ] 2024-04-02 09:50:08,422 Global parallel computation enabled: 5 / 48
yt : [INFO     ] 2024-04-02 09:50:08,423 Global parallel computation enabled: 16 / 48
yt : [INFO     ] 2024-04-02 09:50:08,423 Global parallel computation enabled: 15 / 48
yt : [INFO     ] 2024-04-02 09:50:08,424 Global parallel computation enabled: 9 / 48
yt : [INFO     ] 2024-04-02 09:50:08,424 Global parallel computation enabled: 13 / 48
yt : [INFO     ] 2024-04-02 09:50:08,424 Global parallel computation enabled: 17 / 48
yt : [INFO     ] 2024-04-02 09:50:08,424 Global parallel computation enabled: 6 / 48
yt : [INFO     ] 2024-04-02 09:50:08,425 Global parallel computation enabled: 1 / 48
yt : [INFO     ] 2024-04-02 09:50:08,425 Global parallel computation enabled: 2 / 48
yt : [INFO     ] 2024-04-02 09:50:08,425 Global parallel computation enabled: 4 / 48
yt : [INFO     ] 2024-04-02 09:50:08,426 Global parallel computation enabled: 12 / 48
yt : [INFO     ] 2024-04-02 09:50:08,426 Global parallel computation enabled: 8 / 48
yt : [INFO     ] 2024-04-02 09:50:08,427 Global parallel computation enabled: 23 / 48
yt : [INFO     ] 2024-04-02 09:50:08,427 Global parallel computation enabled: 19 / 48
yt : [INFO     ] 2024-04-02 09:50:08,436 Global parallel computation enabled: 0 / 48
yt : [INFO     ] 2024-04-02 09:50:08,437 Global parallel computation enabled: 22 / 48
yt : [INFO     ] 2024-04-02 09:50:08,439 Global parallel computation enabled: 14 / 48
yt : [INFO     ] 2024-04-02 09:50:08,454 Global parallel computation enabled: 21 / 48
yt : [INFO     ] 2024-04-02 09:50:08,455 Global parallel computation enabled: 20 / 48
yt : [INFO     ] 2024-04-02 09:50:08,423 Global parallel computation enabled: 37 / 48
yt : [INFO     ] 2024-04-02 09:50:08,424 Global parallel computation enabled: 36 / 48
yt : [INFO     ] 2024-04-02 09:50:08,424 Global parallel computation enabled: 28 / 48
yt : [INFO     ] 2024-04-02 09:50:08,425 Global parallel computation enabled: 32 / 48
yt : [INFO     ] 2024-04-02 09:50:08,425 Global parallel computation enabled: 27 / 48
yt : [INFO     ] 2024-04-02 09:50:08,425 Global parallel computation enabled: 38 / 48
yt : [INFO     ] 2024-04-02 09:50:08,427 Global parallel computation enabled: 30 / 48
yt : [INFO     ] 2024-04-02 09:50:08,427 Global parallel computation enabled: 24 / 48
yt : [INFO     ] 2024-04-02 09:50:08,427 Global parallel computation enabled: 35 / 48
yt : [INFO     ] 2024-04-02 09:50:08,428 Global parallel computation enabled: 25 / 48
yt : [INFO     ] 2024-04-02 09:50:08,428 Global parallel computation enabled: 45 / 48
yt : [INFO     ] 2024-04-02 09:50:08,428 Global parallel computation enabled: 26 / 48
yt : [INFO     ] 2024-04-02 09:50:08,428 Global parallel computation enabled: 43 / 48
yt : [INFO     ] 2024-04-02 09:50:08,429 Global parallel computation enabled: 42 / 48
yt : [INFO     ] 2024-04-02 09:50:08,429 Global parallel computation enabled: 31 / 48
yt : [INFO     ] 2024-04-02 09:50:08,429 Global parallel computation enabled: 44 / 48
yt : [INFO     ] 2024-04-02 09:50:08,430 Global parallel computation enabled: 40 / 48
yt : [INFO     ] 2024-04-02 09:50:08,430 Global parallel computation enabled: 46 / 48
yt : [INFO     ] 2024-04-02 09:50:08,431 Global parallel computation enabled: 34 / 48
yt : [INFO     ] 2024-04-02 09:50:08,431 Global parallel computation enabled: 39 / 48
yt : [INFO     ] 2024-04-02 09:50:08,435 Global parallel computation enabled: 33 / 48
yt : [INFO     ] 2024-04-02 09:50:08,437 Global parallel computation enabled: 47 / 48
yt : [INFO     ] 2024-04-02 09:50:08,440 Global parallel computation enabled: 41 / 48
Additional features and improved performance (usually) by saving this arbor with "save_arbor" and reloading:
	>>> a = ytree.load("/storage/home/hcoda1/0/jw254/data/SG64-2020/rockstar_halos-jhw/trees/tree_0_0_0.dat")
	>>> fn = a.save_arbor()
	>>> a = ytree.load(fn)
P008 yt : [INFO     ] 2024-04-02 09:50:08,834 Parameters: current_time              = 75.89987395114
P013 yt : [INFO     ] 2024-04-02 09:50:08,834 Parameters: current_time              = 75.89987395114
P020 yt : [INFO     ] 2024-04-02 09:50:08,834 Parameters: current_time              = 75.89987395114
P017 yt : [INFO     ] 2024-04-02 09:50:08,834 Parameters: current_time              = 75.89987395114
P015 yt : [INFO     ] 2024-04-02 09:50:08,835 Parameters: current_time              = 75.89987395114
P002 yt : [INFO     ] 2024-04-02 09:50:08,835 Parameters: current_time              = 75.89987395114
P003 yt : [INFO     ] 2024-04-02 09:50:08,835 Parameters: current_time              = 75.89987395114
P032 yt : [INFO     ] 2024-04-02 09:50:08,833 Parameters: current_time              = 75.89987395114
P022 yt : [INFO     ] 2024-04-02 09:50:08,835 Parameters: current_time              = 75.89987395114
P040 yt : [INFO     ] 2024-04-02 09:50:08,833 Parameters: current_time              = 75.89987395114
P007 yt : [INFO     ] 2024-04-02 09:50:08,835 Parameters: current_time              = 75.89987395114
P032 yt : [INFO     ] 2024-04-02 09:50:08,833 Parameters: domain_dimensions         = [64 64 64]
P013 yt : [INFO     ] 2024-04-02 09:50:08,835 Parameters: domain_dimensions         = [64 64 64]
P040 yt : [INFO     ] 2024-04-02 09:50:08,834 Parameters: domain_dimensions         = [64 64 64]
P016 yt : [INFO     ] 2024-04-02 09:50:08,835 Parameters: current_time              = 75.89987395114
P032 yt : [INFO     ] 2024-04-02 09:50:08,834 Parameters: domain_left_edge          = [0. 0. 0.]
P017 yt : [INFO     ] 2024-04-02 09:50:08,835 Parameters: domain_dimensions         = [64 64 64]
P032 yt : [INFO     ] 2024-04-02 09:50:08,834 Parameters: domain_right_edge         = [1. 1. 1.]
P020 yt : [INFO     ] 2024-04-02 09:50:08,835 Parameters: domain_dimensions         = [64 64 64]
P032 yt : [INFO     ] 2024-04-02 09:50:08,834 Parameters: cosmological_simulation   = 1
P010 yt : [INFO     ] 2024-04-02 09:50:08,835 Parameters: current_time              = 75.89987395114
P036 yt : [INFO     ] 2024-04-02 09:50:08,834 Parameters: current_time              = 75.89987395114
P015 yt : [INFO     ] 2024-04-02 09:50:08,835 Parameters: domain_dimensions         = [64 64 64]
P032 yt : [INFO     ] 2024-04-02 09:50:08,834 Parameters: current_redshift          = 11.181356517874
P002 yt : [INFO     ] 2024-04-02 09:50:08,835 Parameters: domain_dimensions         = [64 64 64]
P032 yt : [INFO     ] 2024-04-02 09:50:08,834 Parameters: omega_lambda              = 0.6889
P014 yt : [INFO     ] 2024-04-02 09:50:08,835 Parameters: current_time              = 75.89987395114
P032 yt : [INFO     ] 2024-04-02 09:50:08,834 Parameters: omega_matter              = 0.3111
P013 yt : [INFO     ] 2024-04-02 09:50:08,835 Parameters: domain_left_edge          = [0. 0. 0.]
P030 yt : [INFO     ] 2024-04-02 09:50:08,834 Parameters: current_time              = 75.89987395114
P022 yt : [INFO     ] 2024-04-02 09:50:08,835 Parameters: domain_dimensions         = [64 64 64]
P032 yt : [INFO     ] 2024-04-02 09:50:08,834 Parameters: omega_radiation           = 0
P003 yt : [INFO     ] 2024-04-02 09:50:08,835 Parameters: domain_dimensions         = [64 64 64]
P032 yt : [INFO     ] 2024-04-02 09:50:08,834 Parameters: hubble_constant           = 0.6766
P007 yt : [INFO     ] 2024-04-02 09:50:08,835 Parameters: domain_dimensions         = [64 64 64]
P040 yt : [INFO     ] 2024-04-02 09:50:08,834 Parameters: domain_left_edge          = [0. 0. 0.]
P017 yt : [INFO     ] 2024-04-02 09:50:08,835 Parameters: domain_left_edge          = [0. 0. 0.]
P024 yt : [INFO     ] 2024-04-02 09:50:08,835 Parameters: current_time              = 75.89987395114
P016 yt : [INFO     ] 2024-04-02 09:50:08,835 Parameters: domain_dimensions         = [64 64 64]
P036 yt : [INFO     ] 2024-04-02 09:50:08,835 Parameters: domain_dimensions         = [64 64 64]
P005 yt : [INFO     ] 2024-04-02 09:50:08,835 Parameters: current_time              = 75.89987395114
P038 yt : [INFO     ] 2024-04-02 09:50:08,835 Parameters: current_time              = 75.89987395114
P020 yt : [INFO     ] 2024-04-02 09:50:08,835 Parameters: domain_left_edge          = [0. 0. 0.]
P030 yt : [INFO     ] 2024-04-02 09:50:08,835 Parameters: domain_dimensions         = [64 64 64]
P012 yt : [INFO     ] 2024-04-02 09:50:08,835 Parameters: current_time              = 75.89987395114
P015 yt : [INFO     ] 2024-04-02 09:50:08,835 Parameters: domain_left_edge          = [0. 0. 0.]
P019 yt : [INFO     ] 2024-04-02 09:50:08,836 Parameters: current_time              = 75.89987395114
P002 yt : [INFO     ] 2024-04-02 09:50:08,835 Parameters: domain_left_edge          = [0. 0. 0.]
P010 yt : [INFO     ] 2024-04-02 09:50:08,835 Parameters: domain_dimensions         = [64 64 64]
P014 yt : [INFO     ] 2024-04-02 09:50:08,836 Parameters: domain_dimensions         = [64 64 64]
P024 yt : [INFO     ] 2024-04-02 09:50:08,835 Parameters: domain_dimensions         = [64 64 64]
P006 yt : [INFO     ] 2024-04-02 09:50:08,836 Parameters: current_time              = 75.89987395114
P036 yt : [INFO     ] 2024-04-02 09:50:08,835 Parameters: domain_left_edge          = [0. 0. 0.]
P022 yt : [INFO     ] 2024-04-02 09:50:08,836 Parameters: domain_left_edge          = [0. 0. 0.]
P040 yt : [INFO     ] 2024-04-02 09:50:08,835 Parameters: domain_right_edge         = [1. 1. 1.]
P007 yt : [INFO     ] 2024-04-02 09:50:08,836 Parameters: domain_left_edge          = [0. 0. 0.]
P040 yt : [INFO     ] 2024-04-02 09:50:08,835 Parameters: cosmological_simulation   = 1
P011 yt : [INFO     ] 2024-04-02 09:50:08,836 Parameters: current_time              = 75.89987395114
P040 yt : [INFO     ] 2024-04-02 09:50:08,835 Parameters: current_redshift          = 11.181356517874
P023 yt : [INFO     ] 2024-04-02 09:50:08,836 Parameters: current_time              = 75.89987395114
P030 yt : [INFO     ] 2024-04-02 09:50:08,835 Parameters: domain_left_edge          = [0. 0. 0.]
P003 yt : [INFO     ] 2024-04-02 09:50:08,836 Parameters: domain_left_edge          = [0. 0. 0.]
P040 yt : [INFO     ] 2024-04-02 09:50:08,835 Parameters: omega_lambda              = 0.6889
P013 yt : [INFO     ] 2024-04-02 09:50:08,836 Parameters: domain_right_edge         = [1. 1. 1.]
P040 yt : [INFO     ] 2024-04-02 09:50:08,835 Parameters: omega_matter              = 0.3111
P013 yt : [INFO     ] 2024-04-02 09:50:08,836 Parameters: cosmological_simulation   = 1
P040 yt : [INFO     ] 2024-04-02 09:50:08,835 Parameters: omega_radiation           = 0
P017 yt : [INFO     ] 2024-04-02 09:50:08,836 Parameters: domain_right_edge         = [1. 1. 1.]
P040 yt : [INFO     ] 2024-04-02 09:50:08,835 Parameters: hubble_constant           = 0.6766
P016 yt : [INFO     ] 2024-04-02 09:50:08,836 Parameters: domain_left_edge          = [0. 0. 0.]
P024 yt : [INFO     ] 2024-04-02 09:50:08,835 Parameters: domain_left_edge          = [0. 0. 0.]
P013 yt : [INFO     ] 2024-04-02 09:50:08,836 Parameters: current_redshift          = 11.181356517874
P036 yt : [INFO     ] 2024-04-02 09:50:08,835 Parameters: domain_right_edge         = [1. 1. 1.]
P017 yt : [INFO     ] 2024-04-02 09:50:08,836 Parameters: cosmological_simulation   = 1
P036 yt : [INFO     ] 2024-04-02 09:50:08,836 Parameters: cosmological_simulation   = 1
P013 yt : [INFO     ] 2024-04-02 09:50:08,836 Parameters: omega_lambda              = 0.6889
P017 yt : [INFO     ] 2024-04-02 09:50:08,836 Parameters: current_redshift          = 11.181356517874
P005 yt : [INFO     ] 2024-04-02 09:50:08,836 Parameters: domain_dimensions         = [64 64 64]
P013 yt : [INFO     ] 2024-04-02 09:50:08,836 Parameters: omega_matter              = 0.3111
P013 yt : [INFO     ] 2024-04-02 09:50:08,836 Parameters: omega_radiation           = 0
P036 yt : [INFO     ] 2024-04-02 09:50:08,836 Parameters: current_redshift          = 11.181356517874
P017 yt : [INFO     ] 2024-04-02 09:50:08,836 Parameters: omega_lambda              = 0.6889
P036 yt : [INFO     ] 2024-04-02 09:50:08,836 Parameters: omega_lambda              = 0.6889
P013 yt : [INFO     ] 2024-04-02 09:50:08,836 Parameters: hubble_constant           = 0.6766
P030 yt : [INFO     ] 2024-04-02 09:50:08,836 Parameters: domain_right_edge         = [1. 1. 1.]
P017 yt : [INFO     ] 2024-04-02 09:50:08,836 Parameters: omega_matter              = 0.3111
P036 yt : [INFO     ] 2024-04-02 09:50:08,836 Parameters: omega_matter              = 0.3111
P020 yt : [INFO     ] 2024-04-02 09:50:08,836 Parameters: domain_right_edge         = [1. 1. 1.]
P036 yt : [INFO     ] 2024-04-02 09:50:08,836 Parameters: omega_radiation           = 0
P009 yt : [INFO     ] 2024-04-02 09:50:08,836 Parameters: current_time              = 75.89987395114
P030 yt : [INFO     ] 2024-04-02 09:50:08,836 Parameters: cosmological_simulation   = 1
P017 yt : [INFO     ] 2024-04-02 09:50:08,836 Parameters: omega_radiation           = 0
P036 yt : [INFO     ] 2024-04-02 09:50:08,836 Parameters: hubble_constant           = 0.6766
P017 yt : [INFO     ] 2024-04-02 09:50:08,836 Parameters: hubble_constant           = 0.6766
P030 yt : [INFO     ] 2024-04-02 09:50:08,836 Parameters: current_redshift          = 11.181356517874
P020 yt : [INFO     ] 2024-04-02 09:50:08,836 Parameters: cosmological_simulation   = 1
P030 yt : [INFO     ] 2024-04-02 09:50:08,836 Parameters: omega_lambda              = 0.6889
P015 yt : [INFO     ] 2024-04-02 09:50:08,836 Parameters: domain_right_edge         = [1. 1. 1.]
P030 yt : [INFO     ] 2024-04-02 09:50:08,836 Parameters: omega_matter              = 0.3111
P018 yt : [INFO     ] 2024-04-02 09:50:08,836 Parameters: current_time              = 75.89987395114
P030 yt : [INFO     ] 2024-04-02 09:50:08,836 Parameters: omega_radiation           = 0
P020 yt : [INFO     ] 2024-04-02 09:50:08,836 Parameters: current_redshift          = 11.181356517874
P021 yt : [INFO     ] 2024-04-02 09:50:08,836 Parameters: current_time              = 75.89987395114
P020 yt : [INFO     ] 2024-04-02 09:50:08,836 Parameters: omega_lambda              = 0.6889
P012 yt : [INFO     ] 2024-04-02 09:50:08,836 Parameters: domain_dimensions         = [64 64 64]
P015 yt : [INFO     ] 2024-04-02 09:50:08,836 Parameters: cosmological_simulation   = 1
P030 yt : [INFO     ] 2024-04-02 09:50:08,836 Parameters: hubble_constant           = 0.6766
P002 yt : [INFO     ] 2024-04-02 09:50:08,836 Parameters: domain_right_edge         = [1. 1. 1.]
P020 yt : [INFO     ] 2024-04-02 09:50:08,836 Parameters: omega_matter              = 0.3111
P015 yt : [INFO     ] 2024-04-02 09:50:08,836 Parameters: current_redshift          = 11.181356517874
P019 yt : [INFO     ] 2024-04-02 09:50:08,836 Parameters: domain_dimensions         = [64 64 64]
P024 yt : [INFO     ] 2024-04-02 09:50:08,836 Parameters: domain_right_edge         = [1. 1. 1.]
P020 yt : [INFO     ] 2024-04-02 09:50:08,836 Parameters: omega_radiation           = 0
P020 yt : [INFO     ] 2024-04-02 09:50:08,836 Parameters: hubble_constant           = 0.6766
P002 yt : [INFO     ] 2024-04-02 09:50:08,836 Parameters: cosmological_simulation   = 1
P010 yt : [INFO     ] 2024-04-02 09:50:08,836 Parameters: domain_left_edge          = [0. 0. 0.]
P024 yt : [INFO     ] 2024-04-02 09:50:08,836 Parameters: cosmological_simulation   = 1
P014 yt : [INFO     ] 2024-04-02 09:50:08,836 Parameters: domain_left_edge          = [0. 0. 0.]
P015 yt : [INFO     ] 2024-04-02 09:50:08,836 Parameters: omega_lambda              = 0.6889
P002 yt : [INFO     ] 2024-04-02 09:50:08,836 Parameters: current_redshift          = 11.181356517874
P015 yt : [INFO     ] 2024-04-02 09:50:08,836 Parameters: omega_matter              = 0.3111
P024 yt : [INFO     ] 2024-04-02 09:50:08,836 Parameters: current_redshift          = 11.181356517874
P015 yt : [INFO     ] 2024-04-02 09:50:08,836 Parameters: omega_radiation           = 0
P002 yt : [INFO     ] 2024-04-02 09:50:08,836 Parameters: omega_lambda              = 0.6889
P022 yt : [INFO     ] 2024-04-02 09:50:08,836 Parameters: domain_right_edge         = [1. 1. 1.]
P007 yt : [INFO     ] 2024-04-02 09:50:08,836 Parameters: domain_right_edge         = [1. 1. 1.]
P015 yt : [INFO     ] 2024-04-02 09:50:08,836 Parameters: hubble_constant           = 0.6766
P024 yt : [INFO     ] 2024-04-02 09:50:08,836 Parameters: omega_lambda              = 0.6889
P002 yt : [INFO     ] 2024-04-02 09:50:08,836 Parameters: omega_matter              = 0.3111
P024 yt : [INFO     ] 2024-04-02 09:50:08,836 Parameters: omega_matter              = 0.3111
P003 yt : [INFO     ] 2024-04-02 09:50:08,836 Parameters: domain_right_edge         = [1. 1. 1.]
P002 yt : [INFO     ] 2024-04-02 09:50:08,836 Parameters: omega_radiation           = 0
P044 yt : [INFO     ] 2024-04-02 09:50:08,836 Parameters: current_time              = 75.89987395114
P006 yt : [INFO     ] 2024-04-02 09:50:08,836 Parameters: domain_dimensions         = [64 64 64]
P024 yt : [INFO     ] 2024-04-02 09:50:08,836 Parameters: omega_radiation           = 0
P022 yt : [INFO     ] 2024-04-02 09:50:08,836 Parameters: cosmological_simulation   = 1
P002 yt : [INFO     ] 2024-04-02 09:50:08,836 Parameters: hubble_constant           = 0.6766
P024 yt : [INFO     ] 2024-04-02 09:50:08,836 Parameters: hubble_constant           = 0.6766
P003 yt : [INFO     ] 2024-04-02 09:50:08,836 Parameters: cosmological_simulation   = 1
P007 yt : [INFO     ] 2024-04-02 09:50:08,836 Parameters: cosmological_simulation   = 1
P011 yt : [INFO     ] 2024-04-02 09:50:08,836 Parameters: domain_dimensions         = [64 64 64]
P007 yt : [INFO     ] 2024-04-02 09:50:08,836 Parameters: current_redshift          = 11.181356517874
P016 yt : [INFO     ] 2024-04-02 09:50:08,836 Parameters: domain_right_edge         = [1. 1. 1.]
P003 yt : [INFO     ] 2024-04-02 09:50:08,836 Parameters: current_redshift          = 11.181356517874
P022 yt : [INFO     ] 2024-04-02 09:50:08,836 Parameters: current_redshift          = 11.181356517874
P007 yt : [INFO     ] 2024-04-02 09:50:08,836 Parameters: omega_lambda              = 0.6889
P016 yt : [INFO     ] 2024-04-02 09:50:08,836 Parameters: cosmological_simulation   = 1
P003 yt : [INFO     ] 2024-04-02 09:50:08,836 Parameters: omega_lambda              = 0.6889
P004 yt : [INFO     ] 2024-04-02 09:50:08,836 Parameters: current_time              = 75.89987395114
P022 yt : [INFO     ] 2024-04-02 09:50:08,836 Parameters: omega_lambda              = 0.6889
P003 yt : [INFO     ] 2024-04-02 09:50:08,836 Parameters: omega_matter              = 0.3111
P007 yt : [INFO     ] 2024-04-02 09:50:08,836 Parameters: omega_matter              = 0.3111
P016 yt : [INFO     ] 2024-04-02 09:50:08,836 Parameters: current_redshift          = 11.181356517874
P022 yt : [INFO     ] 2024-04-02 09:50:08,836 Parameters: omega_matter              = 0.3111
P003 yt : [INFO     ] 2024-04-02 09:50:08,836 Parameters: omega_radiation           = 0
P007 yt : [INFO     ] 2024-04-02 09:50:08,836 Parameters: omega_radiation           = 0
P016 yt : [INFO     ] 2024-04-02 09:50:08,836 Parameters: omega_lambda              = 0.6889
P022 yt : [INFO     ] 2024-04-02 09:50:08,836 Parameters: omega_radiation           = 0
P022 yt : [INFO     ] 2024-04-02 09:50:08,836 Parameters: hubble_constant           = 0.6766
P003 yt : [INFO     ] 2024-04-02 09:50:08,836 Parameters: hubble_constant           = 0.6766
P007 yt : [INFO     ] 2024-04-02 09:50:08,836 Parameters: hubble_constant           = 0.6766
P016 yt : [INFO     ] 2024-04-02 09:50:08,836 Parameters: omega_matter              = 0.3111
P016 yt : [INFO     ] 2024-04-02 09:50:08,836 Parameters: omega_radiation           = 0
P016 yt : [INFO     ] 2024-04-02 09:50:08,836 Parameters: hubble_constant           = 0.6766
P023 yt : [INFO     ] 2024-04-02 09:50:08,836 Parameters: domain_dimensions         = [64 64 64]
P005 yt : [INFO     ] 2024-04-02 09:50:08,836 Parameters: domain_left_edge          = [0. 0. 0.]
P009 yt : [INFO     ] 2024-04-02 09:50:08,836 Parameters: domain_dimensions         = [64 64 64]
P018 yt : [INFO     ] 2024-04-02 09:50:08,836 Parameters: domain_dimensions         = [64 64 64]
P012 yt : [INFO     ] 2024-04-02 09:50:08,836 Parameters: domain_left_edge          = [0. 0. 0.]
P019 yt : [INFO     ] 2024-04-02 09:50:08,836 Parameters: domain_left_edge          = [0. 0. 0.]
P021 yt : [INFO     ] 2024-04-02 09:50:08,836 Parameters: domain_dimensions         = [64 64 64]
P010 yt : [INFO     ] 2024-04-02 09:50:08,836 Parameters: domain_right_edge         = [1. 1. 1.]
P014 yt : [INFO     ] 2024-04-02 09:50:08,836 Parameters: domain_right_edge         = [1. 1. 1.]
P010 yt : [INFO     ] 2024-04-02 09:50:08,837 Parameters: cosmological_simulation   = 1
P014 yt : [INFO     ] 2024-04-02 09:50:08,837 Parameters: cosmological_simulation   = 1
P010 yt : [INFO     ] 2024-04-02 09:50:08,837 Parameters: current_redshift          = 11.181356517874
P006 yt : [INFO     ] 2024-04-02 09:50:08,837 Parameters: domain_left_edge          = [0. 0. 0.]
P014 yt : [INFO     ] 2024-04-02 09:50:08,837 Parameters: current_redshift          = 11.181356517874
P014 yt : [INFO     ] 2024-04-02 09:50:08,837 Parameters: omega_lambda              = 0.6889
P010 yt : [INFO     ] 2024-04-02 09:50:08,837 Parameters: omega_lambda              = 0.6889
P010 yt : [INFO     ] 2024-04-02 09:50:08,837 Parameters: omega_matter              = 0.3111
P011 yt : [INFO     ] 2024-04-02 09:50:08,837 Parameters: domain_left_edge          = [0. 0. 0.]
P010 yt : [INFO     ] 2024-04-02 09:50:08,837 Parameters: omega_radiation           = 0
P014 yt : [INFO     ] 2024-04-02 09:50:08,837 Parameters: omega_matter              = 0.3111
P014 yt : [INFO     ] 2024-04-02 09:50:08,837 Parameters: omega_radiation           = 0
P010 yt : [INFO     ] 2024-04-02 09:50:08,837 Parameters: hubble_constant           = 0.6766
P014 yt : [INFO     ] 2024-04-02 09:50:08,837 Parameters: hubble_constant           = 0.6766
P004 yt : [INFO     ] 2024-04-02 09:50:08,837 Parameters: domain_dimensions         = [64 64 64]
P023 yt : [INFO     ] 2024-04-02 09:50:08,837 Parameters: domain_left_edge          = [0. 0. 0.]
P009 yt : [INFO     ] 2024-04-02 09:50:08,837 Parameters: domain_left_edge          = [0. 0. 0.]
P038 yt : [INFO     ] 2024-04-02 09:50:08,836 Parameters: domain_dimensions         = [64 64 64]
P005 yt : [INFO     ] 2024-04-02 09:50:08,837 Parameters: domain_right_edge         = [1. 1. 1.]
P005 yt : [INFO     ] 2024-04-02 09:50:08,837 Parameters: cosmological_simulation   = 1
P018 yt : [INFO     ] 2024-04-02 09:50:08,837 Parameters: domain_left_edge          = [0. 0. 0.]
P005 yt : [INFO     ] 2024-04-02 09:50:08,837 Parameters: current_redshift          = 11.181356517874
P019 yt : [INFO     ] 2024-04-02 09:50:08,837 Parameters: domain_right_edge         = [1. 1. 1.]
P044 yt : [INFO     ] 2024-04-02 09:50:08,837 Parameters: domain_dimensions         = [64 64 64]
P005 yt : [INFO     ] 2024-04-02 09:50:08,837 Parameters: omega_lambda              = 0.6889
P012 yt : [INFO     ] 2024-04-02 09:50:08,837 Parameters: domain_right_edge         = [1. 1. 1.]
P021 yt : [INFO     ] 2024-04-02 09:50:08,837 Parameters: domain_left_edge          = [0. 0. 0.]
P005 yt : [INFO     ] 2024-04-02 09:50:08,837 Parameters: omega_matter              = 0.3111
P005 yt : [INFO     ] 2024-04-02 09:50:08,837 Parameters: omega_radiation           = 0
P012 yt : [INFO     ] 2024-04-02 09:50:08,837 Parameters: cosmological_simulation   = 1
P019 yt : [INFO     ] 2024-04-02 09:50:08,837 Parameters: cosmological_simulation   = 1
P019 yt : [INFO     ] 2024-04-02 09:50:08,837 Parameters: current_redshift          = 11.181356517874
P005 yt : [INFO     ] 2024-04-02 09:50:08,837 Parameters: hubble_constant           = 0.6766
P006 yt : [INFO     ] 2024-04-02 09:50:08,837 Parameters: domain_right_edge         = [1. 1. 1.]
P012 yt : [INFO     ] 2024-04-02 09:50:08,837 Parameters: current_redshift          = 11.181356517874
P012 yt : [INFO     ] 2024-04-02 09:50:08,837 Parameters: omega_lambda              = 0.6889
P019 yt : [INFO     ] 2024-04-02 09:50:08,837 Parameters: omega_lambda              = 0.6889
P019 yt : [INFO     ] 2024-04-02 09:50:08,837 Parameters: omega_matter              = 0.3111
P006 yt : [INFO     ] 2024-04-02 09:50:08,837 Parameters: cosmological_simulation   = 1
P011 yt : [INFO     ] 2024-04-02 09:50:08,837 Parameters: domain_right_edge         = [1. 1. 1.]
P012 yt : [INFO     ] 2024-04-02 09:50:08,837 Parameters: omega_matter              = 0.3111
P012 yt : [INFO     ] 2024-04-02 09:50:08,837 Parameters: omega_radiation           = 0
P019 yt : [INFO     ] 2024-04-02 09:50:08,837 Parameters: omega_radiation           = 0
P019 yt : [INFO     ] 2024-04-02 09:50:08,837 Parameters: hubble_constant           = 0.6766
P006 yt : [INFO     ] 2024-04-02 09:50:08,837 Parameters: current_redshift          = 11.181356517874
P006 yt : [INFO     ] 2024-04-02 09:50:08,837 Parameters: omega_lambda              = 0.6889
P011 yt : [INFO     ] 2024-04-02 09:50:08,837 Parameters: cosmological_simulation   = 1
P011 yt : [INFO     ] 2024-04-02 09:50:08,837 Parameters: current_redshift          = 11.181356517874
P012 yt : [INFO     ] 2024-04-02 09:50:08,837 Parameters: hubble_constant           = 0.6766
P006 yt : [INFO     ] 2024-04-02 09:50:08,837 Parameters: omega_matter              = 0.3111
P006 yt : [INFO     ] 2024-04-02 09:50:08,837 Parameters: omega_radiation           = 0
P011 yt : [INFO     ] 2024-04-02 09:50:08,837 Parameters: omega_lambda              = 0.6889
P011 yt : [INFO     ] 2024-04-02 09:50:08,837 Parameters: omega_matter              = 0.3111
P004 yt : [INFO     ] 2024-04-02 09:50:08,837 Parameters: domain_left_edge          = [0. 0. 0.]
P006 yt : [INFO     ] 2024-04-02 09:50:08,837 Parameters: hubble_constant           = 0.6766
P011 yt : [INFO     ] 2024-04-02 09:50:08,837 Parameters: omega_radiation           = 0
P011 yt : [INFO     ] 2024-04-02 09:50:08,837 Parameters: hubble_constant           = 0.6766
P023 yt : [INFO     ] 2024-04-02 09:50:08,837 Parameters: domain_right_edge         = [1. 1. 1.]
P009 yt : [INFO     ] 2024-04-02 09:50:08,837 Parameters: domain_right_edge         = [1. 1. 1.]
P009 yt : [INFO     ] 2024-04-02 09:50:08,837 Parameters: cosmological_simulation   = 1
P023 yt : [INFO     ] 2024-04-02 09:50:08,837 Parameters: cosmological_simulation   = 1
P023 yt : [INFO     ] 2024-04-02 09:50:08,838 Parameters: current_redshift          = 11.181356517874
P009 yt : [INFO     ] 2024-04-02 09:50:08,838 Parameters: current_redshift          = 11.181356517874
P018 yt : [INFO     ] 2024-04-02 09:50:08,837 Parameters: domain_right_edge         = [1. 1. 1.]
P023 yt : [INFO     ] 2024-04-02 09:50:08,838 Parameters: omega_lambda              = 0.6889
P023 yt : [INFO     ] 2024-04-02 09:50:08,838 Parameters: omega_matter              = 0.3111
P009 yt : [INFO     ] 2024-04-02 09:50:08,838 Parameters: omega_lambda              = 0.6889
P009 yt : [INFO     ] 2024-04-02 09:50:08,838 Parameters: omega_matter              = 0.3111
P018 yt : [INFO     ] 2024-04-02 09:50:08,838 Parameters: cosmological_simulation   = 1
P021 yt : [INFO     ] 2024-04-02 09:50:08,837 Parameters: domain_right_edge         = [1. 1. 1.]
P009 yt : [INFO     ] 2024-04-02 09:50:08,838 Parameters: omega_radiation           = 0
P009 yt : [INFO     ] 2024-04-02 09:50:08,838 Parameters: hubble_constant           = 0.6766
P018 yt : [INFO     ] 2024-04-02 09:50:08,838 Parameters: current_redshift          = 11.181356517874
P021 yt : [INFO     ] 2024-04-02 09:50:08,838 Parameters: cosmological_simulation   = 1
P044 yt : [INFO     ] 2024-04-02 09:50:08,837 Parameters: domain_left_edge          = [0. 0. 0.]
P023 yt : [INFO     ] 2024-04-02 09:50:08,838 Parameters: omega_radiation           = 0
P023 yt : [INFO     ] 2024-04-02 09:50:08,838 Parameters: hubble_constant           = 0.6766
P018 yt : [INFO     ] 2024-04-02 09:50:08,838 Parameters: omega_lambda              = 0.6889
P018 yt : [INFO     ] 2024-04-02 09:50:08,838 Parameters: omega_matter              = 0.3111
P021 yt : [INFO     ] 2024-04-02 09:50:08,838 Parameters: current_redshift          = 11.181356517874
P021 yt : [INFO     ] 2024-04-02 09:50:08,838 Parameters: omega_lambda              = 0.6889
P018 yt : [INFO     ] 2024-04-02 09:50:08,838 Parameters: omega_radiation           = 0
P038 yt : [INFO     ] 2024-04-02 09:50:08,837 Parameters: domain_left_edge          = [0. 0. 0.]
P018 yt : [INFO     ] 2024-04-02 09:50:08,838 Parameters: hubble_constant           = 0.6766
P021 yt : [INFO     ] 2024-04-02 09:50:08,838 Parameters: omega_matter              = 0.3111
P021 yt : [INFO     ] 2024-04-02 09:50:08,838 Parameters: omega_radiation           = 0
P021 yt : [INFO     ] 2024-04-02 09:50:08,838 Parameters: hubble_constant           = 0.6766
P004 yt : [INFO     ] 2024-04-02 09:50:08,838 Parameters: domain_right_edge         = [1. 1. 1.]
P004 yt : [INFO     ] 2024-04-02 09:50:08,838 Parameters: cosmological_simulation   = 1
P004 yt : [INFO     ] 2024-04-02 09:50:08,838 Parameters: current_redshift          = 11.181356517874
P004 yt : [INFO     ] 2024-04-02 09:50:08,838 Parameters: omega_lambda              = 0.6889
P004 yt : [INFO     ] 2024-04-02 09:50:08,838 Parameters: omega_matter              = 0.3111
P004 yt : [INFO     ] 2024-04-02 09:50:08,838 Parameters: omega_radiation           = 0
P004 yt : [INFO     ] 2024-04-02 09:50:08,838 Parameters: hubble_constant           = 0.6766
P001 yt : [INFO     ] 2024-04-02 09:50:08,840 Parameters: current_time              = 75.89987395114
P001 yt : [INFO     ] 2024-04-02 09:50:08,840 Parameters: domain_dimensions         = [64 64 64]
P044 yt : [INFO     ] 2024-04-02 09:50:08,837 Parameters: domain_right_edge         = [1. 1. 1.]
P038 yt : [INFO     ] 2024-04-02 09:50:08,837 Parameters: domain_right_edge         = [1. 1. 1.]
P001 yt : [INFO     ] 2024-04-02 09:50:08,841 Parameters: domain_left_edge          = [0. 0. 0.]
P044 yt : [INFO     ] 2024-04-02 09:50:08,838 Parameters: cosmological_simulation   = 1
P038 yt : [INFO     ] 2024-04-02 09:50:08,838 Parameters: cosmological_simulation   = 1
P044 yt : [INFO     ] 2024-04-02 09:50:08,838 Parameters: current_redshift          = 11.181356517874
P044 yt : [INFO     ] 2024-04-02 09:50:08,838 Parameters: omega_lambda              = 0.6889
P038 yt : [INFO     ] 2024-04-02 09:50:08,838 Parameters: current_redshift          = 11.181356517874
P044 yt : [INFO     ] 2024-04-02 09:50:08,838 Parameters: omega_matter              = 0.3111
P038 yt : [INFO     ] 2024-04-02 09:50:08,838 Parameters: omega_lambda              = 0.6889
P044 yt : [INFO     ] 2024-04-02 09:50:08,838 Parameters: omega_radiation           = 0
P038 yt : [INFO     ] 2024-04-02 09:50:08,838 Parameters: omega_matter              = 0.3111
P044 yt : [INFO     ] 2024-04-02 09:50:08,838 Parameters: hubble_constant           = 0.6766
P038 yt : [INFO     ] 2024-04-02 09:50:08,838 Parameters: omega_radiation           = 0
P038 yt : [INFO     ] 2024-04-02 09:50:08,838 Parameters: hubble_constant           = 0.6766
P001 yt : [INFO     ] 2024-04-02 09:50:08,841 Parameters: domain_right_edge         = [1. 1. 1.]
P001 yt : [INFO     ] 2024-04-02 09:50:08,841 Parameters: cosmological_simulation   = 1
P001 yt : [INFO     ] 2024-04-02 09:50:08,841 Parameters: current_redshift          = 11.181356517874
P001 yt : [INFO     ] 2024-04-02 09:50:08,841 Parameters: omega_lambda              = 0.6889
P001 yt : [INFO     ] 2024-04-02 09:50:08,842 Parameters: omega_matter              = 0.3111
P001 yt : [INFO     ] 2024-04-02 09:50:08,842 Parameters: omega_radiation           = 0
P001 yt : [INFO     ] 2024-04-02 09:50:08,842 Parameters: hubble_constant           = 0.6766
P008 yt : [INFO     ] 2024-04-02 09:50:08,842 Parameters: domain_dimensions         = [64 64 64]
P008 yt : [INFO     ] 2024-04-02 09:50:08,842 Parameters: domain_left_edge          = [0. 0. 0.]
P008 yt : [INFO     ] 2024-04-02 09:50:08,843 Parameters: domain_right_edge         = [1. 1. 1.]
P008 yt : [INFO     ] 2024-04-02 09:50:08,843 Parameters: cosmological_simulation   = 1
P008 yt : [INFO     ] 2024-04-02 09:50:08,843 Parameters: current_redshift          = 11.181356517874
P008 yt : [INFO     ] 2024-04-02 09:50:08,843 Parameters: omega_lambda              = 0.6889
P008 yt : [INFO     ] 2024-04-02 09:50:08,843 Parameters: omega_matter              = 0.3111
P008 yt : [INFO     ] 2024-04-02 09:50:08,843 Parameters: omega_radiation           = 0
P008 yt : [INFO     ] 2024-04-02 09:50:08,843 Parameters: hubble_constant           = 0.6766
P045 yt : [INFO     ] 2024-04-02 09:50:08,840 Parameters: current_time              = 75.89987395114
P045 yt : [INFO     ] 2024-04-02 09:50:08,840 Parameters: domain_dimensions         = [64 64 64]
P039 yt : [INFO     ] 2024-04-02 09:50:08,841 Parameters: current_time              = 75.89987395114
P045 yt : [INFO     ] 2024-04-02 09:50:08,841 Parameters: domain_left_edge          = [0. 0. 0.]
P045 yt : [INFO     ] 2024-04-02 09:50:08,841 Parameters: domain_right_edge         = [1. 1. 1.]
P045 yt : [INFO     ] 2024-04-02 09:50:08,841 Parameters: cosmological_simulation   = 1
P039 yt : [INFO     ] 2024-04-02 09:50:08,841 Parameters: domain_dimensions         = [64 64 64]
P045 yt : [INFO     ] 2024-04-02 09:50:08,841 Parameters: current_redshift          = 11.181356517874
P045 yt : [INFO     ] 2024-04-02 09:50:08,841 Parameters: omega_lambda              = 0.6889
P045 yt : [INFO     ] 2024-04-02 09:50:08,841 Parameters: omega_matter              = 0.3111
P045 yt : [INFO     ] 2024-04-02 09:50:08,841 Parameters: omega_radiation           = 0
P045 yt : [INFO     ] 2024-04-02 09:50:08,841 Parameters: hubble_constant           = 0.6766
P039 yt : [INFO     ] 2024-04-02 09:50:08,842 Parameters: domain_left_edge          = [0. 0. 0.]
P039 yt : [INFO     ] 2024-04-02 09:50:08,842 Parameters: domain_right_edge         = [1. 1. 1.]
P039 yt : [INFO     ] 2024-04-02 09:50:08,842 Parameters: cosmological_simulation   = 1
P034 yt : [INFO     ] 2024-04-02 09:50:08,842 Parameters: current_time              = 75.89987395114
P039 yt : [INFO     ] 2024-04-02 09:50:08,842 Parameters: current_redshift          = 11.181356517874
P039 yt : [INFO     ] 2024-04-02 09:50:08,842 Parameters: omega_lambda              = 0.6889
P039 yt : [INFO     ] 2024-04-02 09:50:08,842 Parameters: omega_matter              = 0.3111
P039 yt : [INFO     ] 2024-04-02 09:50:08,842 Parameters: omega_radiation           = 0
P039 yt : [INFO     ] 2024-04-02 09:50:08,842 Parameters: hubble_constant           = 0.6766
P034 yt : [INFO     ] 2024-04-02 09:50:08,842 Parameters: domain_dimensions         = [64 64 64]
P026 yt : [INFO     ] 2024-04-02 09:50:08,843 Parameters: current_time              = 75.89987395114
P046 yt : [INFO     ] 2024-04-02 09:50:08,843 Parameters: current_time              = 75.89987395114
P034 yt : [INFO     ] 2024-04-02 09:50:08,843 Parameters: domain_left_edge          = [0. 0. 0.]
P026 yt : [INFO     ] 2024-04-02 09:50:08,843 Parameters: domain_dimensions         = [64 64 64]
P034 yt : [INFO     ] 2024-04-02 09:50:08,843 Parameters: domain_right_edge         = [1. 1. 1.]
P034 yt : [INFO     ] 2024-04-02 09:50:08,844 Parameters: cosmological_simulation   = 1
P046 yt : [INFO     ] 2024-04-02 09:50:08,843 Parameters: domain_dimensions         = [64 64 64]
P034 yt : [INFO     ] 2024-04-02 09:50:08,844 Parameters: current_redshift          = 11.181356517874
P042 yt : [INFO     ] 2024-04-02 09:50:08,844 Parameters: current_time              = 75.89987395114
P028 yt : [INFO     ] 2024-04-02 09:50:08,844 Parameters: current_time              = 75.89987395114
P034 yt : [INFO     ] 2024-04-02 09:50:08,844 Parameters: omega_lambda              = 0.6889
P034 yt : [INFO     ] 2024-04-02 09:50:08,844 Parameters: omega_matter              = 0.3111
P034 yt : [INFO     ] 2024-04-02 09:50:08,844 Parameters: omega_radiation           = 0
P034 yt : [INFO     ] 2024-04-02 09:50:08,844 Parameters: hubble_constant           = 0.6766
P041 yt : [INFO     ] 2024-04-02 09:50:08,844 Parameters: current_time              = 75.89987395114
P046 yt : [INFO     ] 2024-04-02 09:50:08,844 Parameters: domain_left_edge          = [0. 0. 0.]
P026 yt : [INFO     ] 2024-04-02 09:50:08,844 Parameters: domain_left_edge          = [0. 0. 0.]
P042 yt : [INFO     ] 2024-04-02 09:50:08,844 Parameters: domain_dimensions         = [64 64 64]
P043 yt : [INFO     ] 2024-04-02 09:50:08,844 Parameters: current_time              = 75.89987395114
P028 yt : [INFO     ] 2024-04-02 09:50:08,844 Parameters: domain_dimensions         = [64 64 64]
P046 yt : [INFO     ] 2024-04-02 09:50:08,844 Parameters: domain_right_edge         = [1. 1. 1.]
P046 yt : [INFO     ] 2024-04-02 09:50:08,844 Parameters: cosmological_simulation   = 1
P046 yt : [INFO     ] 2024-04-02 09:50:08,845 Parameters: current_redshift          = 11.181356517874
P041 yt : [INFO     ] 2024-04-02 09:50:08,844 Parameters: domain_dimensions         = [64 64 64]
P042 yt : [INFO     ] 2024-04-02 09:50:08,844 Parameters: domain_left_edge          = [0. 0. 0.]
P026 yt : [INFO     ] 2024-04-02 09:50:08,844 Parameters: domain_right_edge         = [1. 1. 1.]
P046 yt : [INFO     ] 2024-04-02 09:50:08,845 Parameters: omega_lambda              = 0.6889
P046 yt : [INFO     ] 2024-04-02 09:50:08,845 Parameters: omega_matter              = 0.3111
P028 yt : [INFO     ] 2024-04-02 09:50:08,844 Parameters: domain_left_edge          = [0. 0. 0.]
P026 yt : [INFO     ] 2024-04-02 09:50:08,845 Parameters: cosmological_simulation   = 1
P046 yt : [INFO     ] 2024-04-02 09:50:08,845 Parameters: omega_radiation           = 0
P043 yt : [INFO     ] 2024-04-02 09:50:08,844 Parameters: domain_dimensions         = [64 64 64]
P046 yt : [INFO     ] 2024-04-02 09:50:08,845 Parameters: hubble_constant           = 0.6766
P026 yt : [INFO     ] 2024-04-02 09:50:08,845 Parameters: current_redshift          = 11.181356517874
P026 yt : [INFO     ] 2024-04-02 09:50:08,845 Parameters: omega_lambda              = 0.6889
P026 yt : [INFO     ] 2024-04-02 09:50:08,845 Parameters: omega_matter              = 0.3111
P026 yt : [INFO     ] 2024-04-02 09:50:08,845 Parameters: omega_radiation           = 0
P027 yt : [INFO     ] 2024-04-02 09:50:08,845 Parameters: current_time              = 75.89987395114
P026 yt : [INFO     ] 2024-04-02 09:50:08,845 Parameters: hubble_constant           = 0.6766
P031 yt : [INFO     ] 2024-04-02 09:50:08,845 Parameters: current_time              = 75.89987395114
P042 yt : [INFO     ] 2024-04-02 09:50:08,845 Parameters: domain_right_edge         = [1. 1. 1.]
P028 yt : [INFO     ] 2024-04-02 09:50:08,845 Parameters: domain_right_edge         = [1. 1. 1.]
P042 yt : [INFO     ] 2024-04-02 09:50:08,845 Parameters: cosmological_simulation   = 1
P028 yt : [INFO     ] 2024-04-02 09:50:08,845 Parameters: cosmological_simulation   = 1
P041 yt : [INFO     ] 2024-04-02 09:50:08,845 Parameters: domain_left_edge          = [0. 0. 0.]
P042 yt : [INFO     ] 2024-04-02 09:50:08,845 Parameters: current_redshift          = 11.181356517874
P042 yt : [INFO     ] 2024-04-02 09:50:08,845 Parameters: omega_lambda              = 0.6889
P043 yt : [INFO     ] 2024-04-02 09:50:08,845 Parameters: domain_left_edge          = [0. 0. 0.]
P028 yt : [INFO     ] 2024-04-02 09:50:08,845 Parameters: current_redshift          = 11.181356517874
P028 yt : [INFO     ] 2024-04-02 09:50:08,845 Parameters: omega_lambda              = 0.6889
P042 yt : [INFO     ] 2024-04-02 09:50:08,845 Parameters: omega_matter              = 0.3111
P042 yt : [INFO     ] 2024-04-02 09:50:08,845 Parameters: omega_radiation           = 0
P028 yt : [INFO     ] 2024-04-02 09:50:08,845 Parameters: omega_matter              = 0.3111
P042 yt : [INFO     ] 2024-04-02 09:50:08,845 Parameters: hubble_constant           = 0.6766
P028 yt : [INFO     ] 2024-04-02 09:50:08,845 Parameters: omega_radiation           = 0
P035 yt : [INFO     ] 2024-04-02 09:50:08,845 Parameters: current_time              = 75.89987395114
P028 yt : [INFO     ] 2024-04-02 09:50:08,845 Parameters: hubble_constant           = 0.6766
P031 yt : [INFO     ] 2024-04-02 09:50:08,845 Parameters: domain_dimensions         = [64 64 64]
P027 yt : [INFO     ] 2024-04-02 09:50:08,845 Parameters: domain_dimensions         = [64 64 64]
P043 yt : [INFO     ] 2024-04-02 09:50:08,845 Parameters: domain_right_edge         = [1. 1. 1.]
P041 yt : [INFO     ] 2024-04-02 09:50:08,845 Parameters: domain_right_edge         = [1. 1. 1.]
P029 yt : [INFO     ] 2024-04-02 09:50:08,846 Parameters: current_time              = 75.89987395114
P043 yt : [INFO     ] 2024-04-02 09:50:08,846 Parameters: cosmological_simulation   = 1
P041 yt : [INFO     ] 2024-04-02 09:50:08,846 Parameters: cosmological_simulation   = 1
P041 yt : [INFO     ] 2024-04-02 09:50:08,846 Parameters: current_redshift          = 11.181356517874
P043 yt : [INFO     ] 2024-04-02 09:50:08,846 Parameters: current_redshift          = 11.181356517874
P041 yt : [INFO     ] 2024-04-02 09:50:08,846 Parameters: omega_lambda              = 0.6889
P043 yt : [INFO     ] 2024-04-02 09:50:08,846 Parameters: omega_lambda              = 0.6889
P041 yt : [INFO     ] 2024-04-02 09:50:08,846 Parameters: omega_matter              = 0.3111
P043 yt : [INFO     ] 2024-04-02 09:50:08,846 Parameters: omega_matter              = 0.3111
P033 yt : [INFO     ] 2024-04-02 09:50:08,846 Parameters: current_time              = 75.89987395114
P043 yt : [INFO     ] 2024-04-02 09:50:08,846 Parameters: omega_radiation           = 0
P031 yt : [INFO     ] 2024-04-02 09:50:08,846 Parameters: domain_left_edge          = [0. 0. 0.]
P041 yt : [INFO     ] 2024-04-02 09:50:08,846 Parameters: omega_radiation           = 0
P041 yt : [INFO     ] 2024-04-02 09:50:08,846 Parameters: hubble_constant           = 0.6766
P043 yt : [INFO     ] 2024-04-02 09:50:08,846 Parameters: hubble_constant           = 0.6766
P047 yt : [INFO     ] 2024-04-02 09:50:08,846 Parameters: current_time              = 75.89987395114
P027 yt : [INFO     ] 2024-04-02 09:50:08,846 Parameters: domain_left_edge          = [0. 0. 0.]
P037 yt : [INFO     ] 2024-04-02 09:50:08,846 Parameters: current_time              = 75.89987395114
P035 yt : [INFO     ] 2024-04-02 09:50:08,846 Parameters: domain_dimensions         = [64 64 64]
P029 yt : [INFO     ] 2024-04-02 09:50:08,846 Parameters: domain_dimensions         = [64 64 64]
P031 yt : [INFO     ] 2024-04-02 09:50:08,846 Parameters: domain_right_edge         = [1. 1. 1.]
P027 yt : [INFO     ] 2024-04-02 09:50:08,846 Parameters: domain_right_edge         = [1. 1. 1.]
P031 yt : [INFO     ] 2024-04-02 09:50:08,846 Parameters: cosmological_simulation   = 1
P033 yt : [INFO     ] 2024-04-02 09:50:08,846 Parameters: domain_dimensions         = [64 64 64]
P047 yt : [INFO     ] 2024-04-02 09:50:08,846 Parameters: domain_dimensions         = [64 64 64]
P027 yt : [INFO     ] 2024-04-02 09:50:08,846 Parameters: cosmological_simulation   = 1
P031 yt : [INFO     ] 2024-04-02 09:50:08,846 Parameters: current_redshift          = 11.181356517874
P027 yt : [INFO     ] 2024-04-02 09:50:08,846 Parameters: current_redshift          = 11.181356517874
P031 yt : [INFO     ] 2024-04-02 09:50:08,846 Parameters: omega_lambda              = 0.6889
P037 yt : [INFO     ] 2024-04-02 09:50:08,846 Parameters: domain_dimensions         = [64 64 64]
P027 yt : [INFO     ] 2024-04-02 09:50:08,846 Parameters: omega_lambda              = 0.6889
P031 yt : [INFO     ] 2024-04-02 09:50:08,846 Parameters: omega_matter              = 0.3111
P027 yt : [INFO     ] 2024-04-02 09:50:08,846 Parameters: omega_matter              = 0.3111
P031 yt : [INFO     ] 2024-04-02 09:50:08,846 Parameters: omega_radiation           = 0
P035 yt : [INFO     ] 2024-04-02 09:50:08,846 Parameters: domain_left_edge          = [0. 0. 0.]
P027 yt : [INFO     ] 2024-04-02 09:50:08,846 Parameters: omega_radiation           = 0
P031 yt : [INFO     ] 2024-04-02 09:50:08,846 Parameters: hubble_constant           = 0.6766
P027 yt : [INFO     ] 2024-04-02 09:50:08,846 Parameters: hubble_constant           = 0.6766
P029 yt : [INFO     ] 2024-04-02 09:50:08,846 Parameters: domain_left_edge          = [0. 0. 0.]
P033 yt : [INFO     ] 2024-04-02 09:50:08,847 Parameters: domain_left_edge          = [0. 0. 0.]
P047 yt : [INFO     ] 2024-04-02 09:50:08,847 Parameters: domain_left_edge          = [0. 0. 0.]
P037 yt : [INFO     ] 2024-04-02 09:50:08,847 Parameters: domain_left_edge          = [0. 0. 0.]
P035 yt : [INFO     ] 2024-04-02 09:50:08,847 Parameters: domain_right_edge         = [1. 1. 1.]
P035 yt : [INFO     ] 2024-04-02 09:50:08,847 Parameters: cosmological_simulation   = 1
P035 yt : [INFO     ] 2024-04-02 09:50:08,847 Parameters: current_redshift          = 11.181356517874
P035 yt : [INFO     ] 2024-04-02 09:50:08,847 Parameters: omega_lambda              = 0.6889
P035 yt : [INFO     ] 2024-04-02 09:50:08,847 Parameters: omega_matter              = 0.3111
P035 yt : [INFO     ] 2024-04-02 09:50:08,847 Parameters: omega_radiation           = 0
P029 yt : [INFO     ] 2024-04-02 09:50:08,847 Parameters: domain_right_edge         = [1. 1. 1.]
P035 yt : [INFO     ] 2024-04-02 09:50:08,847 Parameters: hubble_constant           = 0.6766
P029 yt : [INFO     ] 2024-04-02 09:50:08,847 Parameters: cosmological_simulation   = 1
P029 yt : [INFO     ] 2024-04-02 09:50:08,847 Parameters: current_redshift          = 11.181356517874
P029 yt : [INFO     ] 2024-04-02 09:50:08,847 Parameters: omega_lambda              = 0.6889
P047 yt : [INFO     ] 2024-04-02 09:50:08,847 Parameters: domain_right_edge         = [1. 1. 1.]
P029 yt : [INFO     ] 2024-04-02 09:50:08,847 Parameters: omega_matter              = 0.3111
P033 yt : [INFO     ] 2024-04-02 09:50:08,847 Parameters: domain_right_edge         = [1. 1. 1.]
P029 yt : [INFO     ] 2024-04-02 09:50:08,847 Parameters: omega_radiation           = 0
P047 yt : [INFO     ] 2024-04-02 09:50:08,847 Parameters: cosmological_simulation   = 1
P029 yt : [INFO     ] 2024-04-02 09:50:08,847 Parameters: hubble_constant           = 0.6766
P033 yt : [INFO     ] 2024-04-02 09:50:08,847 Parameters: cosmological_simulation   = 1
P033 yt : [INFO     ] 2024-04-02 09:50:08,847 Parameters: current_redshift          = 11.181356517874
P037 yt : [INFO     ] 2024-04-02 09:50:08,847 Parameters: domain_right_edge         = [1. 1. 1.]
P047 yt : [INFO     ] 2024-04-02 09:50:08,847 Parameters: current_redshift          = 11.181356517874
P033 yt : [INFO     ] 2024-04-02 09:50:08,847 Parameters: omega_lambda              = 0.6889
P037 yt : [INFO     ] 2024-04-02 09:50:08,847 Parameters: cosmological_simulation   = 1
P047 yt : [INFO     ] 2024-04-02 09:50:08,847 Parameters: omega_lambda              = 0.6889
P047 yt : [INFO     ] 2024-04-02 09:50:08,847 Parameters: omega_matter              = 0.3111
P033 yt : [INFO     ] 2024-04-02 09:50:08,847 Parameters: omega_matter              = 0.3111
P037 yt : [INFO     ] 2024-04-02 09:50:08,847 Parameters: current_redshift          = 11.181356517874
P033 yt : [INFO     ] 2024-04-02 09:50:08,847 Parameters: omega_radiation           = 0
P037 yt : [INFO     ] 2024-04-02 09:50:08,847 Parameters: omega_lambda              = 0.6889
P047 yt : [INFO     ] 2024-04-02 09:50:08,847 Parameters: omega_radiation           = 0
P047 yt : [INFO     ] 2024-04-02 09:50:08,847 Parameters: hubble_constant           = 0.6766
P033 yt : [INFO     ] 2024-04-02 09:50:08,847 Parameters: hubble_constant           = 0.6766
P037 yt : [INFO     ] 2024-04-02 09:50:08,847 Parameters: omega_matter              = 0.3111
P037 yt : [INFO     ] 2024-04-02 09:50:08,847 Parameters: omega_radiation           = 0
P037 yt : [INFO     ] 2024-04-02 09:50:08,847 Parameters: hubble_constant           = 0.6766
Additional features and improved performance (usually) by saving this arbor with "save_arbor" and reloading:
	>>> a = ytree.load("/storage/home/hcoda1/0/jw254/data/SG64-2020/rockstar_halos-jhw/trees/tree_0_0_0.dat")
	>>> fn = a.save_arbor()
	>>> a = ytree.load(fn)
Additional features and improved performance (usually) by saving this arbor with "save_arbor" and reloading:
	>>> a = ytree.load("/storage/home/hcoda1/0/jw254/data/SG64-2020/rockstar_halos-jhw/trees/tree_0_0_0.dat")
	>>> fn = a.save_arbor()
	>>> a = ytree.load(fn)
Additional features and improved performance (usually) by saving this arbor with "save_arbor" and reloading:
	>>> a = ytree.load("/storage/home/hcoda1/0/jw254/data/SG64-2020/rockstar_halos-jhw/trees/tree_0_0_0.dat")
	>>> fn = a.save_arbor()
	>>> a = ytree.load(fn)
Additional features and improved performance (usually) by saving this arbor with "save_arbor" and reloading:
	>>> a = ytree.load("/storage/home/hcoda1/0/jw254/data/SG64-2020/rockstar_halos-jhw/trees/tree_0_0_0.dat")
	>>> fn = a.save_arbor()
	>>> a = ytree.load(fn)
Additional features and improved performance (usually) by saving this arbor with "save_arbor" and reloading:
	>>> a = ytree.load("/storage/home/hcoda1/0/jw254/data/SG64-2020/rockstar_halos-jhw/trees/tree_0_0_0.dat")
	>>> fn = a.save_arbor()
	>>> a = ytree.load(fn)
Additional features and improved performance (usually) by saving this arbor with "save_arbor" and reloading:
	>>> a = ytree.load("/storage/home/hcoda1/0/jw254/data/SG64-2020/rockstar_halos-jhw/trees/tree_0_0_0.dat")
	>>> fn = a.save_arbor()
	>>> a = ytree.load(fn)
Additional features and improved performance (usually) by saving this arbor with "save_arbor" and reloading:
	>>> a = ytree.load("/storage/home/hcoda1/0/jw254/data/SG64-2020/rockstar_halos-jhw/trees/tree_0_0_0.dat")
	>>> fn = a.save_arbor()
	>>> a = ytree.load(fn)
Additional features and improved performance (usually) by saving this arbor with "save_arbor" and reloading:
	>>> a = ytree.load("/storage/home/hcoda1/0/jw254/data/SG64-2020/rockstar_halos-jhw/trees/tree_0_0_0.dat")
	>>> fn = a.save_arbor()
	>>> a = ytree.load(fn)
Additional features and improved performance (usually) by saving this arbor with "save_arbor" and reloading:
	>>> a = ytree.load("/storage/home/hcoda1/0/jw254/data/SG64-2020/rockstar_halos-jhw/trees/tree_0_0_0.dat")
	>>> fn = a.save_arbor()
	>>> a = ytree.load(fn)
Additional features and improved performance (usually) by saving this arbor with "save_arbor" and reloading:
	>>> a = ytree.load("/storage/home/hcoda1/0/jw254/data/SG64-2020/rockstar_halos-jhw/trees/tree_0_0_0.dat")
	>>> fn = a.save_arbor()
	>>> a = ytree.load(fn)
Additional features and improved performance (usually) by saving this arbor with "save_arbor" and reloading:
	>>> a = ytree.load("/storage/home/hcoda1/0/jw254/data/SG64-2020/rockstar_halos-jhw/trees/tree_0_0_0.dat")
	>>> fn = a.save_arbor()
	>>> a = ytree.load(fn)
Additional features and improved performance (usually) by saving this arbor with "save_arbor" and reloading:
	>>> a = ytree.load("/storage/home/hcoda1/0/jw254/data/SG64-2020/rockstar_halos-jhw/trees/tree_0_0_0.dat")
	>>> fn = a.save_arbor()
	>>> a = ytree.load(fn)
Additional features and improved performance (usually) by saving this arbor with "save_arbor" and reloading:
	>>> a = ytree.load("/storage/home/hcoda1/0/jw254/data/SG64-2020/rockstar_halos-jhw/trees/tree_0_0_0.dat")
	>>> fn = a.save_arbor()
	>>> a = ytree.load(fn)
Additional features and improved performance (usually) by saving this arbor with "save_arbor" and reloading:
	>>> a = ytree.load("/storage/home/hcoda1/0/jw254/data/SG64-2020/rockstar_halos-jhw/trees/tree_0_0_0.dat")
	>>> fn = a.save_arbor()
	>>> a = ytree.load(fn)
Additional features and improved performance (usually) by saving this arbor with "save_arbor" and reloading:
	>>> a = ytree.load("/storage/home/hcoda1/0/jw254/data/SG64-2020/rockstar_halos-jhw/trees/tree_0_0_0.dat")
	>>> fn = a.save_arbor()
	>>> a = ytree.load(fn)
Additional features and improved performance (usually) by saving this arbor with "save_arbor" and reloading:
	>>> a = ytree.load("/storage/home/hcoda1/0/jw254/data/SG64-2020/rockstar_halos-jhw/trees/tree_0_0_0.dat")
	>>> fn = a.save_arbor()
	>>> a = ytree.load(fn)
Additional features and improved performance (usually) by saving this arbor with "save_arbor" and reloading:
	>>> a = ytree.load("/storage/home/hcoda1/0/jw254/data/SG64-2020/rockstar_halos-jhw/trees/tree_0_0_0.dat")
	>>> fn = a.save_arbor()
	>>> a = ytree.load(fn)
Additional features and improved performance (usually) by saving this arbor with "save_arbor" and reloading:
	>>> a = ytree.load("/storage/home/hcoda1/0/jw254/data/SG64-2020/rockstar_halos-jhw/trees/tree_0_0_0.dat")
	>>> fn = a.save_arbor()
	>>> a = ytree.load(fn)
Additional features and improved performance (usually) by saving this arbor with "save_arbor" and reloading:
	>>> a = ytree.load("/storage/home/hcoda1/0/jw254/data/SG64-2020/rockstar_halos-jhw/trees/tree_0_0_0.dat")
	>>> fn = a.save_arbor()
	>>> a = ytree.load(fn)
Additional features and improved performance (usually) by saving this arbor with "save_arbor" and reloading:
	>>> a = ytree.load("/storage/home/hcoda1/0/jw254/data/SG64-2020/rockstar_halos-jhw/trees/tree_0_0_0.dat")
	>>> fn = a.save_arbor()
	>>> a = ytree.load(fn)
Additional features and improved performance (usually) by saving this arbor with "save_arbor" and reloading:
	>>> a = ytree.load("/storage/home/hcoda1/0/jw254/data/SG64-2020/rockstar_halos-jhw/trees/tree_0_0_0.dat")
	>>> fn = a.save_arbor()
	>>> a = ytree.load(fn)
Additional features and improved performance (usually) by saving this arbor with "save_arbor" and reloading:
	>>> a = ytree.load("/storage/home/hcoda1/0/jw254/data/SG64-2020/rockstar_halos-jhw/trees/tree_0_0_0.dat")
	>>> fn = a.save_arbor()
	>>> a = ytree.load(fn)
Additional features and improved performance (usually) by saving this arbor with "save_arbor" and reloading:
	>>> a = ytree.load("/storage/home/hcoda1/0/jw254/data/SG64-2020/rockstar_halos-jhw/trees/tree_0_0_0.dat")
	>>> fn = a.save_arbor()
	>>> a = ytree.load(fn)
Additional features and improved performance (usually) by saving this arbor with "save_arbor" and reloading:
	>>> a = ytree.load("/storage/home/hcoda1/0/jw254/data/SG64-2020/rockstar_halos-jhw/trees/tree_0_0_0.dat")
	>>> fn = a.save_arbor()
	>>> a = ytree.load(fn)
Additional features and improved performance (usually) by saving this arbor with "save_arbor" and reloading:
	>>> a = ytree.load("/storage/home/hcoda1/0/jw254/data/SG64-2020/rockstar_halos-jhw/trees/tree_0_0_0.dat")
	>>> fn = a.save_arbor()
	>>> a = ytree.load(fn)
Additional features and improved performance (usually) by saving this arbor with "save_arbor" and reloading:
	>>> a = ytree.load("/storage/home/hcoda1/0/jw254/data/SG64-2020/rockstar_halos-jhw/trees/tree_0_0_0.dat")
	>>> fn = a.save_arbor()
	>>> a = ytree.load(fn)
Additional features and improved performance (usually) by saving this arbor with "save_arbor" and reloading:
	>>> a = ytree.load("/storage/home/hcoda1/0/jw254/data/SG64-2020/rockstar_halos-jhw/trees/tree_0_0_0.dat")
	>>> fn = a.save_arbor()
	>>> a = ytree.load(fn)
Additional features and improved performance (usually) by saving this arbor with "save_arbor" and reloading:
	>>> a = ytree.load("/storage/home/hcoda1/0/jw254/data/SG64-2020/rockstar_halos-jhw/trees/tree_0_0_0.dat")
	>>> fn = a.save_arbor()
	>>> a = ytree.load(fn)
Additional features and improved performance (usually) by saving this arbor with "save_arbor" and reloading:
	>>> a = ytree.load("/storage/home/hcoda1/0/jw254/data/SG64-2020/rockstar_halos-jhw/trees/tree_0_0_0.dat")
	>>> fn = a.save_arbor()
	>>> a = ytree.load(fn)
Additional features and improved performance (usually) by saving this arbor with "save_arbor" and reloading:
	>>> a = ytree.load("/storage/home/hcoda1/0/jw254/data/SG64-2020/rockstar_halos-jhw/trees/tree_0_0_0.dat")
	>>> fn = a.save_arbor()
	>>> a = ytree.load(fn)
Additional features and improved performance (usually) by saving this arbor with "save_arbor" and reloading:
	>>> a = ytree.load("/storage/home/hcoda1/0/jw254/data/SG64-2020/rockstar_halos-jhw/trees/tree_0_0_0.dat")
	>>> fn = a.save_arbor()
	>>> a = ytree.load(fn)
Additional features and improved performance (usually) by saving this arbor with "save_arbor" and reloading:
	>>> a = ytree.load("/storage/home/hcoda1/0/jw254/data/SG64-2020/rockstar_halos-jhw/trees/tree_0_0_0.dat")
	>>> fn = a.save_arbor()
	>>> a = ytree.load(fn)
P025 yt : [INFO     ] 2024-04-02 09:50:08,849 Parameters: current_time              = 75.89987395114
Additional features and improved performance (usually) by saving this arbor with "save_arbor" and reloading:
	>>> a = ytree.load("/storage/home/hcoda1/0/jw254/data/SG64-2020/rockstar_halos-jhw/trees/tree_0_0_0.dat")
	>>> fn = a.save_arbor()
	>>> a = ytree.load(fn)
Additional features and improved performance (usually) by saving this arbor with "save_arbor" and reloading:
	>>> a = ytree.load("/storage/home/hcoda1/0/jw254/data/SG64-2020/rockstar_halos-jhw/trees/tree_0_0_0.dat")
	>>> fn = a.save_arbor()
	>>> a = ytree.load(fn)
P025 yt : [INFO     ] 2024-04-02 09:50:08,850 Parameters: domain_dimensions         = [64 64 64]
Additional features and improved performance (usually) by saving this arbor with "save_arbor" and reloading:
	>>> a = ytree.load("/storage/home/hcoda1/0/jw254/data/SG64-2020/rockstar_halos-jhw/trees/tree_0_0_0.dat")
	>>> fn = a.save_arbor()
	>>> a = ytree.load(fn)
P025 yt : [INFO     ] 2024-04-02 09:50:08,850 Parameters: domain_left_edge          = [0. 0. 0.]
Additional features and improved performance (usually) by saving this arbor with "save_arbor" and reloading:
	>>> a = ytree.load("/storage/home/hcoda1/0/jw254/data/SG64-2020/rockstar_halos-jhw/trees/tree_0_0_0.dat")
	>>> fn = a.save_arbor()
	>>> a = ytree.load(fn)
Additional features and improved performance (usually) by saving this arbor with "save_arbor" and reloading:
	>>> a = ytree.load("/storage/home/hcoda1/0/jw254/data/SG64-2020/rockstar_halos-jhw/trees/tree_0_0_0.dat")
	>>> fn = a.save_arbor()
	>>> a = ytree.load(fn)
P025 yt : [INFO     ] 2024-04-02 09:50:08,851 Parameters: domain_right_edge         = [1. 1. 1.]
P025 yt : [INFO     ] 2024-04-02 09:50:08,851 Parameters: cosmological_simulation   = 1
P025 yt : [INFO     ] 2024-04-02 09:50:08,851 Parameters: current_redshift          = 11.181356517874
Additional features and improved performance (usually) by saving this arbor with "save_arbor" and reloading:
	>>> a = ytree.load("/storage/home/hcoda1/0/jw254/data/SG64-2020/rockstar_halos-jhw/trees/tree_0_0_0.dat")
	>>> fn = a.save_arbor()
	>>> a = ytree.load(fn)
P025 yt : [INFO     ] 2024-04-02 09:50:08,851 Parameters: omega_lambda              = 0.6889
P025 yt : [INFO     ] 2024-04-02 09:50:08,851 Parameters: omega_matter              = 0.3111
P025 yt : [INFO     ] 2024-04-02 09:50:08,851 Parameters: omega_radiation           = 0
P025 yt : [INFO     ] 2024-04-02 09:50:08,851 Parameters: hubble_constant           = 0.6766
Additional features and improved performance (usually) by saving this arbor with "save_arbor" and reloading:
	>>> a = ytree.load("/storage/home/hcoda1/0/jw254/data/SG64-2020/rockstar_halos-jhw/trees/tree_0_0_0.dat")
	>>> fn = a.save_arbor()
	>>> a = ytree.load(fn)
Additional features and improved performance (usually) by saving this arbor with "save_arbor" and reloading:
	>>> a = ytree.load("/storage/home/hcoda1/0/jw254/data/SG64-2020/rockstar_halos-jhw/trees/tree_0_0_0.dat")
	>>> fn = a.save_arbor()
	>>> a = ytree.load(fn)
Additional features and improved performance (usually) by saving this arbor with "save_arbor" and reloading:
	>>> a = ytree.load("/storage/home/hcoda1/0/jw254/data/SG64-2020/rockstar_halos-jhw/trees/tree_0_0_0.dat")
	>>> fn = a.save_arbor()
	>>> a = ytree.load(fn)
Additional features and improved performance (usually) by saving this arbor with "save_arbor" and reloading:
	>>> a = ytree.load("/storage/home/hcoda1/0/jw254/data/SG64-2020/rockstar_halos-jhw/trees/tree_0_0_0.dat")
	>>> fn = a.save_arbor()
	>>> a = ytree.load(fn)
Additional features and improved performance (usually) by saving this arbor with "save_arbor" and reloading:
	>>> a = ytree.load("/storage/home/hcoda1/0/jw254/data/SG64-2020/rockstar_halos-jhw/trees/tree_0_0_0.dat")
	>>> fn = a.save_arbor()
	>>> a = ytree.load(fn)
Additional features and improved performance (usually) by saving this arbor with "save_arbor" and reloading:
	>>> a = ytree.load("/storage/home/hcoda1/0/jw254/data/SG64-2020/rockstar_halos-jhw/trees/tree_0_0_0.dat")
	>>> fn = a.save_arbor()
	>>> a = ytree.load(fn)
Additional features and improved performance (usually) by saving this arbor with "save_arbor" and reloading:
	>>> a = ytree.load("/storage/home/hcoda1/0/jw254/data/SG64-2020/rockstar_halos-jhw/trees/tree_0_0_0.dat")
	>>> fn = a.save_arbor()
	>>> a = ytree.load(fn)
Additional features and improved performance (usually) by saving this arbor with "save_arbor" and reloading:
	>>> a = ytree.load("/storage/home/hcoda1/0/jw254/data/SG64-2020/rockstar_halos-jhw/trees/tree_0_0_0.dat")
	>>> fn = a.save_arbor()
	>>> a = ytree.load(fn)
Additional features and improved performance (usually) by saving this arbor with "save_arbor" and reloading:
	>>> a = ytree.load("/storage/home/hcoda1/0/jw254/data/SG64-2020/rockstar_halos-jhw/trees/tree_0_0_0.dat")
	>>> fn = a.save_arbor()
	>>> a = ytree.load(fn)
Parsing Hierarchy :   0%|          | 0/777 [00:00<?, ?it/s]Parsing Hierarchy : 100%|| 777/777 [00:00<00:00, 9778.69it/s]
P019 yt : [INFO     ] 2024-04-02 09:50:08,954 Gathering a field list (this may take a moment.)
Parsing Hierarchy :   0%|          | 0/777 [00:00<?, ?it/s]Parsing Hierarchy : 100%|| 777/777 [00:00<00:00, 10032.24it/s]
P027 yt : [INFO     ] 2024-04-02 09:50:08,951 Gathering a field list (this may take a moment.)
Parsing Hierarchy :   0%|          | 0/777 [00:00<?, ?it/s]Parsing Hierarchy : 100%|| 777/777 [00:00<00:00, 9633.64it/s]
P014 yt : [INFO     ] 2024-04-02 09:50:08,955 Gathering a field list (this may take a moment.)
Parsing Hierarchy :   0%|          | 0/777 [00:00<?, ?it/s]Parsing Hierarchy : 100%|| 777/777 [00:00<00:00, 9954.32it/s]
P043 yt : [INFO     ] 2024-04-02 09:50:08,951 Gathering a field list (this may take a moment.)
Parsing Hierarchy :   0%|          | 0/777 [00:00<?, ?it/s]Parsing Hierarchy : 100%|| 777/777 [00:00<00:00, 9534.41it/s]
P007 yt : [INFO     ] 2024-04-02 09:50:08,955 Gathering a field list (this may take a moment.)
Parsing Hierarchy :   0%|          | 0/777 [00:00<?, ?it/s]Parsing Hierarchy : 100%|| 777/777 [00:00<00:00, 9704.06it/s]
P040 yt : [INFO     ] 2024-04-02 09:50:08,951 Gathering a field list (this may take a moment.)
Parsing Hierarchy :   0%|          | 0/777 [00:00<?, ?it/s]Parsing Hierarchy : 100%|| 777/777 [00:00<00:00, 9887.63it/s]
P042 yt : [INFO     ] 2024-04-02 09:50:08,951 Gathering a field list (this may take a moment.)
Parsing Hierarchy :   0%|          | 0/777 [00:00<?, ?it/s]Parsing Hierarchy : 100%|| 777/777 [00:00<00:00, 9698.69it/s]
P012 yt : [INFO     ] 2024-04-02 09:50:08,955 Gathering a field list (this may take a moment.)
Parsing Hierarchy :   0%|          | 0/777 [00:00<?, ?it/s]Parsing Hierarchy : 100%|| 777/777 [00:00<00:00, 10065.99it/s]
P029 yt : [INFO     ] 2024-04-02 09:50:08,952 Gathering a field list (this may take a moment.)
Parsing Hierarchy :   0%|          | 0/777 [00:00<?, ?it/s]Parsing Hierarchy : 100%|| 777/777 [00:00<00:00, 9640.51it/s]
P021 yt : [INFO     ] 2024-04-02 09:50:08,955 Gathering a field list (this may take a moment.)
Parsing Hierarchy :   0%|          | 0/777 [00:00<?, ?it/s]Parsing Hierarchy : 100%|| 777/777 [00:00<00:00, 9728.05it/s]
P005 yt : [INFO     ] 2024-04-02 09:50:08,955 Gathering a field list (this may take a moment.)
Parsing Hierarchy :   0%|          | 0/777 [00:00<?, ?it/s]Parsing Hierarchy : 100%|| 777/777 [00:00<00:00, 10017.72it/s]
P031 yt : [INFO     ] 2024-04-02 09:50:08,952 Gathering a field list (this may take a moment.)
Parsing Hierarchy :   0%|          | 0/777 [00:00<?, ?it/s]Parsing Hierarchy : 100%|| 777/777 [00:00<00:00, 9691.89it/s]
P013 yt : [INFO     ] 2024-04-02 09:50:08,955 Gathering a field list (this may take a moment.)
Parsing Hierarchy :   0%|          | 0/777 [00:00<?, ?it/s]Parsing Hierarchy : 100%|| 777/777 [00:00<00:00, 9678.56it/s]
P032 yt : [INFO     ] 2024-04-02 09:50:08,952 Gathering a field list (this may take a moment.)
Parsing Hierarchy :   0%|          | 0/777 [00:00<?, ?it/s]Parsing Hierarchy : 100%|| 777/777 [00:00<00:00, 9810.51it/s]
P015 yt : [INFO     ] 2024-04-02 09:50:08,955 Gathering a field list (this may take a moment.)
Parsing Hierarchy :   0%|          | 0/777 [00:00<?, ?it/s]Parsing Hierarchy : 100%|| 777/777 [00:00<00:00, 9705.54it/s]
P036 yt : [INFO     ] 2024-04-02 09:50:08,952 Gathering a field list (this may take a moment.)
Parsing Hierarchy :   0%|          | 0/777 [00:00<?, ?it/s]Parsing Hierarchy : 100%|| 777/777 [00:00<00:00, 9700.45it/s]
P016 yt : [INFO     ] 2024-04-02 09:50:08,955 Gathering a field list (this may take a moment.)
Parsing Hierarchy :   0%|          | 0/777 [00:00<?, ?it/s]Parsing Hierarchy : 100%|| 777/777 [00:00<00:00, 9854.69it/s]
P020 yt : [INFO     ] 2024-04-02 09:50:08,955 Gathering a field list (this may take a moment.)
Parsing Hierarchy :   0%|          | 0/777 [00:00<?, ?it/s]Parsing Hierarchy : 100%|| 777/777 [00:00<00:00, 10096.52it/s]
P037 yt : [INFO     ] 2024-04-02 09:50:08,952 Gathering a field list (this may take a moment.)
Parsing Hierarchy :   0%|          | 0/777 [00:00<?, ?it/s]Parsing Hierarchy : 100%|| 777/777 [00:00<00:00, 9698.49it/s]
P023 yt : [INFO     ] 2024-04-02 09:50:08,955 Gathering a field list (this may take a moment.)
Parsing Hierarchy :   0%|          | 0/777 [00:00<?, ?it/s]Parsing Hierarchy : 100%|| 777/777 [00:00<00:00, 10129.00it/s]
P047 yt : [INFO     ] 2024-04-02 09:50:08,952 Gathering a field list (this may take a moment.)
Parsing Hierarchy :   0%|          | 0/777 [00:00<?, ?it/s]Parsing Hierarchy : 100%|| 777/777 [00:00<00:00, 9727.53it/s]
P002 yt : [INFO     ] 2024-04-02 09:50:08,955 Gathering a field list (this may take a moment.)
Parsing Hierarchy :   0%|          | 0/777 [00:00<?, ?it/s]Parsing Hierarchy : 100%|| 777/777 [00:00<00:00, 9697.39it/s]
P024 yt : [INFO     ] 2024-04-02 09:50:08,952 Gathering a field list (this may take a moment.)
Parsing Hierarchy :   0%|          | 0/777 [00:00<?, ?it/s]Parsing Hierarchy : 100%|| 777/777 [00:00<00:00, 9689.41it/s]
P003 yt : [INFO     ] 2024-04-02 09:50:08,955 Gathering a field list (this may take a moment.)
Parsing Hierarchy :   0%|          | 0/777 [00:00<?, ?it/s]Parsing Hierarchy : 100%|| 777/777 [00:00<00:00, 9733.71it/s]
P026 yt : [INFO     ] 2024-04-02 09:50:08,952 Gathering a field list (this may take a moment.)
Parsing Hierarchy :   0%|          | 0/777 [00:00<?, ?it/s]Parsing Hierarchy : 100%|| 777/777 [00:00<00:00, 9748.07it/s]
P004 yt : [INFO     ] 2024-04-02 09:50:08,955 Gathering a field list (this may take a moment.)
Parsing Hierarchy :   0%|          | 0/777 [00:00<?, ?it/s]Parsing Hierarchy : 100%|| 777/777 [00:00<00:00, 9704.01it/s]
P030 yt : [INFO     ] 2024-04-02 09:50:08,952 Gathering a field list (this may take a moment.)
Parsing Hierarchy :   0%|          | 0/777 [00:00<?, ?it/s]Parsing Hierarchy : 100%|| 777/777 [00:00<00:00, 9658.48it/s]
P006 yt : [INFO     ] 2024-04-02 09:50:08,955 Gathering a field list (this may take a moment.)
Parsing Hierarchy :   0%|          | 0/777 [00:00<?, ?it/s]Parsing Hierarchy : 100%|| 777/777 [00:00<00:00, 10076.63it/s]
P033 yt : [INFO     ] 2024-04-02 09:50:08,952 Gathering a field list (this may take a moment.)
Parsing Hierarchy :   0%|          | 0/777 [00:00<?, ?it/s]Parsing Hierarchy : 100%|| 777/777 [00:00<00:00, 9464.74it/s]
P009 yt : [INFO     ] 2024-04-02 09:50:08,955 Gathering a field list (this may take a moment.)
Parsing Hierarchy :   0%|          | 0/777 [00:00<?, ?it/s]Parsing Hierarchy : 100%|| 777/777 [00:00<00:00, 9717.55it/s]
P034 yt : [INFO     ] 2024-04-02 09:50:08,952 Gathering a field list (this may take a moment.)
Parsing Hierarchy :   0%|          | 0/777 [00:00<?, ?it/s]Parsing Hierarchy : 100%|| 777/777 [00:00<00:00, 9720.13it/s]
P010 yt : [INFO     ] 2024-04-02 09:50:08,955 Gathering a field list (this may take a moment.)
Parsing Hierarchy :   0%|          | 0/777 [00:00<?, ?it/s]Parsing Hierarchy : 100%|| 777/777 [00:00<00:00, 9731.39it/s]
P039 yt : [INFO     ] 2024-04-02 09:50:08,952 Gathering a field list (this may take a moment.)
Parsing Hierarchy :   0%|          | 0/777 [00:00<?, ?it/s]Parsing Hierarchy : 100%|| 777/777 [00:00<00:00, 9682.27it/s]
P011 yt : [INFO     ] 2024-04-02 09:50:08,955 Gathering a field list (this may take a moment.)
Parsing Hierarchy :   0%|          | 0/777 [00:00<?, ?it/s]Parsing Hierarchy : 100%|| 777/777 [00:00<00:00, 9656.42it/s]
P017 yt : [INFO     ] 2024-04-02 09:50:08,955 Gathering a field list (this may take a moment.)
Parsing Hierarchy :   0%|          | 0/777 [00:00<?, ?it/s]Parsing Hierarchy : 100%|| 777/777 [00:00<00:00, 9605.81it/s]
P018 yt : [INFO     ] 2024-04-02 09:50:08,955 Gathering a field list (this may take a moment.)
Parsing Hierarchy :   0%|          | 0/777 [00:00<?, ?it/s]Parsing Hierarchy : 100%|| 777/777 [00:00<00:00, 9626.50it/s]
P008 yt : [INFO     ] 2024-04-02 09:50:08,956 Gathering a field list (this may take a moment.)
Parsing Hierarchy :   0%|          | 0/777 [00:00<?, ?it/s]Parsing Hierarchy : 100%|| 777/777 [00:00<00:00, 9732.15it/s]
P045 yt : [INFO     ] 2024-04-02 09:50:08,952 Gathering a field list (this may take a moment.)
Parsing Hierarchy :   0%|          | 0/777 [00:00<?, ?it/s]Parsing Hierarchy : 100%|| 777/777 [00:00<00:00, 9817.13it/s]
P046 yt : [INFO     ] 2024-04-02 09:50:08,952 Gathering a field list (this may take a moment.)
Parsing Hierarchy :   0%|          | 0/777 [00:00<?, ?it/s]Parsing Hierarchy : 100%|| 777/777 [00:00<00:00, 10006.34it/s]
P035 yt : [INFO     ] 2024-04-02 09:50:08,952 Gathering a field list (this may take a moment.)
Parsing Hierarchy :   0%|          | 0/777 [00:00<?, ?it/s]Parsing Hierarchy : 100%|| 777/777 [00:00<00:00, 9650.33it/s]
P038 yt : [INFO     ] 2024-04-02 09:50:08,952 Gathering a field list (this may take a moment.)
Parsing Hierarchy :   0%|          | 0/777 [00:00<?, ?it/s]Parsing Hierarchy : 100%|| 777/777 [00:00<00:00, 9896.13it/s]
P041 yt : [INFO     ] 2024-04-02 09:50:08,952 Gathering a field list (this may take a moment.)
Parsing Hierarchy :   0%|          | 0/777 [00:00<?, ?it/s]Parsing Hierarchy : 100%|| 777/777 [00:00<00:00, 9763.66it/s]
P028 yt : [INFO     ] 2024-04-02 09:50:08,953 Gathering a field list (this may take a moment.)
Parsing Hierarchy :   0%|          | 0/777 [00:00<?, ?it/s]Parsing Hierarchy : 100%|| 777/777 [00:00<00:00, 9801.31it/s]
P044 yt : [INFO     ] 2024-04-02 09:50:08,954 Gathering a field list (this may take a moment.)
Parsing Hierarchy :   0%|          | 0/777 [00:00<?, ?it/s]Parsing Hierarchy : 100%|| 777/777 [00:00<00:00, 9692.46it/s]
P022 yt : [INFO     ] 2024-04-02 09:50:08,958 Gathering a field list (this may take a moment.)
Parsing Hierarchy :   0%|          | 0/777 [00:00<?, ?it/s]Parsing Hierarchy : 100%|| 777/777 [00:00<00:00, 9300.17it/s]
P001 yt : [INFO     ] 2024-04-02 09:50:08,961 Gathering a field list (this may take a moment.)
Parsing Hierarchy :   0%|          | 0/777 [00:00<?, ?it/s]Parsing Hierarchy : 100%|| 777/777 [00:00<00:00, 10145.33it/s]
P025 yt : [INFO     ] 2024-04-02 09:50:08,958 Gathering a field list (this may take a moment.)
MAX_SIZE: 100
MAX_SIZE: 100
MAX_SIZE: 100
MAX_SIZE: 100
MAX_SIZE: 100
MAX_SIZE: 100
  File "analysis_pipeline.py", line 151, in <module>
    ap.process_target(node)
  File "/storage/home/hcoda1/7/shardin31/.conda/envs/pd_environment_3/lib/python3.8/site-packages/ytree/analysis/analysis_pipeline.py", line 174, in process_target
    rval = action(target)
  File "/storage/home/hcoda1/7/shardin31/.conda/envs/pd_environment_3/lib/python3.8/site-packages/ytree/analysis/analysis_operators.py", line 30, in __call__
    return self.function(target, *self.args, **self.kwargs)
  File "analysis_pipeline.py", line 55, in save_star_masses
    node["star_masses"] = np.concatenate(np.array(sphere["p2","particle_mass"]),(np.zeros(size_difference)), dtype=float)
  File "<__array_function__ internals>", line 180, in concatenate
P035 yt : [ERROR    ] 2024-04-02 09:50:10,801 TypeError: only integer scalar arrays can be converted to a scalar index
  File "analysis_pipeline.py", line 151, in <module>
    ap.process_target(node)
  File "/storage/home/hcoda1/7/shardin31/.conda/envs/pd_environment_3/lib/python3.8/site-packages/ytree/analysis/analysis_pipeline.py", line 174, in process_target
    rval = action(target)
  File "/storage/home/hcoda1/7/shardin31/.conda/envs/pd_environment_3/lib/python3.8/site-packages/ytree/analysis/analysis_operators.py", line 30, in __call__
    return self.function(target, *self.args, **self.kwargs)
  File "analysis_pipeline.py", line 55, in save_star_masses
    node["star_masses"] = np.concatenate(np.array(sphere["p2","particle_mass"]),(np.zeros(size_difference)), dtype=float)
  File "<__array_function__ internals>", line 180, in concatenate
P043 yt : [ERROR    ] 2024-04-02 09:50:10,801 TypeError: only integer scalar arrays can be converted to a scalar index
  File "analysis_pipeline.py", line 151, in <module>
    ap.process_target(node)
  File "/storage/home/hcoda1/7/shardin31/.conda/envs/pd_environment_3/lib/python3.8/site-packages/ytree/analysis/analysis_pipeline.py", line 174, in process_target
    rval = action(target)
  File "/storage/home/hcoda1/7/shardin31/.conda/envs/pd_environment_3/lib/python3.8/site-packages/ytree/analysis/analysis_operators.py", line 30, in __call__
    return self.function(target, *self.args, **self.kwargs)
  File "analysis_pipeline.py", line 55, in save_star_masses
    node["star_masses"] = np.concatenate(np.array(sphere["p2","particle_mass"]),(np.zeros(size_difference)), dtype=float)
  File "<__array_function__ internals>", line 180, in concatenate
P011 yt : [ERROR    ] 2024-04-02 09:50:10,804 TypeError: only integer scalar arrays can be converted to a scalar index
  File "analysis_pipeline.py", line 151, in <module>
    ap.process_target(node)
  File "/storage/home/hcoda1/7/shardin31/.conda/envs/pd_environment_3/lib/python3.8/site-packages/ytree/analysis/analysis_pipeline.py", line 174, in process_target
    rval = action(target)
  File "/storage/home/hcoda1/7/shardin31/.conda/envs/pd_environment_3/lib/python3.8/site-packages/ytree/analysis/analysis_operators.py", line 30, in __call__
    return self.function(target, *self.args, **self.kwargs)
  File "analysis_pipeline.py", line 55, in save_star_masses
    node["star_masses"] = np.concatenate(np.array(sphere["p2","particle_mass"]),(np.zeros(size_difference)), dtype=float)
  File "<__array_function__ internals>", line 180, in concatenate
P012 yt : [ERROR    ] 2024-04-02 09:50:10,804 TypeError: only integer scalar arrays can be converted to a scalar index
  File "analysis_pipeline.py", line 151, in <module>
    ap.process_target(node)
  File "/storage/home/hcoda1/7/shardin31/.conda/envs/pd_environment_3/lib/python3.8/site-packages/ytree/analysis/analysis_pipeline.py", line 174, in process_target
    rval = action(target)
  File "/storage/home/hcoda1/7/shardin31/.conda/envs/pd_environment_3/lib/python3.8/site-packages/ytree/analysis/analysis_operators.py", line 30, in __call__
    return self.function(target, *self.args, **self.kwargs)
  File "analysis_pipeline.py", line 55, in save_star_masses
    node["star_masses"] = np.concatenate(np.array(sphere["p2","particle_mass"]),(np.zeros(size_difference)), dtype=float)
  File "<__array_function__ internals>", line 180, in concatenate
P019 yt : [ERROR    ] 2024-04-02 09:50:10,804 TypeError: only integer scalar arrays can be converted to a scalar index
  File "analysis_pipeline.py", line 151, in <module>
    ap.process_target(node)
  File "/storage/home/hcoda1/7/shardin31/.conda/envs/pd_environment_3/lib/python3.8/site-packages/ytree/analysis/analysis_pipeline.py", line 174, in process_target
    rval = action(target)
  File "/storage/home/hcoda1/7/shardin31/.conda/envs/pd_environment_3/lib/python3.8/site-packages/ytree/analysis/analysis_operators.py", line 30, in __call__
    return self.function(target, *self.args, **self.kwargs)
  File "analysis_pipeline.py", line 55, in save_star_masses
    node["star_masses"] = np.concatenate(np.array(sphere["p2","particle_mass"]),(np.zeros(size_difference)), dtype=float)
  File "<__array_function__ internals>", line 180, in concatenate
P023 yt : [ERROR    ] 2024-04-02 09:50:10,804 TypeError: only integer scalar arrays can be converted to a scalar index
--------------------------------------------------------------------------
MPI_ABORT was invoked on rank 43 in communicator MPI_COMM_WORLD
with errorcode 1.

NOTE: invoking MPI_ABORT causes Open MPI to kill all MPI processes.
You may or may not see output from other processes, depending on
exactly when Open MPI kills them.
--------------------------------------------------------------------------
--------------------------------------------------------------------------
MPI_ABORT was invoked on rank 35 in communicator MPI_COMM_WORLD
with errorcode 1.

NOTE: invoking MPI_ABORT causes Open MPI to kill all MPI processes.
You may or may not see output from other processes, depending on
exactly when Open MPI kills them.
--------------------------------------------------------------------------
--------------------------------------------------------------------------
MPI_ABORT was invoked on rank 11 in communicator MPI_COMM_WORLD
with errorcode 1.

NOTE: invoking MPI_ABORT causes Open MPI to kill all MPI processes.
You may or may not see output from other processes, depending on
exactly when Open MPI kills them.
--------------------------------------------------------------------------
--------------------------------------------------------------------------
MPI_ABORT was invoked on rank 12 in communicator MPI_COMM_WORLD
with errorcode 1.

NOTE: invoking MPI_ABORT causes Open MPI to kill all MPI processes.
You may or may not see output from other processes, depending on
exactly when Open MPI kills them.
--------------------------------------------------------------------------
--------------------------------------------------------------------------
MPI_ABORT was invoked on rank 19 in communicator MPI_COMM_WORLD
with errorcode 1.

NOTE: invoking MPI_ABORT causes Open MPI to kill all MPI processes.
You may or may not see output from other processes, depending on
exactly when Open MPI kills them.
--------------------------------------------------------------------------
--------------------------------------------------------------------------
MPI_ABORT was invoked on rank 23 in communicator MPI_COMM_WORLD
with errorcode 1.

NOTE: invoking MPI_ABORT causes Open MPI to kill all MPI processes.
You may or may not see output from other processes, depending on
exactly when Open MPI kills them.
--------------------------------------------------------------------------
Loading tree roots:   0%|          | 0/7934216 [00:00<?, ?it/s]Loading tree roots: 100%|| 7934216/7934216 [00:00<00:00, 243572016.55it/s]slurmstepd: error: *** STEP 5481127.0 ON atl1-1-02-015-18-1 CANCELLED AT 2024-04-02T09:50:10 ***
srun: Job step aborted: Waiting up to 32 seconds for job step to finish.
srun: error: atl1-1-02-015-32-1: tasks 24-34,36-42,44-47: Killed
srun: error: atl1-1-02-015-32-1: tasks 35,43: Exited with exit code 1
srun: error: atl1-1-02-015-18-1: tasks 0-23: Killed
---------------------------------------
Begin Slurm Epilog: Apr-02-2024 09:50:11
Job ID:        5481127
Array Job ID:  _4294967294
User ID:       shardin31
Account:       gts-jw254-coda20
Job name:      Slurmshardinpowderdayrun
Resources:     cpu=48,mem=100G,node=2
Rsrc Used:     cput=00:28:48,vmem=6508K,walltime=00:00:36,mem=5908K,energy_used=0
Partition:     cpu-small
QOS:           inferno
Nodes:         atl1-1-02-015-18-1,atl1-1-02-015-32-1
---------------------------------------
