---------------------------------------
Begin Slurm Prolog: Apr-02-2024 11:13:59
Job ID:    5482684
User ID:   shardin31
Account:   gts-jw254-coda20
Job name:  Slurmshardinpowderdayrun
Partition: cpu-small
QOS:       inferno
---------------------------------------

CommandNotFoundError: Your shell has not been properly configured to use 'conda deactivate'.
To initialize your shell, run

    $ conda init <SHELL_NAME>

Currently supported shells are:
  - bash
  - fish
  - tcsh
  - xonsh
  - zsh
  - powershell

See 'conda init --help' for more information and options.

IMPORTANT: You may need to close and restart your shell after running 'conda init'.



Lmod is automatically replacing "mvapich2/2.3.6-ouywal" with "openmpi/4.1.4".

yt : [INFO     ] 2024-04-02 11:14:19,441 Global parallel computation enabled: 16 / 48
yt : [INFO     ] 2024-04-02 11:14:19,448 Global parallel computation enabled: 33 / 48
yt : [INFO     ] 2024-04-02 11:14:19,441 Global parallel computation enabled: 10 / 48
yt : [INFO     ] 2024-04-02 11:14:19,442 Global parallel computation enabled: 4 / 48
yt : [INFO     ] 2024-04-02 11:14:19,442 Global parallel computation enabled: 11 / 48
yt : [INFO     ] 2024-04-02 11:14:19,442 Global parallel computation enabled: 9 / 48
yt : [INFO     ] 2024-04-02 11:14:19,442 Global parallel computation enabled: 12 / 48
yt : [INFO     ] 2024-04-02 11:14:19,442 Global parallel computation enabled: 19 / 48
yt : [INFO     ] 2024-04-02 11:14:19,442 Global parallel computation enabled: 21 / 48
yt : [INFO     ] 2024-04-02 11:14:19,442 Global parallel computation enabled: 20 / 48
yt : [INFO     ] 2024-04-02 11:14:19,442 Global parallel computation enabled: 18 / 48
yt : [INFO     ] 2024-04-02 11:14:19,442 Global parallel computation enabled: 5 / 48
yt : [INFO     ] 2024-04-02 11:14:19,442 Global parallel computation enabled: 2 / 48
yt : [INFO     ] 2024-04-02 11:14:19,442 Global parallel computation enabled: 1 / 48
yt : [INFO     ] 2024-04-02 11:14:19,443 Global parallel computation enabled: 15 / 48
yt : [INFO     ] 2024-04-02 11:14:19,443 Global parallel computation enabled: 22 / 48
yt : [INFO     ] 2024-04-02 11:14:19,443 Global parallel computation enabled: 17 / 48
yt : [INFO     ] 2024-04-02 11:14:19,443 Global parallel computation enabled: 7 / 48
yt : [INFO     ] 2024-04-02 11:14:19,443 Global parallel computation enabled: 0 / 48
yt : [INFO     ] 2024-04-02 11:14:19,443 Global parallel computation enabled: 6 / 48
yt : [INFO     ] 2024-04-02 11:14:19,444 Global parallel computation enabled: 3 / 48
yt : [INFO     ] 2024-04-02 11:14:19,447 Global parallel computation enabled: 23 / 48
yt : [INFO     ] 2024-04-02 11:14:19,456 Global parallel computation enabled: 8 / 48
yt : [INFO     ] 2024-04-02 11:14:19,464 Global parallel computation enabled: 14 / 48
yt : [INFO     ] 2024-04-02 11:14:19,471 Global parallel computation enabled: 13 / 48
yt : [INFO     ] 2024-04-02 11:14:19,448 Global parallel computation enabled: 47 / 48
yt : [INFO     ] 2024-04-02 11:14:19,449 Global parallel computation enabled: 35 / 48
yt : [INFO     ] 2024-04-02 11:14:19,450 Global parallel computation enabled: 30 / 48
yt : [INFO     ] 2024-04-02 11:14:19,450 Global parallel computation enabled: 28 / 48
yt : [INFO     ] 2024-04-02 11:14:19,451 Global parallel computation enabled: 24 / 48
yt : [INFO     ] 2024-04-02 11:14:19,452 Global parallel computation enabled: 38 / 48
yt : [INFO     ] 2024-04-02 11:14:19,452 Global parallel computation enabled: 39 / 48
yt : [INFO     ] 2024-04-02 11:14:19,453 Global parallel computation enabled: 42 / 48
yt : [INFO     ] 2024-04-02 11:14:19,454 Global parallel computation enabled: 29 / 48
yt : [INFO     ] 2024-04-02 11:14:19,454 Global parallel computation enabled: 37 / 48
yt : [INFO     ] 2024-04-02 11:14:19,454 Global parallel computation enabled: 36 / 48
yt : [INFO     ] 2024-04-02 11:14:19,455 Global parallel computation enabled: 46 / 48
yt : [INFO     ] 2024-04-02 11:14:19,455 Global parallel computation enabled: 40 / 48
yt : [INFO     ] 2024-04-02 11:14:19,455 Global parallel computation enabled: 41 / 48
yt : [INFO     ] 2024-04-02 11:14:19,455 Global parallel computation enabled: 31 / 48
yt : [INFO     ] 2024-04-02 11:14:19,456 Global parallel computation enabled: 26 / 48
yt : [INFO     ] 2024-04-02 11:14:19,457 Global parallel computation enabled: 27 / 48
yt : [INFO     ] 2024-04-02 11:14:19,466 Global parallel computation enabled: 43 / 48
yt : [INFO     ] 2024-04-02 11:14:19,467 Global parallel computation enabled: 45 / 48
yt : [INFO     ] 2024-04-02 11:14:19,467 Global parallel computation enabled: 32 / 48
yt : [INFO     ] 2024-04-02 11:14:19,467 Global parallel computation enabled: 34 / 48
yt : [INFO     ] 2024-04-02 11:14:19,469 Global parallel computation enabled: 44 / 48
yt : [INFO     ] 2024-04-02 11:14:19,474 Global parallel computation enabled: 25 / 48
Additional features and improved performance (usually) by saving this arbor with "save_arbor" and reloading:
	>>> a = ytree.load("/storage/home/hcoda1/0/jw254/data/SG64-2020/rockstar_halos-jhw/trees/tree_0_0_0.dat")
	>>> fn = a.save_arbor()
	>>> a = ytree.load(fn)
P012 yt : [INFO     ] 2024-04-02 11:14:19,763 Parameters: current_time              = 75.89987395114
P004 yt : [INFO     ] 2024-04-02 11:14:19,764 Parameters: current_time              = 75.89987395114
P021 yt : [INFO     ] 2024-04-02 11:14:19,764 Parameters: current_time              = 75.89987395114
P014 yt : [INFO     ] 2024-04-02 11:14:19,765 Parameters: current_time              = 75.89987395114
P004 yt : [INFO     ] 2024-04-02 11:14:19,764 Parameters: domain_dimensions         = [64 64 64]
P002 yt : [INFO     ] 2024-04-02 11:14:19,765 Parameters: current_time              = 75.89987395114
P022 yt : [INFO     ] 2024-04-02 11:14:19,765 Parameters: current_time              = 75.89987395114
P010 yt : [INFO     ] 2024-04-02 11:14:19,765 Parameters: current_time              = 75.89987395114
P021 yt : [INFO     ] 2024-04-02 11:14:19,765 Parameters: domain_dimensions         = [64 64 64]
P003 yt : [INFO     ] 2024-04-02 11:14:19,765 Parameters: current_time              = 75.89987395114
P004 yt : [INFO     ] 2024-04-02 11:14:19,765 Parameters: domain_left_edge          = [0. 0. 0.]
P014 yt : [INFO     ] 2024-04-02 11:14:19,765 Parameters: domain_dimensions         = [64 64 64]
P017 yt : [INFO     ] 2024-04-02 11:14:19,765 Parameters: current_time              = 75.89987395114
P019 yt : [INFO     ] 2024-04-02 11:14:19,765 Parameters: current_time              = 75.89987395114
P002 yt : [INFO     ] 2024-04-02 11:14:19,765 Parameters: domain_dimensions         = [64 64 64]
P022 yt : [INFO     ] 2024-04-02 11:14:19,765 Parameters: domain_dimensions         = [64 64 64]
P008 yt : [INFO     ] 2024-04-02 11:14:19,765 Parameters: current_time              = 75.89987395114
P009 yt : [INFO     ] 2024-04-02 11:14:19,765 Parameters: current_time              = 75.89987395114
P021 yt : [INFO     ] 2024-04-02 11:14:19,765 Parameters: domain_left_edge          = [0. 0. 0.]
P010 yt : [INFO     ] 2024-04-02 11:14:19,765 Parameters: domain_dimensions         = [64 64 64]
P004 yt : [INFO     ] 2024-04-02 11:14:19,765 Parameters: domain_right_edge         = [1. 1. 1.]
P014 yt : [INFO     ] 2024-04-02 11:14:19,765 Parameters: domain_left_edge          = [0. 0. 0.]
P003 yt : [INFO     ] 2024-04-02 11:14:19,765 Parameters: domain_dimensions         = [64 64 64]
P004 yt : [INFO     ] 2024-04-02 11:14:19,766 Parameters: cosmological_simulation   = 1
P004 yt : [INFO     ] 2024-04-02 11:14:19,766 Parameters: current_redshift          = 11.181356517874
P006 yt : [INFO     ] 2024-04-02 11:14:19,766 Parameters: current_time              = 75.89987395114
P004 yt : [INFO     ] 2024-04-02 11:14:19,766 Parameters: omega_lambda              = 0.6889
P004 yt : [INFO     ] 2024-04-02 11:14:19,766 Parameters: omega_matter              = 0.3111
P019 yt : [INFO     ] 2024-04-02 11:14:19,766 Parameters: domain_dimensions         = [64 64 64]
P004 yt : [INFO     ] 2024-04-02 11:14:19,766 Parameters: omega_radiation           = 0
P004 yt : [INFO     ] 2024-04-02 11:14:19,766 Parameters: hubble_constant           = 0.6766
P002 yt : [INFO     ] 2024-04-02 11:14:19,766 Parameters: domain_left_edge          = [0. 0. 0.]
P017 yt : [INFO     ] 2024-04-02 11:14:19,766 Parameters: domain_dimensions         = [64 64 64]
P022 yt : [INFO     ] 2024-04-02 11:14:19,766 Parameters: domain_left_edge          = [0. 0. 0.]
P016 yt : [INFO     ] 2024-04-02 11:14:19,766 Parameters: current_time              = 75.89987395114
P015 yt : [INFO     ] 2024-04-02 11:14:19,766 Parameters: current_time              = 75.89987395114
P020 yt : [INFO     ] 2024-04-02 11:14:19,766 Parameters: current_time              = 75.89987395114
P021 yt : [INFO     ] 2024-04-02 11:14:19,766 Parameters: domain_right_edge         = [1. 1. 1.]
P010 yt : [INFO     ] 2024-04-02 11:14:19,766 Parameters: domain_left_edge          = [0. 0. 0.]
P008 yt : [INFO     ] 2024-04-02 11:14:19,766 Parameters: domain_dimensions         = [64 64 64]
P009 yt : [INFO     ] 2024-04-02 11:14:19,766 Parameters: domain_dimensions         = [64 64 64]
P021 yt : [INFO     ] 2024-04-02 11:14:19,766 Parameters: cosmological_simulation   = 1
P021 yt : [INFO     ] 2024-04-02 11:14:19,766 Parameters: current_redshift          = 11.181356517874
P021 yt : [INFO     ] 2024-04-02 11:14:19,766 Parameters: omega_lambda              = 0.6889
P014 yt : [INFO     ] 2024-04-02 11:14:19,766 Parameters: domain_right_edge         = [1. 1. 1.]
P003 yt : [INFO     ] 2024-04-02 11:14:19,766 Parameters: domain_left_edge          = [0. 0. 0.]
P021 yt : [INFO     ] 2024-04-02 11:14:19,766 Parameters: omega_matter              = 0.3111
P014 yt : [INFO     ] 2024-04-02 11:14:19,766 Parameters: cosmological_simulation   = 1
P021 yt : [INFO     ] 2024-04-02 11:14:19,766 Parameters: omega_radiation           = 0
P014 yt : [INFO     ] 2024-04-02 11:14:19,766 Parameters: current_redshift          = 11.181356517874
P021 yt : [INFO     ] 2024-04-02 11:14:19,766 Parameters: hubble_constant           = 0.6766
P014 yt : [INFO     ] 2024-04-02 11:14:19,766 Parameters: omega_lambda              = 0.6889
P019 yt : [INFO     ] 2024-04-02 11:14:19,766 Parameters: domain_left_edge          = [0. 0. 0.]
P014 yt : [INFO     ] 2024-04-02 11:14:19,766 Parameters: omega_matter              = 0.3111
P014 yt : [INFO     ] 2024-04-02 11:14:19,766 Parameters: omega_radiation           = 0
P002 yt : [INFO     ] 2024-04-02 11:14:19,766 Parameters: domain_right_edge         = [1. 1. 1.]
P014 yt : [INFO     ] 2024-04-02 11:14:19,766 Parameters: hubble_constant           = 0.6766
P002 yt : [INFO     ] 2024-04-02 11:14:19,766 Parameters: cosmological_simulation   = 1
P002 yt : [INFO     ] 2024-04-02 11:14:19,766 Parameters: current_redshift          = 11.181356517874
P006 yt : [INFO     ] 2024-04-02 11:14:19,766 Parameters: domain_dimensions         = [64 64 64]
P017 yt : [INFO     ] 2024-04-02 11:14:19,766 Parameters: domain_left_edge          = [0. 0. 0.]
P002 yt : [INFO     ] 2024-04-02 11:14:19,766 Parameters: omega_lambda              = 0.6889
P002 yt : [INFO     ] 2024-04-02 11:14:19,766 Parameters: omega_matter              = 0.3111
P002 yt : [INFO     ] 2024-04-02 11:14:19,766 Parameters: omega_radiation           = 0
P010 yt : [INFO     ] 2024-04-02 11:14:19,766 Parameters: domain_right_edge         = [1. 1. 1.]
P008 yt : [INFO     ] 2024-04-02 11:14:19,766 Parameters: domain_left_edge          = [0. 0. 0.]
P002 yt : [INFO     ] 2024-04-02 11:14:19,766 Parameters: hubble_constant           = 0.6766
P009 yt : [INFO     ] 2024-04-02 11:14:19,766 Parameters: domain_left_edge          = [0. 0. 0.]
P015 yt : [INFO     ] 2024-04-02 11:14:19,766 Parameters: domain_dimensions         = [64 64 64]
P020 yt : [INFO     ] 2024-04-02 11:14:19,766 Parameters: domain_dimensions         = [64 64 64]
P010 yt : [INFO     ] 2024-04-02 11:14:19,766 Parameters: cosmological_simulation   = 1
P010 yt : [INFO     ] 2024-04-02 11:14:19,766 Parameters: current_redshift          = 11.181356517874
P022 yt : [INFO     ] 2024-04-02 11:14:19,766 Parameters: domain_right_edge         = [1. 1. 1.]
P010 yt : [INFO     ] 2024-04-02 11:14:19,767 Parameters: omega_lambda              = 0.6889
P022 yt : [INFO     ] 2024-04-02 11:14:19,767 Parameters: cosmological_simulation   = 1
P010 yt : [INFO     ] 2024-04-02 11:14:19,767 Parameters: omega_matter              = 0.3111
P016 yt : [INFO     ] 2024-04-02 11:14:19,766 Parameters: domain_dimensions         = [64 64 64]
P022 yt : [INFO     ] 2024-04-02 11:14:19,767 Parameters: current_redshift          = 11.181356517874
P010 yt : [INFO     ] 2024-04-02 11:14:19,767 Parameters: omega_radiation           = 0
P007 yt : [INFO     ] 2024-04-02 11:14:19,767 Parameters: current_time              = 75.89987395114
P010 yt : [INFO     ] 2024-04-02 11:14:19,767 Parameters: hubble_constant           = 0.6766
P022 yt : [INFO     ] 2024-04-02 11:14:19,767 Parameters: omega_lambda              = 0.6889
P022 yt : [INFO     ] 2024-04-02 11:14:19,767 Parameters: omega_matter              = 0.3111
P019 yt : [INFO     ] 2024-04-02 11:14:19,766 Parameters: domain_right_edge         = [1. 1. 1.]
P003 yt : [INFO     ] 2024-04-02 11:14:19,766 Parameters: domain_right_edge         = [1. 1. 1.]
P022 yt : [INFO     ] 2024-04-02 11:14:19,767 Parameters: omega_radiation           = 0
P019 yt : [INFO     ] 2024-04-02 11:14:19,767 Parameters: cosmological_simulation   = 1
P022 yt : [INFO     ] 2024-04-02 11:14:19,767 Parameters: hubble_constant           = 0.6766
P013 yt : [INFO     ] 2024-04-02 11:14:19,767 Parameters: current_time              = 75.89987395114
P003 yt : [INFO     ] 2024-04-02 11:14:19,767 Parameters: cosmological_simulation   = 1
P019 yt : [INFO     ] 2024-04-02 11:14:19,767 Parameters: current_redshift          = 11.181356517874
P003 yt : [INFO     ] 2024-04-02 11:14:19,767 Parameters: current_redshift          = 11.181356517874
P019 yt : [INFO     ] 2024-04-02 11:14:19,767 Parameters: omega_lambda              = 0.6889
P019 yt : [INFO     ] 2024-04-02 11:14:19,767 Parameters: omega_matter              = 0.3111
P003 yt : [INFO     ] 2024-04-02 11:14:19,767 Parameters: omega_lambda              = 0.6889
P017 yt : [INFO     ] 2024-04-02 11:14:19,767 Parameters: domain_right_edge         = [1. 1. 1.]
P003 yt : [INFO     ] 2024-04-02 11:14:19,767 Parameters: omega_matter              = 0.3111
P019 yt : [INFO     ] 2024-04-02 11:14:19,767 Parameters: omega_radiation           = 0
P006 yt : [INFO     ] 2024-04-02 11:14:19,767 Parameters: domain_left_edge          = [0. 0. 0.]
P003 yt : [INFO     ] 2024-04-02 11:14:19,767 Parameters: omega_radiation           = 0
P017 yt : [INFO     ] 2024-04-02 11:14:19,767 Parameters: cosmological_simulation   = 1
P019 yt : [INFO     ] 2024-04-02 11:14:19,767 Parameters: hubble_constant           = 0.6766
P003 yt : [INFO     ] 2024-04-02 11:14:19,767 Parameters: hubble_constant           = 0.6766
P017 yt : [INFO     ] 2024-04-02 11:14:19,767 Parameters: current_redshift          = 11.181356517874
P008 yt : [INFO     ] 2024-04-02 11:14:19,767 Parameters: domain_right_edge         = [1. 1. 1.]
P015 yt : [INFO     ] 2024-04-02 11:14:19,767 Parameters: domain_left_edge          = [0. 0. 0.]
P017 yt : [INFO     ] 2024-04-02 11:14:19,767 Parameters: omega_lambda              = 0.6889
P017 yt : [INFO     ] 2024-04-02 11:14:19,767 Parameters: omega_matter              = 0.3111
P008 yt : [INFO     ] 2024-04-02 11:14:19,767 Parameters: cosmological_simulation   = 1
P009 yt : [INFO     ] 2024-04-02 11:14:19,767 Parameters: domain_right_edge         = [1. 1. 1.]
P017 yt : [INFO     ] 2024-04-02 11:14:19,767 Parameters: omega_radiation           = 0
P017 yt : [INFO     ] 2024-04-02 11:14:19,767 Parameters: hubble_constant           = 0.6766
P020 yt : [INFO     ] 2024-04-02 11:14:19,767 Parameters: domain_left_edge          = [0. 0. 0.]
P008 yt : [INFO     ] 2024-04-02 11:14:19,767 Parameters: current_redshift          = 11.181356517874
P008 yt : [INFO     ] 2024-04-02 11:14:19,767 Parameters: omega_lambda              = 0.6889
P009 yt : [INFO     ] 2024-04-02 11:14:19,767 Parameters: cosmological_simulation   = 1
P009 yt : [INFO     ] 2024-04-02 11:14:19,767 Parameters: current_redshift          = 11.181356517874
P008 yt : [INFO     ] 2024-04-02 11:14:19,767 Parameters: omega_matter              = 0.3111
P016 yt : [INFO     ] 2024-04-02 11:14:19,767 Parameters: domain_left_edge          = [0. 0. 0.]
P008 yt : [INFO     ] 2024-04-02 11:14:19,767 Parameters: omega_radiation           = 0
P008 yt : [INFO     ] 2024-04-02 11:14:19,767 Parameters: hubble_constant           = 0.6766
P009 yt : [INFO     ] 2024-04-02 11:14:19,767 Parameters: omega_lambda              = 0.6889
P009 yt : [INFO     ] 2024-04-02 11:14:19,767 Parameters: omega_matter              = 0.3111
P009 yt : [INFO     ] 2024-04-02 11:14:19,767 Parameters: omega_radiation           = 0
P007 yt : [INFO     ] 2024-04-02 11:14:19,767 Parameters: domain_dimensions         = [64 64 64]
P009 yt : [INFO     ] 2024-04-02 11:14:19,767 Parameters: hubble_constant           = 0.6766
P013 yt : [INFO     ] 2024-04-02 11:14:19,767 Parameters: domain_dimensions         = [64 64 64]
P011 yt : [INFO     ] 2024-04-02 11:14:19,767 Parameters: current_time              = 75.89987395114
P006 yt : [INFO     ] 2024-04-02 11:14:19,767 Parameters: domain_right_edge         = [1. 1. 1.]
P006 yt : [INFO     ] 2024-04-02 11:14:19,767 Parameters: cosmological_simulation   = 1
P006 yt : [INFO     ] 2024-04-02 11:14:19,767 Parameters: current_redshift          = 11.181356517874
P015 yt : [INFO     ] 2024-04-02 11:14:19,767 Parameters: domain_right_edge         = [1. 1. 1.]
P006 yt : [INFO     ] 2024-04-02 11:14:19,767 Parameters: omega_lambda              = 0.6889
P020 yt : [INFO     ] 2024-04-02 11:14:19,767 Parameters: domain_right_edge         = [1. 1. 1.]
P006 yt : [INFO     ] 2024-04-02 11:14:19,767 Parameters: omega_matter              = 0.3111
P015 yt : [INFO     ] 2024-04-02 11:14:19,767 Parameters: cosmological_simulation   = 1
P015 yt : [INFO     ] 2024-04-02 11:14:19,767 Parameters: current_redshift          = 11.181356517874
P006 yt : [INFO     ] 2024-04-02 11:14:19,767 Parameters: omega_radiation           = 0
P020 yt : [INFO     ] 2024-04-02 11:14:19,767 Parameters: cosmological_simulation   = 1
P020 yt : [INFO     ] 2024-04-02 11:14:19,767 Parameters: current_redshift          = 11.181356517874
P006 yt : [INFO     ] 2024-04-02 11:14:19,767 Parameters: hubble_constant           = 0.6766
P015 yt : [INFO     ] 2024-04-02 11:14:19,767 Parameters: omega_lambda              = 0.6889
P015 yt : [INFO     ] 2024-04-02 11:14:19,768 Parameters: omega_matter              = 0.3111
P016 yt : [INFO     ] 2024-04-02 11:14:19,767 Parameters: domain_right_edge         = [1. 1. 1.]
P015 yt : [INFO     ] 2024-04-02 11:14:19,768 Parameters: omega_radiation           = 0
P016 yt : [INFO     ] 2024-04-02 11:14:19,768 Parameters: cosmological_simulation   = 1
P020 yt : [INFO     ] 2024-04-02 11:14:19,768 Parameters: omega_lambda              = 0.6889
P020 yt : [INFO     ] 2024-04-02 11:14:19,768 Parameters: omega_matter              = 0.3111
P020 yt : [INFO     ] 2024-04-02 11:14:19,768 Parameters: omega_radiation           = 0
P005 yt : [INFO     ] 2024-04-02 11:14:19,768 Parameters: current_time              = 75.89987395114
P007 yt : [INFO     ] 2024-04-02 11:14:19,767 Parameters: domain_left_edge          = [0. 0. 0.]
P015 yt : [INFO     ] 2024-04-02 11:14:19,768 Parameters: hubble_constant           = 0.6766
P016 yt : [INFO     ] 2024-04-02 11:14:19,768 Parameters: current_redshift          = 11.181356517874
P016 yt : [INFO     ] 2024-04-02 11:14:19,768 Parameters: omega_lambda              = 0.6889
P020 yt : [INFO     ] 2024-04-02 11:14:19,768 Parameters: hubble_constant           = 0.6766
P016 yt : [INFO     ] 2024-04-02 11:14:19,768 Parameters: omega_matter              = 0.3111
P016 yt : [INFO     ] 2024-04-02 11:14:19,768 Parameters: omega_radiation           = 0
P016 yt : [INFO     ] 2024-04-02 11:14:19,768 Parameters: hubble_constant           = 0.6766
P013 yt : [INFO     ] 2024-04-02 11:14:19,768 Parameters: domain_left_edge          = [0. 0. 0.]
P011 yt : [INFO     ] 2024-04-02 11:14:19,768 Parameters: domain_dimensions         = [64 64 64]
P023 yt : [INFO     ] 2024-04-02 11:14:19,768 Parameters: current_time              = 75.89987395114
P007 yt : [INFO     ] 2024-04-02 11:14:19,768 Parameters: domain_right_edge         = [1. 1. 1.]
P007 yt : [INFO     ] 2024-04-02 11:14:19,768 Parameters: cosmological_simulation   = 1
P005 yt : [INFO     ] 2024-04-02 11:14:19,768 Parameters: domain_dimensions         = [64 64 64]
P007 yt : [INFO     ] 2024-04-02 11:14:19,768 Parameters: current_redshift          = 11.181356517874
P007 yt : [INFO     ] 2024-04-02 11:14:19,768 Parameters: omega_lambda              = 0.6889
P007 yt : [INFO     ] 2024-04-02 11:14:19,768 Parameters: omega_matter              = 0.3111
P007 yt : [INFO     ] 2024-04-02 11:14:19,768 Parameters: omega_radiation           = 0
P013 yt : [INFO     ] 2024-04-02 11:14:19,768 Parameters: domain_right_edge         = [1. 1. 1.]
P007 yt : [INFO     ] 2024-04-02 11:14:19,768 Parameters: hubble_constant           = 0.6766
P013 yt : [INFO     ] 2024-04-02 11:14:19,768 Parameters: cosmological_simulation   = 1
P013 yt : [INFO     ] 2024-04-02 11:14:19,768 Parameters: current_redshift          = 11.181356517874
P013 yt : [INFO     ] 2024-04-02 11:14:19,768 Parameters: omega_lambda              = 0.6889
P013 yt : [INFO     ] 2024-04-02 11:14:19,768 Parameters: omega_matter              = 0.3111
P013 yt : [INFO     ] 2024-04-02 11:14:19,768 Parameters: omega_radiation           = 0
P011 yt : [INFO     ] 2024-04-02 11:14:19,768 Parameters: domain_left_edge          = [0. 0. 0.]
P013 yt : [INFO     ] 2024-04-02 11:14:19,768 Parameters: hubble_constant           = 0.6766
P023 yt : [INFO     ] 2024-04-02 11:14:19,768 Parameters: domain_dimensions         = [64 64 64]
P005 yt : [INFO     ] 2024-04-02 11:14:19,768 Parameters: domain_left_edge          = [0. 0. 0.]
P011 yt : [INFO     ] 2024-04-02 11:14:19,769 Parameters: domain_right_edge         = [1. 1. 1.]
P011 yt : [INFO     ] 2024-04-02 11:14:19,769 Parameters: cosmological_simulation   = 1
P011 yt : [INFO     ] 2024-04-02 11:14:19,769 Parameters: current_redshift          = 11.181356517874
P023 yt : [INFO     ] 2024-04-02 11:14:19,769 Parameters: domain_left_edge          = [0. 0. 0.]
P005 yt : [INFO     ] 2024-04-02 11:14:19,769 Parameters: domain_right_edge         = [1. 1. 1.]
P011 yt : [INFO     ] 2024-04-02 11:14:19,769 Parameters: omega_lambda              = 0.6889
P005 yt : [INFO     ] 2024-04-02 11:14:19,769 Parameters: cosmological_simulation   = 1
P011 yt : [INFO     ] 2024-04-02 11:14:19,769 Parameters: omega_matter              = 0.3111
P005 yt : [INFO     ] 2024-04-02 11:14:19,769 Parameters: current_redshift          = 11.181356517874
P011 yt : [INFO     ] 2024-04-02 11:14:19,769 Parameters: omega_radiation           = 0
P011 yt : [INFO     ] 2024-04-02 11:14:19,769 Parameters: hubble_constant           = 0.6766
P005 yt : [INFO     ] 2024-04-02 11:14:19,769 Parameters: omega_lambda              = 0.6889
P005 yt : [INFO     ] 2024-04-02 11:14:19,769 Parameters: omega_matter              = 0.3111
P005 yt : [INFO     ] 2024-04-02 11:14:19,769 Parameters: omega_radiation           = 0
P005 yt : [INFO     ] 2024-04-02 11:14:19,769 Parameters: hubble_constant           = 0.6766
P023 yt : [INFO     ] 2024-04-02 11:14:19,769 Parameters: domain_right_edge         = [1. 1. 1.]
P023 yt : [INFO     ] 2024-04-02 11:14:19,770 Parameters: cosmological_simulation   = 1
P023 yt : [INFO     ] 2024-04-02 11:14:19,770 Parameters: current_redshift          = 11.181356517874
P023 yt : [INFO     ] 2024-04-02 11:14:19,770 Parameters: omega_lambda              = 0.6889
P023 yt : [INFO     ] 2024-04-02 11:14:19,770 Parameters: omega_matter              = 0.3111
P023 yt : [INFO     ] 2024-04-02 11:14:19,770 Parameters: omega_radiation           = 0
P023 yt : [INFO     ] 2024-04-02 11:14:19,770 Parameters: hubble_constant           = 0.6766
P001 yt : [INFO     ] 2024-04-02 11:14:19,771 Parameters: current_time              = 75.89987395114
P012 yt : [INFO     ] 2024-04-02 11:14:19,764 Parameters: domain_dimensions         = [64 64 64]
P001 yt : [INFO     ] 2024-04-02 11:14:19,771 Parameters: domain_dimensions         = [64 64 64]
P012 yt : [INFO     ] 2024-04-02 11:14:19,771 Parameters: domain_left_edge          = [0. 0. 0.]
P001 yt : [INFO     ] 2024-04-02 11:14:19,772 Parameters: domain_left_edge          = [0. 0. 0.]
P012 yt : [INFO     ] 2024-04-02 11:14:19,772 Parameters: domain_right_edge         = [1. 1. 1.]
P012 yt : [INFO     ] 2024-04-02 11:14:19,772 Parameters: cosmological_simulation   = 1
P012 yt : [INFO     ] 2024-04-02 11:14:19,772 Parameters: current_redshift          = 11.181356517874
Additional features and improved performance (usually) by saving this arbor with "save_arbor" and reloading:
	>>> a = ytree.load("/storage/home/hcoda1/0/jw254/data/SG64-2020/rockstar_halos-jhw/trees/tree_0_0_0.dat")
	>>> fn = a.save_arbor()
	>>> a = ytree.load(fn)
P012 yt : [INFO     ] 2024-04-02 11:14:19,772 Parameters: omega_lambda              = 0.6889
P012 yt : [INFO     ] 2024-04-02 11:14:19,772 Parameters: omega_matter              = 0.3111
P012 yt : [INFO     ] 2024-04-02 11:14:19,772 Parameters: omega_radiation           = 0
P012 yt : [INFO     ] 2024-04-02 11:14:19,772 Parameters: hubble_constant           = 0.6766
Additional features and improved performance (usually) by saving this arbor with "save_arbor" and reloading:
	>>> a = ytree.load("/storage/home/hcoda1/0/jw254/data/SG64-2020/rockstar_halos-jhw/trees/tree_0_0_0.dat")
	>>> fn = a.save_arbor()
	>>> a = ytree.load(fn)
P001 yt : [INFO     ] 2024-04-02 11:14:19,772 Parameters: domain_right_edge         = [1. 1. 1.]
P001 yt : [INFO     ] 2024-04-02 11:14:19,772 Parameters: cosmological_simulation   = 1
P001 yt : [INFO     ] 2024-04-02 11:14:19,772 Parameters: current_redshift          = 11.181356517874
P001 yt : [INFO     ] 2024-04-02 11:14:19,772 Parameters: omega_lambda              = 0.6889
P001 yt : [INFO     ] 2024-04-02 11:14:19,772 Parameters: omega_matter              = 0.3111
P001 yt : [INFO     ] 2024-04-02 11:14:19,772 Parameters: omega_radiation           = 0
P001 yt : [INFO     ] 2024-04-02 11:14:19,772 Parameters: hubble_constant           = 0.6766
Additional features and improved performance (usually) by saving this arbor with "save_arbor" and reloading:
	>>> a = ytree.load("/storage/home/hcoda1/0/jw254/data/SG64-2020/rockstar_halos-jhw/trees/tree_0_0_0.dat")
	>>> fn = a.save_arbor()
	>>> a = ytree.load(fn)
Additional features and improved performance (usually) by saving this arbor with "save_arbor" and reloading:
	>>> a = ytree.load("/storage/home/hcoda1/0/jw254/data/SG64-2020/rockstar_halos-jhw/trees/tree_0_0_0.dat")
	>>> fn = a.save_arbor()
	>>> a = ytree.load(fn)
Additional features and improved performance (usually) by saving this arbor with "save_arbor" and reloading:
	>>> a = ytree.load("/storage/home/hcoda1/0/jw254/data/SG64-2020/rockstar_halos-jhw/trees/tree_0_0_0.dat")
	>>> fn = a.save_arbor()
	>>> a = ytree.load(fn)
Additional features and improved performance (usually) by saving this arbor with "save_arbor" and reloading:
	>>> a = ytree.load("/storage/home/hcoda1/0/jw254/data/SG64-2020/rockstar_halos-jhw/trees/tree_0_0_0.dat")
	>>> fn = a.save_arbor()
	>>> a = ytree.load(fn)
Additional features and improved performance (usually) by saving this arbor with "save_arbor" and reloading:
	>>> a = ytree.load("/storage/home/hcoda1/0/jw254/data/SG64-2020/rockstar_halos-jhw/trees/tree_0_0_0.dat")
	>>> fn = a.save_arbor()
	>>> a = ytree.load(fn)
Additional features and improved performance (usually) by saving this arbor with "save_arbor" and reloading:
	>>> a = ytree.load("/storage/home/hcoda1/0/jw254/data/SG64-2020/rockstar_halos-jhw/trees/tree_0_0_0.dat")
	>>> fn = a.save_arbor()
	>>> a = ytree.load(fn)
Additional features and improved performance (usually) by saving this arbor with "save_arbor" and reloading:
	>>> a = ytree.load("/storage/home/hcoda1/0/jw254/data/SG64-2020/rockstar_halos-jhw/trees/tree_0_0_0.dat")
	>>> fn = a.save_arbor()
	>>> a = ytree.load(fn)
Additional features and improved performance (usually) by saving this arbor with "save_arbor" and reloading:
	>>> a = ytree.load("/storage/home/hcoda1/0/jw254/data/SG64-2020/rockstar_halos-jhw/trees/tree_0_0_0.dat")
	>>> fn = a.save_arbor()
	>>> a = ytree.load(fn)
Additional features and improved performance (usually) by saving this arbor with "save_arbor" and reloading:
	>>> a = ytree.load("/storage/home/hcoda1/0/jw254/data/SG64-2020/rockstar_halos-jhw/trees/tree_0_0_0.dat")
	>>> fn = a.save_arbor()
	>>> a = ytree.load(fn)
Additional features and improved performance (usually) by saving this arbor with "save_arbor" and reloading:
	>>> a = ytree.load("/storage/home/hcoda1/0/jw254/data/SG64-2020/rockstar_halos-jhw/trees/tree_0_0_0.dat")
	>>> fn = a.save_arbor()
	>>> a = ytree.load(fn)
Additional features and improved performance (usually) by saving this arbor with "save_arbor" and reloading:
	>>> a = ytree.load("/storage/home/hcoda1/0/jw254/data/SG64-2020/rockstar_halos-jhw/trees/tree_0_0_0.dat")
	>>> fn = a.save_arbor()
	>>> a = ytree.load(fn)
Additional features and improved performance (usually) by saving this arbor with "save_arbor" and reloading:
	>>> a = ytree.load("/storage/home/hcoda1/0/jw254/data/SG64-2020/rockstar_halos-jhw/trees/tree_0_0_0.dat")
	>>> fn = a.save_arbor()
	>>> a = ytree.load(fn)
P018 yt : [INFO     ] 2024-04-02 11:14:19,773 Parameters: current_time              = 75.89987395114
Additional features and improved performance (usually) by saving this arbor with "save_arbor" and reloading:
	>>> a = ytree.load("/storage/home/hcoda1/0/jw254/data/SG64-2020/rockstar_halos-jhw/trees/tree_0_0_0.dat")
	>>> fn = a.save_arbor()
	>>> a = ytree.load(fn)
Additional features and improved performance (usually) by saving this arbor with "save_arbor" and reloading:
	>>> a = ytree.load("/storage/home/hcoda1/0/jw254/data/SG64-2020/rockstar_halos-jhw/trees/tree_0_0_0.dat")
	>>> fn = a.save_arbor()
	>>> a = ytree.load(fn)
P018 yt : [INFO     ] 2024-04-02 11:14:19,774 Parameters: domain_dimensions         = [64 64 64]
Additional features and improved performance (usually) by saving this arbor with "save_arbor" and reloading:
	>>> a = ytree.load("/storage/home/hcoda1/0/jw254/data/SG64-2020/rockstar_halos-jhw/trees/tree_0_0_0.dat")
	>>> fn = a.save_arbor()
	>>> a = ytree.load(fn)
P032 yt : [INFO     ] 2024-04-02 11:14:19,774 Parameters: current_time              = 75.89987395114
Additional features and improved performance (usually) by saving this arbor with "save_arbor" and reloading:
	>>> a = ytree.load("/storage/home/hcoda1/0/jw254/data/SG64-2020/rockstar_halos-jhw/trees/tree_0_0_0.dat")
	>>> fn = a.save_arbor()
	>>> a = ytree.load(fn)
P018 yt : [INFO     ] 2024-04-02 11:14:19,774 Parameters: domain_left_edge          = [0. 0. 0.]
Additional features and improved performance (usually) by saving this arbor with "save_arbor" and reloading:
	>>> a = ytree.load("/storage/home/hcoda1/0/jw254/data/SG64-2020/rockstar_halos-jhw/trees/tree_0_0_0.dat")
	>>> fn = a.save_arbor()
	>>> a = ytree.load(fn)
P032 yt : [INFO     ] 2024-04-02 11:14:19,775 Parameters: domain_dimensions         = [64 64 64]
Additional features and improved performance (usually) by saving this arbor with "save_arbor" and reloading:
	>>> a = ytree.load("/storage/home/hcoda1/0/jw254/data/SG64-2020/rockstar_halos-jhw/trees/tree_0_0_0.dat")
	>>> fn = a.save_arbor()
	>>> a = ytree.load(fn)
P018 yt : [INFO     ] 2024-04-02 11:14:19,775 Parameters: domain_right_edge         = [1. 1. 1.]
P018 yt : [INFO     ] 2024-04-02 11:14:19,775 Parameters: cosmological_simulation   = 1
P018 yt : [INFO     ] 2024-04-02 11:14:19,775 Parameters: current_redshift          = 11.181356517874
P018 yt : [INFO     ] 2024-04-02 11:14:19,775 Parameters: omega_lambda              = 0.6889
P018 yt : [INFO     ] 2024-04-02 11:14:19,775 Parameters: omega_matter              = 0.3111
P018 yt : [INFO     ] 2024-04-02 11:14:19,775 Parameters: omega_radiation           = 0
P018 yt : [INFO     ] 2024-04-02 11:14:19,775 Parameters: hubble_constant           = 0.6766
P032 yt : [INFO     ] 2024-04-02 11:14:19,775 Parameters: domain_left_edge          = [0. 0. 0.]
P032 yt : [INFO     ] 2024-04-02 11:14:19,775 Parameters: domain_right_edge         = [1. 1. 1.]
P032 yt : [INFO     ] 2024-04-02 11:14:19,776 Parameters: cosmological_simulation   = 1
P032 yt : [INFO     ] 2024-04-02 11:14:19,776 Parameters: current_redshift          = 11.181356517874
P032 yt : [INFO     ] 2024-04-02 11:14:19,776 Parameters: omega_lambda              = 0.6889
P032 yt : [INFO     ] 2024-04-02 11:14:19,776 Parameters: omega_matter              = 0.3111
P032 yt : [INFO     ] 2024-04-02 11:14:19,776 Parameters: omega_radiation           = 0
P032 yt : [INFO     ] 2024-04-02 11:14:19,776 Parameters: hubble_constant           = 0.6766
Additional features and improved performance (usually) by saving this arbor with "save_arbor" and reloading:
	>>> a = ytree.load("/storage/home/hcoda1/0/jw254/data/SG64-2020/rockstar_halos-jhw/trees/tree_0_0_0.dat")
	>>> fn = a.save_arbor()
	>>> a = ytree.load(fn)
Additional features and improved performance (usually) by saving this arbor with "save_arbor" and reloading:
	>>> a = ytree.load("/storage/home/hcoda1/0/jw254/data/SG64-2020/rockstar_halos-jhw/trees/tree_0_0_0.dat")
	>>> fn = a.save_arbor()
	>>> a = ytree.load(fn)
Additional features and improved performance (usually) by saving this arbor with "save_arbor" and reloading:
	>>> a = ytree.load("/storage/home/hcoda1/0/jw254/data/SG64-2020/rockstar_halos-jhw/trees/tree_0_0_0.dat")
	>>> fn = a.save_arbor()
	>>> a = ytree.load(fn)
P028 yt : [INFO     ] 2024-04-02 11:14:19,788 Parameters: current_time              = 75.89987395114
Additional features and improved performance (usually) by saving this arbor with "save_arbor" and reloading:
	>>> a = ytree.load("/storage/home/hcoda1/0/jw254/data/SG64-2020/rockstar_halos-jhw/trees/tree_0_0_0.dat")
	>>> fn = a.save_arbor()
	>>> a = ytree.load(fn)
P028 yt : [INFO     ] 2024-04-02 11:14:19,788 Parameters: domain_dimensions         = [64 64 64]
P036 yt : [INFO     ] 2024-04-02 11:14:19,788 Parameters: current_time              = 75.89987395114
P044 yt : [INFO     ] 2024-04-02 11:14:19,789 Parameters: current_time              = 75.89987395114
P028 yt : [INFO     ] 2024-04-02 11:14:19,788 Parameters: domain_left_edge          = [0. 0. 0.]
P028 yt : [INFO     ] 2024-04-02 11:14:19,789 Parameters: domain_right_edge         = [1. 1. 1.]
P036 yt : [INFO     ] 2024-04-02 11:14:19,789 Parameters: domain_dimensions         = [64 64 64]
P028 yt : [INFO     ] 2024-04-02 11:14:19,789 Parameters: cosmological_simulation   = 1
P044 yt : [INFO     ] 2024-04-02 11:14:19,789 Parameters: domain_dimensions         = [64 64 64]
P028 yt : [INFO     ] 2024-04-02 11:14:19,789 Parameters: current_redshift          = 11.181356517874
P028 yt : [INFO     ] 2024-04-02 11:14:19,789 Parameters: omega_lambda              = 0.6889
P028 yt : [INFO     ] 2024-04-02 11:14:19,789 Parameters: omega_matter              = 0.3111
P028 yt : [INFO     ] 2024-04-02 11:14:19,789 Parameters: omega_radiation           = 0
P028 yt : [INFO     ] 2024-04-02 11:14:19,789 Parameters: hubble_constant           = 0.6766
P042 yt : [INFO     ] 2024-04-02 11:14:19,789 Parameters: current_time              = 75.89987395114
P036 yt : [INFO     ] 2024-04-02 11:14:19,789 Parameters: domain_left_edge          = [0. 0. 0.]
P038 yt : [INFO     ] 2024-04-02 11:14:19,789 Parameters: current_time              = 75.89987395114
P044 yt : [INFO     ] 2024-04-02 11:14:19,789 Parameters: domain_left_edge          = [0. 0. 0.]
P042 yt : [INFO     ] 2024-04-02 11:14:19,790 Parameters: domain_dimensions         = [64 64 64]
P036 yt : [INFO     ] 2024-04-02 11:14:19,790 Parameters: domain_right_edge         = [1. 1. 1.]
P036 yt : [INFO     ] 2024-04-02 11:14:19,790 Parameters: cosmological_simulation   = 1
P044 yt : [INFO     ] 2024-04-02 11:14:19,790 Parameters: domain_right_edge         = [1. 1. 1.]
P038 yt : [INFO     ] 2024-04-02 11:14:19,790 Parameters: domain_dimensions         = [64 64 64]
P036 yt : [INFO     ] 2024-04-02 11:14:19,790 Parameters: current_redshift          = 11.181356517874
P044 yt : [INFO     ] 2024-04-02 11:14:19,790 Parameters: cosmological_simulation   = 1
P036 yt : [INFO     ] 2024-04-02 11:14:19,790 Parameters: omega_lambda              = 0.6889
P036 yt : [INFO     ] 2024-04-02 11:14:19,790 Parameters: omega_matter              = 0.3111
P044 yt : [INFO     ] 2024-04-02 11:14:19,790 Parameters: current_redshift          = 11.181356517874
P044 yt : [INFO     ] 2024-04-02 11:14:19,790 Parameters: omega_lambda              = 0.6889
P024 yt : [INFO     ] 2024-04-02 11:14:19,790 Parameters: current_time              = 75.89987395114
P036 yt : [INFO     ] 2024-04-02 11:14:19,790 Parameters: omega_radiation           = 0
P036 yt : [INFO     ] 2024-04-02 11:14:19,790 Parameters: hubble_constant           = 0.6766
P044 yt : [INFO     ] 2024-04-02 11:14:19,790 Parameters: omega_matter              = 0.3111
P044 yt : [INFO     ] 2024-04-02 11:14:19,790 Parameters: omega_radiation           = 0
P044 yt : [INFO     ] 2024-04-02 11:14:19,790 Parameters: hubble_constant           = 0.6766
P042 yt : [INFO     ] 2024-04-02 11:14:19,790 Parameters: domain_left_edge          = [0. 0. 0.]
P038 yt : [INFO     ] 2024-04-02 11:14:19,790 Parameters: domain_left_edge          = [0. 0. 0.]
P026 yt : [INFO     ] 2024-04-02 11:14:19,790 Parameters: current_time              = 75.89987395114
P034 yt : [INFO     ] 2024-04-02 11:14:19,790 Parameters: current_time              = 75.89987395114
P024 yt : [INFO     ] 2024-04-02 11:14:19,790 Parameters: domain_dimensions         = [64 64 64]
P042 yt : [INFO     ] 2024-04-02 11:14:19,790 Parameters: domain_right_edge         = [1. 1. 1.]
P042 yt : [INFO     ] 2024-04-02 11:14:19,791 Parameters: cosmological_simulation   = 1
P042 yt : [INFO     ] 2024-04-02 11:14:19,791 Parameters: current_redshift          = 11.181356517874
P042 yt : [INFO     ] 2024-04-02 11:14:19,791 Parameters: omega_lambda              = 0.6889
P042 yt : [INFO     ] 2024-04-02 11:14:19,791 Parameters: omega_matter              = 0.3111
P038 yt : [INFO     ] 2024-04-02 11:14:19,791 Parameters: domain_right_edge         = [1. 1. 1.]
P042 yt : [INFO     ] 2024-04-02 11:14:19,791 Parameters: omega_radiation           = 0
P042 yt : [INFO     ] 2024-04-02 11:14:19,791 Parameters: hubble_constant           = 0.6766
P038 yt : [INFO     ] 2024-04-02 11:14:19,791 Parameters: cosmological_simulation   = 1
P038 yt : [INFO     ] 2024-04-02 11:14:19,791 Parameters: current_redshift          = 11.181356517874
P026 yt : [INFO     ] 2024-04-02 11:14:19,791 Parameters: domain_dimensions         = [64 64 64]
P038 yt : [INFO     ] 2024-04-02 11:14:19,791 Parameters: omega_lambda              = 0.6889
P038 yt : [INFO     ] 2024-04-02 11:14:19,791 Parameters: omega_matter              = 0.3111
P024 yt : [INFO     ] 2024-04-02 11:14:19,791 Parameters: domain_left_edge          = [0. 0. 0.]
P038 yt : [INFO     ] 2024-04-02 11:14:19,791 Parameters: omega_radiation           = 0
P034 yt : [INFO     ] 2024-04-02 11:14:19,791 Parameters: domain_dimensions         = [64 64 64]
P038 yt : [INFO     ] 2024-04-02 11:14:19,791 Parameters: hubble_constant           = 0.6766
P026 yt : [INFO     ] 2024-04-02 11:14:19,791 Parameters: domain_left_edge          = [0. 0. 0.]
P024 yt : [INFO     ] 2024-04-02 11:14:19,791 Parameters: domain_right_edge         = [1. 1. 1.]
P034 yt : [INFO     ] 2024-04-02 11:14:19,791 Parameters: domain_left_edge          = [0. 0. 0.]
P024 yt : [INFO     ] 2024-04-02 11:14:19,791 Parameters: cosmological_simulation   = 1
P024 yt : [INFO     ] 2024-04-02 11:14:19,791 Parameters: current_redshift          = 11.181356517874
P024 yt : [INFO     ] 2024-04-02 11:14:19,792 Parameters: omega_lambda              = 0.6889
P024 yt : [INFO     ] 2024-04-02 11:14:19,792 Parameters: omega_matter              = 0.3111
P024 yt : [INFO     ] 2024-04-02 11:14:19,792 Parameters: omega_radiation           = 0
P024 yt : [INFO     ] 2024-04-02 11:14:19,792 Parameters: hubble_constant           = 0.6766
P046 yt : [INFO     ] 2024-04-02 11:14:19,792 Parameters: current_time              = 75.89987395114
P026 yt : [INFO     ] 2024-04-02 11:14:19,792 Parameters: domain_right_edge         = [1. 1. 1.]
P026 yt : [INFO     ] 2024-04-02 11:14:19,792 Parameters: cosmological_simulation   = 1
P034 yt : [INFO     ] 2024-04-02 11:14:19,792 Parameters: domain_right_edge         = [1. 1. 1.]
P026 yt : [INFO     ] 2024-04-02 11:14:19,792 Parameters: current_redshift          = 11.181356517874
P034 yt : [INFO     ] 2024-04-02 11:14:19,792 Parameters: cosmological_simulation   = 1
P026 yt : [INFO     ] 2024-04-02 11:14:19,792 Parameters: omega_lambda              = 0.6889
P026 yt : [INFO     ] 2024-04-02 11:14:19,792 Parameters: omega_matter              = 0.3111
P034 yt : [INFO     ] 2024-04-02 11:14:19,792 Parameters: current_redshift          = 11.181356517874
P026 yt : [INFO     ] 2024-04-02 11:14:19,792 Parameters: omega_radiation           = 0
P034 yt : [INFO     ] 2024-04-02 11:14:19,792 Parameters: omega_lambda              = 0.6889
P026 yt : [INFO     ] 2024-04-02 11:14:19,792 Parameters: hubble_constant           = 0.6766
P034 yt : [INFO     ] 2024-04-02 11:14:19,792 Parameters: omega_matter              = 0.3111
P034 yt : [INFO     ] 2024-04-02 11:14:19,792 Parameters: omega_radiation           = 0
P034 yt : [INFO     ] 2024-04-02 11:14:19,792 Parameters: hubble_constant           = 0.6766
P046 yt : [INFO     ] 2024-04-02 11:14:19,792 Parameters: domain_dimensions         = [64 64 64]
P037 yt : [INFO     ] 2024-04-02 11:14:19,792 Parameters: current_time              = 75.89987395114
P046 yt : [INFO     ] 2024-04-02 11:14:19,793 Parameters: domain_left_edge          = [0. 0. 0.]
P041 yt : [INFO     ] 2024-04-02 11:14:19,793 Parameters: current_time              = 75.89987395114
P039 yt : [INFO     ] 2024-04-02 11:14:19,793 Parameters: current_time              = 75.89987395114
P037 yt : [INFO     ] 2024-04-02 11:14:19,793 Parameters: domain_dimensions         = [64 64 64]
P046 yt : [INFO     ] 2024-04-02 11:14:19,793 Parameters: domain_right_edge         = [1. 1. 1.]
P046 yt : [INFO     ] 2024-04-02 11:14:19,793 Parameters: cosmological_simulation   = 1
P046 yt : [INFO     ] 2024-04-02 11:14:19,793 Parameters: current_redshift          = 11.181356517874
P041 yt : [INFO     ] 2024-04-02 11:14:19,793 Parameters: domain_dimensions         = [64 64 64]
P046 yt : [INFO     ] 2024-04-02 11:14:19,793 Parameters: omega_lambda              = 0.6889
P046 yt : [INFO     ] 2024-04-02 11:14:19,793 Parameters: omega_matter              = 0.3111
P039 yt : [INFO     ] 2024-04-02 11:14:19,793 Parameters: domain_dimensions         = [64 64 64]
P046 yt : [INFO     ] 2024-04-02 11:14:19,793 Parameters: omega_radiation           = 0
P046 yt : [INFO     ] 2024-04-02 11:14:19,794 Parameters: hubble_constant           = 0.6766
P037 yt : [INFO     ] 2024-04-02 11:14:19,794 Parameters: domain_left_edge          = [0. 0. 0.]
P041 yt : [INFO     ] 2024-04-02 11:14:19,794 Parameters: domain_left_edge          = [0. 0. 0.]
P039 yt : [INFO     ] 2024-04-02 11:14:19,794 Parameters: domain_left_edge          = [0. 0. 0.]
P030 yt : [INFO     ] 2024-04-02 11:14:19,794 Parameters: current_time              = 75.89987395114
P047 yt : [INFO     ] 2024-04-02 11:14:19,794 Parameters: current_time              = 75.89987395114
P037 yt : [INFO     ] 2024-04-02 11:14:19,794 Parameters: domain_right_edge         = [1. 1. 1.]
P037 yt : [INFO     ] 2024-04-02 11:14:19,794 Parameters: cosmological_simulation   = 1
P037 yt : [INFO     ] 2024-04-02 11:14:19,794 Parameters: current_redshift          = 11.181356517874
P037 yt : [INFO     ] 2024-04-02 11:14:19,794 Parameters: omega_lambda              = 0.6889
P041 yt : [INFO     ] 2024-04-02 11:14:19,794 Parameters: domain_right_edge         = [1. 1. 1.]
P037 yt : [INFO     ] 2024-04-02 11:14:19,794 Parameters: omega_matter              = 0.3111
P037 yt : [INFO     ] 2024-04-02 11:14:19,794 Parameters: omega_radiation           = 0
P037 yt : [INFO     ] 2024-04-02 11:14:19,794 Parameters: hubble_constant           = 0.6766
P041 yt : [INFO     ] 2024-04-02 11:14:19,794 Parameters: cosmological_simulation   = 1
P039 yt : [INFO     ] 2024-04-02 11:14:19,794 Parameters: domain_right_edge         = [1. 1. 1.]
P041 yt : [INFO     ] 2024-04-02 11:14:19,794 Parameters: current_redshift          = 11.181356517874
P039 yt : [INFO     ] 2024-04-02 11:14:19,794 Parameters: cosmological_simulation   = 1
P041 yt : [INFO     ] 2024-04-02 11:14:19,794 Parameters: omega_lambda              = 0.6889
P041 yt : [INFO     ] 2024-04-02 11:14:19,794 Parameters: omega_matter              = 0.3111
P039 yt : [INFO     ] 2024-04-02 11:14:19,794 Parameters: current_redshift          = 11.181356517874
P025 yt : [INFO     ] 2024-04-02 11:14:19,794 Parameters: current_time              = 75.89987395114
P039 yt : [INFO     ] 2024-04-02 11:14:19,794 Parameters: omega_lambda              = 0.6889
P041 yt : [INFO     ] 2024-04-02 11:14:19,794 Parameters: omega_radiation           = 0
P041 yt : [INFO     ] 2024-04-02 11:14:19,794 Parameters: hubble_constant           = 0.6766
P039 yt : [INFO     ] 2024-04-02 11:14:19,794 Parameters: omega_matter              = 0.3111
P039 yt : [INFO     ] 2024-04-02 11:14:19,795 Parameters: omega_radiation           = 0
P039 yt : [INFO     ] 2024-04-02 11:14:19,795 Parameters: hubble_constant           = 0.6766
P030 yt : [INFO     ] 2024-04-02 11:14:19,794 Parameters: domain_dimensions         = [64 64 64]
P047 yt : [INFO     ] 2024-04-02 11:14:19,794 Parameters: domain_dimensions         = [64 64 64]
Additional features and improved performance (usually) by saving this arbor with "save_arbor" and reloading:
	>>> a = ytree.load("/storage/home/hcoda1/0/jw254/data/SG64-2020/rockstar_halos-jhw/trees/tree_0_0_0.dat")
	>>> fn = a.save_arbor()
	>>> a = ytree.load(fn)
P025 yt : [INFO     ] 2024-04-02 11:14:19,795 Parameters: domain_dimensions         = [64 64 64]
P030 yt : [INFO     ] 2024-04-02 11:14:19,795 Parameters: domain_left_edge          = [0. 0. 0.]
P047 yt : [INFO     ] 2024-04-02 11:14:19,795 Parameters: domain_left_edge          = [0. 0. 0.]
Additional features and improved performance (usually) by saving this arbor with "save_arbor" and reloading:
	>>> a = ytree.load("/storage/home/hcoda1/0/jw254/data/SG64-2020/rockstar_halos-jhw/trees/tree_0_0_0.dat")
	>>> fn = a.save_arbor()
	>>> a = ytree.load(fn)
P040 yt : [INFO     ] 2024-04-02 11:14:19,795 Parameters: current_time              = 75.89987395114
Additional features and improved performance (usually) by saving this arbor with "save_arbor" and reloading:
	>>> a = ytree.load("/storage/home/hcoda1/0/jw254/data/SG64-2020/rockstar_halos-jhw/trees/tree_0_0_0.dat")
	>>> fn = a.save_arbor()
	>>> a = ytree.load(fn)
P025 yt : [INFO     ] 2024-04-02 11:14:19,795 Parameters: domain_left_edge          = [0. 0. 0.]
P043 yt : [INFO     ] 2024-04-02 11:14:19,795 Parameters: current_time              = 75.89987395114
P030 yt : [INFO     ] 2024-04-02 11:14:19,795 Parameters: domain_right_edge         = [1. 1. 1.]
P045 yt : [INFO     ] 2024-04-02 11:14:19,795 Parameters: current_time              = 75.89987395114
P030 yt : [INFO     ] 2024-04-02 11:14:19,796 Parameters: cosmological_simulation   = 1
P047 yt : [INFO     ] 2024-04-02 11:14:19,795 Parameters: domain_right_edge         = [1. 1. 1.]
P030 yt : [INFO     ] 2024-04-02 11:14:19,796 Parameters: current_redshift          = 11.181356517874
P047 yt : [INFO     ] 2024-04-02 11:14:19,796 Parameters: cosmological_simulation   = 1
P030 yt : [INFO     ] 2024-04-02 11:14:19,796 Parameters: omega_lambda              = 0.6889
P047 yt : [INFO     ] 2024-04-02 11:14:19,796 Parameters: current_redshift          = 11.181356517874
P047 yt : [INFO     ] 2024-04-02 11:14:19,796 Parameters: omega_lambda              = 0.6889
P030 yt : [INFO     ] 2024-04-02 11:14:19,796 Parameters: omega_matter              = 0.3111
P030 yt : [INFO     ] 2024-04-02 11:14:19,796 Parameters: omega_radiation           = 0
P030 yt : [INFO     ] 2024-04-02 11:14:19,796 Parameters: hubble_constant           = 0.6766
P031 yt : [INFO     ] 2024-04-02 11:14:19,796 Parameters: current_time              = 75.89987395114
P047 yt : [INFO     ] 2024-04-02 11:14:19,796 Parameters: omega_matter              = 0.3111
P047 yt : [INFO     ] 2024-04-02 11:14:19,796 Parameters: omega_radiation           = 0
P047 yt : [INFO     ] 2024-04-02 11:14:19,796 Parameters: hubble_constant           = 0.6766
P040 yt : [INFO     ] 2024-04-02 11:14:19,796 Parameters: domain_dimensions         = [64 64 64]
P025 yt : [INFO     ] 2024-04-02 11:14:19,796 Parameters: domain_right_edge         = [1. 1. 1.]
P025 yt : [INFO     ] 2024-04-02 11:14:19,796 Parameters: cosmological_simulation   = 1
P025 yt : [INFO     ] 2024-04-02 11:14:19,796 Parameters: current_redshift          = 11.181356517874
P025 yt : [INFO     ] 2024-04-02 11:14:19,796 Parameters: omega_lambda              = 0.6889
P025 yt : [INFO     ] 2024-04-02 11:14:19,796 Parameters: omega_matter              = 0.3111
P025 yt : [INFO     ] 2024-04-02 11:14:19,796 Parameters: omega_radiation           = 0
Additional features and improved performance (usually) by saving this arbor with "save_arbor" and reloading:
	>>> a = ytree.load("/storage/home/hcoda1/0/jw254/data/SG64-2020/rockstar_halos-jhw/trees/tree_0_0_0.dat")
	>>> fn = a.save_arbor()
	>>> a = ytree.load(fn)
P025 yt : [INFO     ] 2024-04-02 11:14:19,796 Parameters: hubble_constant           = 0.6766
P043 yt : [INFO     ] 2024-04-02 11:14:19,796 Parameters: domain_dimensions         = [64 64 64]
P033 yt : [INFO     ] 2024-04-02 11:14:19,796 Parameters: current_time              = 75.89987395114
Additional features and improved performance (usually) by saving this arbor with "save_arbor" and reloading:
	>>> a = ytree.load("/storage/home/hcoda1/0/jw254/data/SG64-2020/rockstar_halos-jhw/trees/tree_0_0_0.dat")
	>>> fn = a.save_arbor()
	>>> a = ytree.load(fn)
P045 yt : [INFO     ] 2024-04-02 11:14:19,796 Parameters: domain_dimensions         = [64 64 64]
P040 yt : [INFO     ] 2024-04-02 11:14:19,796 Parameters: domain_left_edge          = [0. 0. 0.]
P031 yt : [INFO     ] 2024-04-02 11:14:19,796 Parameters: domain_dimensions         = [64 64 64]
P043 yt : [INFO     ] 2024-04-02 11:14:19,796 Parameters: domain_left_edge          = [0. 0. 0.]
P027 yt : [INFO     ] 2024-04-02 11:14:19,797 Parameters: current_time              = 75.89987395114
P033 yt : [INFO     ] 2024-04-02 11:14:19,797 Parameters: domain_dimensions         = [64 64 64]
P045 yt : [INFO     ] 2024-04-02 11:14:19,797 Parameters: domain_left_edge          = [0. 0. 0.]
P040 yt : [INFO     ] 2024-04-02 11:14:19,797 Parameters: domain_right_edge         = [1. 1. 1.]
P031 yt : [INFO     ] 2024-04-02 11:14:19,797 Parameters: domain_left_edge          = [0. 0. 0.]
Additional features and improved performance (usually) by saving this arbor with "save_arbor" and reloading:
	>>> a = ytree.load("/storage/home/hcoda1/0/jw254/data/SG64-2020/rockstar_halos-jhw/trees/tree_0_0_0.dat")
	>>> fn = a.save_arbor()
	>>> a = ytree.load(fn)
P040 yt : [INFO     ] 2024-04-02 11:14:19,797 Parameters: cosmological_simulation   = 1
P040 yt : [INFO     ] 2024-04-02 11:14:19,797 Parameters: current_redshift          = 11.181356517874
P040 yt : [INFO     ] 2024-04-02 11:14:19,797 Parameters: omega_lambda              = 0.6889
P040 yt : [INFO     ] 2024-04-02 11:14:19,797 Parameters: omega_matter              = 0.3111
P040 yt : [INFO     ] 2024-04-02 11:14:19,797 Parameters: omega_radiation           = 0
P040 yt : [INFO     ] 2024-04-02 11:14:19,797 Parameters: hubble_constant           = 0.6766
P043 yt : [INFO     ] 2024-04-02 11:14:19,797 Parameters: domain_right_edge         = [1. 1. 1.]
P043 yt : [INFO     ] 2024-04-02 11:14:19,797 Parameters: cosmological_simulation   = 1
P043 yt : [INFO     ] 2024-04-02 11:14:19,797 Parameters: current_redshift          = 11.181356517874
P027 yt : [INFO     ] 2024-04-02 11:14:19,797 Parameters: domain_dimensions         = [64 64 64]
P033 yt : [INFO     ] 2024-04-02 11:14:19,797 Parameters: domain_left_edge          = [0. 0. 0.]
P043 yt : [INFO     ] 2024-04-02 11:14:19,797 Parameters: omega_lambda              = 0.6889
P043 yt : [INFO     ] 2024-04-02 11:14:19,797 Parameters: omega_matter              = 0.3111
P043 yt : [INFO     ] 2024-04-02 11:14:19,797 Parameters: omega_radiation           = 0
P043 yt : [INFO     ] 2024-04-02 11:14:19,797 Parameters: hubble_constant           = 0.6766
P045 yt : [INFO     ] 2024-04-02 11:14:19,797 Parameters: domain_right_edge         = [1. 1. 1.]
P031 yt : [INFO     ] 2024-04-02 11:14:19,797 Parameters: domain_right_edge         = [1. 1. 1.]
P045 yt : [INFO     ] 2024-04-02 11:14:19,797 Parameters: cosmological_simulation   = 1
Additional features and improved performance (usually) by saving this arbor with "save_arbor" and reloading:
	>>> a = ytree.load("/storage/home/hcoda1/0/jw254/data/SG64-2020/rockstar_halos-jhw/trees/tree_0_0_0.dat")
	>>> fn = a.save_arbor()
	>>> a = ytree.load(fn)
P031 yt : [INFO     ] 2024-04-02 11:14:19,797 Parameters: cosmological_simulation   = 1
P031 yt : [INFO     ] 2024-04-02 11:14:19,797 Parameters: current_redshift          = 11.181356517874
P045 yt : [INFO     ] 2024-04-02 11:14:19,797 Parameters: current_redshift          = 11.181356517874
P045 yt : [INFO     ] 2024-04-02 11:14:19,797 Parameters: omega_lambda              = 0.6889
P045 yt : [INFO     ] 2024-04-02 11:14:19,797 Parameters: omega_matter              = 0.3111
P031 yt : [INFO     ] 2024-04-02 11:14:19,797 Parameters: omega_lambda              = 0.6889
P031 yt : [INFO     ] 2024-04-02 11:14:19,797 Parameters: omega_matter              = 0.3111
P045 yt : [INFO     ] 2024-04-02 11:14:19,797 Parameters: omega_radiation           = 0
P045 yt : [INFO     ] 2024-04-02 11:14:19,797 Parameters: hubble_constant           = 0.6766
P031 yt : [INFO     ] 2024-04-02 11:14:19,797 Parameters: omega_radiation           = 0
P031 yt : [INFO     ] 2024-04-02 11:14:19,797 Parameters: hubble_constant           = 0.6766
Additional features and improved performance (usually) by saving this arbor with "save_arbor" and reloading:
	>>> a = ytree.load("/storage/home/hcoda1/0/jw254/data/SG64-2020/rockstar_halos-jhw/trees/tree_0_0_0.dat")
	>>> fn = a.save_arbor()
	>>> a = ytree.load(fn)
P027 yt : [INFO     ] 2024-04-02 11:14:19,797 Parameters: domain_left_edge          = [0. 0. 0.]
P033 yt : [INFO     ] 2024-04-02 11:14:19,797 Parameters: domain_right_edge         = [1. 1. 1.]
P033 yt : [INFO     ] 2024-04-02 11:14:19,798 Parameters: cosmological_simulation   = 1
P033 yt : [INFO     ] 2024-04-02 11:14:19,798 Parameters: current_redshift          = 11.181356517874
P033 yt : [INFO     ] 2024-04-02 11:14:19,798 Parameters: omega_lambda              = 0.6889
P033 yt : [INFO     ] 2024-04-02 11:14:19,798 Parameters: omega_matter              = 0.3111
P033 yt : [INFO     ] 2024-04-02 11:14:19,798 Parameters: omega_radiation           = 0
P033 yt : [INFO     ] 2024-04-02 11:14:19,798 Parameters: hubble_constant           = 0.6766
P035 yt : [INFO     ] 2024-04-02 11:14:19,798 Parameters: current_time              = 75.89987395114
P027 yt : [INFO     ] 2024-04-02 11:14:19,798 Parameters: domain_right_edge         = [1. 1. 1.]
P027 yt : [INFO     ] 2024-04-02 11:14:19,798 Parameters: cosmological_simulation   = 1
P027 yt : [INFO     ] 2024-04-02 11:14:19,798 Parameters: current_redshift          = 11.181356517874
P027 yt : [INFO     ] 2024-04-02 11:14:19,798 Parameters: omega_lambda              = 0.6889
P027 yt : [INFO     ] 2024-04-02 11:14:19,798 Parameters: omega_matter              = 0.3111
P027 yt : [INFO     ] 2024-04-02 11:14:19,798 Parameters: omega_radiation           = 0
P027 yt : [INFO     ] 2024-04-02 11:14:19,798 Parameters: hubble_constant           = 0.6766
P035 yt : [INFO     ] 2024-04-02 11:14:19,798 Parameters: domain_dimensions         = [64 64 64]
P035 yt : [INFO     ] 2024-04-02 11:14:19,799 Parameters: domain_left_edge          = [0. 0. 0.]
P035 yt : [INFO     ] 2024-04-02 11:14:19,799 Parameters: domain_right_edge         = [1. 1. 1.]
P035 yt : [INFO     ] 2024-04-02 11:14:19,799 Parameters: cosmological_simulation   = 1
P035 yt : [INFO     ] 2024-04-02 11:14:19,799 Parameters: current_redshift          = 11.181356517874
P035 yt : [INFO     ] 2024-04-02 11:14:19,799 Parameters: omega_lambda              = 0.6889
P035 yt : [INFO     ] 2024-04-02 11:14:19,799 Parameters: omega_matter              = 0.3111
Additional features and improved performance (usually) by saving this arbor with "save_arbor" and reloading:
	>>> a = ytree.load("/storage/home/hcoda1/0/jw254/data/SG64-2020/rockstar_halos-jhw/trees/tree_0_0_0.dat")
	>>> fn = a.save_arbor()
	>>> a = ytree.load(fn)
P035 yt : [INFO     ] 2024-04-02 11:14:19,800 Parameters: omega_radiation           = 0
P035 yt : [INFO     ] 2024-04-02 11:14:19,800 Parameters: hubble_constant           = 0.6766
Additional features and improved performance (usually) by saving this arbor with "save_arbor" and reloading:
	>>> a = ytree.load("/storage/home/hcoda1/0/jw254/data/SG64-2020/rockstar_halos-jhw/trees/tree_0_0_0.dat")
	>>> fn = a.save_arbor()
	>>> a = ytree.load(fn)
Additional features and improved performance (usually) by saving this arbor with "save_arbor" and reloading:
	>>> a = ytree.load("/storage/home/hcoda1/0/jw254/data/SG64-2020/rockstar_halos-jhw/trees/tree_0_0_0.dat")
	>>> fn = a.save_arbor()
	>>> a = ytree.load(fn)
P029 yt : [INFO     ] 2024-04-02 11:14:19,800 Parameters: current_time              = 75.89987395114
Additional features and improved performance (usually) by saving this arbor with "save_arbor" and reloading:
	>>> a = ytree.load("/storage/home/hcoda1/0/jw254/data/SG64-2020/rockstar_halos-jhw/trees/tree_0_0_0.dat")
	>>> fn = a.save_arbor()
	>>> a = ytree.load(fn)
P029 yt : [INFO     ] 2024-04-02 11:14:19,800 Parameters: domain_dimensions         = [64 64 64]
P029 yt : [INFO     ] 2024-04-02 11:14:19,801 Parameters: domain_left_edge          = [0. 0. 0.]
Additional features and improved performance (usually) by saving this arbor with "save_arbor" and reloading:
	>>> a = ytree.load("/storage/home/hcoda1/0/jw254/data/SG64-2020/rockstar_halos-jhw/trees/tree_0_0_0.dat")
	>>> fn = a.save_arbor()
	>>> a = ytree.load(fn)
Additional features and improved performance (usually) by saving this arbor with "save_arbor" and reloading:
	>>> a = ytree.load("/storage/home/hcoda1/0/jw254/data/SG64-2020/rockstar_halos-jhw/trees/tree_0_0_0.dat")
	>>> fn = a.save_arbor()
	>>> a = ytree.load(fn)
P029 yt : [INFO     ] 2024-04-02 11:14:19,801 Parameters: domain_right_edge         = [1. 1. 1.]
P029 yt : [INFO     ] 2024-04-02 11:14:19,801 Parameters: cosmological_simulation   = 1
Additional features and improved performance (usually) by saving this arbor with "save_arbor" and reloading:
	>>> a = ytree.load("/storage/home/hcoda1/0/jw254/data/SG64-2020/rockstar_halos-jhw/trees/tree_0_0_0.dat")
	>>> fn = a.save_arbor()
	>>> a = ytree.load(fn)
P029 yt : [INFO     ] 2024-04-02 11:14:19,801 Parameters: current_redshift          = 11.181356517874
P029 yt : [INFO     ] 2024-04-02 11:14:19,802 Parameters: omega_lambda              = 0.6889
P029 yt : [INFO     ] 2024-04-02 11:14:19,802 Parameters: omega_matter              = 0.3111
P029 yt : [INFO     ] 2024-04-02 11:14:19,802 Parameters: omega_radiation           = 0
P029 yt : [INFO     ] 2024-04-02 11:14:19,802 Parameters: hubble_constant           = 0.6766
Additional features and improved performance (usually) by saving this arbor with "save_arbor" and reloading:
	>>> a = ytree.load("/storage/home/hcoda1/0/jw254/data/SG64-2020/rockstar_halos-jhw/trees/tree_0_0_0.dat")
	>>> fn = a.save_arbor()
	>>> a = ytree.load(fn)
Additional features and improved performance (usually) by saving this arbor with "save_arbor" and reloading:
	>>> a = ytree.load("/storage/home/hcoda1/0/jw254/data/SG64-2020/rockstar_halos-jhw/trees/tree_0_0_0.dat")
	>>> fn = a.save_arbor()
	>>> a = ytree.load(fn)
Additional features and improved performance (usually) by saving this arbor with "save_arbor" and reloading:
	>>> a = ytree.load("/storage/home/hcoda1/0/jw254/data/SG64-2020/rockstar_halos-jhw/trees/tree_0_0_0.dat")
	>>> fn = a.save_arbor()
	>>> a = ytree.load(fn)
Additional features and improved performance (usually) by saving this arbor with "save_arbor" and reloading:
	>>> a = ytree.load("/storage/home/hcoda1/0/jw254/data/SG64-2020/rockstar_halos-jhw/trees/tree_0_0_0.dat")
	>>> fn = a.save_arbor()
	>>> a = ytree.load(fn)
Additional features and improved performance (usually) by saving this arbor with "save_arbor" and reloading:
	>>> a = ytree.load("/storage/home/hcoda1/0/jw254/data/SG64-2020/rockstar_halos-jhw/trees/tree_0_0_0.dat")
	>>> fn = a.save_arbor()
	>>> a = ytree.load(fn)
Additional features and improved performance (usually) by saving this arbor with "save_arbor" and reloading:
	>>> a = ytree.load("/storage/home/hcoda1/0/jw254/data/SG64-2020/rockstar_halos-jhw/trees/tree_0_0_0.dat")
	>>> fn = a.save_arbor()
	>>> a = ytree.load(fn)
Additional features and improved performance (usually) by saving this arbor with "save_arbor" and reloading:
	>>> a = ytree.load("/storage/home/hcoda1/0/jw254/data/SG64-2020/rockstar_halos-jhw/trees/tree_0_0_0.dat")
	>>> fn = a.save_arbor()
	>>> a = ytree.load(fn)
Additional features and improved performance (usually) by saving this arbor with "save_arbor" and reloading:
	>>> a = ytree.load("/storage/home/hcoda1/0/jw254/data/SG64-2020/rockstar_halos-jhw/trees/tree_0_0_0.dat")
	>>> fn = a.save_arbor()
	>>> a = ytree.load(fn)
Parsing Hierarchy :   0%|          | 0/777 [00:00<?, ?it/s]Parsing Hierarchy : 100%|| 777/777 [00:00<00:00, 15404.78it/s]
P017 yt : [INFO     ] 2024-04-02 11:14:19,846 Gathering a field list (this may take a moment.)
Parsing Hierarchy :   0%|          | 0/777 [00:00<?, ?it/s]Parsing Hierarchy : 100%|| 777/777 [00:00<00:00, 15207.11it/s]
P021 yt : [INFO     ] 2024-04-02 11:14:19,846 Gathering a field list (this may take a moment.)
Parsing Hierarchy :   0%|          | 0/777 [00:00<?, ?it/s]Parsing Hierarchy : 100%|| 777/777 [00:00<00:00, 15399.69it/s]
P019 yt : [INFO     ] 2024-04-02 11:14:19,846 Gathering a field list (this may take a moment.)
Parsing Hierarchy :   0%|          | 0/777 [00:00<?, ?it/s]Parsing Hierarchy : 100%|| 777/777 [00:00<00:00, 15410.25it/s]
P014 yt : [INFO     ] 2024-04-02 11:14:19,846 Gathering a field list (this may take a moment.)
Parsing Hierarchy :   0%|          | 0/777 [00:00<?, ?it/s]Parsing Hierarchy : 100%|| 777/777 [00:00<00:00, 15279.33it/s]
P008 yt : [INFO     ] 2024-04-02 11:14:19,846 Gathering a field list (this may take a moment.)
Parsing Hierarchy :   0%|          | 0/777 [00:00<?, ?it/s]Parsing Hierarchy : 100%|| 777/777 [00:00<00:00, 15299.92it/s]
P009 yt : [INFO     ] 2024-04-02 11:14:19,846 Gathering a field list (this may take a moment.)
Parsing Hierarchy :   0%|          | 0/777 [00:00<?, ?it/s]Parsing Hierarchy : 100%|| 777/777 [00:00<00:00, 15044.52it/s]
P004 yt : [INFO     ] 2024-04-02 11:14:19,846 Gathering a field list (this may take a moment.)
Parsing Hierarchy :   0%|          | 0/777 [00:00<?, ?it/s]Parsing Hierarchy : 100%|| 777/777 [00:00<00:00, 15148.79it/s]
P003 yt : [INFO     ] 2024-04-02 11:14:19,846 Gathering a field list (this may take a moment.)
Parsing Hierarchy :   0%|          | 0/777 [00:00<?, ?it/s]Parsing Hierarchy : 100%|| 777/777 [00:00<00:00, 15324.23it/s]
P020 yt : [INFO     ] 2024-04-02 11:14:19,846 Gathering a field list (this may take a moment.)
Parsing Hierarchy :   0%|          | 0/777 [00:00<?, ?it/s]Parsing Hierarchy : 100%|| 777/777 [00:00<00:00, 15364.76it/s]
P007 yt : [INFO     ] 2024-04-02 11:14:19,847 Gathering a field list (this may take a moment.)
Parsing Hierarchy :   0%|          | 0/777 [00:00<?, ?it/s]Parsing Hierarchy : 100%|| 777/777 [00:00<00:00, 15238.68it/s]
P002 yt : [INFO     ] 2024-04-02 11:14:19,847 Gathering a field list (this may take a moment.)
Parsing Hierarchy :   0%|          | 0/777 [00:00<?, ?it/s]Parsing Hierarchy : 100%|| 777/777 [00:00<00:00, 15117.80it/s]
P015 yt : [INFO     ] 2024-04-02 11:14:19,847 Gathering a field list (this may take a moment.)
Parsing Hierarchy :   0%|          | 0/777 [00:00<?, ?it/s]Parsing Hierarchy : 100%|| 777/777 [00:00<00:00, 15077.86it/s]
P010 yt : [INFO     ] 2024-04-02 11:14:19,847 Gathering a field list (this may take a moment.)
Parsing Hierarchy :   0%|          | 0/777 [00:00<?, ?it/s]Parsing Hierarchy : 100%|| 777/777 [00:00<00:00, 15116.33it/s]
P016 yt : [INFO     ] 2024-04-02 11:14:19,847 Gathering a field list (this may take a moment.)
Parsing Hierarchy :   0%|          | 0/777 [00:00<?, ?it/s]Parsing Hierarchy : 100%|| 777/777 [00:00<00:00, 15283.70it/s]
P013 yt : [INFO     ] 2024-04-02 11:14:19,847 Gathering a field list (this may take a moment.)
Parsing Hierarchy :   0%|          | 0/777 [00:00<?, ?it/s]Parsing Hierarchy : 100%|| 777/777 [00:00<00:00, 15358.18it/s]
P011 yt : [INFO     ] 2024-04-02 11:14:19,848 Gathering a field list (this may take a moment.)
Parsing Hierarchy :   0%|          | 0/777 [00:00<?, ?it/s]Parsing Hierarchy : 100%|| 777/777 [00:00<00:00, 15251.87it/s]
P005 yt : [INFO     ] 2024-04-02 11:14:19,848 Gathering a field list (this may take a moment.)
Parsing Hierarchy :   0%|          | 0/777 [00:00<?, ?it/s]Parsing Hierarchy : 100%|| 777/777 [00:00<00:00, 15404.27it/s]
P023 yt : [INFO     ] 2024-04-02 11:14:19,848 Gathering a field list (this may take a moment.)
Parsing Hierarchy :   0%|          | 0/777 [00:00<?, ?it/s]Parsing Hierarchy : 100%|| 777/777 [00:00<00:00, 15161.76it/s]
P006 yt : [INFO     ] 2024-04-02 11:14:19,848 Gathering a field list (this may take a moment.)
Parsing Hierarchy :   0%|          | 0/777 [00:00<?, ?it/s]Parsing Hierarchy : 100%|| 777/777 [00:00<00:00, 15309.98it/s]
P012 yt : [INFO     ] 2024-04-02 11:14:19,850 Gathering a field list (this may take a moment.)
Parsing Hierarchy :   0%|          | 0/777 [00:00<?, ?it/s]Parsing Hierarchy : 100%|| 777/777 [00:00<00:00, 14909.35it/s]
P018 yt : [INFO     ] 2024-04-02 11:14:19,854 Gathering a field list (this may take a moment.)
Parsing Hierarchy :   0%|          | 0/777 [00:00<?, ?it/s]Parsing Hierarchy : 100%|| 777/777 [00:00<00:00, 14198.16it/s]
P001 yt : [INFO     ] 2024-04-02 11:14:19,858 Gathering a field list (this may take a moment.)
Parsing Hierarchy :   0%|          | 0/777 [00:00<?, ?it/s]Parsing Hierarchy : 100%|| 777/777 [00:00<00:00, 14991.16it/s]
P032 yt : [INFO     ] 2024-04-02 11:14:19,861 Gathering a field list (this may take a moment.)
Parsing Hierarchy :   0%|          | 0/777 [00:00<?, ?it/s]Parsing Hierarchy : 100%|| 777/777 [00:00<00:00, 11698.19it/s]
P022 yt : [INFO     ] 2024-04-02 11:14:19,864 Gathering a field list (this may take a moment.)
Parsing Hierarchy :   0%|          | 0/777 [00:00<?, ?it/s]Parsing Hierarchy : 100%|| 777/777 [00:00<00:00, 15513.09it/s]
P028 yt : [INFO     ] 2024-04-02 11:14:19,867 Gathering a field list (this may take a moment.)
Parsing Hierarchy :   0%|          | 0/777 [00:00<?, ?it/s]Parsing Hierarchy : 100%|| 777/777 [00:00<00:00, 15397.80it/s]
P036 yt : [INFO     ] 2024-04-02 11:14:19,868 Gathering a field list (this may take a moment.)
Parsing Hierarchy :   0%|          | 0/777 [00:00<?, ?it/s]Parsing Hierarchy : 100%|| 777/777 [00:00<00:00, 15514.12it/s]
P042 yt : [INFO     ] 2024-04-02 11:14:19,868 Gathering a field list (this may take a moment.)
Parsing Hierarchy :   0%|          | 0/777 [00:00<?, ?it/s]Parsing Hierarchy : 100%|| 777/777 [00:00<00:00, 15371.29it/s]
P038 yt : [INFO     ] 2024-04-02 11:14:19,869 Gathering a field list (this may take a moment.)
Parsing Hierarchy :   0%|          | 0/777 [00:00<?, ?it/s]Parsing Hierarchy : 100%|| 777/777 [00:00<00:00, 15005.25it/s]
P044 yt : [INFO     ] 2024-04-02 11:14:19,870 Gathering a field list (this may take a moment.)
Parsing Hierarchy :   0%|          | 0/777 [00:00<?, ?it/s]Parsing Hierarchy : 100%|| 777/777 [00:00<00:00, 15565.92it/s]
P026 yt : [INFO     ] 2024-04-02 11:14:19,870 Gathering a field list (this may take a moment.)
Parsing Hierarchy :   0%|          | 0/777 [00:00<?, ?it/s]Parsing Hierarchy : 100%|| 777/777 [00:00<00:00, 15384.78it/s]
P024 yt : [INFO     ] 2024-04-02 11:14:19,870 Gathering a field list (this may take a moment.)
Parsing Hierarchy :   0%|          | 0/777 [00:00<?, ?it/s]Parsing Hierarchy : 100%|| 777/777 [00:00<00:00, 15336.06it/s]
P034 yt : [INFO     ] 2024-04-02 11:14:19,871 Gathering a field list (this may take a moment.)
Parsing Hierarchy :   0%|          | 0/777 [00:00<?, ?it/s]Parsing Hierarchy : 100%|| 777/777 [00:00<00:00, 15262.87it/s]
P046 yt : [INFO     ] 2024-04-02 11:14:19,873 Gathering a field list (this may take a moment.)
Parsing Hierarchy :   0%|          | 0/777 [00:00<?, ?it/s]Parsing Hierarchy : 100%|| 777/777 [00:00<00:00, 15405.73it/s]
P039 yt : [INFO     ] 2024-04-02 11:14:19,873 Gathering a field list (this may take a moment.)
Parsing Hierarchy :   0%|          | 0/777 [00:00<?, ?it/s]Parsing Hierarchy : 100%|| 777/777 [00:00<00:00, 15288.94it/s]
P041 yt : [INFO     ] 2024-04-02 11:14:19,874 Gathering a field list (this may take a moment.)
Parsing Hierarchy :   0%|          | 0/777 [00:00<?, ?it/s]Parsing Hierarchy : 100%|| 777/777 [00:00<00:00, 15031.75it/s]
P037 yt : [INFO     ] 2024-04-02 11:14:19,874 Gathering a field list (this may take a moment.)
Parsing Hierarchy :   0%|          | 0/777 [00:00<?, ?it/s]Parsing Hierarchy : 100%|| 777/777 [00:00<00:00, 15441.50it/s]
P030 yt : [INFO     ] 2024-04-02 11:14:19,874 Gathering a field list (this may take a moment.)
Parsing Hierarchy :   0%|          | 0/777 [00:00<?, ?it/s]Parsing Hierarchy : 100%|| 777/777 [00:00<00:00, 15280.05it/s]
P047 yt : [INFO     ] 2024-04-02 11:14:19,874 Gathering a field list (this may take a moment.)
Parsing Hierarchy :   0%|          | 0/777 [00:00<?, ?it/s]Parsing Hierarchy : 100%|| 777/777 [00:00<00:00, 15377.09it/s]
P025 yt : [INFO     ] 2024-04-02 11:14:19,874 Gathering a field list (this may take a moment.)
Parsing Hierarchy :   0%|          | 0/777 [00:00<?, ?it/s]Parsing Hierarchy : 100%|| 777/777 [00:00<00:00, 15371.94it/s]
P043 yt : [INFO     ] 2024-04-02 11:14:19,875 Gathering a field list (this may take a moment.)
Parsing Hierarchy :   0%|          | 0/777 [00:00<?, ?it/s]Parsing Hierarchy : 100%|| 777/777 [00:00<00:00, 15293.17it/s]
P045 yt : [INFO     ] 2024-04-02 11:14:19,876 Gathering a field list (this may take a moment.)
Parsing Hierarchy :   0%|          | 0/777 [00:00<?, ?it/s]Parsing Hierarchy : 100%|| 777/777 [00:00<00:00, 15359.91it/s]
P031 yt : [INFO     ] 2024-04-02 11:14:19,876 Gathering a field list (this may take a moment.)
Parsing Hierarchy :   0%|          | 0/777 [00:00<?, ?it/s]Parsing Hierarchy : 100%|| 777/777 [00:00<00:00, 15450.13it/s]
P040 yt : [INFO     ] 2024-04-02 11:14:19,876 Gathering a field list (this may take a moment.)
Parsing Hierarchy :   0%|          | 0/777 [00:00<?, ?it/s]Parsing Hierarchy : 100%|| 777/777 [00:00<00:00, 15276.32it/s]
P027 yt : [INFO     ] 2024-04-02 11:14:19,877 Gathering a field list (this may take a moment.)
Parsing Hierarchy :   0%|          | 0/777 [00:00<?, ?it/s]Parsing Hierarchy : 100%|| 777/777 [00:00<00:00, 15458.12it/s]
P029 yt : [INFO     ] 2024-04-02 11:14:19,879 Gathering a field list (this may take a moment.)
Parsing Hierarchy :   0%|          | 0/777 [00:00<?, ?it/s]Parsing Hierarchy : 100%|| 777/777 [00:00<00:00, 14764.33it/s]
P033 yt : [INFO     ] 2024-04-02 11:14:19,881 Gathering a field list (this may take a moment.)
Parsing Hierarchy :   0%|          | 0/777 [00:00<?, ?it/s]Parsing Hierarchy : 100%|| 777/777 [00:00<00:00, 14334.11it/s]
P035 yt : [INFO     ] 2024-04-02 11:14:19,886 Gathering a field list (this may take a moment.)
MAX_SIZE: 205
SIZE DIFFERENCE 205
ARRAY LENGTH 0
ARRAY [] g
  File "analysis_pipeline.py", line 156, in <module>
    ap.process_target(node)
  File "/storage/home/hcoda1/7/shardin31/.conda/envs/pd_environment_3/lib/python3.8/site-packages/ytree/analysis/analysis_pipeline.py", line 174, in process_target
    rval = action(target)
  File "/storage/home/hcoda1/7/shardin31/.conda/envs/pd_environment_3/lib/python3.8/site-packages/ytree/analysis/analysis_operators.py", line 30, in __call__
    return self.function(target, *self.args, **self.kwargs)
  File "analysis_pipeline.py", line 60, in save_star_masses
    node["star_masses"] = np.concatenate([np.array(sphere["p2","particle_mass"]),np.zeros(size_difference)], dtype=float)
  File "/storage/home/hcoda1/7/shardin31/.conda/envs/pd_environment_3/lib/python3.8/site-packages/ytree/data_structures/tree_node.py", line 235, in __setitem__
    self.arbor[key][self._arbor_index] = value
  File "/storage/home/hcoda1/7/shardin31/.conda/envs/pd_environment_3/lib/python3.8/site-packages/ytree/data_structures/arbor.py", line 520, in __getitem__
    return self.query(key)
  File "/storage/home/hcoda1/7/shardin31/.conda/envs/pd_environment_3/lib/python3.8/site-packages/ytree/data_structures/arbor.py", line 532, in query
    self._root_io.get_fields(self, fields=[key])
  File "/storage/home/hcoda1/7/shardin31/.conda/envs/pd_environment_3/lib/python3.8/site-packages/ytree/data_structures/io.py", line 153, in get_fields
    self._initialize_analysis_field(storage_object, field)
  File "/storage/home/hcoda1/7/shardin31/.conda/envs/pd_environment_3/lib/python3.8/site-packages/ytree/data_structures/io.py", line 249, in _initialize_analysis_field
    self.arbor.arr(np.full(self.arbor.size, default, dtype=dtype), units)
  File "/storage/home/hcoda1/7/shardin31/.conda/envs/pd_environment_3/lib/python3.8/site-packages/numpy/core/numeric.py", line 344, in full
    multiarray.copyto(a, fill_value, casting='unsafe')
  File "<__array_function__ internals>", line 180, in copyto
P017 yt : [ERROR    ] 2024-04-02 11:14:21,286 ValueError: could not broadcast input array from shape (205,) into shape (203,)
--------------------------------------------------------------------------
MPI_ABORT was invoked on rank 17 in communicator MPI_COMM_WORLD
with errorcode 1.

NOTE: invoking MPI_ABORT causes Open MPI to kill all MPI processes.
You may or may not see output from other processes, depending on
exactly when Open MPI kills them.
--------------------------------------------------------------------------
srun: Job step aborted: Waiting up to 32 seconds for job step to finish.
Loading tree roots:   0%|          | 0/7934216 [00:00<?, ?it/s]Loading tree roots: 100%|| 7934216/7934216 [00:00<00:00, 225181946.11it/s]slurmstepd: error: *** STEP 5482684.0 ON atl1-1-02-011-21-2 CANCELLED AT 2024-04-02T11:14:21 ***
srun: error: atl1-1-02-011-25-1: tasks 24-47: Killed
srun: error: atl1-1-02-011-21-2: tasks 0-16,18-23: Killed
srun: error: atl1-1-02-011-21-2: task 17: Exited with exit code 1
---------------------------------------
Begin Slurm Epilog: Apr-02-2024 11:14:22
Job ID:        5482684
Array Job ID:  _4294967294
User ID:       shardin31
Account:       gts-jw254-coda20
Job name:      Slurmshardinpowderdayrun
Resources:     cpu=48,mem=100G,node=2
Rsrc Used:     cput=00:17:36,vmem=80K,walltime=00:00:22,mem=0,energy_used=0
Partition:     cpu-small
QOS:           inferno
Nodes:         atl1-1-02-011-21-2,atl1-1-02-011-25-1
---------------------------------------
