---------------------------------------
Begin Slurm Prolog: Aug-05-2024 17:24:52
Job ID:    963960
User ID:   shardin31
Account:   gts-jw254-coda20
Job name:  Slurmshardinpowderdayrun
Partition: cpu-small
QOS:       inferno
---------------------------------------

CommandNotFoundError: Your shell has not been properly configured to use 'conda deactivate'.
To initialize your shell, run

    $ conda init <SHELL_NAME>

Currently supported shells are:
  - bash
  - fish
  - tcsh
  - xonsh
  - zsh
  - powershell

See 'conda init --help' for more information and options.

IMPORTANT: You may need to close and restart your shell after running 'conda init'.



Lmod is automatically replacing "mvapich2/2.3.6-ouywal" with "openmpi/4.1.4".

/var/lib/slurm/slurmd/job963960/slurm_script: line 19: ./run_10mil_halos.sh: No such file or directory
/var/lib/slurm/slurmd/job963960/slurm_script: line 21: ./run_1mil_halos.sh: No such file or directory
/var/lib/slurm/slurmd/job963960/slurm_script: line 23: ./run_3mil_halos.sh: No such file or directory
---------------------------------------
Begin Slurm Epilog: Aug-05-2024 17:25:07
Job ID:        963960
Array Job ID:  _4294967294
User ID:       shardin31
Account:       gts-jw254-coda20
Job name:      Slurmshardinpowderdayrun
Resources:     cpu=48,mem=200G,node=2
Rsrc Used:     cput=00:12:00,vmem=552K,walltime=00:00:15,mem=0,energy_used=0
Partition:     cpu-small
QOS:           inferno
Nodes:         atl1-1-02-004-2-1,atl1-1-02-004-12-2
---------------------------------------
