---------------------------------------
Begin Slurm Prolog: Aug-29-2023 12:49:11
Job ID:    2924711
User ID:   shardin31
Account:   gts-jw254-coda20
Job name:  Slurmshardinpowderdayrun
Partition: cpu-medium
QOS:       inferno
---------------------------------------

CommandNotFoundError: Your shell has not been properly configured to use 'conda deactivate'.
To initialize your shell, run

    $ conda init <SHELL_NAME>

Currently supported shells are:
  - bash
  - fish
  - tcsh
  - xonsh
  - zsh
  - powershell

See 'conda init --help' for more information and options.

IMPORTANT: You may need to close and restart your shell after running 'conda init'.


---------------------------------------
Begin Slurm Epilog: Aug-29-2023 12:50:53
Job ID:        2924711
Array Job ID:  _4294967294
User ID:       shardin31
Account:       gts-jw254-coda20
Job name:      Slurmshardinpowderdayrun
Resources:     cpu=32,mem=720G,node=2
Rsrc Used:     cput=00:56:00,vmem=200212K,walltime=00:01:45,mem=95632K,energy_used=0
Partition:     cpu-medium
QOS:           inferno
Nodes:         atl1-1-01-004-4-2,atl1-1-01-005-29-2
---------------------------------------
