---------------------------------------
Begin Slurm Prolog: Oct-18-2023 15:53:07
Job ID:    3810622
User ID:   shardin31
Account:   gts-jw254-coda20
Job name:  Slurmshardinpowderdayrun
Partition: cpu-medium
QOS:       inferno
---------------------------------------

CommandNotFoundError: Your shell has not been properly configured to use 'conda deactivate'.
To initialize your shell, run

    $ conda init <SHELL_NAME>

Currently supported shells are:
  - bash
  - fish
  - tcsh
  - xonsh
  - zsh
  - powershell

See 'conda init --help' for more information and options.

IMPORTANT: You may need to close and restart your shell after running 'conda init'.


---------------------------------------
Begin Slurm Epilog: Oct-18-2023 15:53:47
Job ID:        3810622
Array Job ID:  _4294967294
User ID:       shardin31
Account:       gts-jw254-coda20
Job name:      Slurmshardinpowderdayrun
Resources:     cpu=32,mem=720G,node=2
Rsrc Used:     cput=00:21:20,vmem=191608K,walltime=00:00:40,mem=84968K,energy_used=0
Partition:     cpu-medium
QOS:           inferno
Nodes:         atl1-1-03-004-8-[1-2]
---------------------------------------
