---------------------------------------
Begin Slurm Prolog: Sep-06-2023 18:15:25
Job ID:    3024708
User ID:   shardin31
Account:   gts-jw254-coda20
Job name:  Slurmshardinpowderdayrun
Partition: cpu-medium
QOS:       inferno
---------------------------------------

CommandNotFoundError: Your shell has not been properly configured to use 'conda deactivate'.
To initialize your shell, run

    $ conda init <SHELL_NAME>

Currently supported shells are:
  - bash
  - fish
  - tcsh
  - xonsh
  - zsh
  - powershell

See 'conda init --help' for more information and options.

IMPORTANT: You may need to close and restart your shell after running 'conda init'.


Traceback (most recent call last):
  File "sed_plot_5_10000_old.py", line 32, in <module>
    m = ModelOutput(run)
  File "/storage/home/hcoda1/7/shardin31/.conda/envs/pd_environment_3/lib/python3.8/site-packages/hyperion/model/model_output.py", line 119, in __init__
    raise IOError("File not found: %s" % filename)
OSError: File not found: /storage/home/hcoda1/7/shardin31/p-jw254-0/Research/summer2023/pd_test/run_10000_old/example.0132.rtout.sed
---------------------------------------
Begin Slurm Epilog: Sep-06-2023 18:16:15
Job ID:        3024708
Array Job ID:  _4294967294
User ID:       shardin31
Account:       gts-jw254-coda20
Job name:      Slurmshardinpowderdayrun
Resources:     cpu=32,mem=720G,node=2
Rsrc Used:     cput=00:26:40,vmem=174220K,walltime=00:00:50,mem=81696K,energy_used=0
Partition:     cpu-medium
QOS:           inferno
Nodes:         atl1-1-01-004-13-1,atl1-1-01-004-15-1
---------------------------------------
