---------------------------------------
Begin Slurm Prolog: Jul-03-2024 16:17:33
Job ID:    595225
User ID:   shardin31
Account:   gts-jw254-coda20
Job name:  Slurmshardinpowderdayrun
Partition: cpu-medium
QOS:       inferno
---------------------------------------

CommandNotFoundError: Your shell has not been properly configured to use 'conda deactivate'.
To initialize your shell, run

    $ conda init <SHELL_NAME>

Currently supported shells are:
  - bash
  - fish
  - tcsh
  - xonsh
  - zsh
  - powershell

See 'conda init --help' for more information and options.

IMPORTANT: You may need to close and restart your shell after running 'conda init'.



Lmod is automatically replacing "mvapich2/2.3.6-ouywal" with "openmpi/4.1.4".

python: can't open file 'pd_front_end.py': [Errno 2] No such file or directory
python: can't open file 'pd_front_end.py': [Errno 2] No such file or directory
python: can't open file 'pd_front_end.py': [Errno 2] No such file or directory
python: can't open file 'pd_front_end.py': [Errno 2] No such file or directory
python: can't open file 'pd_front_end.py': [Errno 2] No such file or directory
python: can't open file 'pd_front_end.py': [Errno 2] No such file or directory
python: can't open file 'pd_front_end.py': [Errno 2] No such file or directory
python: can't open file 'pd_front_end.py': [Errno 2] No such file or directory
python: can't open file 'pd_front_end.py': [Errno 2] No such file or directory
python: can't open file 'pd_front_end.py': [Errno 2] No such file or directory
python: can't open file 'pd_front_end.py': [Errno 2] No such file or directory
---------------------------------------
Begin Slurm Epilog: Jul-03-2024 16:17:49
Job ID:        595225
Array Job ID:  _4294967294
User ID:       shardin31
Account:       gts-jw254-coda20
Job name:      Slurmshardinpowderdayrun
Resources:     cpu=48,mem=600G,node=2
Rsrc Used:     cput=00:13:36,vmem=1508K,walltime=00:00:17,mem=0,energy_used=0
Partition:     cpu-medium
QOS:           inferno
Nodes:         atl1-1-02-002-21-2,atl1-1-02-002-22-1
---------------------------------------
